2025-08-24 00:07:41,663 - INFO - ✅ 1 data di 'queue' berhasil diupdate.
2025-08-24 00:07:51,856 - INFO - Lamp ON (status: mqtt)
2025-08-24 00:07:53,854 - INFO - Lamp OFF (status: mqtt)
2025-08-24 00:07:55,858 - INFO - Lamp ON (status: mqtt)
2025-08-24 00:07:57,848 - INFO - Lamp OFF (status: mqtt)
2025-08-24 00:07:59,847 - INFO - Lamp ON (status: mqtt)
2025-08-24 00:08:01,858 - INFO - Lamp OFF (status: mqtt)
2025-08-24 00:08:03,859 - INFO - Lamp ON (status: mqtt)
2025-08-24 00:08:05,852 - INFO - Lamp OFF (status: mqtt)
2025-08-24 00:08:07,864 - INFO - Lamp ON (status: mqtt)
2025-08-24 00:08:09,869 - INFO - Lamp OFF (status: mqtt)
2025-08-24 00:08:15,096 - INFO - Alarm Play: alarm2 (status: mqtt)
2025-08-24 00:08:15,096 - INFO - Play : /home/vas1/VAS/Control/assets/alarm/alarm2.mp3
2025-08-24 00:08:26,225 - INFO - Done : /home/vas1/VAS/Control/assets/alarm/alarm2.mp3
2025-08-24 00:08:26,240 - INFO - Alarm Play: alarm1 (status: mqtt)
2025-08-24 00:08:26,242 - INFO - Play : /home/vas1/VAS/Control/assets/alarm/alarm1.mp3
2025-08-24 00:08:37,314 - INFO - Done : /home/vas1/VAS/Control/assets/alarm/alarm1.mp3
2025-08-24 00:08:37,330 - INFO - Alarm Play: alarm3 (status: mqtt)
2025-08-24 00:08:37,332 - INFO - Play : /home/vas1/VAS/Control/assets/alarm/alarm3.mp3
2025-08-24 00:08:48,190 - INFO - Done : /home/vas1/VAS/Control/assets/alarm/alarm3.mp3
2025-08-24 00:08:48,205 - INFO - Alarm Play: alarm1 (status: mqtt)
2025-08-24 00:08:48,208 - INFO - Play : /home/vas1/VAS/Control/assets/alarm/alarm1.mp3
2025-08-24 00:08:59,284 - INFO - Done : /home/vas1/VAS/Control/assets/alarm/alarm1.mp3
2025-08-24 00:08:59,300 - INFO - Alarm Play: alarm3 (status: mqtt)
2025-08-24 00:08:59,302 - INFO - Play : /home/vas1/VAS/Control/assets/alarm/alarm3.mp3
2025-08-24 00:09:10,163 - INFO - Done : /home/vas1/VAS/Control/assets/alarm/alarm3.mp3
2025-08-24 00:09:13,122 - INFO - Lamp ON (status: mqtt)
2025-08-24 00:09:15,120 - INFO - Lamp OFF (status: mqtt)
2025-08-24 00:09:17,127 - INFO - TTS Play: Ini adalah bunyi dari test suara TTS (status: mqtt)
2025-08-24 00:09:17,128 - INFO - Play : Ini adalah bunyi dari test suara TTS
2025-08-24 00:09:23,220 - INFO - Done : Ini adalah bunyi dari test suara TTS
2025-08-24 00:09:25,122 - INFO - TTS Play: Test 0 (status: mqtt)
2025-08-24 00:09:25,123 - INFO - Play : Test 0
2025-08-24 00:09:28,602 - INFO - Done : Test 0
2025-08-24 00:09:28,618 - INFO - TTS Play: Test 1 (status: mqtt)
2025-08-24 00:09:28,620 - INFO - Play : Test 1
2025-08-24 00:09:32,227 - INFO - Done : Test 1
2025-08-24 00:09:32,242 - INFO - TTS Play: Test 2 (status: mqtt)
2025-08-24 00:09:32,245 - INFO - Play : Test 2
2025-08-24 00:09:35,723 - INFO - Done : Test 2
2025-08-24 00:09:35,739 - INFO - TTS Play: Test 3 (status: mqtt)
2025-08-24 00:09:35,741 - INFO - Play : Test 3
2025-08-24 00:09:39,237 - INFO - Done : Test 3
2025-08-24 00:09:39,252 - INFO - TTS Play: Test 4 (status: mqtt)
2025-08-24 00:09:39,255 - INFO - ✅ 1 data di 'queue' berhasil diupdate.
2025-08-24 00:09:39,258 - INFO - Play : Test 4
2025-08-24 00:09:42,855 - INFO - Done : Test 4
2025-08-24 00:09:46,153 - INFO - Alarm Play: alarm1 (status: mqtt)
2025-08-24 00:09:46,153 - INFO - Play : /home/vas1/VAS/Control/assets/alarm/alarm1.mp3
2025-08-24 00:09:57,228 - INFO - Done : /home/vas1/VAS/Control/assets/alarm/alarm1.mp3
2025-08-24 00:09:57,244 - INFO - Alarm Play: alarm1 (status: mqtt)
2025-08-24 00:09:57,246 - INFO - Play : /home/vas1/VAS/Control/assets/alarm/alarm1.mp3
2025-08-24 00:10:08,329 - INFO - Done : /home/vas1/VAS/Control/assets/alarm/alarm1.mp3
2025-08-24 00:10:08,344 - INFO - Alarm Play: alarm1 (status: mqtt)
2025-08-24 00:10:08,347 - INFO - Play : /home/vas1/VAS/Control/assets/alarm/alarm1.mp3
2025-08-24 00:10:19,416 - INFO - Done : /home/vas1/VAS/Control/assets/alarm/alarm1.mp3
2025-08-24 00:10:19,432 - INFO - Alarm Play: alarm1 (status: mqtt)
2025-08-24 00:10:19,434 - INFO - Play : /home/vas1/VAS/Control/assets/alarm/alarm1.mp3
2025-08-24 00:10:30,513 - INFO - Done : /home/vas1/VAS/Control/assets/alarm/alarm1.mp3
2025-08-24 00:10:30,529 - INFO - Alarm Play: alarm1 (status: mqtt)
2025-08-24 00:10:30,531 - INFO - Play : /home/vas1/VAS/Control/assets/alarm/alarm1.mp3
2025-08-24 00:10:41,607 - INFO - Done : /home/vas1/VAS/Control/assets/alarm/alarm1.mp3
2025-08-24 00:10:41,623 - INFO - Alarm Play: alarm1 (status: mqtt)
2025-08-24 00:10:41,625 - INFO - Play : /home/vas1/VAS/Control/assets/alarm/alarm1.mp3
2025-08-24 00:10:52,702 - INFO - Done : /home/vas1/VAS/Control/assets/alarm/alarm1.mp3
2025-08-24 00:10:52,717 - INFO - Alarm Play: alarm1 (status: mqtt)
2025-08-24 00:10:52,719 - INFO - Play : /home/vas1/VAS/Control/assets/alarm/alarm1.mp3
2025-08-24 00:11:03,792 - INFO - Done : /home/vas1/VAS/Control/assets/alarm/alarm1.mp3
2025-08-24 00:11:03,807 - INFO - Alarm Play: alarm1 (status: mqtt)
2025-08-24 00:11:03,810 - INFO - Play : /home/vas1/VAS/Control/assets/alarm/alarm1.mp3
