2025-09-19 00:00:00,020 - INFO - [2025-09-19 00:00:00.020761] Collection 'requests' dihapus 98 dokumen.
2025-09-19 00:00:00,038 - INFO - [2025-09-19 00:00:00.038051] Collection 'responses' dihapus 105 dokumen.
2025-09-19 00:00:00,044 - INFO - [2025-09-19 00:00:00.044567] Collection 'system_status_res' dihapus 0 dokumen.
2025-09-19 00:00:00,047 - INFO - [2025-09-19 00:00:00.047519] Collection 'system_status_req' dihapus 0 dokumen.
2025-09-19 00:00:01,064 - INFO - [2025-09-19 00:00:01.064586] Collection 'requests' dihapus 0 dokumen.
2025-09-19 00:00:01,066 - INFO - [2025-09-19 00:00:01.066762] Collection 'responses' dihapus 0 dokumen.
2025-09-19 00:00:01,068 - INFO - [2025-09-19 00:00:01.068915] Collection 'system_status_res' dihapus 0 dokumen.
2025-09-19 00:00:01,071 - INFO - [2025-09-19 00:00:01.071397] Collection 'system_status_req' dihapus 0 dokumen.
2025-09-19 00:00:02,089 - INFO - [2025-09-19 00:00:02.089208] Collection 'requests' dihapus 0 dokumen.
2025-09-19 00:00:02,091 - INFO - [2025-09-19 00:00:02.091475] Collection 'responses' dihapus 0 dokumen.
2025-09-19 00:00:02,093 - INFO - [2025-09-19 00:00:02.093552] Collection 'system_status_res' dihapus 0 dokumen.
2025-09-19 00:00:02,095 - INFO - [2025-09-19 00:00:02.095419] Collection 'system_status_req' dihapus 0 dokumen.
2025-09-19 00:00:03,112 - INFO - [2025-09-19 00:00:03.112384] Collection 'requests' dihapus 0 dokumen.
2025-09-19 00:00:03,114 - INFO - [2025-09-19 00:00:03.114449] Collection 'responses' dihapus 0 dokumen.
2025-09-19 00:00:03,116 - INFO - [2025-09-19 00:00:03.116742] Collection 'system_status_res' dihapus 0 dokumen.
2025-09-19 00:00:03,119 - INFO - [2025-09-19 00:00:03.118987] Collection 'system_status_req' dihapus 0 dokumen.
2025-09-19 00:00:04,136 - INFO - [2025-09-19 00:00:04.136454] Collection 'requests' dihapus 0 dokumen.
2025-09-19 00:00:04,138 - INFO - [2025-09-19 00:00:04.138603] Collection 'responses' dihapus 0 dokumen.
2025-09-19 00:00:04,140 - INFO - [2025-09-19 00:00:04.140510] Collection 'system_status_res' dihapus 0 dokumen.
2025-09-19 00:00:04,142 - INFO - [2025-09-19 00:00:04.142510] Collection 'system_status_req' dihapus 0 dokumen.
2025-09-19 00:00:05,160 - INFO - [2025-09-19 00:00:05.160599] Collection 'requests' dihapus 0 dokumen.
2025-09-19 00:00:05,162 - INFO - [2025-09-19 00:00:05.162806] Collection 'responses' dihapus 0 dokumen.
2025-09-19 00:00:05,165 - INFO - [2025-09-19 00:00:05.164894] Collection 'system_status_res' dihapus 0 dokumen.
2025-09-19 00:00:05,167 - INFO - [2025-09-19 00:00:05.166986] Collection 'system_status_req' dihapus 0 dokumen.
2025-09-19 00:00:09,515 - INFO - 1 data di 'queue' berhasil diupdate.
2025-09-19 00:02:04,519 - INFO - 1 data di 'queue' berhasil diupdate.
2025-09-19 00:03:59,533 - INFO - 1 data di 'queue' berhasil diupdate.
2025-09-19 00:05:54,548 - INFO - 1 data di 'queue' berhasil diupdate.
2025-09-19 00:07:49,560 - INFO - 1 data di 'queue' berhasil diupdate.
2025-09-19 00:09:44,577 - INFO - 1 data di 'queue' berhasil diupdate.
2025-09-19 00:11:39,595 - INFO - 1 data di 'queue' berhasil diupdate.
2025-09-19 00:13:34,605 - INFO - 1 data di 'queue' berhasil diupdate.
2025-09-19 00:15:29,616 - INFO - 1 data di 'queue' berhasil diupdate.
2025-09-19 00:17:24,622 - INFO - 1 data di 'queue' berhasil diupdate.
2025-09-19 00:19:19,630 - INFO - 1 data di 'queue' berhasil diupdate.
2025-09-19 00:21:14,650 - INFO - 1 data di 'queue' berhasil diupdate.
2025-09-19 00:23:09,656 - INFO - 1 data di 'queue' berhasil diupdate.
2025-09-19 00:25:04,665 - INFO - 1 data di 'queue' berhasil diupdate.
2025-09-19 00:26:59,683 - INFO - 1 data di 'queue' berhasil diupdate.
2025-09-19 00:28:54,695 - INFO - 1 data di 'queue' berhasil diupdate.
2025-09-19 00:30:49,707 - INFO - 1 data di 'queue' berhasil diupdate.
2025-09-19 00:32:44,719 - INFO - 1 data di 'queue' berhasil diupdate.
2025-09-19 00:34:39,734 - INFO - 1 data di 'queue' berhasil diupdate.
2025-09-19 00:36:34,744 - INFO - 1 data di 'queue' berhasil diupdate.
2025-09-19 00:38:29,754 - INFO - 1 data di 'queue' berhasil diupdate.
2025-09-19 00:40:24,765 - INFO - 1 data di 'queue' berhasil diupdate.
2025-09-19 00:42:19,781 - INFO - 1 data di 'queue' berhasil diupdate.
2025-09-19 00:44:14,801 - INFO - 1 data di 'queue' berhasil diupdate.
2025-09-19 00:46:09,816 - INFO - 1 data di 'queue' berhasil diupdate.
2025-09-19 00:48:04,830 - INFO - 1 data di 'queue' berhasil diupdate.
2025-09-19 00:49:59,844 - INFO - 1 data di 'queue' berhasil diupdate.
2025-09-19 00:51:54,862 - INFO - 1 data di 'queue' berhasil diupdate.
2025-09-19 00:53:49,883 - INFO - 1 data di 'queue' berhasil diupdate.
2025-09-19 00:55:44,897 - INFO - 1 data di 'queue' berhasil diupdate.
2025-09-19 00:57:39,901 - INFO - 1 data di 'queue' berhasil diupdate.
2025-09-19 00:59:34,918 - INFO - 1 data di 'queue' berhasil diupdate.
2025-09-19 01:01:29,923 - INFO - 1 data di 'queue' berhasil diupdate.
2025-09-19 01:03:24,934 - INFO - 1 data di 'queue' berhasil diupdate.
2025-09-19 01:05:19,953 - INFO - 1 data di 'queue' berhasil diupdate.
2025-09-19 01:07:14,959 - INFO - 1 data di 'queue' berhasil diupdate.
2025-09-19 01:09:09,963 - INFO - 1 data di 'queue' berhasil diupdate.
2025-09-19 01:11:04,971 - INFO - 1 data di 'queue' berhasil diupdate.
2025-09-19 01:12:59,981 - INFO - 1 data di 'queue' berhasil diupdate.
2025-09-19 01:14:54,999 - INFO - 1 data di 'queue' berhasil diupdate.
2025-09-19 01:16:50,014 - INFO - 1 data di 'queue' berhasil diupdate.
2025-09-19 01:18:45,027 - INFO - 1 data di 'queue' berhasil diupdate.
2025-09-19 01:20:40,035 - INFO - 1 data di 'queue' berhasil diupdate.
2025-09-19 01:22:35,045 - INFO - 1 data di 'queue' berhasil diupdate.
2025-09-19 01:24:30,052 - INFO - 1 data di 'queue' berhasil diupdate.
2025-09-19 01:26:25,057 - INFO - 1 data di 'queue' berhasil diupdate.
2025-09-19 01:28:20,065 - INFO - 1 data di 'queue' berhasil diupdate.
2025-09-19 01:30:15,074 - INFO - 1 data di 'queue' berhasil diupdate.
2025-09-19 01:32:10,077 - INFO - 1 data di 'queue' berhasil diupdate.
2025-09-19 01:34:05,094 - INFO - 1 data di 'queue' berhasil diupdate.
2025-09-19 01:36:00,108 - INFO - 1 data di 'queue' berhasil diupdate.
2025-09-19 01:37:55,129 - INFO - 1 data di 'queue' berhasil diupdate.
2025-09-19 01:39:50,146 - INFO - 1 data di 'queue' berhasil diupdate.
2025-09-19 01:41:45,161 - INFO - 1 data di 'queue' berhasil diupdate.
2025-09-19 01:43:40,174 - INFO - 1 data di 'queue' berhasil diupdate.
2025-09-19 01:45:35,186 - INFO - 1 data di 'queue' berhasil diupdate.
2025-09-19 01:47:30,202 - INFO - 1 data di 'queue' berhasil diupdate.
2025-09-19 01:49:25,213 - INFO - 1 data di 'queue' berhasil diupdate.
2025-09-19 01:51:20,217 - INFO - 1 data di 'queue' berhasil diupdate.
2025-09-19 01:53:15,236 - INFO - 1 data di 'queue' berhasil diupdate.
2025-09-19 01:55:10,250 - INFO - 1 data di 'queue' berhasil diupdate.
2025-09-19 01:57:05,257 - INFO - 1 data di 'queue' berhasil diupdate.
2025-09-19 01:59:00,263 - INFO - 1 data di 'queue' berhasil diupdate.
2025-09-19 02:00:55,275 - INFO - 1 data di 'queue' berhasil diupdate.
2025-09-19 02:02:50,282 - INFO - 1 data di 'queue' berhasil diupdate.
2025-09-19 02:04:45,288 - INFO - 1 data di 'queue' berhasil diupdate.
2025-09-19 02:06:40,297 - INFO - 1 data di 'queue' berhasil diupdate.
2025-09-19 02:08:35,302 - INFO - 1 data di 'queue' berhasil diupdate.
2025-09-19 02:10:30,310 - INFO - 1 data di 'queue' berhasil diupdate.
2025-09-19 02:12:25,314 - INFO - 1 data di 'queue' berhasil diupdate.
2025-09-19 02:14:20,332 - INFO - 1 data di 'queue' berhasil diupdate.
2025-09-19 02:16:15,347 - INFO - 1 data di 'queue' berhasil diupdate.
2025-09-19 02:18:10,350 - INFO - 1 data di 'queue' berhasil diupdate.
2025-09-19 02:20:05,361 - INFO - 1 data di 'queue' berhasil diupdate.
2025-09-19 02:22:00,374 - INFO - 1 data di 'queue' berhasil diupdate.
2025-09-19 02:23:55,378 - INFO - 1 data di 'queue' berhasil diupdate.
2025-09-19 02:25:50,393 - INFO - 1 data di 'queue' berhasil diupdate.
2025-09-19 02:27:45,402 - INFO - 1 data di 'queue' berhasil diupdate.
2025-09-19 02:29:40,417 - INFO - 1 data di 'queue' berhasil diupdate.
2025-09-19 02:31:35,428 - INFO - 1 data di 'queue' berhasil diupdate.
2025-09-19 02:33:30,440 - INFO - 1 data di 'queue' berhasil diupdate.
2025-09-19 02:35:25,457 - INFO - 1 data di 'queue' berhasil diupdate.
2025-09-19 02:37:20,467 - INFO - 1 data di 'queue' berhasil diupdate.
2025-09-19 02:39:15,473 - INFO - 1 data di 'queue' berhasil diupdate.
2025-09-19 02:41:10,484 - INFO - 1 data di 'queue' berhasil diupdate.
2025-09-19 02:43:05,500 - INFO - 1 data di 'queue' berhasil diupdate.
2025-09-19 02:45:00,517 - INFO - 1 data di 'queue' berhasil diupdate.
2025-09-19 02:46:55,531 - INFO - 1 data di 'queue' berhasil diupdate.
2025-09-19 02:48:50,535 - INFO - 1 data di 'queue' berhasil diupdate.
2025-09-19 02:50:45,547 - INFO - 1 data di 'queue' berhasil diupdate.
2025-09-19 02:52:40,563 - INFO - 1 data di 'queue' berhasil diupdate.
2025-09-19 02:54:35,580 - INFO - 1 data di 'queue' berhasil diupdate.
2025-09-19 02:56:30,593 - INFO - 1 data di 'queue' berhasil diupdate.
2025-09-19 02:58:25,612 - INFO - 1 data di 'queue' berhasil diupdate.
2025-09-19 03:00:20,629 - INFO - 1 data di 'queue' berhasil diupdate.
2025-09-19 03:02:15,634 - INFO - 1 data di 'queue' berhasil diupdate.
2025-09-19 03:04:10,653 - INFO - 1 data di 'queue' berhasil diupdate.
2025-09-19 03:06:05,667 - INFO - 1 data di 'queue' berhasil diupdate.
2025-09-19 03:08:00,671 - INFO - 1 data di 'queue' berhasil diupdate.
2025-09-19 03:09:55,687 - INFO - 1 data di 'queue' berhasil diupdate.
2025-09-19 03:11:50,702 - INFO - 1 data di 'queue' berhasil diupdate.
2025-09-19 03:13:45,712 - INFO - 1 data di 'queue' berhasil diupdate.
2025-09-19 03:15:40,726 - INFO - 1 data di 'queue' berhasil diupdate.
2025-09-19 03:17:35,731 - INFO - 1 data di 'queue' berhasil diupdate.
2025-09-19 03:19:30,740 - INFO - 1 data di 'queue' berhasil diupdate.
2025-09-19 03:21:25,746 - INFO - 1 data di 'queue' berhasil diupdate.
2025-09-19 03:23:20,755 - INFO - 1 data di 'queue' berhasil diupdate.
2025-09-19 03:25:15,770 - INFO - 1 data di 'queue' berhasil diupdate.
2025-09-19 03:27:10,778 - INFO - 1 data di 'queue' berhasil diupdate.
2025-09-19 03:29:05,799 - INFO - 1 data di 'queue' berhasil diupdate.
2025-09-19 03:31:00,818 - INFO - 1 data di 'queue' berhasil diupdate.
2025-09-19 03:32:55,835 - INFO - 1 data di 'queue' berhasil diupdate.
2025-09-19 03:34:50,852 - INFO - 1 data di 'queue' berhasil diupdate.
2025-09-19 03:36:45,865 - INFO - 1 data di 'queue' berhasil diupdate.
2025-09-19 03:38:40,871 - INFO - 1 data di 'queue' berhasil diupdate.
2025-09-19 03:40:35,890 - INFO - 1 data di 'queue' berhasil diupdate.
2025-09-19 03:42:30,906 - INFO - 1 data di 'queue' berhasil diupdate.
2025-09-19 03:44:25,922 - INFO - 1 data di 'queue' berhasil diupdate.
2025-09-19 03:46:20,935 - INFO - 1 data di 'queue' berhasil diupdate.
2025-09-19 03:48:15,942 - INFO - 1 data di 'queue' berhasil diupdate.
2025-09-19 03:50:10,954 - INFO - 1 data di 'queue' berhasil diupdate.
2025-09-19 03:52:05,957 - INFO - 1 data di 'queue' berhasil diupdate.
2025-09-19 03:54:00,972 - INFO - 1 data di 'queue' berhasil diupdate.
2025-09-19 03:55:55,985 - INFO - 1 data di 'queue' berhasil diupdate.
2025-09-19 03:57:50,989 - INFO - 1 data di 'queue' berhasil diupdate.
2025-09-19 03:59:45,995 - INFO - 1 data di 'queue' berhasil diupdate.
2025-09-19 04:01:41,013 - INFO - 1 data di 'queue' berhasil diupdate.
2025-09-19 04:03:36,027 - INFO - 1 data di 'queue' berhasil diupdate.
2025-09-19 04:05:31,044 - INFO - 1 data di 'queue' berhasil diupdate.
2025-09-19 04:07:26,063 - INFO - 1 data di 'queue' berhasil diupdate.
2025-09-19 04:09:21,074 - INFO - 1 data di 'queue' berhasil diupdate.
2025-09-19 04:11:16,092 - INFO - 1 data di 'queue' berhasil diupdate.
2025-09-19 04:13:11,099 - INFO - 1 data di 'queue' berhasil diupdate.
2025-09-19 04:15:06,110 - INFO - 1 data di 'queue' berhasil diupdate.
2025-09-19 04:17:01,113 - INFO - 1 data di 'queue' berhasil diupdate.
2025-09-19 04:18:56,132 - INFO - 1 data di 'queue' berhasil diupdate.
2025-09-19 04:20:51,145 - INFO - 1 data di 'queue' berhasil diupdate.
2025-09-19 04:22:46,163 - INFO - 1 data di 'queue' berhasil diupdate.
2025-09-19 04:24:41,182 - INFO - 1 data di 'queue' berhasil diupdate.
2025-09-19 04:26:36,193 - INFO - 1 data di 'queue' berhasil diupdate.
2025-09-19 04:28:31,200 - INFO - 1 data di 'queue' berhasil diupdate.
2025-09-19 04:30:26,209 - INFO - 1 data di 'queue' berhasil diupdate.
2025-09-19 04:32:21,222 - INFO - 1 data di 'queue' berhasil diupdate.
2025-09-19 04:34:16,229 - INFO - 1 data di 'queue' berhasil diupdate.
2025-09-19 04:36:11,233 - INFO - 1 data di 'queue' berhasil diupdate.
2025-09-19 04:38:06,249 - INFO - 1 data di 'queue' berhasil diupdate.
2025-09-19 04:40:01,254 - INFO - 1 data di 'queue' berhasil diupdate.
2025-09-19 04:41:56,267 - INFO - 1 data di 'queue' berhasil diupdate.
2025-09-19 04:43:51,277 - INFO - 1 data di 'queue' berhasil diupdate.
2025-09-19 04:45:46,288 - INFO - 1 data di 'queue' berhasil diupdate.
2025-09-19 04:47:41,298 - INFO - 1 data di 'queue' berhasil diupdate.
2025-09-19 04:49:36,303 - INFO - 1 data di 'queue' berhasil diupdate.
2025-09-19 04:51:31,318 - INFO - 1 data di 'queue' berhasil diupdate.
2025-09-19 04:53:26,335 - INFO - 1 data di 'queue' berhasil diupdate.
2025-09-19 04:55:21,345 - INFO - 1 data di 'queue' berhasil diupdate.
2025-09-19 04:57:16,351 - INFO - 1 data di 'queue' berhasil diupdate.
2025-09-19 04:59:11,371 - INFO - 1 data di 'queue' berhasil diupdate.
2025-09-19 05:01:06,391 - INFO - 1 data di 'queue' berhasil diupdate.
2025-09-19 05:03:01,402 - INFO - 1 data di 'queue' berhasil diupdate.
2025-09-19 05:04:56,408 - INFO - 1 data di 'queue' berhasil diupdate.
2025-09-19 05:06:51,414 - INFO - 1 data di 'queue' berhasil diupdate.
2025-09-19 05:08:46,424 - INFO - 1 data di 'queue' berhasil diupdate.
2025-09-19 05:10:41,444 - INFO - 1 data di 'queue' berhasil diupdate.
2025-09-19 05:12:36,462 - INFO - 1 data di 'queue' berhasil diupdate.
2025-09-19 05:14:31,482 - INFO - 1 data di 'queue' berhasil diupdate.
2025-09-19 05:16:26,498 - INFO - 1 data di 'queue' berhasil diupdate.
2025-09-19 05:18:21,512 - INFO - 1 data di 'queue' berhasil diupdate.
2025-09-19 05:20:16,517 - INFO - 1 data di 'queue' berhasil diupdate.
2025-09-19 05:22:11,538 - INFO - 1 data di 'queue' berhasil diupdate.
2025-09-19 05:24:06,552 - INFO - 1 data di 'queue' berhasil diupdate.
2025-09-19 05:26:01,563 - INFO - 1 data di 'queue' berhasil diupdate.
2025-09-19 05:27:56,572 - INFO - 1 data di 'queue' berhasil diupdate.
2025-09-19 05:29:51,591 - INFO - 1 data di 'queue' berhasil diupdate.
2025-09-19 05:31:46,600 - INFO - 1 data di 'queue' berhasil diupdate.
2025-09-19 05:33:41,613 - INFO - 1 data di 'queue' berhasil diupdate.
2025-09-19 05:35:36,621 - INFO - 1 data di 'queue' berhasil diupdate.
2025-09-19 05:37:31,624 - INFO - 1 data di 'queue' berhasil diupdate.
2025-09-19 05:39:26,643 - INFO - 1 data di 'queue' berhasil diupdate.
2025-09-19 05:41:21,657 - INFO - 1 data di 'queue' berhasil diupdate.
2025-09-19 05:43:16,665 - INFO - 1 data di 'queue' berhasil diupdate.
2025-09-19 05:45:11,686 - INFO - 1 data di 'queue' berhasil diupdate.
2025-09-19 05:47:06,706 - INFO - 1 data di 'queue' berhasil diupdate.
2025-09-19 05:49:01,713 - INFO - 1 data di 'queue' berhasil diupdate.
2025-09-19 05:50:56,723 - INFO - 1 data di 'queue' berhasil diupdate.
2025-09-19 05:52:51,728 - INFO - 1 data di 'queue' berhasil diupdate.
2025-09-19 05:54:46,738 - INFO - 1 data di 'queue' berhasil diupdate.
2025-09-19 05:56:41,747 - INFO - 1 data di 'queue' berhasil diupdate.
2025-09-19 05:58:36,755 - INFO - 1 data di 'queue' berhasil diupdate.
2025-09-19 06:00:31,763 - INFO - 1 data di 'queue' berhasil diupdate.
2025-09-19 06:02:26,773 - INFO - 1 data di 'queue' berhasil diupdate.
2025-09-19 06:04:21,789 - INFO - 1 data di 'queue' berhasil diupdate.
2025-09-19 06:06:16,803 - INFO - 1 data di 'queue' berhasil diupdate.
2025-09-19 06:08:11,811 - INFO - 1 data di 'queue' berhasil diupdate.
2025-09-19 06:10:06,829 - INFO - 1 data di 'queue' berhasil diupdate.
2025-09-19 06:12:01,839 - INFO - 1 data di 'queue' berhasil diupdate.
2025-09-19 06:13:56,855 - INFO - 1 data di 'queue' berhasil diupdate.
2025-09-19 06:15:51,866 - INFO - 1 data di 'queue' berhasil diupdate.
2025-09-19 06:17:46,871 - INFO - 1 data di 'queue' berhasil diupdate.
2025-09-19 06:19:41,888 - INFO - 1 data di 'queue' berhasil diupdate.
2025-09-19 06:21:36,904 - INFO - 1 data di 'queue' berhasil diupdate.
2025-09-19 06:23:31,921 - INFO - 1 data di 'queue' berhasil diupdate.
2025-09-19 06:25:26,931 - INFO - 1 data di 'queue' berhasil diupdate.
2025-09-19 06:27:21,942 - INFO - 1 data di 'queue' berhasil diupdate.
2025-09-19 06:29:16,950 - INFO - 1 data di 'queue' berhasil diupdate.
2025-09-19 06:31:11,967 - INFO - 1 data di 'queue' berhasil diupdate.
2025-09-19 06:33:06,973 - INFO - 1 data di 'queue' berhasil diupdate.
2025-09-19 06:35:01,987 - INFO - 1 data di 'queue' berhasil diupdate.
2025-09-19 06:36:57,000 - INFO - 1 data di 'queue' berhasil diupdate.
2025-09-19 06:38:52,019 - INFO - 1 data di 'queue' berhasil diupdate.
2025-09-19 06:40:47,026 - INFO - 1 data di 'queue' berhasil diupdate.
2025-09-19 06:42:42,036 - INFO - 1 data di 'queue' berhasil diupdate.
2025-09-19 06:44:37,049 - INFO - 1 data di 'queue' berhasil diupdate.
2025-09-19 06:46:32,057 - INFO - 1 data di 'queue' berhasil diupdate.
2025-09-19 06:48:27,076 - INFO - 1 data di 'queue' berhasil diupdate.
2025-09-19 06:50:22,081 - INFO - 1 data di 'queue' berhasil diupdate.
2025-09-19 06:52:17,097 - INFO - 1 data di 'queue' berhasil diupdate.
2025-09-19 06:54:12,102 - INFO - 1 data di 'queue' berhasil diupdate.
2025-09-19 06:56:07,114 - INFO - 1 data di 'queue' berhasil diupdate.
2025-09-19 06:58:02,122 - INFO - 1 data di 'queue' berhasil diupdate.
2025-09-19 06:59:57,130 - INFO - 1 data di 'queue' berhasil diupdate.
2025-09-19 07:01:52,144 - INFO - 1 data di 'queue' berhasil diupdate.
2025-09-19 07:03:47,156 - INFO - 1 data di 'queue' berhasil diupdate.
2025-09-19 07:05:42,169 - INFO - 1 data di 'queue' berhasil diupdate.
2025-09-19 07:07:37,178 - INFO - 1 data di 'queue' berhasil diupdate.
2025-09-19 07:09:32,196 - INFO - 1 data di 'queue' berhasil diupdate.
2025-09-19 07:11:27,202 - INFO - 1 data di 'queue' berhasil diupdate.
2025-09-19 07:13:22,209 - INFO - 1 data di 'queue' berhasil diupdate.
2025-09-19 07:15:17,228 - INFO - 1 data di 'queue' berhasil diupdate.
2025-09-19 07:17:12,241 - INFO - 1 data di 'queue' berhasil diupdate.
2025-09-19 07:19:07,245 - INFO - 1 data di 'queue' berhasil diupdate.
2025-09-19 07:21:02,261 - INFO - 1 data di 'queue' berhasil diupdate.
2025-09-19 07:22:57,280 - INFO - 1 data di 'queue' berhasil diupdate.
2025-09-19 07:24:52,287 - INFO - 1 data di 'queue' berhasil diupdate.
2025-09-19 07:26:47,307 - INFO - 1 data di 'queue' berhasil diupdate.
2025-09-19 07:28:42,315 - INFO - 1 data di 'queue' berhasil diupdate.
2025-09-19 07:30:37,319 - INFO - 1 data di 'queue' berhasil diupdate.
2025-09-19 07:32:32,330 - INFO - 1 data di 'queue' berhasil diupdate.
2025-09-19 07:34:27,337 - INFO - 1 data di 'queue' berhasil diupdate.
2025-09-19 07:36:22,357 - INFO - 1 data di 'queue' berhasil diupdate.
2025-09-19 07:38:17,370 - INFO - 1 data di 'queue' berhasil diupdate.
2025-09-19 07:40:12,385 - INFO - 1 data di 'queue' berhasil diupdate.
2025-09-19 07:42:07,389 - INFO - 1 data di 'queue' berhasil diupdate.
2025-09-19 07:44:02,399 - INFO - 1 data di 'queue' berhasil diupdate.
2025-09-19 07:45:57,408 - INFO - 1 data di 'queue' berhasil diupdate.
2025-09-19 07:47:52,425 - INFO - 1 data di 'queue' berhasil diupdate.
2025-09-19 07:49:47,440 - INFO - 1 data di 'queue' berhasil diupdate.
2025-09-19 07:51:42,449 - INFO - 1 data di 'queue' berhasil diupdate.
2025-09-19 07:53:37,452 - INFO - 1 data di 'queue' berhasil diupdate.
2025-09-19 07:55:32,468 - INFO - 1 data di 'queue' berhasil diupdate.
2025-09-19 07:57:27,487 - INFO - 1 data di 'queue' berhasil diupdate.
2025-09-19 07:59:22,505 - INFO - 1 data di 'queue' berhasil diupdate.
2025-09-19 08:01:17,510 - INFO - 1 data di 'queue' berhasil diupdate.
2025-09-19 08:03:12,524 - INFO - 1 data di 'queue' berhasil diupdate.
2025-09-19 08:05:07,541 - INFO - 1 data di 'queue' berhasil diupdate.
2025-09-19 08:07:02,557 - INFO - 1 data di 'queue' berhasil diupdate.
2025-09-19 08:08:57,562 - INFO - 1 data di 'queue' berhasil diupdate.
2025-09-19 08:10:52,577 - INFO - 1 data di 'queue' berhasil diupdate.
2025-09-19 08:12:47,589 - INFO - 1 data di 'queue' berhasil diupdate.
2025-09-19 08:14:42,599 - INFO - 1 data di 'queue' berhasil diupdate.
2025-09-19 08:16:37,612 - INFO - 1 data di 'queue' berhasil diupdate.
2025-09-19 08:18:32,629 - INFO - 1 data di 'queue' berhasil diupdate.
2025-09-19 08:20:27,642 - INFO - 1 data di 'queue' berhasil diupdate.
2025-09-19 08:22:22,648 - INFO - 1 data di 'queue' berhasil diupdate.
2025-09-19 08:24:17,657 - INFO - 1 data di 'queue' berhasil diupdate.
2025-09-19 08:26:12,676 - INFO - 1 data di 'queue' berhasil diupdate.
2025-09-19 08:28:07,693 - INFO - 1 data di 'queue' berhasil diupdate.
2025-09-19 08:30:02,699 - INFO - 1 data di 'queue' berhasil diupdate.
2025-09-19 08:31:57,707 - INFO - 1 data di 'queue' berhasil diupdate.
2025-09-19 08:33:52,714 - INFO - 1 data di 'queue' berhasil diupdate.
2025-09-19 08:35:47,731 - INFO - 1 data di 'queue' berhasil diupdate.
2025-09-19 08:37:42,743 - INFO - 1 data di 'queue' berhasil diupdate.
2025-09-19 08:39:37,755 - INFO - 1 data di 'queue' berhasil diupdate.
2025-09-19 08:41:32,761 - INFO - 1 data di 'queue' berhasil diupdate.
2025-09-19 08:43:27,774 - INFO - 1 data di 'queue' berhasil diupdate.
2025-09-19 08:45:22,779 - INFO - 1 data di 'queue' berhasil diupdate.
2025-09-19 08:47:17,785 - INFO - 1 data di 'queue' berhasil diupdate.
2025-09-19 08:49:12,790 - INFO - 1 data di 'queue' berhasil diupdate.
2025-09-19 08:51:07,801 - INFO - 1 data di 'queue' berhasil diupdate.
2025-09-19 08:53:02,815 - INFO - 1 data di 'queue' berhasil diupdate.
2025-09-19 08:54:57,830 - INFO - 1 data di 'queue' berhasil diupdate.
2025-09-19 08:56:52,837 - INFO - 1 data di 'queue' berhasil diupdate.
2025-09-19 08:58:47,857 - INFO - 1 data di 'queue' berhasil diupdate.
2025-09-19 09:00:42,868 - INFO - 1 data di 'queue' berhasil diupdate.
2025-09-19 09:02:37,879 - INFO - 1 data di 'queue' berhasil diupdate.
2025-09-19 09:04:32,897 - INFO - 1 data di 'queue' berhasil diupdate.
2025-09-19 09:06:27,916 - INFO - 1 data di 'queue' berhasil diupdate.
2025-09-19 09:08:22,932 - INFO - 1 data di 'queue' berhasil diupdate.
2025-09-19 09:10:17,950 - INFO - 1 data di 'queue' berhasil diupdate.
2025-09-19 09:12:12,966 - INFO - 1 data di 'queue' berhasil diupdate.
2025-09-19 09:14:07,985 - INFO - 1 data di 'queue' berhasil diupdate.
2025-09-19 09:16:03,002 - INFO - 1 data di 'queue' berhasil diupdate.
2025-09-19 09:17:58,014 - INFO - 1 data di 'queue' berhasil diupdate.
2025-09-19 09:19:53,020 - INFO - 1 data di 'queue' berhasil diupdate.
2025-09-19 09:21:48,039 - INFO - 1 data di 'queue' berhasil diupdate.
2025-09-19 09:23:43,049 - INFO - 1 data di 'queue' berhasil diupdate.
2025-09-19 09:25:38,065 - INFO - 1 data di 'queue' berhasil diupdate.
2025-09-19 09:27:33,078 - INFO - 1 data di 'queue' berhasil diupdate.
2025-09-19 09:29:28,085 - INFO - 1 data di 'queue' berhasil diupdate.
2025-09-19 09:31:23,094 - INFO - 1 data di 'queue' berhasil diupdate.
2025-09-19 09:33:18,100 - INFO - 1 data di 'queue' berhasil diupdate.
2025-09-19 09:35:13,117 - INFO - 1 data di 'queue' berhasil diupdate.
2025-09-19 09:37:08,126 - INFO - 1 data di 'queue' berhasil diupdate.
2025-09-19 09:39:03,132 - INFO - 1 data di 'queue' berhasil diupdate.
2025-09-19 09:40:58,146 - INFO - 1 data di 'queue' berhasil diupdate.
2025-09-19 09:42:53,157 - INFO - 1 data di 'queue' berhasil diupdate.
2025-09-19 09:44:48,163 - INFO - 1 data di 'queue' berhasil diupdate.
2025-09-19 09:46:43,179 - INFO - 1 data di 'queue' berhasil diupdate.
2025-09-19 09:48:38,187 - INFO - 1 data di 'queue' berhasil diupdate.
2025-09-19 09:50:33,197 - INFO - 1 data di 'queue' berhasil diupdate.
2025-09-19 09:52:28,209 - INFO - 1 data di 'queue' berhasil diupdate.
2025-09-19 09:54:23,214 - INFO - 1 data di 'queue' berhasil diupdate.
2025-09-19 09:56:18,236 - INFO - 1 data di 'queue' berhasil diupdate.
2025-09-19 09:58:13,249 - INFO - 1 data di 'queue' berhasil diupdate.
2025-09-19 10:00:08,263 - INFO - 1 data di 'queue' berhasil diupdate.
2025-09-19 10:02:03,276 - INFO - 1 data di 'queue' berhasil diupdate.
2025-09-19 10:03:58,284 - INFO - 1 data di 'queue' berhasil diupdate.
2025-09-19 10:05:53,291 - INFO - 1 data di 'queue' berhasil diupdate.
2025-09-19 10:07:48,297 - INFO - 1 data di 'queue' berhasil diupdate.
2025-09-19 10:09:43,310 - INFO - 1 data di 'queue' berhasil diupdate.
2025-09-19 10:11:38,327 - INFO - 1 data di 'queue' berhasil diupdate.
2025-09-19 10:13:33,333 - INFO - 1 data di 'queue' berhasil diupdate.
2025-09-19 10:15:28,347 - INFO - 1 data di 'queue' berhasil diupdate.
2025-09-19 10:17:23,358 - INFO - 1 data di 'queue' berhasil diupdate.
2025-09-19 10:19:18,373 - INFO - 1 data di 'queue' berhasil diupdate.
2025-09-19 10:21:13,377 - INFO - 1 data di 'queue' berhasil diupdate.
2025-09-19 10:23:08,384 - INFO - 1 data di 'queue' berhasil diupdate.
2025-09-19 10:25:03,393 - INFO - 1 data di 'queue' berhasil diupdate.
2025-09-19 10:26:58,409 - INFO - 1 data di 'queue' berhasil diupdate.
2025-09-19 10:28:53,414 - INFO - 1 data di 'queue' berhasil diupdate.
2025-09-19 10:30:48,430 - INFO - 1 data di 'queue' berhasil diupdate.
2025-09-19 10:32:43,436 - INFO - 1 data di 'queue' berhasil diupdate.
2025-09-19 10:34:38,448 - INFO - 1 data di 'queue' berhasil diupdate.
2025-09-19 10:36:33,453 - INFO - 1 data di 'queue' berhasil diupdate.
2025-09-19 10:38:28,468 - INFO - 1 data di 'queue' berhasil diupdate.
2025-09-19 10:40:23,480 - INFO - 1 data di 'queue' berhasil diupdate.
2025-09-19 10:42:18,486 - INFO - 1 data di 'queue' berhasil diupdate.
2025-09-19 10:44:13,506 - INFO - 1 data di 'queue' berhasil diupdate.
2025-09-19 10:46:08,523 - INFO - 1 data di 'queue' berhasil diupdate.
2025-09-19 10:48:03,538 - INFO - 1 data di 'queue' berhasil diupdate.
2025-09-19 10:49:58,558 - INFO - 1 data di 'queue' berhasil diupdate.
2025-09-19 10:51:53,569 - INFO - 1 data di 'queue' berhasil diupdate.
2025-09-19 10:53:48,575 - INFO - 1 data di 'queue' berhasil diupdate.
2025-09-19 10:55:43,584 - INFO - 1 data di 'queue' berhasil diupdate.
2025-09-19 10:57:38,602 - INFO - 1 data di 'queue' berhasil diupdate.
2025-09-19 10:59:33,621 - INFO - 1 data di 'queue' berhasil diupdate.
2025-09-19 11:01:28,641 - INFO - 1 data di 'queue' berhasil diupdate.
2025-09-19 11:03:23,648 - INFO - 1 data di 'queue' berhasil diupdate.
2025-09-19 11:05:18,658 - INFO - 1 data di 'queue' berhasil diupdate.
2025-09-19 11:07:13,669 - INFO - 1 data di 'queue' berhasil diupdate.
2025-09-19 11:09:08,688 - INFO - 1 data di 'queue' berhasil diupdate.
2025-09-19 11:11:03,693 - INFO - 1 data di 'queue' berhasil diupdate.
2025-09-19 11:12:58,697 - INFO - 1 data di 'queue' berhasil diupdate.
2025-09-19 11:14:53,702 - INFO - 1 data di 'queue' berhasil diupdate.
2025-09-19 11:16:48,720 - INFO - 1 data di 'queue' berhasil diupdate.
2025-09-19 11:18:43,729 - INFO - 1 data di 'queue' berhasil diupdate.
2025-09-19 11:20:38,737 - INFO - 1 data di 'queue' berhasil diupdate.
2025-09-19 11:22:33,743 - INFO - 1 data di 'queue' berhasil diupdate.
2025-09-19 11:24:28,750 - INFO - 1 data di 'queue' berhasil diupdate.
2025-09-19 11:26:23,762 - INFO - 1 data di 'queue' berhasil diupdate.
2025-09-19 11:28:18,782 - INFO - 1 data di 'queue' berhasil diupdate.
2025-09-19 11:30:13,798 - INFO - 1 data di 'queue' berhasil diupdate.
2025-09-19 11:32:08,805 - INFO - 1 data di 'queue' berhasil diupdate.
2025-09-19 11:34:03,811 - INFO - 1 data di 'queue' berhasil diupdate.
2025-09-19 11:35:58,826 - INFO - 1 data di 'queue' berhasil diupdate.
2025-09-19 11:37:53,836 - INFO - 1 data di 'queue' berhasil diupdate.
2025-09-19 11:39:48,844 - INFO - 1 data di 'queue' berhasil diupdate.
2025-09-19 11:41:43,864 - INFO - 1 data di 'queue' berhasil diupdate.
2025-09-19 11:43:38,869 - INFO - 1 data di 'queue' berhasil diupdate.
2025-09-19 11:45:33,886 - INFO - 1 data di 'queue' berhasil diupdate.
2025-09-19 11:47:28,902 - INFO - 1 data di 'queue' berhasil diupdate.
2025-09-19 11:49:23,914 - INFO - 1 data di 'queue' berhasil diupdate.
2025-09-19 11:51:18,928 - INFO - 1 data di 'queue' berhasil diupdate.
2025-09-19 11:53:13,935 - INFO - 1 data di 'queue' berhasil diupdate.
2025-09-19 11:55:08,939 - INFO - 1 data di 'queue' berhasil diupdate.
2025-09-19 11:57:03,953 - INFO - 1 data di 'queue' berhasil diupdate.
2025-09-19 11:58:58,963 - INFO - 1 data di 'queue' berhasil diupdate.
2025-09-19 12:00:53,980 - INFO - 1 data di 'queue' berhasil diupdate.
2025-09-19 12:02:48,991 - INFO - 1 data di 'queue' berhasil diupdate.
2025-09-19 12:04:44,006 - INFO - 1 data di 'queue' berhasil diupdate.
2025-09-19 12:06:39,014 - INFO - 1 data di 'queue' berhasil diupdate.
2025-09-19 12:08:34,028 - INFO - 1 data di 'queue' berhasil diupdate.
2025-09-19 12:10:29,045 - INFO - 1 data di 'queue' berhasil diupdate.
2025-09-19 12:12:24,051 - INFO - 1 data di 'queue' berhasil diupdate.
2025-09-19 12:14:19,058 - INFO - 1 data di 'queue' berhasil diupdate.
2025-09-19 12:16:14,072 - INFO - 1 data di 'queue' berhasil diupdate.
2025-09-19 12:18:09,086 - INFO - 1 data di 'queue' berhasil diupdate.
2025-09-19 12:20:04,090 - INFO - 1 data di 'queue' berhasil diupdate.
2025-09-19 12:21:59,101 - INFO - 1 data di 'queue' berhasil diupdate.
2025-09-19 12:23:54,111 - INFO - 1 data di 'queue' berhasil diupdate.
2025-09-19 12:25:49,127 - INFO - 1 data di 'queue' berhasil diupdate.
2025-09-19 12:27:44,142 - INFO - 1 data di 'queue' berhasil diupdate.
2025-09-19 12:29:39,160 - INFO - 1 data di 'queue' berhasil diupdate.
2025-09-19 12:31:34,168 - INFO - 1 data di 'queue' berhasil diupdate.
2025-09-19 12:33:29,183 - INFO - 1 data di 'queue' berhasil diupdate.
2025-09-19 12:35:24,198 - INFO - 1 data di 'queue' berhasil diupdate.
2025-09-19 12:37:19,203 - INFO - 1 data di 'queue' berhasil diupdate.
2025-09-19 12:39:14,215 - INFO - 1 data di 'queue' berhasil diupdate.
2025-09-19 12:41:09,234 - INFO - 1 data di 'queue' berhasil diupdate.
2025-09-19 12:43:04,243 - INFO - 1 data di 'queue' berhasil diupdate.
2025-09-19 12:44:59,253 - INFO - 1 data di 'queue' berhasil diupdate.
2025-09-19 12:46:54,272 - INFO - 1 data di 'queue' berhasil diupdate.
2025-09-19 12:48:49,289 - INFO - 1 data di 'queue' berhasil diupdate.
2025-09-19 12:50:44,305 - INFO - 1 data di 'queue' berhasil diupdate.
2025-09-19 12:52:39,320 - INFO - 1 data di 'queue' berhasil diupdate.
2025-09-19 12:54:34,335 - INFO - 1 data di 'queue' berhasil diupdate.
2025-09-19 12:56:29,349 - INFO - 1 data di 'queue' berhasil diupdate.
2025-09-19 12:58:24,365 - INFO - 1 data di 'queue' berhasil diupdate.
2025-09-19 13:00:19,370 - INFO - 1 data di 'queue' berhasil diupdate.
2025-09-19 13:02:14,373 - INFO - 1 data di 'queue' berhasil diupdate.
2025-09-19 13:04:09,381 - INFO - 1 data di 'queue' berhasil diupdate.
2025-09-19 13:06:04,398 - INFO - 1 data di 'queue' berhasil diupdate.
2025-09-19 13:07:59,408 - INFO - 1 data di 'queue' berhasil diupdate.
2025-09-19 13:09:54,423 - INFO - 1 data di 'queue' berhasil diupdate.
2025-09-19 13:11:49,439 - INFO - 1 data di 'queue' berhasil diupdate.
2025-09-19 13:13:44,451 - INFO - 1 data di 'queue' berhasil diupdate.
2025-09-19 13:15:39,470 - INFO - 1 data di 'queue' berhasil diupdate.
2025-09-19 13:17:34,487 - INFO - 1 data di 'queue' berhasil diupdate.
2025-09-19 13:19:29,499 - INFO - 1 data di 'queue' berhasil diupdate.
2025-09-19 13:21:24,515 - INFO - 1 data di 'queue' berhasil diupdate.
2025-09-19 13:23:19,524 - INFO - 1 data di 'queue' berhasil diupdate.
2025-09-19 13:25:14,534 - INFO - 1 data di 'queue' berhasil diupdate.
2025-09-19 13:27:09,539 - INFO - 1 data di 'queue' berhasil diupdate.
2025-09-19 13:29:04,556 - INFO - 1 data di 'queue' berhasil diupdate.
2025-09-19 13:30:59,573 - INFO - 1 data di 'queue' berhasil diupdate.
2025-09-19 13:32:54,592 - INFO - 1 data di 'queue' berhasil diupdate.
2025-09-19 13:34:49,599 - INFO - 1 data di 'queue' berhasil diupdate.
2025-09-19 13:36:44,612 - INFO - 1 data di 'queue' berhasil diupdate.
2025-09-19 13:38:39,623 - INFO - 1 data di 'queue' berhasil diupdate.
2025-09-19 13:40:34,629 - INFO - 1 data di 'queue' berhasil diupdate.
2025-09-19 13:42:29,637 - INFO - 1 data di 'queue' berhasil diupdate.
2025-09-19 13:44:24,653 - INFO - 1 data di 'queue' berhasil diupdate.
2025-09-19 13:46:19,669 - INFO - 1 data di 'queue' berhasil diupdate.
2025-09-19 13:48:14,679 - INFO - 1 data di 'queue' berhasil diupdate.
2025-09-19 13:50:09,688 - INFO - 1 data di 'queue' berhasil diupdate.
2025-09-19 13:52:04,705 - INFO - 1 data di 'queue' berhasil diupdate.
2025-09-19 13:53:59,716 - INFO - 1 data di 'queue' berhasil diupdate.
2025-09-19 13:55:54,731 - INFO - 1 data di 'queue' berhasil diupdate.
2025-09-19 13:57:49,738 - INFO - 1 data di 'queue' berhasil diupdate.
2025-09-19 13:59:44,741 - INFO - 1 data di 'queue' berhasil diupdate.
2025-09-19 14:01:39,749 - INFO - 1 data di 'queue' berhasil diupdate.
2025-09-19 14:03:34,763 - INFO - 1 data di 'queue' berhasil diupdate.
2025-09-19 14:05:29,779 - INFO - 1 data di 'queue' berhasil diupdate.
2025-09-19 14:07:24,784 - INFO - 1 data di 'queue' berhasil diupdate.
2025-09-19 14:09:19,801 - INFO - 1 data di 'queue' berhasil diupdate.
2025-09-19 14:11:14,816 - INFO - 1 data di 'queue' berhasil diupdate.
2025-09-19 14:13:09,822 - INFO - 1 data di 'queue' berhasil diupdate.
2025-09-19 14:15:04,838 - INFO - 1 data di 'queue' berhasil diupdate.
2025-09-19 14:16:59,857 - INFO - 1 data di 'queue' berhasil diupdate.
2025-09-19 14:18:54,872 - INFO - 1 data di 'queue' berhasil diupdate.
2025-09-19 14:20:49,882 - INFO - 1 data di 'queue' berhasil diupdate.
2025-09-19 14:22:44,897 - INFO - 1 data di 'queue' berhasil diupdate.
2025-09-19 14:24:39,900 - INFO - 1 data di 'queue' berhasil diupdate.
2025-09-19 14:26:34,909 - INFO - 1 data di 'queue' berhasil diupdate.
2025-09-19 14:28:29,919 - INFO - 1 data di 'queue' berhasil diupdate.
2025-09-19 14:30:24,934 - INFO - 1 data di 'queue' berhasil diupdate.
2025-09-19 14:32:19,951 - INFO - 1 data di 'queue' berhasil diupdate.
2025-09-19 14:34:14,971 - INFO - 1 data di 'queue' berhasil diupdate.
2025-09-19 14:36:09,974 - INFO - 1 data di 'queue' berhasil diupdate.
2025-09-19 14:38:04,979 - INFO - 1 data di 'queue' berhasil diupdate.
2025-09-19 14:39:59,997 - INFO - 1 data di 'queue' berhasil diupdate.
2025-09-19 14:41:55,017 - INFO - 1 data di 'queue' berhasil diupdate.
2025-09-19 14:43:50,028 - INFO - 1 data di 'queue' berhasil diupdate.
2025-09-19 14:45:45,038 - INFO - 1 data di 'queue' berhasil diupdate.
2025-09-19 14:47:40,050 - INFO - 1 data di 'queue' berhasil diupdate.
2025-09-19 14:49:35,054 - INFO - 1 data di 'queue' berhasil diupdate.
2025-09-19 14:51:30,062 - INFO - 1 data di 'queue' berhasil diupdate.
2025-09-19 14:53:25,073 - INFO - 1 data di 'queue' berhasil diupdate.
2025-09-19 14:55:20,090 - INFO - 1 data di 'queue' berhasil diupdate.
2025-09-19 14:57:15,099 - INFO - 1 data di 'queue' berhasil diupdate.
2025-09-19 14:59:10,103 - INFO - 1 data di 'queue' berhasil diupdate.
2025-09-19 15:01:05,114 - INFO - 1 data di 'queue' berhasil diupdate.
2025-09-19 15:03:00,129 - INFO - 1 data di 'queue' berhasil diupdate.
2025-09-19 15:04:55,134 - INFO - 1 data di 'queue' berhasil diupdate.
2025-09-19 15:06:50,144 - INFO - 1 data di 'queue' berhasil diupdate.
2025-09-19 15:08:45,162 - INFO - 1 data di 'queue' berhasil diupdate.
2025-09-19 15:10:40,174 - INFO - 1 data di 'queue' berhasil diupdate.
2025-09-19 15:12:35,184 - INFO - 1 data di 'queue' berhasil diupdate.
2025-09-19 15:14:30,197 - INFO - 1 data di 'queue' berhasil diupdate.
2025-09-19 15:16:25,205 - INFO - 1 data di 'queue' berhasil diupdate.
2025-09-19 15:18:20,223 - INFO - 1 data di 'queue' berhasil diupdate.
2025-09-19 15:20:15,229 - INFO - 1 data di 'queue' berhasil diupdate.
2025-09-19 15:22:10,245 - INFO - 1 data di 'queue' berhasil diupdate.
2025-09-19 15:24:05,264 - INFO - 1 data di 'queue' berhasil diupdate.
2025-09-19 15:26:00,283 - INFO - 1 data di 'queue' berhasil diupdate.
2025-09-19 15:27:55,296 - INFO - 1 data di 'queue' berhasil diupdate.
2025-09-19 15:29:50,305 - INFO - 1 data di 'queue' berhasil diupdate.
2025-09-19 15:31:45,321 - INFO - 1 data di 'queue' berhasil diupdate.
2025-09-19 15:33:40,329 - INFO - 1 data di 'queue' berhasil diupdate.
2025-09-19 15:35:35,335 - INFO - 1 data di 'queue' berhasil diupdate.
2025-09-19 15:37:30,343 - INFO - 1 data di 'queue' berhasil diupdate.
2025-09-19 15:39:25,351 - INFO - 1 data di 'queue' berhasil diupdate.
2025-09-19 15:41:20,360 - INFO - 1 data di 'queue' berhasil diupdate.
2025-09-19 15:43:15,373 - INFO - 1 data di 'queue' berhasil diupdate.
2025-09-19 15:45:10,391 - INFO - 1 data di 'queue' berhasil diupdate.
2025-09-19 15:47:05,411 - INFO - 1 data di 'queue' berhasil diupdate.
2025-09-19 15:49:00,420 - INFO - 1 data di 'queue' berhasil diupdate.
2025-09-19 15:50:55,427 - INFO - 1 data di 'queue' berhasil diupdate.
2025-09-19 15:52:50,438 - INFO - 1 data di 'queue' berhasil diupdate.
2025-09-19 15:54:45,446 - INFO - 1 data di 'queue' berhasil diupdate.
2025-09-19 15:56:40,454 - INFO - 1 data di 'queue' berhasil diupdate.
2025-09-19 15:58:35,462 - INFO - 1 data di 'queue' berhasil diupdate.
2025-09-19 16:00:30,478 - INFO - 1 data di 'queue' berhasil diupdate.
2025-09-19 16:02:25,498 - INFO - 1 data di 'queue' berhasil diupdate.
2025-09-19 16:04:20,503 - INFO - 1 data di 'queue' berhasil diupdate.
2025-09-19 16:06:15,507 - INFO - 1 data di 'queue' berhasil diupdate.
2025-09-19 16:08:10,524 - INFO - 1 data di 'queue' berhasil diupdate.
2025-09-19 16:10:05,541 - INFO - 1 data di 'queue' berhasil diupdate.
2025-09-19 16:12:00,552 - INFO - 1 data di 'queue' berhasil diupdate.
2025-09-19 16:13:55,568 - INFO - 1 data di 'queue' berhasil diupdate.
2025-09-19 16:15:50,588 - INFO - 1 data di 'queue' berhasil diupdate.
2025-09-19 16:17:45,600 - INFO - 1 data di 'queue' berhasil diupdate.
2025-09-19 16:19:40,619 - INFO - 1 data di 'queue' berhasil diupdate.
2025-09-19 16:21:35,629 - INFO - 1 data di 'queue' berhasil diupdate.
2025-09-19 16:23:30,634 - INFO - 1 data di 'queue' berhasil diupdate.
2025-09-19 16:25:25,642 - INFO - 1 data di 'queue' berhasil diupdate.
2025-09-19 16:27:20,659 - INFO - 1 data di 'queue' berhasil diupdate.
2025-09-19 16:29:15,669 - INFO - 1 data di 'queue' berhasil diupdate.
2025-09-19 16:31:10,685 - INFO - 1 data di 'queue' berhasil diupdate.
2025-09-19 16:33:05,703 - INFO - 1 data di 'queue' berhasil diupdate.
2025-09-19 16:35:00,720 - INFO - 1 data di 'queue' berhasil diupdate.
2025-09-19 16:36:55,723 - INFO - 1 data di 'queue' berhasil diupdate.
2025-09-19 16:38:50,729 - INFO - 1 data di 'queue' berhasil diupdate.
2025-09-19 16:40:45,737 - INFO - 1 data di 'queue' berhasil diupdate.
2025-09-19 16:42:40,744 - INFO - 1 data di 'queue' berhasil diupdate.
2025-09-19 16:44:35,750 - INFO - 1 data di 'queue' berhasil diupdate.
2025-09-19 16:46:30,757 - INFO - 1 data di 'queue' berhasil diupdate.
2025-09-19 16:48:25,770 - INFO - 1 data di 'queue' berhasil diupdate.
2025-09-19 16:50:20,788 - INFO - 1 data di 'queue' berhasil diupdate.
2025-09-19 16:52:15,799 - INFO - 1 data di 'queue' berhasil diupdate.
2025-09-19 16:54:10,808 - INFO - 1 data di 'queue' berhasil diupdate.
2025-09-19 16:56:05,824 - INFO - 1 data di 'queue' berhasil diupdate.
2025-09-19 16:58:00,844 - INFO - 1 data di 'queue' berhasil diupdate.
2025-09-19 16:59:55,857 - INFO - 1 data di 'queue' berhasil diupdate.
2025-09-19 17:01:50,867 - INFO - 1 data di 'queue' berhasil diupdate.
2025-09-19 17:03:45,872 - INFO - 1 data di 'queue' berhasil diupdate.
2025-09-19 17:05:40,886 - INFO - 1 data di 'queue' berhasil diupdate.
2025-09-19 17:07:35,895 - INFO - 1 data di 'queue' berhasil diupdate.
2025-09-19 17:09:30,912 - INFO - 1 data di 'queue' berhasil diupdate.
2025-09-19 17:11:25,919 - INFO - 1 data di 'queue' berhasil diupdate.
2025-09-19 17:13:20,923 - INFO - 1 data di 'queue' berhasil diupdate.
2025-09-19 17:15:15,930 - INFO - 1 data di 'queue' berhasil diupdate.
2025-09-19 17:17:10,935 - INFO - 1 data di 'queue' berhasil diupdate.
2025-09-19 17:19:05,945 - INFO - 1 data di 'queue' berhasil diupdate.
2025-09-19 17:21:00,955 - INFO - 1 data di 'queue' berhasil diupdate.
2025-09-19 17:22:55,963 - INFO - 1 data di 'queue' berhasil diupdate.
2025-09-19 17:24:50,979 - INFO - 1 data di 'queue' berhasil diupdate.
2025-09-19 17:26:45,997 - INFO - 1 data di 'queue' berhasil diupdate.
2025-09-19 17:28:41,004 - INFO - 1 data di 'queue' berhasil diupdate.
2025-09-19 17:30:36,019 - INFO - 1 data di 'queue' berhasil diupdate.
2025-09-19 17:32:31,029 - INFO - 1 data di 'queue' berhasil diupdate.
2025-09-19 17:34:26,047 - INFO - 1 data di 'queue' berhasil diupdate.
2025-09-19 17:36:21,061 - INFO - 1 data di 'queue' berhasil diupdate.
2025-09-19 17:38:16,066 - INFO - 1 data di 'queue' berhasil diupdate.
2025-09-19 17:40:11,072 - INFO - 1 data di 'queue' berhasil diupdate.
2025-09-19 17:42:06,087 - INFO - 1 data di 'queue' berhasil diupdate.
2025-09-19 17:44:01,103 - INFO - 1 data di 'queue' berhasil diupdate.
2025-09-19 17:45:56,110 - INFO - 1 data di 'queue' berhasil diupdate.
2025-09-19 17:47:51,124 - INFO - 1 data di 'queue' berhasil diupdate.
2025-09-19 17:49:46,140 - INFO - 1 data di 'queue' berhasil diupdate.
2025-09-19 17:51:41,159 - INFO - 1 data di 'queue' berhasil diupdate.
2025-09-19 17:53:36,167 - INFO - 1 data di 'queue' berhasil diupdate.
2025-09-19 17:55:31,174 - INFO - 1 data di 'queue' berhasil diupdate.
2025-09-19 17:57:26,179 - INFO - 1 data di 'queue' berhasil diupdate.
2025-09-19 17:59:21,196 - INFO - 1 data di 'queue' berhasil diupdate.
2025-09-19 18:01:16,213 - INFO - 1 data di 'queue' berhasil diupdate.
2025-09-19 18:03:11,232 - INFO - 1 data di 'queue' berhasil diupdate.
2025-09-19 18:05:06,241 - INFO - 1 data di 'queue' berhasil diupdate.
2025-09-19 18:07:01,254 - INFO - 1 data di 'queue' berhasil diupdate.
2025-09-19 18:08:56,262 - INFO - 1 data di 'queue' berhasil diupdate.
2025-09-19 18:10:51,274 - INFO - 1 data di 'queue' berhasil diupdate.
2025-09-19 18:12:46,289 - INFO - 1 data di 'queue' berhasil diupdate.
2025-09-19 18:14:41,303 - INFO - 1 data di 'queue' berhasil diupdate.
2025-09-19 18:16:36,316 - INFO - 1 data di 'queue' berhasil diupdate.
2025-09-19 18:18:31,330 - INFO - 1 data di 'queue' berhasil diupdate.
2025-09-19 18:20:26,338 - INFO - 1 data di 'queue' berhasil diupdate.
2025-09-19 18:22:21,348 - INFO - 1 data di 'queue' berhasil diupdate.
2025-09-19 18:24:16,357 - INFO - 1 data di 'queue' berhasil diupdate.
2025-09-19 18:26:11,363 - INFO - 1 data di 'queue' berhasil diupdate.
2025-09-19 18:28:06,382 - INFO - 1 data di 'queue' berhasil diupdate.
2025-09-19 18:30:01,396 - INFO - 1 data di 'queue' berhasil diupdate.
2025-09-19 18:31:56,401 - INFO - 1 data di 'queue' berhasil diupdate.
2025-09-19 18:33:51,410 - INFO - 1 data di 'queue' berhasil diupdate.
2025-09-19 18:35:46,418 - INFO - 1 data di 'queue' berhasil diupdate.
2025-09-19 18:37:41,422 - INFO - 1 data di 'queue' berhasil diupdate.
2025-09-19 18:39:36,441 - INFO - 1 data di 'queue' berhasil diupdate.
2025-09-19 18:41:31,459 - INFO - 1 data di 'queue' berhasil diupdate.
2025-09-19 18:43:26,465 - INFO - 1 data di 'queue' berhasil diupdate.
2025-09-19 18:45:21,477 - INFO - 1 data di 'queue' berhasil diupdate.
2025-09-19 18:47:16,484 - INFO - 1 data di 'queue' berhasil diupdate.
2025-09-19 18:49:11,497 - INFO - 1 data di 'queue' berhasil diupdate.
2025-09-19 18:51:06,508 - INFO - 1 data di 'queue' berhasil diupdate.
2025-09-19 18:53:01,516 - INFO - 1 data di 'queue' berhasil diupdate.
2025-09-19 18:54:56,534 - INFO - 1 data di 'queue' berhasil diupdate.
2025-09-19 18:56:51,546 - INFO - 1 data di 'queue' berhasil diupdate.
2025-09-19 18:58:46,558 - INFO - 1 data di 'queue' berhasil diupdate.
2025-09-19 19:00:41,562 - INFO - 1 data di 'queue' berhasil diupdate.
2025-09-19 19:02:36,566 - INFO - 1 data di 'queue' berhasil diupdate.
2025-09-19 19:04:31,570 - INFO - 1 data di 'queue' berhasil diupdate.
2025-09-19 19:06:26,585 - INFO - 1 data di 'queue' berhasil diupdate.
2025-09-19 19:08:21,599 - INFO - 1 data di 'queue' berhasil diupdate.
2025-09-19 19:10:16,611 - INFO - 1 data di 'queue' berhasil diupdate.
2025-09-19 19:12:11,617 - INFO - 1 data di 'queue' berhasil diupdate.
2025-09-19 19:14:06,630 - INFO - 1 data di 'queue' berhasil diupdate.
2025-09-19 19:16:01,648 - INFO - 1 data di 'queue' berhasil diupdate.
2025-09-19 19:17:56,664 - INFO - 1 data di 'queue' berhasil diupdate.
2025-09-19 19:19:51,671 - INFO - 1 data di 'queue' berhasil diupdate.
2025-09-19 19:21:46,680 - INFO - 1 data di 'queue' berhasil diupdate.
2025-09-19 19:23:41,686 - INFO - 1 data di 'queue' berhasil diupdate.
2025-09-19 19:25:36,701 - INFO - 1 data di 'queue' berhasil diupdate.
2025-09-19 19:27:31,719 - INFO - 1 data di 'queue' berhasil diupdate.
2025-09-19 19:29:26,738 - INFO - 1 data di 'queue' berhasil diupdate.
2025-09-19 19:31:21,747 - INFO - 1 data di 'queue' berhasil diupdate.
2025-09-19 19:33:16,755 - INFO - 1 data di 'queue' berhasil diupdate.
2025-09-19 19:35:11,770 - INFO - 1 data di 'queue' berhasil diupdate.
2025-09-19 19:37:06,774 - INFO - 1 data di 'queue' berhasil diupdate.
2025-09-19 19:39:01,782 - INFO - 1 data di 'queue' berhasil diupdate.
2025-09-19 19:40:56,788 - INFO - 1 data di 'queue' berhasil diupdate.
2025-09-19 19:42:51,800 - INFO - 1 data di 'queue' berhasil diupdate.
2025-09-19 19:44:46,810 - INFO - 1 data di 'queue' berhasil diupdate.
2025-09-19 19:46:41,823 - INFO - 1 data di 'queue' berhasil diupdate.
2025-09-19 19:48:36,828 - INFO - 1 data di 'queue' berhasil diupdate.
2025-09-19 19:50:31,834 - INFO - 1 data di 'queue' berhasil diupdate.
2025-09-19 19:52:26,848 - INFO - 1 data di 'queue' berhasil diupdate.
2025-09-19 19:54:21,865 - INFO - 1 data di 'queue' berhasil diupdate.
2025-09-19 19:56:16,878 - INFO - 1 data di 'queue' berhasil diupdate.
2025-09-19 19:58:11,886 - INFO - 1 data di 'queue' berhasil diupdate.
2025-09-19 20:00:06,901 - INFO - 1 data di 'queue' berhasil diupdate.
2025-09-19 20:02:01,909 - INFO - 1 data di 'queue' berhasil diupdate.
2025-09-19 20:03:56,923 - INFO - 1 data di 'queue' berhasil diupdate.
2025-09-19 20:05:51,928 - INFO - 1 data di 'queue' berhasil diupdate.
2025-09-19 20:07:46,939 - INFO - 1 data di 'queue' berhasil diupdate.
2025-09-19 20:09:41,949 - INFO - 1 data di 'queue' berhasil diupdate.
2025-09-19 20:11:36,954 - INFO - 1 data di 'queue' berhasil diupdate.
2025-09-19 20:13:31,963 - INFO - 1 data di 'queue' berhasil diupdate.
2025-09-19 20:15:26,977 - INFO - 1 data di 'queue' berhasil diupdate.
2025-09-19 20:17:21,986 - INFO - 1 data di 'queue' berhasil diupdate.
2025-09-19 20:19:16,991 - INFO - 1 data di 'queue' berhasil diupdate.
2025-09-19 20:21:11,999 - INFO - 1 data di 'queue' berhasil diupdate.
2025-09-19 20:23:07,005 - INFO - 1 data di 'queue' berhasil diupdate.
2025-09-19 20:25:02,017 - INFO - 1 data di 'queue' berhasil diupdate.
2025-09-19 20:26:57,037 - INFO - 1 data di 'queue' berhasil diupdate.
2025-09-19 20:28:52,043 - INFO - 1 data di 'queue' berhasil diupdate.
2025-09-19 20:30:47,054 - INFO - 1 data di 'queue' berhasil diupdate.
2025-09-19 20:32:42,065 - INFO - 1 data di 'queue' berhasil diupdate.
2025-09-19 20:34:37,077 - INFO - 1 data di 'queue' berhasil diupdate.
2025-09-19 20:36:32,092 - INFO - 1 data di 'queue' berhasil diupdate.
2025-09-19 20:38:27,096 - INFO - 1 data di 'queue' berhasil diupdate.
2025-09-19 20:40:22,112 - INFO - 1 data di 'queue' berhasil diupdate.
2025-09-19 20:42:17,124 - INFO - 1 data di 'queue' berhasil diupdate.
2025-09-19 20:44:12,129 - INFO - 1 data di 'queue' berhasil diupdate.
2025-09-19 20:46:07,146 - INFO - 1 data di 'queue' berhasil diupdate.
2025-09-19 20:48:02,156 - INFO - 1 data di 'queue' berhasil diupdate.
2025-09-19 20:49:57,176 - INFO - 1 data di 'queue' berhasil diupdate.
2025-09-19 20:51:52,189 - INFO - 1 data di 'queue' berhasil diupdate.
2025-09-19 20:53:47,208 - INFO - 1 data di 'queue' berhasil diupdate.
2025-09-19 20:55:42,216 - INFO - 1 data di 'queue' berhasil diupdate.
2025-09-19 20:57:37,225 - INFO - 1 data di 'queue' berhasil diupdate.
2025-09-19 20:59:32,244 - INFO - 1 data di 'queue' berhasil diupdate.
2025-09-19 21:01:27,254 - INFO - 1 data di 'queue' berhasil diupdate.
2025-09-19 21:03:22,269 - INFO - 1 data di 'queue' berhasil diupdate.
2025-09-19 21:05:17,275 - INFO - 1 data di 'queue' berhasil diupdate.
2025-09-19 21:07:12,293 - INFO - 1 data di 'queue' berhasil diupdate.
2025-09-19 21:09:07,311 - INFO - 1 data di 'queue' berhasil diupdate.
2025-09-19 21:11:02,320 - INFO - 1 data di 'queue' berhasil diupdate.
2025-09-19 21:12:57,327 - INFO - 1 data di 'queue' berhasil diupdate.
2025-09-19 21:14:52,337 - INFO - 1 data di 'queue' berhasil diupdate.
2025-09-19 21:16:47,349 - INFO - 1 data di 'queue' berhasil diupdate.
2025-09-19 21:18:42,365 - INFO - 1 data di 'queue' berhasil diupdate.
2025-09-19 21:20:37,371 - INFO - 1 data di 'queue' berhasil diupdate.
2025-09-19 21:22:32,384 - INFO - 1 data di 'queue' berhasil diupdate.
2025-09-19 21:24:27,398 - INFO - 1 data di 'queue' berhasil diupdate.
2025-09-19 21:26:22,413 - INFO - 1 data di 'queue' berhasil diupdate.
2025-09-19 21:28:17,423 - INFO - 1 data di 'queue' berhasil diupdate.
2025-09-19 21:30:12,428 - INFO - 1 data di 'queue' berhasil diupdate.
2025-09-19 21:32:07,431 - INFO - 1 data di 'queue' berhasil diupdate.
2025-09-19 21:34:02,442 - INFO - 1 data di 'queue' berhasil diupdate.
2025-09-19 21:35:57,452 - INFO - 1 data di 'queue' berhasil diupdate.
2025-09-19 21:37:52,471 - INFO - 1 data di 'queue' berhasil diupdate.
2025-09-19 21:39:47,485 - INFO - 1 data di 'queue' berhasil diupdate.
2025-09-19 21:41:42,491 - INFO - 1 data di 'queue' berhasil diupdate.
2025-09-19 21:43:37,501 - INFO - 1 data di 'queue' berhasil diupdate.
2025-09-19 21:45:32,519 - INFO - 1 data di 'queue' berhasil diupdate.
2025-09-19 21:47:27,540 - INFO - 1 data di 'queue' berhasil diupdate.
2025-09-19 21:49:22,557 - INFO - 1 data di 'queue' berhasil diupdate.
2025-09-19 21:51:17,574 - INFO - 1 data di 'queue' berhasil diupdate.
2025-09-19 21:53:12,588 - INFO - 1 data di 'queue' berhasil diupdate.
2025-09-19 21:55:07,600 - INFO - 1 data di 'queue' berhasil diupdate.
2025-09-19 21:57:02,606 - INFO - 1 data di 'queue' berhasil diupdate.
2025-09-19 21:58:57,612 - INFO - 1 data di 'queue' berhasil diupdate.
2025-09-19 22:00:52,619 - INFO - 1 data di 'queue' berhasil diupdate.
2025-09-19 22:02:47,629 - INFO - 1 data di 'queue' berhasil diupdate.
2025-09-19 22:04:42,641 - INFO - 1 data di 'queue' berhasil diupdate.
2025-09-19 22:06:37,662 - INFO - 1 data di 'queue' berhasil diupdate.
2025-09-19 22:08:32,679 - INFO - 1 data di 'queue' berhasil diupdate.
2025-09-19 22:10:27,692 - INFO - 1 data di 'queue' berhasil diupdate.
2025-09-19 22:12:22,697 - INFO - 1 data di 'queue' berhasil diupdate.
2025-09-19 22:14:17,716 - INFO - 1 data di 'queue' berhasil diupdate.
2025-09-19 22:16:12,731 - INFO - 1 data di 'queue' berhasil diupdate.
2025-09-19 22:18:07,743 - INFO - 1 data di 'queue' berhasil diupdate.
2025-09-19 22:20:02,759 - INFO - 1 data di 'queue' berhasil diupdate.
2025-09-19 22:21:57,771 - INFO - 1 data di 'queue' berhasil diupdate.
2025-09-19 22:23:52,779 - INFO - 1 data di 'queue' berhasil diupdate.
2025-09-19 22:25:47,790 - INFO - 1 data di 'queue' berhasil diupdate.
2025-09-19 22:27:42,804 - INFO - 1 data di 'queue' berhasil diupdate.
2025-09-19 22:29:37,818 - INFO - 1 data di 'queue' berhasil diupdate.
2025-09-19 22:31:32,827 - INFO - 1 data di 'queue' berhasil diupdate.
2025-09-19 22:33:27,847 - INFO - 1 data di 'queue' berhasil diupdate.
2025-09-19 22:35:22,863 - INFO - 1 data di 'queue' berhasil diupdate.
2025-09-19 22:37:17,875 - INFO - 1 data di 'queue' berhasil diupdate.
2025-09-19 22:39:12,880 - INFO - 1 data di 'queue' berhasil diupdate.
2025-09-19 22:41:07,897 - INFO - 1 data di 'queue' berhasil diupdate.
2025-09-19 22:43:02,906 - INFO - 1 data di 'queue' berhasil diupdate.
2025-09-19 22:44:57,916 - INFO - 1 data di 'queue' berhasil diupdate.
2025-09-19 22:46:52,921 - INFO - 1 data di 'queue' berhasil diupdate.
2025-09-19 22:48:47,934 - INFO - 1 data di 'queue' berhasil diupdate.
