2025-09-17 00:00:00,009 - INFO - [2025-09-17 00:00:00.009880] Collection 'requests' dihapus 0 dokumen.
2025-09-17 00:00:00,013 - INFO - [2025-09-17 00:00:00.013818] Collection 'responses' dihapus 0 dokumen.
2025-09-17 00:00:00,016 - INFO - [2025-09-17 00:00:00.016694] Collection 'system_status_res' dihapus 0 dokumen.
2025-09-17 00:00:00,019 - INFO - [2025-09-17 00:00:00.019572] Collection 'system_status_req' dihapus 0 dokumen.
2025-09-17 00:00:01,037 - INFO - [2025-09-17 00:00:01.037362] Collection 'requests' dihapus 0 dokumen.
2025-09-17 00:00:01,039 - INFO - [2025-09-17 00:00:01.039219] Collection 'responses' dihapus 0 dokumen.
2025-09-17 00:00:01,041 - INFO - [2025-09-17 00:00:01.041033] Collection 'system_status_res' dihapus 0 dokumen.
2025-09-17 00:00:01,043 - INFO - [2025-09-17 00:00:01.043000] Collection 'system_status_req' dihapus 0 dokumen.
2025-09-17 00:00:02,060 - INFO - [2025-09-17 00:00:02.060467] Collection 'requests' dihapus 0 dokumen.
2025-09-17 00:00:02,062 - INFO - [2025-09-17 00:00:02.062630] Collection 'responses' dihapus 0 dokumen.
2025-09-17 00:00:02,064 - INFO - [2025-09-17 00:00:02.064767] Collection 'system_status_res' dihapus 0 dokumen.
2025-09-17 00:00:02,067 - INFO - [2025-09-17 00:00:02.067096] Collection 'system_status_req' dihapus 0 dokumen.
2025-09-17 00:00:03,084 - INFO - [2025-09-17 00:00:03.084648] Collection 'requests' dihapus 0 dokumen.
2025-09-17 00:00:03,086 - INFO - [2025-09-17 00:00:03.086562] Collection 'responses' dihapus 0 dokumen.
2025-09-17 00:00:03,088 - INFO - [2025-09-17 00:00:03.088652] Collection 'system_status_res' dihapus 0 dokumen.
2025-09-17 00:00:03,090 - INFO - [2025-09-17 00:00:03.090789] Collection 'system_status_req' dihapus 0 dokumen.
2025-09-17 00:00:04,108 - INFO - [2025-09-17 00:00:04.108542] Collection 'requests' dihapus 0 dokumen.
2025-09-17 00:00:04,110 - INFO - [2025-09-17 00:00:04.110646] Collection 'responses' dihapus 0 dokumen.
2025-09-17 00:00:04,112 - INFO - [2025-09-17 00:00:04.112588] Collection 'system_status_res' dihapus 0 dokumen.
2025-09-17 00:00:04,115 - INFO - [2025-09-17 00:00:04.114974] Collection 'system_status_req' dihapus 0 dokumen.
2025-09-17 00:00:05,132 - INFO - [2025-09-17 00:00:05.132804] Collection 'requests' dihapus 0 dokumen.
2025-09-17 00:00:05,134 - INFO - [2025-09-17 00:00:05.134704] Collection 'responses' dihapus 0 dokumen.
2025-09-17 00:00:05,136 - INFO - [2025-09-17 00:00:05.136892] Collection 'system_status_res' dihapus 0 dokumen.
2025-09-17 00:00:05,139 - INFO - [2025-09-17 00:00:05.139098] Collection 'system_status_req' dihapus 0 dokumen.
2025-09-17 00:00:06,168 - INFO - 1 data di 'queue' berhasil diupdate.
2025-09-17 00:02:01,183 - INFO - 1 data di 'queue' berhasil diupdate.
2025-09-17 00:03:56,191 - INFO - 1 data di 'queue' berhasil diupdate.
2025-09-17 00:05:51,206 - INFO - 1 data di 'queue' berhasil diupdate.
2025-09-17 00:07:46,224 - INFO - 1 data di 'queue' berhasil diupdate.
2025-09-17 00:09:41,242 - INFO - 1 data di 'queue' berhasil diupdate.
2025-09-17 00:11:36,252 - INFO - 1 data di 'queue' berhasil diupdate.
2025-09-17 00:13:31,262 - INFO - 1 data di 'queue' berhasil diupdate.
2025-09-17 00:15:26,266 - INFO - 1 data di 'queue' berhasil diupdate.
2025-09-17 00:17:21,271 - INFO - 1 data di 'queue' berhasil diupdate.
2025-09-17 00:19:16,281 - INFO - 1 data di 'queue' berhasil diupdate.
2025-09-17 00:21:11,291 - INFO - 1 data di 'queue' berhasil diupdate.
2025-09-17 00:23:06,302 - INFO - 1 data di 'queue' berhasil diupdate.
2025-09-17 00:25:01,309 - INFO - 1 data di 'queue' berhasil diupdate.
2025-09-17 00:26:56,324 - INFO - 1 data di 'queue' berhasil diupdate.
2025-09-17 00:28:51,342 - INFO - 1 data di 'queue' berhasil diupdate.
2025-09-17 00:30:46,351 - INFO - 1 data di 'queue' berhasil diupdate.
2025-09-17 00:32:41,366 - INFO - 1 data di 'queue' berhasil diupdate.
2025-09-17 00:34:36,384 - INFO - 1 data di 'queue' berhasil diupdate.
2025-09-17 00:36:31,396 - INFO - 1 data di 'queue' berhasil diupdate.
2025-09-17 00:38:26,414 - INFO - 1 data di 'queue' berhasil diupdate.
2025-09-17 00:40:21,431 - INFO - 1 data di 'queue' berhasil diupdate.
2025-09-17 00:42:16,440 - INFO - 1 data di 'queue' berhasil diupdate.
2025-09-17 00:44:11,452 - INFO - 1 data di 'queue' berhasil diupdate.
2025-09-17 00:46:06,467 - INFO - 1 data di 'queue' berhasil diupdate.
2025-09-17 00:48:01,473 - INFO - 1 data di 'queue' berhasil diupdate.
2025-09-17 00:49:56,491 - INFO - 1 data di 'queue' berhasil diupdate.
2025-09-17 00:51:51,500 - INFO - 1 data di 'queue' berhasil diupdate.
2025-09-17 00:53:46,512 - INFO - 1 data di 'queue' berhasil diupdate.
2025-09-17 00:55:41,533 - INFO - 1 data di 'queue' berhasil diupdate.
2025-09-17 00:57:36,540 - INFO - 1 data di 'queue' berhasil diupdate.
2025-09-17 00:59:31,559 - INFO - 1 data di 'queue' berhasil diupdate.
2025-09-17 01:01:26,578 - INFO - 1 data di 'queue' berhasil diupdate.
2025-09-17 01:03:21,595 - INFO - 1 data di 'queue' berhasil diupdate.
2025-09-17 01:05:16,608 - INFO - 1 data di 'queue' berhasil diupdate.
2025-09-17 01:07:11,612 - INFO - 1 data di 'queue' berhasil diupdate.
2025-09-17 01:09:06,628 - INFO - 1 data di 'queue' berhasil diupdate.
2025-09-17 01:11:01,638 - INFO - 1 data di 'queue' berhasil diupdate.
2025-09-17 01:12:56,659 - INFO - 1 data di 'queue' berhasil diupdate.
2025-09-17 01:14:51,670 - INFO - 1 data di 'queue' berhasil diupdate.
2025-09-17 01:16:46,682 - INFO - 1 data di 'queue' berhasil diupdate.
2025-09-17 01:18:41,695 - INFO - 1 data di 'queue' berhasil diupdate.
2025-09-17 01:20:36,699 - INFO - 1 data di 'queue' berhasil diupdate.
2025-09-17 01:22:31,709 - INFO - 1 data di 'queue' berhasil diupdate.
2025-09-17 01:24:26,726 - INFO - 1 data di 'queue' berhasil diupdate.
2025-09-17 01:26:21,737 - INFO - 1 data di 'queue' berhasil diupdate.
2025-09-17 01:28:16,752 - INFO - 1 data di 'queue' berhasil diupdate.
2025-09-17 01:30:11,764 - INFO - 1 data di 'queue' berhasil diupdate.
2025-09-17 01:32:06,781 - INFO - 1 data di 'queue' berhasil diupdate.
2025-09-17 01:34:01,798 - INFO - 1 data di 'queue' berhasil diupdate.
2025-09-17 01:35:56,816 - INFO - 1 data di 'queue' berhasil diupdate.
2025-09-17 01:37:51,829 - INFO - 1 data di 'queue' berhasil diupdate.
2025-09-17 01:39:46,847 - INFO - 1 data di 'queue' berhasil diupdate.
2025-09-17 01:41:41,866 - INFO - 1 data di 'queue' berhasil diupdate.
2025-09-17 01:43:36,886 - INFO - 1 data di 'queue' berhasil diupdate.
2025-09-17 01:45:31,900 - INFO - 1 data di 'queue' berhasil diupdate.
2025-09-17 01:47:26,910 - INFO - 1 data di 'queue' berhasil diupdate.
2025-09-17 01:49:21,921 - INFO - 1 data di 'queue' berhasil diupdate.
2025-09-17 01:51:16,929 - INFO - 1 data di 'queue' berhasil diupdate.
2025-09-17 01:53:11,944 - INFO - 1 data di 'queue' berhasil diupdate.
2025-09-17 01:55:06,947 - INFO - 1 data di 'queue' berhasil diupdate.
2025-09-17 01:57:01,965 - INFO - 1 data di 'queue' berhasil diupdate.
2025-09-17 01:58:56,973 - INFO - 1 data di 'queue' berhasil diupdate.
2025-09-17 02:00:51,982 - INFO - 1 data di 'queue' berhasil diupdate.
2025-09-17 02:02:47,000 - INFO - 1 data di 'queue' berhasil diupdate.
2025-09-17 02:04:42,011 - INFO - 1 data di 'queue' berhasil diupdate.
2025-09-17 02:06:37,019 - INFO - 1 data di 'queue' berhasil diupdate.
2025-09-17 02:08:32,038 - INFO - 1 data di 'queue' berhasil diupdate.
2025-09-17 02:10:27,050 - INFO - 1 data di 'queue' berhasil diupdate.
2025-09-17 02:12:22,068 - INFO - 1 data di 'queue' berhasil diupdate.
2025-09-17 02:14:17,084 - INFO - 1 data di 'queue' berhasil diupdate.
2025-09-17 02:16:12,088 - INFO - 1 data di 'queue' berhasil diupdate.
2025-09-17 02:18:07,091 - INFO - 1 data di 'queue' berhasil diupdate.
2025-09-17 02:20:02,103 - INFO - 1 data di 'queue' berhasil diupdate.
2025-09-17 02:21:57,115 - INFO - 1 data di 'queue' berhasil diupdate.
2025-09-17 02:23:52,123 - INFO - 1 data di 'queue' berhasil diupdate.
2025-09-17 02:25:47,130 - INFO - 1 data di 'queue' berhasil diupdate.
2025-09-17 02:27:42,136 - INFO - 1 data di 'queue' berhasil diupdate.
2025-09-17 02:29:37,140 - INFO - 1 data di 'queue' berhasil diupdate.
2025-09-17 02:31:32,157 - INFO - 1 data di 'queue' berhasil diupdate.
2025-09-17 02:33:27,169 - INFO - 1 data di 'queue' berhasil diupdate.
2025-09-17 02:35:22,181 - INFO - 1 data di 'queue' berhasil diupdate.
2025-09-17 02:37:17,187 - INFO - 1 data di 'queue' berhasil diupdate.
2025-09-17 02:39:12,200 - INFO - 1 data di 'queue' berhasil diupdate.
2025-09-17 02:41:07,217 - INFO - 1 data di 'queue' berhasil diupdate.
2025-09-17 02:43:02,222 - INFO - 1 data di 'queue' berhasil diupdate.
2025-09-17 02:44:57,232 - INFO - 1 data di 'queue' berhasil diupdate.
2025-09-17 02:46:52,243 - INFO - 1 data di 'queue' berhasil diupdate.
2025-09-17 02:48:47,249 - INFO - 1 data di 'queue' berhasil diupdate.
2025-09-17 02:50:42,262 - INFO - 1 data di 'queue' berhasil diupdate.
2025-09-17 02:52:37,274 - INFO - 1 data di 'queue' berhasil diupdate.
2025-09-17 02:54:32,283 - INFO - 1 data di 'queue' berhasil diupdate.
2025-09-17 02:56:27,290 - INFO - 1 data di 'queue' berhasil diupdate.
2025-09-17 02:58:22,304 - INFO - 1 data di 'queue' berhasil diupdate.
2025-09-17 03:00:17,309 - INFO - 1 data di 'queue' berhasil diupdate.
2025-09-17 03:02:12,323 - INFO - 1 data di 'queue' berhasil diupdate.
2025-09-17 03:04:07,333 - INFO - 1 data di 'queue' berhasil diupdate.
2025-09-17 03:06:02,344 - INFO - 1 data di 'queue' berhasil diupdate.
2025-09-17 03:07:57,359 - INFO - 1 data di 'queue' berhasil diupdate.
2025-09-17 03:09:52,363 - INFO - 1 data di 'queue' berhasil diupdate.
2025-09-17 03:11:47,375 - INFO - 1 data di 'queue' berhasil diupdate.
2025-09-17 03:13:42,386 - INFO - 1 data di 'queue' berhasil diupdate.
2025-09-17 03:15:37,403 - INFO - 1 data di 'queue' berhasil diupdate.
2025-09-17 03:17:32,409 - INFO - 1 data di 'queue' berhasil diupdate.
2025-09-17 03:19:27,425 - INFO - 1 data di 'queue' berhasil diupdate.
2025-09-17 03:21:22,430 - INFO - 1 data di 'queue' berhasil diupdate.
2025-09-17 03:23:17,437 - INFO - 1 data di 'queue' berhasil diupdate.
2025-09-17 03:25:12,447 - INFO - 1 data di 'queue' berhasil diupdate.
2025-09-17 03:27:07,462 - INFO - 1 data di 'queue' berhasil diupdate.
2025-09-17 03:29:02,475 - INFO - 1 data di 'queue' berhasil diupdate.
2025-09-17 03:30:57,488 - INFO - 1 data di 'queue' berhasil diupdate.
2025-09-17 03:32:52,503 - INFO - 1 data di 'queue' berhasil diupdate.
2025-09-17 03:34:47,507 - INFO - 1 data di 'queue' berhasil diupdate.
2025-09-17 03:36:42,512 - INFO - 1 data di 'queue' berhasil diupdate.
2025-09-17 03:38:37,518 - INFO - 1 data di 'queue' berhasil diupdate.
2025-09-17 03:40:32,532 - INFO - 1 data di 'queue' berhasil diupdate.
2025-09-17 03:42:27,543 - INFO - 1 data di 'queue' berhasil diupdate.
2025-09-17 03:44:22,549 - INFO - 1 data di 'queue' berhasil diupdate.
2025-09-17 03:46:17,556 - INFO - 1 data di 'queue' berhasil diupdate.
2025-09-17 03:48:12,569 - INFO - 1 data di 'queue' berhasil diupdate.
2025-09-17 03:50:07,575 - INFO - 1 data di 'queue' berhasil diupdate.
2025-09-17 03:52:02,588 - INFO - 1 data di 'queue' berhasil diupdate.
2025-09-17 03:53:57,594 - INFO - 1 data di 'queue' berhasil diupdate.
2025-09-17 03:55:52,610 - INFO - 1 data di 'queue' berhasil diupdate.
2025-09-17 03:57:47,625 - INFO - 1 data di 'queue' berhasil diupdate.
2025-09-17 03:59:42,633 - INFO - 1 data di 'queue' berhasil diupdate.
2025-09-17 04:01:37,650 - INFO - 1 data di 'queue' berhasil diupdate.
2025-09-17 04:03:32,658 - INFO - 1 data di 'queue' berhasil diupdate.
2025-09-17 04:05:27,665 - INFO - 1 data di 'queue' berhasil diupdate.
2025-09-17 04:07:22,685 - INFO - 1 data di 'queue' berhasil diupdate.
2025-09-17 04:09:17,704 - INFO - 1 data di 'queue' berhasil diupdate.
2025-09-17 04:11:12,718 - INFO - 1 data di 'queue' berhasil diupdate.
2025-09-17 04:13:07,730 - INFO - 1 data di 'queue' berhasil diupdate.
2025-09-17 04:15:02,738 - INFO - 1 data di 'queue' berhasil diupdate.
2025-09-17 04:16:57,744 - INFO - 1 data di 'queue' berhasil diupdate.
2025-09-17 04:18:52,750 - INFO - 1 data di 'queue' berhasil diupdate.
2025-09-17 04:20:47,762 - INFO - 1 data di 'queue' berhasil diupdate.
2025-09-17 04:22:42,766 - INFO - 1 data di 'queue' berhasil diupdate.
2025-09-17 04:24:37,779 - INFO - 1 data di 'queue' berhasil diupdate.
2025-09-17 04:26:32,785 - INFO - 1 data di 'queue' berhasil diupdate.
2025-09-17 04:28:27,795 - INFO - 1 data di 'queue' berhasil diupdate.
2025-09-17 04:30:22,800 - INFO - 1 data di 'queue' berhasil diupdate.
2025-09-17 04:32:17,810 - INFO - 1 data di 'queue' berhasil diupdate.
2025-09-17 04:34:12,818 - INFO - 1 data di 'queue' berhasil diupdate.
2025-09-17 04:36:07,829 - INFO - 1 data di 'queue' berhasil diupdate.
2025-09-17 04:38:02,842 - INFO - 1 data di 'queue' berhasil diupdate.
2025-09-17 04:39:57,858 - INFO - 1 data di 'queue' berhasil diupdate.
2025-09-17 04:41:52,874 - INFO - 1 data di 'queue' berhasil diupdate.
2025-09-17 04:43:47,892 - INFO - 1 data di 'queue' berhasil diupdate.
2025-09-17 04:45:42,898 - INFO - 1 data di 'queue' berhasil diupdate.
2025-09-17 04:47:37,902 - INFO - 1 data di 'queue' berhasil diupdate.
2025-09-17 04:49:32,911 - INFO - 1 data di 'queue' berhasil diupdate.
2025-09-17 04:51:27,930 - INFO - 1 data di 'queue' berhasil diupdate.
2025-09-17 04:53:22,945 - INFO - 1 data di 'queue' berhasil diupdate.
2025-09-17 04:55:17,955 - INFO - 1 data di 'queue' berhasil diupdate.
2025-09-17 04:57:12,965 - INFO - 1 data di 'queue' berhasil diupdate.
2025-09-17 04:59:07,968 - INFO - 1 data di 'queue' berhasil diupdate.
2025-09-17 05:01:02,974 - INFO - 1 data di 'queue' berhasil diupdate.
2025-09-17 05:02:57,993 - INFO - 1 data di 'queue' berhasil diupdate.
2025-09-17 05:04:52,999 - INFO - 1 data di 'queue' berhasil diupdate.
2025-09-17 05:06:48,010 - INFO - 1 data di 'queue' berhasil diupdate.
2025-09-17 05:08:43,016 - INFO - 1 data di 'queue' berhasil diupdate.
2025-09-17 05:10:38,036 - INFO - 1 data di 'queue' berhasil diupdate.
2025-09-17 05:12:33,047 - INFO - 1 data di 'queue' berhasil diupdate.
2025-09-17 05:14:28,063 - INFO - 1 data di 'queue' berhasil diupdate.
2025-09-17 05:16:23,068 - INFO - 1 data di 'queue' berhasil diupdate.
2025-09-17 05:18:18,085 - INFO - 1 data di 'queue' berhasil diupdate.
2025-09-17 05:20:13,098 - INFO - 1 data di 'queue' berhasil diupdate.
2025-09-17 05:22:08,111 - INFO - 1 data di 'queue' berhasil diupdate.
2025-09-17 05:24:03,120 - INFO - 1 data di 'queue' berhasil diupdate.
2025-09-17 05:25:58,139 - INFO - 1 data di 'queue' berhasil diupdate.
2025-09-17 05:27:53,143 - INFO - 1 data di 'queue' berhasil diupdate.
2025-09-17 05:29:48,156 - INFO - 1 data di 'queue' berhasil diupdate.
2025-09-17 05:31:43,173 - INFO - 1 data di 'queue' berhasil diupdate.
2025-09-17 05:33:38,183 - INFO - 1 data di 'queue' berhasil diupdate.
2025-09-17 05:35:33,193 - INFO - 1 data di 'queue' berhasil diupdate.
2025-09-17 05:37:28,202 - INFO - 1 data di 'queue' berhasil diupdate.
2025-09-17 05:39:23,208 - INFO - 1 data di 'queue' berhasil diupdate.
2025-09-17 05:41:18,221 - INFO - 1 data di 'queue' berhasil diupdate.
2025-09-17 05:43:13,230 - INFO - 1 data di 'queue' berhasil diupdate.
2025-09-17 05:45:08,240 - INFO - 1 data di 'queue' berhasil diupdate.
2025-09-17 05:47:03,249 - INFO - 1 data di 'queue' berhasil diupdate.
2025-09-17 05:48:58,262 - INFO - 1 data di 'queue' berhasil diupdate.
2025-09-17 05:50:53,271 - INFO - 1 data di 'queue' berhasil diupdate.
2025-09-17 05:52:48,278 - INFO - 1 data di 'queue' berhasil diupdate.
2025-09-17 05:54:43,296 - INFO - 1 data di 'queue' berhasil diupdate.
2025-09-17 05:56:38,307 - INFO - 1 data di 'queue' berhasil diupdate.
2025-09-17 05:58:33,321 - INFO - 1 data di 'queue' berhasil diupdate.
2025-09-17 06:00:28,327 - INFO - 1 data di 'queue' berhasil diupdate.
2025-09-17 06:02:23,332 - INFO - 1 data di 'queue' berhasil diupdate.
2025-09-17 06:04:18,346 - INFO - 1 data di 'queue' berhasil diupdate.
2025-09-17 06:06:13,350 - INFO - 1 data di 'queue' berhasil diupdate.
2025-09-17 06:08:08,368 - INFO - 1 data di 'queue' berhasil diupdate.
2025-09-17 06:10:03,385 - INFO - 1 data di 'queue' berhasil diupdate.
2025-09-17 06:11:58,393 - INFO - 1 data di 'queue' berhasil diupdate.
2025-09-17 06:13:53,409 - INFO - 1 data di 'queue' berhasil diupdate.
2025-09-17 06:15:48,426 - INFO - 1 data di 'queue' berhasil diupdate.
2025-09-17 06:17:43,443 - INFO - 1 data di 'queue' berhasil diupdate.
2025-09-17 06:19:38,449 - INFO - 1 data di 'queue' berhasil diupdate.
2025-09-17 06:21:33,459 - INFO - 1 data di 'queue' berhasil diupdate.
2025-09-17 06:23:28,474 - INFO - 1 data di 'queue' berhasil diupdate.
2025-09-17 06:25:23,481 - INFO - 1 data di 'queue' berhasil diupdate.
2025-09-17 06:27:18,495 - INFO - 1 data di 'queue' berhasil diupdate.
2025-09-17 06:29:13,509 - INFO - 1 data di 'queue' berhasil diupdate.
2025-09-17 06:31:08,528 - INFO - 1 data di 'queue' berhasil diupdate.
2025-09-17 06:33:03,548 - INFO - 1 data di 'queue' berhasil diupdate.
2025-09-17 06:34:58,558 - INFO - 1 data di 'queue' berhasil diupdate.
2025-09-17 06:36:53,572 - INFO - 1 data di 'queue' berhasil diupdate.
2025-09-17 06:38:48,587 - INFO - 1 data di 'queue' berhasil diupdate.
2025-09-17 06:40:43,601 - INFO - 1 data di 'queue' berhasil diupdate.
2025-09-17 06:42:38,616 - INFO - 1 data di 'queue' berhasil diupdate.
2025-09-17 06:44:33,624 - INFO - 1 data di 'queue' berhasil diupdate.
2025-09-17 06:46:28,640 - INFO - 1 data di 'queue' berhasil diupdate.
2025-09-17 06:48:23,660 - INFO - 1 data di 'queue' berhasil diupdate.
2025-09-17 06:50:18,675 - INFO - 1 data di 'queue' berhasil diupdate.
2025-09-17 06:52:13,693 - INFO - 1 data di 'queue' berhasil diupdate.
2025-09-17 06:54:08,705 - INFO - 1 data di 'queue' berhasil diupdate.
2025-09-17 06:56:03,718 - INFO - 1 data di 'queue' berhasil diupdate.
2025-09-17 06:57:58,730 - INFO - 1 data di 'queue' berhasil diupdate.
2025-09-17 06:59:53,735 - INFO - 1 data di 'queue' berhasil diupdate.
2025-09-17 07:01:48,751 - INFO - 1 data di 'queue' berhasil diupdate.
2025-09-17 07:03:43,756 - INFO - 1 data di 'queue' berhasil diupdate.
2025-09-17 07:05:38,760 - INFO - 1 data di 'queue' berhasil diupdate.
2025-09-17 07:07:33,765 - INFO - 1 data di 'queue' berhasil diupdate.
2025-09-17 07:09:28,776 - INFO - 1 data di 'queue' berhasil diupdate.
2025-09-17 07:11:23,780 - INFO - 1 data di 'queue' berhasil diupdate.
2025-09-17 07:13:18,795 - INFO - 1 data di 'queue' berhasil diupdate.
2025-09-17 07:15:13,808 - INFO - 1 data di 'queue' berhasil diupdate.
2025-09-17 07:17:08,814 - INFO - 1 data di 'queue' berhasil diupdate.
2025-09-17 07:19:03,828 - INFO - 1 data di 'queue' berhasil diupdate.
2025-09-17 07:20:58,833 - INFO - 1 data di 'queue' berhasil diupdate.
2025-09-17 07:22:53,848 - INFO - 1 data di 'queue' berhasil diupdate.
2025-09-17 07:24:48,852 - INFO - 1 data di 'queue' berhasil diupdate.
2025-09-17 07:26:43,865 - INFO - 1 data di 'queue' berhasil diupdate.
2025-09-17 07:28:38,881 - INFO - 1 data di 'queue' berhasil diupdate.
2025-09-17 07:30:33,900 - INFO - 1 data di 'queue' berhasil diupdate.
2025-09-17 07:32:28,908 - INFO - 1 data di 'queue' berhasil diupdate.
2025-09-17 07:34:23,911 - INFO - 1 data di 'queue' berhasil diupdate.
2025-09-17 07:36:18,929 - INFO - 1 data di 'queue' berhasil diupdate.
2025-09-17 07:38:13,942 - INFO - 1 data di 'queue' berhasil diupdate.
2025-09-17 07:40:08,951 - INFO - 1 data di 'queue' berhasil diupdate.
2025-09-17 07:42:03,970 - INFO - 1 data di 'queue' berhasil diupdate.
2025-09-17 07:43:58,990 - INFO - 1 data di 'queue' berhasil diupdate.
2025-09-17 07:45:54,006 - INFO - 1 data di 'queue' berhasil diupdate.
2025-09-17 07:47:49,021 - INFO - 1 data di 'queue' berhasil diupdate.
2025-09-17 07:49:44,028 - INFO - 1 data di 'queue' berhasil diupdate.
2025-09-17 07:51:39,032 - INFO - 1 data di 'queue' berhasil diupdate.
2025-09-17 07:53:34,047 - INFO - 1 data di 'queue' berhasil diupdate.
2025-09-17 07:55:29,058 - INFO - 1 data di 'queue' berhasil diupdate.
2025-09-17 07:57:24,063 - INFO - 1 data di 'queue' berhasil diupdate.
2025-09-17 07:59:19,082 - INFO - 1 data di 'queue' berhasil diupdate.
2025-09-17 08:01:14,089 - INFO - 1 data di 'queue' berhasil diupdate.
2025-09-17 08:03:09,095 - INFO - 1 data di 'queue' berhasil diupdate.
2025-09-17 08:05:04,115 - INFO - 1 data di 'queue' berhasil diupdate.
2025-09-17 08:06:59,134 - INFO - 1 data di 'queue' berhasil diupdate.
2025-09-17 08:08:54,148 - INFO - 1 data di 'queue' berhasil diupdate.
2025-09-17 08:10:49,159 - INFO - 1 data di 'queue' berhasil diupdate.
2025-09-17 08:12:44,170 - INFO - 1 data di 'queue' berhasil diupdate.
2025-09-17 08:14:39,177 - INFO - 1 data di 'queue' berhasil diupdate.
2025-09-17 08:16:34,181 - INFO - 1 data di 'queue' berhasil diupdate.
2025-09-17 08:18:29,194 - INFO - 1 data di 'queue' berhasil diupdate.
2025-09-17 08:20:24,207 - INFO - 1 data di 'queue' berhasil diupdate.
2025-09-17 08:22:19,226 - INFO - 1 data di 'queue' berhasil diupdate.
2025-09-17 08:24:14,242 - INFO - 1 data di 'queue' berhasil diupdate.
2025-09-17 08:26:09,250 - INFO - 1 data di 'queue' berhasil diupdate.
2025-09-17 08:28:04,264 - INFO - 1 data di 'queue' berhasil diupdate.
2025-09-17 08:29:59,283 - INFO - 1 data di 'queue' berhasil diupdate.
2025-09-17 08:31:54,293 - INFO - 1 data di 'queue' berhasil diupdate.
2025-09-17 08:33:49,313 - INFO - 1 data di 'queue' berhasil diupdate.
2025-09-17 08:35:44,326 - INFO - 1 data di 'queue' berhasil diupdate.
2025-09-17 08:37:39,343 - INFO - 1 data di 'queue' berhasil diupdate.
2025-09-17 08:39:34,354 - INFO - 1 data di 'queue' berhasil diupdate.
2025-09-17 08:41:29,370 - INFO - 1 data di 'queue' berhasil diupdate.
2025-09-17 08:43:24,382 - INFO - 1 data di 'queue' berhasil diupdate.
2025-09-17 08:45:19,395 - INFO - 1 data di 'queue' berhasil diupdate.
2025-09-17 08:47:14,406 - INFO - 1 data di 'queue' berhasil diupdate.
2025-09-17 08:49:09,421 - INFO - 1 data di 'queue' berhasil diupdate.
2025-09-17 08:51:04,436 - INFO - 1 data di 'queue' berhasil diupdate.
2025-09-17 08:52:59,443 - INFO - 1 data di 'queue' berhasil diupdate.
2025-09-17 08:54:54,459 - INFO - 1 data di 'queue' berhasil diupdate.
2025-09-17 08:56:49,474 - INFO - 1 data di 'queue' berhasil diupdate.
2025-09-17 08:58:44,484 - INFO - 1 data di 'queue' berhasil diupdate.
2025-09-17 09:00:39,494 - INFO - 1 data di 'queue' berhasil diupdate.
2025-09-17 09:02:34,506 - INFO - 1 data di 'queue' berhasil diupdate.
2025-09-17 09:04:29,519 - INFO - 1 data di 'queue' berhasil diupdate.
2025-09-17 09:06:24,528 - INFO - 1 data di 'queue' berhasil diupdate.
2025-09-17 09:08:19,541 - INFO - 1 data di 'queue' berhasil diupdate.
2025-09-17 09:10:14,552 - INFO - 1 data di 'queue' berhasil diupdate.
2025-09-17 09:12:09,556 - INFO - 1 data di 'queue' berhasil diupdate.
2025-09-17 09:14:04,563 - INFO - 1 data di 'queue' berhasil diupdate.
2025-09-17 09:15:59,578 - INFO - 1 data di 'queue' berhasil diupdate.
2025-09-17 09:17:54,591 - INFO - 1 data di 'queue' berhasil diupdate.
2025-09-17 09:19:49,600 - INFO - 1 data di 'queue' berhasil diupdate.
2025-09-17 09:21:44,609 - INFO - 1 data di 'queue' berhasil diupdate.
2025-09-17 09:23:39,614 - INFO - 1 data di 'queue' berhasil diupdate.
2025-09-17 09:25:34,621 - INFO - 1 data di 'queue' berhasil diupdate.
2025-09-17 09:27:29,636 - INFO - 1 data di 'queue' berhasil diupdate.
2025-09-17 09:29:24,652 - INFO - 1 data di 'queue' berhasil diupdate.
2025-09-17 09:31:19,659 - INFO - 1 data di 'queue' berhasil diupdate.
2025-09-17 09:33:14,667 - INFO - 1 data di 'queue' berhasil diupdate.
2025-09-17 09:35:09,671 - INFO - 1 data di 'queue' berhasil diupdate.
2025-09-17 09:37:04,685 - INFO - 1 data di 'queue' berhasil diupdate.
2025-09-17 09:38:59,691 - INFO - 1 data di 'queue' berhasil diupdate.
2025-09-17 09:40:54,698 - INFO - 1 data di 'queue' berhasil diupdate.
2025-09-17 09:42:49,715 - INFO - 1 data di 'queue' berhasil diupdate.
2025-09-17 09:44:44,719 - INFO - 1 data di 'queue' berhasil diupdate.
2025-09-17 09:46:39,727 - INFO - 1 data di 'queue' berhasil diupdate.
2025-09-17 09:48:34,748 - INFO - 1 data di 'queue' berhasil diupdate.
2025-09-17 09:50:29,766 - INFO - 1 data di 'queue' berhasil diupdate.
2025-09-17 09:52:24,781 - INFO - 1 data di 'queue' berhasil diupdate.
2025-09-17 09:54:19,797 - INFO - 1 data di 'queue' berhasil diupdate.
2025-09-17 09:56:14,805 - INFO - 1 data di 'queue' berhasil diupdate.
2025-09-17 09:58:09,821 - INFO - 1 data di 'queue' berhasil diupdate.
2025-09-17 10:00:04,830 - INFO - 1 data di 'queue' berhasil diupdate.
2025-09-17 10:01:59,836 - INFO - 1 data di 'queue' berhasil diupdate.
2025-09-17 10:03:54,850 - INFO - 1 data di 'queue' berhasil diupdate.
2025-09-17 10:05:49,867 - INFO - 1 data di 'queue' berhasil diupdate.
2025-09-17 10:07:44,880 - INFO - 1 data di 'queue' berhasil diupdate.
2025-09-17 10:09:39,899 - INFO - 1 data di 'queue' berhasil diupdate.
2025-09-17 10:11:34,918 - INFO - 1 data di 'queue' berhasil diupdate.
2025-09-17 10:13:29,928 - INFO - 1 data di 'queue' berhasil diupdate.
2025-09-17 10:15:24,935 - INFO - 1 data di 'queue' berhasil diupdate.
2025-09-17 10:17:19,948 - INFO - 1 data di 'queue' berhasil diupdate.
2025-09-17 10:19:14,961 - INFO - 1 data di 'queue' berhasil diupdate.
2025-09-17 10:21:09,970 - INFO - 1 data di 'queue' berhasil diupdate.
2025-09-17 10:23:04,988 - INFO - 1 data di 'queue' berhasil diupdate.
2025-09-17 10:25:00,002 - INFO - 1 data di 'queue' berhasil diupdate.
2025-09-17 10:26:55,009 - INFO - 1 data di 'queue' berhasil diupdate.
2025-09-17 10:28:50,023 - INFO - 1 data di 'queue' berhasil diupdate.
2025-09-17 10:30:45,028 - INFO - 1 data di 'queue' berhasil diupdate.
2025-09-17 10:32:40,047 - INFO - 1 data di 'queue' berhasil diupdate.
2025-09-17 10:34:35,059 - INFO - 1 data di 'queue' berhasil diupdate.
2025-09-17 10:36:30,071 - INFO - 1 data di 'queue' berhasil diupdate.
2025-09-17 10:38:25,088 - INFO - 1 data di 'queue' berhasil diupdate.
2025-09-17 10:40:20,100 - INFO - 1 data di 'queue' berhasil diupdate.
2025-09-17 10:42:15,111 - INFO - 1 data di 'queue' berhasil diupdate.
2025-09-17 10:44:10,127 - INFO - 1 data di 'queue' berhasil diupdate.
2025-09-17 10:46:05,130 - INFO - 1 data di 'queue' berhasil diupdate.
2025-09-17 10:48:00,146 - INFO - 1 data di 'queue' berhasil diupdate.
2025-09-17 10:49:55,165 - INFO - 1 data di 'queue' berhasil diupdate.
2025-09-17 10:51:50,180 - INFO - 1 data di 'queue' berhasil diupdate.
2025-09-17 10:53:45,184 - INFO - 1 data di 'queue' berhasil diupdate.
2025-09-17 10:55:40,194 - INFO - 1 data di 'queue' berhasil diupdate.
2025-09-17 10:57:35,204 - INFO - 1 data di 'queue' berhasil diupdate.
2025-09-17 10:59:30,214 - INFO - 1 data di 'queue' berhasil diupdate.
2025-09-17 11:01:25,227 - INFO - 1 data di 'queue' berhasil diupdate.
2025-09-17 11:03:20,245 - INFO - 1 data di 'queue' berhasil diupdate.
2025-09-17 11:05:15,265 - INFO - 1 data di 'queue' berhasil diupdate.
2025-09-17 11:07:10,277 - INFO - 1 data di 'queue' berhasil diupdate.
2025-09-17 11:09:05,282 - INFO - 1 data di 'queue' berhasil diupdate.
2025-09-17 11:11:00,293 - INFO - 1 data di 'queue' berhasil diupdate.
2025-09-17 11:12:55,299 - INFO - 1 data di 'queue' berhasil diupdate.
2025-09-17 11:14:50,315 - INFO - 1 data di 'queue' berhasil diupdate.
2025-09-17 11:16:45,333 - INFO - 1 data di 'queue' berhasil diupdate.
2025-09-17 11:18:40,341 - INFO - 1 data di 'queue' berhasil diupdate.
2025-09-17 11:20:35,349 - INFO - 1 data di 'queue' berhasil diupdate.
2025-09-17 11:22:30,368 - INFO - 1 data di 'queue' berhasil diupdate.
2025-09-17 11:24:25,375 - INFO - 1 data di 'queue' berhasil diupdate.
2025-09-17 11:26:20,387 - INFO - 1 data di 'queue' berhasil diupdate.
2025-09-17 11:28:15,402 - INFO - 1 data di 'queue' berhasil diupdate.
2025-09-17 11:30:10,405 - INFO - 1 data di 'queue' berhasil diupdate.
2025-09-17 11:32:05,409 - INFO - 1 data di 'queue' berhasil diupdate.
2025-09-17 11:34:00,426 - INFO - 1 data di 'queue' berhasil diupdate.
2025-09-17 11:35:55,439 - INFO - 1 data di 'queue' berhasil diupdate.
2025-09-17 11:37:50,454 - INFO - 1 data di 'queue' berhasil diupdate.
2025-09-17 11:39:45,462 - INFO - 1 data di 'queue' berhasil diupdate.
2025-09-17 11:41:40,469 - INFO - 1 data di 'queue' berhasil diupdate.
2025-09-17 11:43:35,477 - INFO - 1 data di 'queue' berhasil diupdate.
2025-09-17 11:45:30,486 - INFO - 1 data di 'queue' berhasil diupdate.
2025-09-17 11:47:25,500 - INFO - 1 data di 'queue' berhasil diupdate.
2025-09-17 11:49:20,507 - INFO - 1 data di 'queue' berhasil diupdate.
2025-09-17 11:51:15,523 - INFO - 1 data di 'queue' berhasil diupdate.
2025-09-17 11:53:10,536 - INFO - 1 data di 'queue' berhasil diupdate.
2025-09-17 11:55:05,543 - INFO - 1 data di 'queue' berhasil diupdate.
2025-09-17 11:57:00,562 - INFO - 1 data di 'queue' berhasil diupdate.
2025-09-17 11:58:55,578 - INFO - 1 data di 'queue' berhasil diupdate.
2025-09-17 12:00:50,598 - INFO - 1 data di 'queue' berhasil diupdate.
2025-09-17 12:02:45,615 - INFO - 1 data di 'queue' berhasil diupdate.
2025-09-17 12:04:40,624 - INFO - 1 data di 'queue' berhasil diupdate.
