2025-12-03 00:00:00,004 - INFO - [2025-12-03 00:00:00.004828] Collection 'requests' dihapus 0 dokumen.
2025-12-03 00:00:00,009 - INFO - [2025-12-03 00:00:00.009419] Collection 'responses' dihapus 0 dokumen.
2025-12-03 00:00:00,011 - INFO - [2025-12-03 00:00:00.011678] Collection 'system_status_res' dihapus 0 dokumen.
2025-12-03 00:00:00,014 - INFO - [2025-12-03 00:00:00.013970] Collection 'system_status_req' dihapus 0 dokumen.
2025-12-03 00:00:01,024 - INFO - [2025-12-03 00:00:01.024581] Collection 'requests' dihapus 0 dokumen.
2025-12-03 00:00:01,027 - INFO - [2025-12-03 00:00:01.027114] Collection 'responses' dihapus 0 dokumen.
2025-12-03 00:00:01,029 - INFO - [2025-12-03 00:00:01.029675] Collection 'system_status_res' dihapus 0 dokumen.
2025-12-03 00:00:01,033 - INFO - [2025-12-03 00:00:01.033145] Collection 'system_status_req' dihapus 0 dokumen.
2025-12-03 00:00:02,043 - INFO - [2025-12-03 00:00:02.043864] Collection 'requests' dihapus 0 dokumen.
2025-12-03 00:00:02,046 - INFO - [2025-12-03 00:00:02.046798] Collection 'responses' dihapus 0 dokumen.
2025-12-03 00:00:02,049 - INFO - [2025-12-03 00:00:02.049121] Collection 'system_status_res' dihapus 0 dokumen.
2025-12-03 00:00:02,051 - INFO - [2025-12-03 00:00:02.051437] Collection 'system_status_req' dihapus 0 dokumen.
2025-12-03 00:00:03,061 - INFO - [2025-12-03 00:00:03.061572] Collection 'requests' dihapus 0 dokumen.
2025-12-03 00:00:03,064 - INFO - [2025-12-03 00:00:03.063955] Collection 'responses' dihapus 0 dokumen.
2025-12-03 00:00:03,066 - INFO - [2025-12-03 00:00:03.066288] Collection 'system_status_res' dihapus 0 dokumen.
2025-12-03 00:00:03,068 - INFO - [2025-12-03 00:00:03.068629] Collection 'system_status_req' dihapus 0 dokumen.
2025-12-03 00:00:04,079 - INFO - [2025-12-03 00:00:04.079640] Collection 'requests' dihapus 0 dokumen.
2025-12-03 00:00:04,083 - INFO - [2025-12-03 00:00:04.083129] Collection 'responses' dihapus 0 dokumen.
2025-12-03 00:00:04,085 - INFO - [2025-12-03 00:00:04.085873] Collection 'system_status_res' dihapus 0 dokumen.
2025-12-03 00:00:04,089 - INFO - [2025-12-03 00:00:04.088957] Collection 'system_status_req' dihapus 0 dokumen.
2025-12-03 00:00:05,100 - INFO - [2025-12-03 00:00:05.099910] Collection 'requests' dihapus 0 dokumen.
2025-12-03 00:00:05,102 - INFO - [2025-12-03 00:00:05.102514] Collection 'responses' dihapus 0 dokumen.
2025-12-03 00:00:05,105 - INFO - [2025-12-03 00:00:05.104933] Collection 'system_status_res' dihapus 0 dokumen.
2025-12-03 00:00:05,107 - INFO - [2025-12-03 00:00:05.107363] Collection 'system_status_req' dihapus 0 dokumen.
2025-12-03 00:01:11,682 - INFO - 1 data di 'queue' berhasil diupdate.
2025-12-03 00:03:06,688 - INFO - 1 data di 'queue' berhasil diupdate.
2025-12-03 00:05:01,697 - INFO - 1 data di 'queue' berhasil diupdate.
2025-12-03 00:06:56,703 - INFO - 1 data di 'queue' berhasil diupdate.
2025-12-03 00:08:51,710 - INFO - 1 data di 'queue' berhasil diupdate.
2025-12-03 00:10:46,718 - INFO - 1 data di 'queue' berhasil diupdate.
2025-12-03 00:12:41,726 - INFO - 1 data di 'queue' berhasil diupdate.
2025-12-03 00:14:36,730 - INFO - 1 data di 'queue' berhasil diupdate.
2025-12-03 00:16:31,734 - INFO - 1 data di 'queue' berhasil diupdate.
2025-12-03 00:18:26,742 - INFO - 1 data di 'queue' berhasil diupdate.
2025-12-03 00:20:21,749 - INFO - 1 data di 'queue' berhasil diupdate.
2025-12-03 00:22:16,754 - INFO - 1 data di 'queue' berhasil diupdate.
2025-12-03 00:24:11,759 - INFO - 1 data di 'queue' berhasil diupdate.
2025-12-03 00:26:06,765 - INFO - 1 data di 'queue' berhasil diupdate.
2025-12-03 00:28:01,773 - INFO - 1 data di 'queue' berhasil diupdate.
2025-12-03 00:29:56,782 - INFO - 1 data di 'queue' berhasil diupdate.
2025-12-03 00:31:51,786 - INFO - 1 data di 'queue' berhasil diupdate.
2025-12-03 00:33:46,792 - INFO - 1 data di 'queue' berhasil diupdate.
2025-12-03 00:35:41,800 - INFO - 1 data di 'queue' berhasil diupdate.
2025-12-03 00:37:36,804 - INFO - 1 data di 'queue' berhasil diupdate.
2025-12-03 00:39:31,813 - INFO - 1 data di 'queue' berhasil diupdate.
2025-12-03 00:41:26,817 - INFO - 1 data di 'queue' berhasil diupdate.
2025-12-03 00:43:21,822 - INFO - 1 data di 'queue' berhasil diupdate.
2025-12-03 00:45:16,825 - INFO - 1 data di 'queue' berhasil diupdate.
2025-12-03 00:47:11,829 - INFO - 1 data di 'queue' berhasil diupdate.
2025-12-03 00:49:06,836 - INFO - 1 data di 'queue' berhasil diupdate.
2025-12-03 00:51:01,839 - INFO - 1 data di 'queue' berhasil diupdate.
2025-12-03 00:52:56,847 - INFO - 1 data di 'queue' berhasil diupdate.
2025-12-03 00:54:51,849 - INFO - 1 data di 'queue' berhasil diupdate.
2025-12-03 00:56:46,852 - INFO - 1 data di 'queue' berhasil diupdate.
2025-12-03 00:58:41,855 - INFO - 1 data di 'queue' berhasil diupdate.
2025-12-03 01:00:36,862 - INFO - 1 data di 'queue' berhasil diupdate.
2025-12-03 01:02:31,865 - INFO - 1 data di 'queue' berhasil diupdate.
2025-12-03 01:04:26,871 - INFO - 1 data di 'queue' berhasil diupdate.
2025-12-03 01:06:21,876 - INFO - 1 data di 'queue' berhasil diupdate.
2025-12-03 01:08:16,881 - INFO - 1 data di 'queue' berhasil diupdate.
2025-12-03 01:10:11,886 - INFO - 1 data di 'queue' berhasil diupdate.
2025-12-03 01:12:06,894 - INFO - 1 data di 'queue' berhasil diupdate.
2025-12-03 01:14:01,904 - INFO - 1 data di 'queue' berhasil diupdate.
2025-12-03 01:15:56,908 - INFO - 1 data di 'queue' berhasil diupdate.
2025-12-03 01:17:51,916 - INFO - 1 data di 'queue' berhasil diupdate.
2025-12-03 01:19:46,919 - INFO - 1 data di 'queue' berhasil diupdate.
2025-12-03 01:21:41,926 - INFO - 1 data di 'queue' berhasil diupdate.
2025-12-03 01:23:36,929 - INFO - 1 data di 'queue' berhasil diupdate.
2025-12-03 01:25:31,932 - INFO - 1 data di 'queue' berhasil diupdate.
2025-12-03 01:27:26,936 - INFO - 1 data di 'queue' berhasil diupdate.
2025-12-03 01:29:21,943 - INFO - 1 data di 'queue' berhasil diupdate.
2025-12-03 01:31:16,947 - INFO - 1 data di 'queue' berhasil diupdate.
2025-12-03 01:33:11,953 - INFO - 1 data di 'queue' berhasil diupdate.
2025-12-03 01:35:06,957 - INFO - 1 data di 'queue' berhasil diupdate.
2025-12-03 01:37:01,962 - INFO - 1 data di 'queue' berhasil diupdate.
2025-12-03 01:38:56,965 - INFO - 1 data di 'queue' berhasil diupdate.
2025-12-03 01:40:51,974 - INFO - 1 data di 'queue' berhasil diupdate.
2025-12-03 01:42:46,980 - INFO - 1 data di 'queue' berhasil diupdate.
2025-12-03 01:44:41,989 - INFO - 1 data di 'queue' berhasil diupdate.
2025-12-03 01:46:36,997 - INFO - 1 data di 'queue' berhasil diupdate.
2025-12-03 01:48:32,007 - INFO - 1 data di 'queue' berhasil diupdate.
2025-12-03 01:50:27,010 - INFO - 1 data di 'queue' berhasil diupdate.
2025-12-03 01:52:22,014 - INFO - 1 data di 'queue' berhasil diupdate.
2025-12-03 01:54:17,017 - INFO - 1 data di 'queue' berhasil diupdate.
2025-12-03 01:56:12,025 - INFO - 1 data di 'queue' berhasil diupdate.
2025-12-03 01:58:07,028 - INFO - 1 data di 'queue' berhasil diupdate.
2025-12-03 02:00:02,034 - INFO - 1 data di 'queue' berhasil diupdate.
2025-12-03 02:01:57,042 - INFO - 1 data di 'queue' berhasil diupdate.
2025-12-03 02:03:52,048 - INFO - 1 data di 'queue' berhasil diupdate.
2025-12-03 02:05:47,053 - INFO - 1 data di 'queue' berhasil diupdate.
2025-12-03 02:07:42,059 - INFO - 1 data di 'queue' berhasil diupdate.
2025-12-03 02:09:37,063 - INFO - 1 data di 'queue' berhasil diupdate.
2025-12-03 02:11:32,067 - INFO - 1 data di 'queue' berhasil diupdate.
2025-12-03 02:13:27,074 - INFO - 1 data di 'queue' berhasil diupdate.
2025-12-03 02:15:22,081 - INFO - 1 data di 'queue' berhasil diupdate.
2025-12-03 02:17:17,087 - INFO - 1 data di 'queue' berhasil diupdate.
2025-12-03 02:19:12,092 - INFO - 1 data di 'queue' berhasil diupdate.
2025-12-03 02:21:07,102 - INFO - 1 data di 'queue' berhasil diupdate.
2025-12-03 02:23:02,109 - INFO - 1 data di 'queue' berhasil diupdate.
2025-12-03 02:24:57,116 - INFO - 1 data di 'queue' berhasil diupdate.
2025-12-03 02:26:52,124 - INFO - 1 data di 'queue' berhasil diupdate.
2025-12-03 02:28:47,131 - INFO - 1 data di 'queue' berhasil diupdate.
2025-12-03 02:30:42,140 - INFO - 1 data di 'queue' berhasil diupdate.
2025-12-03 02:32:37,147 - INFO - 1 data di 'queue' berhasil diupdate.
2025-12-03 02:34:32,156 - INFO - 1 data di 'queue' berhasil diupdate.
2025-12-03 02:36:27,164 - INFO - 1 data di 'queue' berhasil diupdate.
2025-12-03 02:38:22,170 - INFO - 1 data di 'queue' berhasil diupdate.
2025-12-03 02:40:17,176 - INFO - 1 data di 'queue' berhasil diupdate.
2025-12-03 02:42:12,179 - INFO - 1 data di 'queue' berhasil diupdate.
2025-12-03 02:44:07,187 - INFO - 1 data di 'queue' berhasil diupdate.
2025-12-03 02:46:02,192 - INFO - 1 data di 'queue' berhasil diupdate.
2025-12-03 02:47:57,200 - INFO - 1 data di 'queue' berhasil diupdate.
2025-12-03 02:49:52,208 - INFO - 1 data di 'queue' berhasil diupdate.
2025-12-03 02:51:47,212 - INFO - 1 data di 'queue' berhasil diupdate.
2025-12-03 02:53:42,215 - INFO - 1 data di 'queue' berhasil diupdate.
2025-12-03 02:55:37,221 - INFO - 1 data di 'queue' berhasil diupdate.
2025-12-03 02:57:32,226 - INFO - 1 data di 'queue' berhasil diupdate.
2025-12-03 02:59:27,229 - INFO - 1 data di 'queue' berhasil diupdate.
2025-12-03 03:01:22,234 - INFO - 1 data di 'queue' berhasil diupdate.
2025-12-03 03:03:17,237 - INFO - 1 data di 'queue' berhasil diupdate.
2025-12-03 03:05:12,244 - INFO - 1 data di 'queue' berhasil diupdate.
2025-12-03 03:07:07,251 - INFO - 1 data di 'queue' berhasil diupdate.
2025-12-03 03:09:02,257 - INFO - 1 data di 'queue' berhasil diupdate.
2025-12-03 03:10:57,262 - INFO - 1 data di 'queue' berhasil diupdate.
2025-12-03 03:12:52,266 - INFO - 1 data di 'queue' berhasil diupdate.
2025-12-03 03:14:47,270 - INFO - 1 data di 'queue' berhasil diupdate.
2025-12-03 03:16:42,278 - INFO - 1 data di 'queue' berhasil diupdate.
2025-12-03 03:18:37,284 - INFO - 1 data di 'queue' berhasil diupdate.
2025-12-03 03:20:32,290 - INFO - 1 data di 'queue' berhasil diupdate.
2025-12-03 03:22:27,299 - INFO - 1 data di 'queue' berhasil diupdate.
2025-12-03 03:24:22,304 - INFO - 1 data di 'queue' berhasil diupdate.
2025-12-03 03:26:17,310 - INFO - 1 data di 'queue' berhasil diupdate.
2025-12-03 03:28:12,316 - INFO - 1 data di 'queue' berhasil diupdate.
2025-12-03 03:30:07,319 - INFO - 1 data di 'queue' berhasil diupdate.
2025-12-03 03:32:02,322 - INFO - 1 data di 'queue' berhasil diupdate.
2025-12-03 03:33:57,332 - INFO - 1 data di 'queue' berhasil diupdate.
2025-12-03 03:35:52,338 - INFO - 1 data di 'queue' berhasil diupdate.
2025-12-03 03:37:47,342 - INFO - 1 data di 'queue' berhasil diupdate.
2025-12-03 03:39:42,348 - INFO - 1 data di 'queue' berhasil diupdate.
2025-12-03 03:41:37,356 - INFO - 1 data di 'queue' berhasil diupdate.
2025-12-03 03:43:32,360 - INFO - 1 data di 'queue' berhasil diupdate.
2025-12-03 03:45:27,363 - INFO - 1 data di 'queue' berhasil diupdate.
2025-12-03 03:47:22,368 - INFO - 1 data di 'queue' berhasil diupdate.
2025-12-03 03:49:17,372 - INFO - 1 data di 'queue' berhasil diupdate.
2025-12-03 03:51:12,375 - INFO - 1 data di 'queue' berhasil diupdate.
2025-12-03 03:53:07,379 - INFO - 1 data di 'queue' berhasil diupdate.
2025-12-03 03:55:02,385 - INFO - 1 data di 'queue' berhasil diupdate.
2025-12-03 03:56:57,389 - INFO - 1 data di 'queue' berhasil diupdate.
2025-12-03 03:58:52,397 - INFO - 1 data di 'queue' berhasil diupdate.
2025-12-03 04:00:47,404 - INFO - 1 data di 'queue' berhasil diupdate.
2025-12-03 04:02:42,408 - INFO - 1 data di 'queue' berhasil diupdate.
2025-12-03 04:04:37,414 - INFO - 1 data di 'queue' berhasil diupdate.
2025-12-03 04:06:32,418 - INFO - 1 data di 'queue' berhasil diupdate.
2025-12-03 04:08:27,421 - INFO - 1 data di 'queue' berhasil diupdate.
2025-12-03 04:10:22,427 - INFO - 1 data di 'queue' berhasil diupdate.
2025-12-03 04:12:17,431 - INFO - 1 data di 'queue' berhasil diupdate.
2025-12-03 04:14:12,438 - INFO - 1 data di 'queue' berhasil diupdate.
2025-12-03 04:16:07,442 - INFO - 1 data di 'queue' berhasil diupdate.
2025-12-03 04:18:02,450 - INFO - 1 data di 'queue' berhasil diupdate.
2025-12-03 04:19:57,454 - INFO - 1 data di 'queue' berhasil diupdate.
2025-12-03 04:21:52,457 - INFO - 1 data di 'queue' berhasil diupdate.
2025-12-03 04:23:47,463 - INFO - 1 data di 'queue' berhasil diupdate.
2025-12-03 04:25:42,469 - INFO - 1 data di 'queue' berhasil diupdate.
2025-12-03 04:27:37,473 - INFO - 1 data di 'queue' berhasil diupdate.
2025-12-03 04:29:32,479 - INFO - 1 data di 'queue' berhasil diupdate.
2025-12-03 04:31:27,483 - INFO - 1 data di 'queue' berhasil diupdate.
2025-12-03 04:33:22,489 - INFO - 1 data di 'queue' berhasil diupdate.
2025-12-03 04:35:17,495 - INFO - 1 data di 'queue' berhasil diupdate.
2025-12-03 04:37:12,499 - INFO - 1 data di 'queue' berhasil diupdate.
2025-12-03 04:39:07,507 - INFO - 1 data di 'queue' berhasil diupdate.
2025-12-03 04:41:02,515 - INFO - 1 data di 'queue' berhasil diupdate.
2025-12-03 04:42:57,521 - INFO - 1 data di 'queue' berhasil diupdate.
2025-12-03 04:44:52,528 - INFO - 1 data di 'queue' berhasil diupdate.
2025-12-03 04:46:47,533 - INFO - 1 data di 'queue' berhasil diupdate.
2025-12-03 04:48:42,540 - INFO - 1 data di 'queue' berhasil diupdate.
2025-12-03 04:50:37,549 - INFO - 1 data di 'queue' berhasil diupdate.
2025-12-03 04:52:32,552 - INFO - 1 data di 'queue' berhasil diupdate.
2025-12-03 04:54:27,563 - INFO - 1 data di 'queue' berhasil diupdate.
2025-12-03 04:56:22,568 - INFO - 1 data di 'queue' berhasil diupdate.
2025-12-03 04:58:17,576 - INFO - 1 data di 'queue' berhasil diupdate.
2025-12-03 05:00:12,581 - INFO - 1 data di 'queue' berhasil diupdate.
2025-12-03 05:02:07,588 - INFO - 1 data di 'queue' berhasil diupdate.
2025-12-03 05:04:02,593 - INFO - 1 data di 'queue' berhasil diupdate.
2025-12-03 05:05:57,597 - INFO - 1 data di 'queue' berhasil diupdate.
2025-12-03 05:07:52,602 - INFO - 1 data di 'queue' berhasil diupdate.
2025-12-03 05:09:47,608 - INFO - 1 data di 'queue' berhasil diupdate.
2025-12-03 05:11:42,616 - INFO - 1 data di 'queue' berhasil diupdate.
2025-12-03 05:13:37,621 - INFO - 1 data di 'queue' berhasil diupdate.
2025-12-03 05:15:32,628 - INFO - 1 data di 'queue' berhasil diupdate.
2025-12-03 05:17:27,636 - INFO - 1 data di 'queue' berhasil diupdate.
2025-12-03 05:19:22,642 - INFO - 1 data di 'queue' berhasil diupdate.
2025-12-03 05:21:17,645 - INFO - 1 data di 'queue' berhasil diupdate.
2025-12-03 05:23:12,653 - INFO - 1 data di 'queue' berhasil diupdate.
2025-12-03 05:25:07,659 - INFO - 1 data di 'queue' berhasil diupdate.
2025-12-03 05:27:02,662 - INFO - 1 data di 'queue' berhasil diupdate.
2025-12-03 05:28:57,674 - INFO - 1 data di 'queue' berhasil diupdate.
2025-12-03 05:30:52,679 - INFO - 1 data di 'queue' berhasil diupdate.
2025-12-03 05:32:47,687 - INFO - 1 data di 'queue' berhasil diupdate.
2025-12-03 05:34:42,692 - INFO - 1 data di 'queue' berhasil diupdate.
2025-12-03 05:36:37,701 - INFO - 1 data di 'queue' berhasil diupdate.
2025-12-03 05:38:32,706 - INFO - 1 data di 'queue' berhasil diupdate.
2025-12-03 05:40:27,711 - INFO - 1 data di 'queue' berhasil diupdate.
2025-12-03 05:42:22,720 - INFO - 1 data di 'queue' berhasil diupdate.
2025-12-03 05:44:17,728 - INFO - 1 data di 'queue' berhasil diupdate.
2025-12-03 05:46:12,733 - INFO - 1 data di 'queue' berhasil diupdate.
2025-12-03 05:48:07,738 - INFO - 1 data di 'queue' berhasil diupdate.
2025-12-03 05:50:02,744 - INFO - 1 data di 'queue' berhasil diupdate.
2025-12-03 05:51:57,750 - INFO - 1 data di 'queue' berhasil diupdate.
2025-12-03 05:53:52,757 - INFO - 1 data di 'queue' berhasil diupdate.
2025-12-03 05:55:47,765 - INFO - 1 data di 'queue' berhasil diupdate.
2025-12-03 05:57:42,771 - INFO - 1 data di 'queue' berhasil diupdate.
2025-12-03 05:59:37,774 - INFO - 1 data di 'queue' berhasil diupdate.
2025-12-03 06:01:32,780 - INFO - 1 data di 'queue' berhasil diupdate.
2025-12-03 06:03:27,786 - INFO - 1 data di 'queue' berhasil diupdate.
2025-12-03 06:05:22,792 - INFO - 1 data di 'queue' berhasil diupdate.
2025-12-03 06:07:17,795 - INFO - 1 data di 'queue' berhasil diupdate.
2025-12-03 06:09:12,803 - INFO - 1 data di 'queue' berhasil diupdate.
2025-12-03 06:11:07,809 - INFO - 1 data di 'queue' berhasil diupdate.
2025-12-03 06:13:02,814 - INFO - 1 data di 'queue' berhasil diupdate.
2025-12-03 06:14:57,821 - INFO - 1 data di 'queue' berhasil diupdate.
2025-12-03 06:16:52,825 - INFO - 1 data di 'queue' berhasil diupdate.
2025-12-03 06:18:47,830 - INFO - 1 data di 'queue' berhasil diupdate.
2025-12-03 06:20:42,836 - INFO - 1 data di 'queue' berhasil diupdate.
2025-12-03 06:22:37,844 - INFO - 1 data di 'queue' berhasil diupdate.
2025-12-03 06:24:32,851 - INFO - 1 data di 'queue' berhasil diupdate.
2025-12-03 06:26:27,853 - INFO - 1 data di 'queue' berhasil diupdate.
2025-12-03 06:28:22,859 - INFO - 1 data di 'queue' berhasil diupdate.
2025-12-03 06:30:17,868 - INFO - 1 data di 'queue' berhasil diupdate.
2025-12-03 06:32:12,876 - INFO - 1 data di 'queue' berhasil diupdate.
2025-12-03 06:34:07,885 - INFO - 1 data di 'queue' berhasil diupdate.
2025-12-03 06:36:02,891 - INFO - 1 data di 'queue' berhasil diupdate.
2025-12-03 06:37:57,899 - INFO - 1 data di 'queue' berhasil diupdate.
2025-12-03 06:39:52,907 - INFO - 1 data di 'queue' berhasil diupdate.
2025-12-03 06:41:47,909 - INFO - 1 data di 'queue' berhasil diupdate.
2025-12-03 06:43:42,919 - INFO - 1 data di 'queue' berhasil diupdate.
2025-12-03 06:45:37,926 - INFO - 1 data di 'queue' berhasil diupdate.
2025-12-03 06:47:32,932 - INFO - 1 data di 'queue' berhasil diupdate.
2025-12-03 06:49:27,936 - INFO - 1 data di 'queue' berhasil diupdate.
2025-12-03 06:51:22,942 - INFO - 1 data di 'queue' berhasil diupdate.
2025-12-03 06:53:17,949 - INFO - 1 data di 'queue' berhasil diupdate.
2025-12-03 06:55:12,956 - INFO - 1 data di 'queue' berhasil diupdate.
2025-12-03 06:57:07,964 - INFO - 1 data di 'queue' berhasil diupdate.
2025-12-03 06:59:02,968 - INFO - 1 data di 'queue' berhasil diupdate.
2025-12-03 07:00:57,975 - INFO - 1 data di 'queue' berhasil diupdate.
2025-12-03 07:02:52,980 - INFO - 1 data di 'queue' berhasil diupdate.
2025-12-03 07:04:47,987 - INFO - 1 data di 'queue' berhasil diupdate.
2025-12-03 07:06:42,992 - INFO - 1 data di 'queue' berhasil diupdate.
2025-12-03 07:08:38,001 - INFO - 1 data di 'queue' berhasil diupdate.
2025-12-03 07:10:33,007 - INFO - 1 data di 'queue' berhasil diupdate.
2025-12-03 07:12:28,012 - INFO - 1 data di 'queue' berhasil diupdate.
2025-12-03 07:14:23,018 - INFO - 1 data di 'queue' berhasil diupdate.
2025-12-03 07:16:18,022 - INFO - 1 data di 'queue' berhasil diupdate.
2025-12-03 07:18:13,028 - INFO - 1 data di 'queue' berhasil diupdate.
2025-12-03 07:20:08,034 - INFO - 1 data di 'queue' berhasil diupdate.
2025-12-03 07:22:03,044 - INFO - 1 data di 'queue' berhasil diupdate.
2025-12-03 07:23:58,050 - INFO - 1 data di 'queue' berhasil diupdate.
2025-12-03 07:25:53,056 - INFO - 1 data di 'queue' berhasil diupdate.
2025-12-03 07:27:48,067 - INFO - 1 data di 'queue' berhasil diupdate.
2025-12-03 07:29:43,073 - INFO - 1 data di 'queue' berhasil diupdate.
2025-12-03 07:31:38,078 - INFO - 1 data di 'queue' berhasil diupdate.
2025-12-03 07:33:33,083 - INFO - 1 data di 'queue' berhasil diupdate.
2025-12-03 07:35:28,086 - INFO - 1 data di 'queue' berhasil diupdate.
2025-12-03 07:37:23,094 - INFO - 1 data di 'queue' berhasil diupdate.
2025-12-03 07:39:18,097 - INFO - 1 data di 'queue' berhasil diupdate.
2025-12-03 07:41:13,102 - INFO - 1 data di 'queue' berhasil diupdate.
2025-12-03 07:43:08,110 - INFO - 1 data di 'queue' berhasil diupdate.
2025-12-03 07:45:03,115 - INFO - 1 data di 'queue' berhasil diupdate.
2025-12-03 07:46:58,122 - INFO - 1 data di 'queue' berhasil diupdate.
2025-12-03 07:48:53,130 - INFO - 1 data di 'queue' berhasil diupdate.
2025-12-03 07:50:48,134 - INFO - 1 data di 'queue' berhasil diupdate.
2025-12-03 07:52:43,139 - INFO - 1 data di 'queue' berhasil diupdate.
2025-12-03 07:54:38,143 - INFO - 1 data di 'queue' berhasil diupdate.
2025-12-03 07:56:33,149 - INFO - 1 data di 'queue' berhasil diupdate.
2025-12-03 07:58:28,156 - INFO - 1 data di 'queue' berhasil diupdate.
2025-12-03 08:00:23,159 - INFO - 1 data di 'queue' berhasil diupdate.
2025-12-03 08:02:18,163 - INFO - 1 data di 'queue' berhasil diupdate.
2025-12-03 08:04:13,173 - INFO - 1 data di 'queue' berhasil diupdate.
2025-12-03 08:06:08,178 - INFO - 1 data di 'queue' berhasil diupdate.
2025-12-03 08:08:03,185 - INFO - 1 data di 'queue' berhasil diupdate.
2025-12-03 08:09:58,193 - INFO - 1 data di 'queue' berhasil diupdate.
2025-12-03 08:11:53,198 - INFO - 1 data di 'queue' berhasil diupdate.
2025-12-03 08:13:48,207 - INFO - 1 data di 'queue' berhasil diupdate.
2025-12-03 08:15:43,212 - INFO - 1 data di 'queue' berhasil diupdate.
2025-12-03 08:17:38,219 - INFO - 1 data di 'queue' berhasil diupdate.
2025-12-03 08:19:33,227 - INFO - 1 data di 'queue' berhasil diupdate.
2025-12-03 08:21:28,231 - INFO - 1 data di 'queue' berhasil diupdate.
2025-12-03 08:23:23,235 - INFO - 1 data di 'queue' berhasil diupdate.
2025-12-03 08:25:18,241 - INFO - 1 data di 'queue' berhasil diupdate.
2025-12-03 08:27:13,246 - INFO - 1 data di 'queue' berhasil diupdate.
2025-12-03 08:29:08,252 - INFO - 1 data di 'queue' berhasil diupdate.
2025-12-03 08:31:03,255 - INFO - 1 data di 'queue' berhasil diupdate.
2025-12-03 08:32:58,260 - INFO - 1 data di 'queue' berhasil diupdate.
2025-12-03 08:34:53,267 - INFO - 1 data di 'queue' berhasil diupdate.
2025-12-03 08:36:48,272 - INFO - 1 data di 'queue' berhasil diupdate.
2025-12-03 08:38:43,278 - INFO - 1 data di 'queue' berhasil diupdate.
2025-12-03 08:40:38,287 - INFO - 1 data di 'queue' berhasil diupdate.
2025-12-03 08:42:33,290 - INFO - 1 data di 'queue' berhasil diupdate.
2025-12-03 08:44:28,298 - INFO - 1 data di 'queue' berhasil diupdate.
2025-12-03 08:46:23,306 - INFO - 1 data di 'queue' berhasil diupdate.
2025-12-03 08:48:18,314 - INFO - 1 data di 'queue' berhasil diupdate.
2025-12-03 08:50:13,317 - INFO - 1 data di 'queue' berhasil diupdate.
2025-12-03 08:52:08,323 - INFO - 1 data di 'queue' berhasil diupdate.
2025-12-03 08:54:03,326 - INFO - 1 data di 'queue' berhasil diupdate.
2025-12-03 08:55:58,331 - INFO - 1 data di 'queue' berhasil diupdate.
2025-12-03 08:57:53,336 - INFO - 1 data di 'queue' berhasil diupdate.
2025-12-03 08:59:48,340 - INFO - 1 data di 'queue' berhasil diupdate.
2025-12-03 09:01:43,349 - INFO - 1 data di 'queue' berhasil diupdate.
2025-12-03 09:03:38,356 - INFO - 1 data di 'queue' berhasil diupdate.
2025-12-03 09:05:33,365 - INFO - 1 data di 'queue' berhasil diupdate.
2025-12-03 09:07:28,374 - INFO - 1 data di 'queue' berhasil diupdate.
2025-12-03 09:09:23,380 - INFO - 1 data di 'queue' berhasil diupdate.
2025-12-03 09:11:18,387 - INFO - 1 data di 'queue' berhasil diupdate.
2025-12-03 09:13:13,392 - INFO - 1 data di 'queue' berhasil diupdate.
2025-12-03 09:15:08,395 - INFO - 1 data di 'queue' berhasil diupdate.
2025-12-03 09:17:03,398 - INFO - 1 data di 'queue' berhasil diupdate.
2025-12-03 09:18:58,401 - INFO - 1 data di 'queue' berhasil diupdate.
2025-12-03 09:20:53,409 - INFO - 1 data di 'queue' berhasil diupdate.
2025-12-03 09:22:48,418 - INFO - 1 data di 'queue' berhasil diupdate.
2025-12-03 09:24:43,425 - INFO - 1 data di 'queue' berhasil diupdate.
2025-12-03 09:26:38,429 - INFO - 1 data di 'queue' berhasil diupdate.
2025-12-03 09:28:33,433 - INFO - 1 data di 'queue' berhasil diupdate.
2025-12-03 09:30:28,439 - INFO - 1 data di 'queue' berhasil diupdate.
2025-12-03 09:32:23,446 - INFO - 1 data di 'queue' berhasil diupdate.
2025-12-03 09:34:18,452 - INFO - 1 data di 'queue' berhasil diupdate.
2025-12-03 09:36:13,461 - INFO - 1 data di 'queue' berhasil diupdate.
2025-12-03 09:38:08,468 - INFO - 1 data di 'queue' berhasil diupdate.
2025-12-03 09:40:03,474 - INFO - 1 data di 'queue' berhasil diupdate.
2025-12-03 09:41:58,480 - INFO - 1 data di 'queue' berhasil diupdate.
2025-12-03 09:43:53,486 - INFO - 1 data di 'queue' berhasil diupdate.
2025-12-03 09:45:48,492 - INFO - 1 data di 'queue' berhasil diupdate.
2025-12-03 09:47:43,499 - INFO - 1 data di 'queue' berhasil diupdate.
2025-12-03 09:49:38,503 - INFO - 1 data di 'queue' berhasil diupdate.
2025-12-03 09:51:33,507 - INFO - 1 data di 'queue' berhasil diupdate.
2025-12-03 09:53:28,510 - INFO - 1 data di 'queue' berhasil diupdate.
2025-12-03 09:55:23,519 - INFO - 1 data di 'queue' berhasil diupdate.
2025-12-03 09:57:18,525 - INFO - 1 data di 'queue' berhasil diupdate.
2025-12-03 09:59:13,532 - INFO - 1 data di 'queue' berhasil diupdate.
2025-12-03 10:01:08,538 - INFO - 1 data di 'queue' berhasil diupdate.
2025-12-03 10:03:03,544 - INFO - 1 data di 'queue' berhasil diupdate.
2025-12-03 10:04:58,548 - INFO - 1 data di 'queue' berhasil diupdate.
2025-12-03 10:06:53,557 - INFO - 1 data di 'queue' berhasil diupdate.
2025-12-03 10:08:48,562 - INFO - 1 data di 'queue' berhasil diupdate.
2025-12-03 10:10:43,571 - INFO - 1 data di 'queue' berhasil diupdate.
2025-12-03 10:12:38,577 - INFO - 1 data di 'queue' berhasil diupdate.
2025-12-03 10:14:33,583 - INFO - 1 data di 'queue' berhasil diupdate.
2025-12-03 10:16:28,591 - INFO - 1 data di 'queue' berhasil diupdate.
2025-12-03 10:18:23,597 - INFO - 1 data di 'queue' berhasil diupdate.
2025-12-03 10:20:18,606 - INFO - 1 data di 'queue' berhasil diupdate.
2025-12-03 10:22:13,614 - INFO - 1 data di 'queue' berhasil diupdate.
2025-12-03 10:24:08,624 - INFO - 1 data di 'queue' berhasil diupdate.
2025-12-03 10:26:03,631 - INFO - 1 data di 'queue' berhasil diupdate.
2025-12-03 10:27:58,639 - INFO - 1 data di 'queue' berhasil diupdate.
2025-12-03 10:29:53,644 - INFO - 1 data di 'queue' berhasil diupdate.
2025-12-03 10:31:48,650 - INFO - 1 data di 'queue' berhasil diupdate.
2025-12-03 10:33:43,656 - INFO - 1 data di 'queue' berhasil diupdate.
2025-12-03 10:35:38,663 - INFO - 1 data di 'queue' berhasil diupdate.
2025-12-03 10:37:33,668 - INFO - 1 data di 'queue' berhasil diupdate.
2025-12-03 10:39:28,674 - INFO - 1 data di 'queue' berhasil diupdate.
2025-12-03 10:41:23,678 - INFO - 1 data di 'queue' berhasil diupdate.
2025-12-03 10:43:18,683 - INFO - 1 data di 'queue' berhasil diupdate.
2025-12-03 10:45:13,687 - INFO - 1 data di 'queue' berhasil diupdate.
2025-12-03 10:47:08,691 - INFO - 1 data di 'queue' berhasil diupdate.
2025-12-03 10:49:03,695 - INFO - 1 data di 'queue' berhasil diupdate.
2025-12-03 10:50:58,699 - INFO - 1 data di 'queue' berhasil diupdate.
2025-12-03 10:52:53,706 - INFO - 1 data di 'queue' berhasil diupdate.
2025-12-03 10:54:48,710 - INFO - 1 data di 'queue' berhasil diupdate.
2025-12-03 10:56:43,714 - INFO - 1 data di 'queue' berhasil diupdate.
2025-12-03 10:58:38,722 - INFO - 1 data di 'queue' berhasil diupdate.
2025-12-03 11:00:33,730 - INFO - 1 data di 'queue' berhasil diupdate.
2025-12-03 11:02:28,734 - INFO - 1 data di 'queue' berhasil diupdate.
2025-12-03 11:04:23,738 - INFO - 1 data di 'queue' berhasil diupdate.
2025-12-03 11:06:18,747 - INFO - 1 data di 'queue' berhasil diupdate.
2025-12-03 11:08:13,753 - INFO - 1 data di 'queue' berhasil diupdate.
2025-12-03 11:10:08,756 - INFO - 1 data di 'queue' berhasil diupdate.
2025-12-03 11:12:03,764 - INFO - 1 data di 'queue' berhasil diupdate.
2025-12-03 11:13:58,771 - INFO - 1 data di 'queue' berhasil diupdate.
2025-12-03 11:15:53,778 - INFO - 1 data di 'queue' berhasil diupdate.
2025-12-03 11:17:48,781 - INFO - 1 data di 'queue' berhasil diupdate.
2025-12-03 11:19:43,785 - INFO - 1 data di 'queue' berhasil diupdate.
2025-12-03 11:21:38,788 - INFO - 1 data di 'queue' berhasil diupdate.
2025-12-03 11:23:33,799 - INFO - 1 data di 'queue' berhasil diupdate.
2025-12-03 11:25:28,806 - INFO - 1 data di 'queue' berhasil diupdate.
2025-12-03 11:27:23,814 - INFO - 1 data di 'queue' berhasil diupdate.
2025-12-03 11:29:18,819 - INFO - 1 data di 'queue' berhasil diupdate.
2025-12-03 11:31:13,824 - INFO - 1 data di 'queue' berhasil diupdate.
2025-12-03 11:33:08,833 - INFO - 1 data di 'queue' berhasil diupdate.
2025-12-03 11:35:03,838 - INFO - 1 data di 'queue' berhasil diupdate.
2025-12-03 11:36:58,847 - INFO - 1 data di 'queue' berhasil diupdate.
2025-12-03 11:38:53,856 - INFO - 1 data di 'queue' berhasil diupdate.
2025-12-03 11:40:48,863 - INFO - 1 data di 'queue' berhasil diupdate.
2025-12-03 11:42:43,871 - INFO - 1 data di 'queue' berhasil diupdate.
2025-12-03 11:44:38,880 - INFO - 1 data di 'queue' berhasil diupdate.
2025-12-03 11:46:33,889 - INFO - 1 data di 'queue' berhasil diupdate.
2025-12-03 11:48:28,892 - INFO - 1 data di 'queue' berhasil diupdate.
2025-12-03 11:50:23,900 - INFO - 1 data di 'queue' berhasil diupdate.
2025-12-03 11:52:18,904 - INFO - 1 data di 'queue' berhasil diupdate.
2025-12-03 11:54:13,912 - INFO - 1 data di 'queue' berhasil diupdate.
2025-12-03 11:56:08,918 - INFO - 1 data di 'queue' berhasil diupdate.
2025-12-03 11:58:03,924 - INFO - 1 data di 'queue' berhasil diupdate.
2025-12-03 11:59:58,930 - INFO - 1 data di 'queue' berhasil diupdate.
2025-12-03 12:01:53,939 - INFO - 1 data di 'queue' berhasil diupdate.
2025-12-03 12:03:48,942 - INFO - 1 data di 'queue' berhasil diupdate.
2025-12-03 12:05:43,946 - INFO - 1 data di 'queue' berhasil diupdate.
2025-12-03 12:07:38,950 - INFO - 1 data di 'queue' berhasil diupdate.
2025-12-03 12:09:33,953 - INFO - 1 data di 'queue' berhasil diupdate.
2025-12-03 12:11:28,957 - INFO - 1 data di 'queue' berhasil diupdate.
2025-12-03 12:13:23,961 - INFO - 1 data di 'queue' berhasil diupdate.
2025-12-03 12:15:18,970 - INFO - 1 data di 'queue' berhasil diupdate.
2025-12-03 12:17:13,974 - INFO - 1 data di 'queue' berhasil diupdate.
2025-12-03 12:19:08,982 - INFO - 1 data di 'queue' berhasil diupdate.
