2025-10-03 00:00:00,008 - INFO - [2025-10-03 00:00:00.008678] Collection 'requests' dihapus 0 dokumen.
2025-10-03 00:00:00,013 - INFO - [2025-10-03 00:00:00.013722] Collection 'responses' dihapus 0 dokumen.
2025-10-03 00:00:00,021 - INFO - [2025-10-03 00:00:00.021134] Collection 'system_status_res' dihapus 0 dokumen.
2025-10-03 00:00:00,024 - INFO - [2025-10-03 00:00:00.024010] Collection 'system_status_req' dihapus 0 dokumen.
2025-10-03 00:00:01,041 - INFO - [2025-10-03 00:00:01.041702] Collection 'requests' dihapus 0 dokumen.
2025-10-03 00:00:01,043 - INFO - [2025-10-03 00:00:01.043824] Collection 'responses' dihapus 0 dokumen.
2025-10-03 00:00:01,045 - INFO - [2025-10-03 00:00:01.045607] Collection 'system_status_res' dihapus 0 dokumen.
2025-10-03 00:00:01,047 - INFO - [2025-10-03 00:00:01.047552] Collection 'system_status_req' dihapus 0 dokumen.
2025-10-03 00:00:02,066 - INFO - [2025-10-03 00:00:02.066355] Collection 'requests' dihapus 0 dokumen.
2025-10-03 00:00:02,068 - INFO - [2025-10-03 00:00:02.068284] Collection 'responses' dihapus 0 dokumen.
2025-10-03 00:00:02,070 - INFO - [2025-10-03 00:00:02.070375] Collection 'system_status_res' dihapus 0 dokumen.
2025-10-03 00:00:02,072 - INFO - [2025-10-03 00:00:02.072737] Collection 'system_status_req' dihapus 0 dokumen.
2025-10-03 00:00:03,091 - INFO - [2025-10-03 00:00:03.091344] Collection 'requests' dihapus 0 dokumen.
2025-10-03 00:00:03,094 - INFO - [2025-10-03 00:00:03.094148] Collection 'responses' dihapus 0 dokumen.
2025-10-03 00:00:03,096 - INFO - [2025-10-03 00:00:03.096378] Collection 'system_status_res' dihapus 0 dokumen.
2025-10-03 00:00:03,098 - INFO - [2025-10-03 00:00:03.098546] Collection 'system_status_req' dihapus 0 dokumen.
2025-10-03 00:00:04,116 - INFO - [2025-10-03 00:00:04.116773] Collection 'requests' dihapus 0 dokumen.
2025-10-03 00:00:04,118 - INFO - [2025-10-03 00:00:04.118700] Collection 'responses' dihapus 0 dokumen.
2025-10-03 00:00:04,120 - INFO - [2025-10-03 00:00:04.120557] Collection 'system_status_res' dihapus 0 dokumen.
2025-10-03 00:00:04,122 - INFO - [2025-10-03 00:00:04.122577] Collection 'system_status_req' dihapus 0 dokumen.
2025-10-03 00:00:05,140 - INFO - [2025-10-03 00:00:05.140446] Collection 'requests' dihapus 0 dokumen.
2025-10-03 00:00:05,142 - INFO - [2025-10-03 00:00:05.142795] Collection 'responses' dihapus 0 dokumen.
2025-10-03 00:00:05,144 - INFO - [2025-10-03 00:00:05.144855] Collection 'system_status_res' dihapus 0 dokumen.
2025-10-03 00:00:05,147 - INFO - [2025-10-03 00:00:05.147121] Collection 'system_status_req' dihapus 0 dokumen.
2025-10-03 00:01:14,226 - INFO - 1 data di 'queue' berhasil diupdate.
2025-10-03 00:03:09,242 - INFO - 1 data di 'queue' berhasil diupdate.
2025-10-03 00:05:04,247 - INFO - 1 data di 'queue' berhasil diupdate.
2025-10-03 00:06:59,252 - INFO - 1 data di 'queue' berhasil diupdate.
2025-10-03 00:08:54,268 - INFO - 1 data di 'queue' berhasil diupdate.
2025-10-03 00:10:49,286 - INFO - 1 data di 'queue' berhasil diupdate.
2025-10-03 00:12:44,301 - INFO - 1 data di 'queue' berhasil diupdate.
2025-10-03 00:14:39,312 - INFO - 1 data di 'queue' berhasil diupdate.
2025-10-03 00:16:34,320 - INFO - 1 data di 'queue' berhasil diupdate.
2025-10-03 00:18:29,331 - INFO - 1 data di 'queue' berhasil diupdate.
2025-10-03 00:20:24,346 - INFO - 1 data di 'queue' berhasil diupdate.
2025-10-03 00:22:19,360 - INFO - 1 data di 'queue' berhasil diupdate.
2025-10-03 00:24:14,379 - INFO - 1 data di 'queue' berhasil diupdate.
2025-10-03 00:26:09,384 - INFO - 1 data di 'queue' berhasil diupdate.
2025-10-03 00:28:04,388 - INFO - 1 data di 'queue' berhasil diupdate.
2025-10-03 00:29:59,394 - INFO - 1 data di 'queue' berhasil diupdate.
2025-10-03 00:31:54,398 - INFO - 1 data di 'queue' berhasil diupdate.
2025-10-03 00:33:49,412 - INFO - 1 data di 'queue' berhasil diupdate.
2025-10-03 00:35:44,416 - INFO - 1 data di 'queue' berhasil diupdate.
2025-10-03 00:37:39,429 - INFO - 1 data di 'queue' berhasil diupdate.
2025-10-03 00:39:34,433 - INFO - 1 data di 'queue' berhasil diupdate.
2025-10-03 00:41:29,439 - INFO - 1 data di 'queue' berhasil diupdate.
2025-10-03 00:43:24,455 - INFO - 1 data di 'queue' berhasil diupdate.
2025-10-03 00:45:19,461 - INFO - 1 data di 'queue' berhasil diupdate.
2025-10-03 00:47:14,466 - INFO - 1 data di 'queue' berhasil diupdate.
2025-10-03 00:49:09,474 - INFO - 1 data di 'queue' berhasil diupdate.
2025-10-03 00:51:04,487 - INFO - 1 data di 'queue' berhasil diupdate.
2025-10-03 00:52:59,507 - INFO - 1 data di 'queue' berhasil diupdate.
2025-10-03 00:54:54,520 - INFO - 1 data di 'queue' berhasil diupdate.
2025-10-03 00:56:49,523 - INFO - 1 data di 'queue' berhasil diupdate.
2025-10-03 00:58:44,530 - INFO - 1 data di 'queue' berhasil diupdate.
2025-10-03 01:00:39,542 - INFO - 1 data di 'queue' berhasil diupdate.
2025-10-03 01:02:34,561 - INFO - 1 data di 'queue' berhasil diupdate.
2025-10-03 01:04:29,579 - INFO - 1 data di 'queue' berhasil diupdate.
2025-10-03 01:06:24,596 - INFO - 1 data di 'queue' berhasil diupdate.
2025-10-03 01:08:19,601 - INFO - 1 data di 'queue' berhasil diupdate.
2025-10-03 01:10:14,616 - INFO - 1 data di 'queue' berhasil diupdate.
2025-10-03 01:12:09,625 - INFO - 1 data di 'queue' berhasil diupdate.
2025-10-03 01:14:04,633 - INFO - 1 data di 'queue' berhasil diupdate.
2025-10-03 01:15:59,649 - INFO - 1 data di 'queue' berhasil diupdate.
2025-10-03 01:17:54,665 - INFO - 1 data di 'queue' berhasil diupdate.
2025-10-03 01:19:49,684 - INFO - 1 data di 'queue' berhasil diupdate.
2025-10-03 01:21:44,702 - INFO - 1 data di 'queue' berhasil diupdate.
2025-10-03 01:23:39,711 - INFO - 1 data di 'queue' berhasil diupdate.
2025-10-03 01:25:34,723 - INFO - 1 data di 'queue' berhasil diupdate.
2025-10-03 01:27:29,730 - INFO - 1 data di 'queue' berhasil diupdate.
2025-10-03 01:29:24,749 - INFO - 1 data di 'queue' berhasil diupdate.
2025-10-03 01:31:19,762 - INFO - 1 data di 'queue' berhasil diupdate.
2025-10-03 01:33:14,779 - INFO - 1 data di 'queue' berhasil diupdate.
2025-10-03 01:35:09,799 - INFO - 1 data di 'queue' berhasil diupdate.
2025-10-03 01:37:04,814 - INFO - 1 data di 'queue' berhasil diupdate.
2025-10-03 01:38:59,821 - INFO - 1 data di 'queue' berhasil diupdate.
2025-10-03 01:40:54,830 - INFO - 1 data di 'queue' berhasil diupdate.
2025-10-03 01:42:49,837 - INFO - 1 data di 'queue' berhasil diupdate.
2025-10-03 01:44:44,856 - INFO - 1 data di 'queue' berhasil diupdate.
2025-10-03 01:46:39,866 - INFO - 1 data di 'queue' berhasil diupdate.
2025-10-03 01:48:34,873 - INFO - 1 data di 'queue' berhasil diupdate.
2025-10-03 01:50:29,890 - INFO - 1 data di 'queue' berhasil diupdate.
2025-10-03 01:52:24,894 - INFO - 1 data di 'queue' berhasil diupdate.
2025-10-03 01:54:19,907 - INFO - 1 data di 'queue' berhasil diupdate.
2025-10-03 01:56:14,912 - INFO - 1 data di 'queue' berhasil diupdate.
2025-10-03 01:58:09,924 - INFO - 1 data di 'queue' berhasil diupdate.
2025-10-03 02:00:04,931 - INFO - 1 data di 'queue' berhasil diupdate.
2025-10-03 02:01:59,943 - INFO - 1 data di 'queue' berhasil diupdate.
2025-10-03 02:03:54,952 - INFO - 1 data di 'queue' berhasil diupdate.
2025-10-03 02:05:49,964 - INFO - 1 data di 'queue' berhasil diupdate.
2025-10-03 02:07:44,981 - INFO - 1 data di 'queue' berhasil diupdate.
2025-10-03 02:09:39,992 - INFO - 1 data di 'queue' berhasil diupdate.
2025-10-03 02:11:35,010 - INFO - 1 data di 'queue' berhasil diupdate.
2025-10-03 02:13:30,017 - INFO - 1 data di 'queue' berhasil diupdate.
2025-10-03 02:15:25,021 - INFO - 1 data di 'queue' berhasil diupdate.
2025-10-03 02:17:20,034 - INFO - 1 data di 'queue' berhasil diupdate.
2025-10-03 02:19:15,049 - INFO - 1 data di 'queue' berhasil diupdate.
2025-10-03 02:21:10,068 - INFO - 1 data di 'queue' berhasil diupdate.
2025-10-03 02:23:05,086 - INFO - 1 data di 'queue' berhasil diupdate.
2025-10-03 02:25:00,093 - INFO - 1 data di 'queue' berhasil diupdate.
2025-10-03 02:26:55,098 - INFO - 1 data di 'queue' berhasil diupdate.
2025-10-03 02:28:50,107 - INFO - 1 data di 'queue' berhasil diupdate.
2025-10-03 02:30:45,126 - INFO - 1 data di 'queue' berhasil diupdate.
2025-10-03 02:32:40,144 - INFO - 1 data di 'queue' berhasil diupdate.
2025-10-03 02:34:35,148 - INFO - 1 data di 'queue' berhasil diupdate.
2025-10-03 02:36:30,167 - INFO - 1 data di 'queue' berhasil diupdate.
2025-10-03 02:38:25,172 - INFO - 1 data di 'queue' berhasil diupdate.
2025-10-03 02:40:20,186 - INFO - 1 data di 'queue' berhasil diupdate.
2025-10-03 02:42:15,196 - INFO - 1 data di 'queue' berhasil diupdate.
2025-10-03 02:44:10,200 - INFO - 1 data di 'queue' berhasil diupdate.
2025-10-03 02:46:05,217 - INFO - 1 data di 'queue' berhasil diupdate.
2025-10-03 02:48:00,228 - INFO - 1 data di 'queue' berhasil diupdate.
2025-10-03 02:49:55,246 - INFO - 1 data di 'queue' berhasil diupdate.
2025-10-03 02:51:50,251 - INFO - 1 data di 'queue' berhasil diupdate.
2025-10-03 02:53:45,264 - INFO - 1 data di 'queue' berhasil diupdate.
2025-10-03 02:55:40,284 - INFO - 1 data di 'queue' berhasil diupdate.
2025-10-03 02:57:35,299 - INFO - 1 data di 'queue' berhasil diupdate.
2025-10-03 02:59:30,318 - INFO - 1 data di 'queue' berhasil diupdate.
2025-10-03 03:01:25,333 - INFO - 1 data di 'queue' berhasil diupdate.
2025-10-03 03:03:20,342 - INFO - 1 data di 'queue' berhasil diupdate.
2025-10-03 03:05:15,362 - INFO - 1 data di 'queue' berhasil diupdate.
2025-10-03 03:07:10,379 - INFO - 1 data di 'queue' berhasil diupdate.
2025-10-03 03:09:05,387 - INFO - 1 data di 'queue' berhasil diupdate.
2025-10-03 03:11:00,392 - INFO - 1 data di 'queue' berhasil diupdate.
2025-10-03 03:12:55,410 - INFO - 1 data di 'queue' berhasil diupdate.
2025-10-03 03:14:50,425 - INFO - 1 data di 'queue' berhasil diupdate.
2025-10-03 03:16:45,434 - INFO - 1 data di 'queue' berhasil diupdate.
2025-10-03 03:18:40,443 - INFO - 1 data di 'queue' berhasil diupdate.
2025-10-03 03:20:35,447 - INFO - 1 data di 'queue' berhasil diupdate.
2025-10-03 03:22:30,467 - INFO - 1 data di 'queue' berhasil diupdate.
2025-10-03 03:24:25,478 - INFO - 1 data di 'queue' berhasil diupdate.
2025-10-03 03:26:20,482 - INFO - 1 data di 'queue' berhasil diupdate.
2025-10-03 03:28:15,488 - INFO - 1 data di 'queue' berhasil diupdate.
2025-10-03 03:30:10,500 - INFO - 1 data di 'queue' berhasil diupdate.
2025-10-03 03:32:05,511 - INFO - 1 data di 'queue' berhasil diupdate.
2025-10-03 03:34:00,528 - INFO - 1 data di 'queue' berhasil diupdate.
2025-10-03 03:35:55,533 - INFO - 1 data di 'queue' berhasil diupdate.
2025-10-03 03:37:50,538 - INFO - 1 data di 'queue' berhasil diupdate.
2025-10-03 03:39:45,548 - INFO - 1 data di 'queue' berhasil diupdate.
2025-10-03 03:41:40,566 - INFO - 1 data di 'queue' berhasil diupdate.
2025-10-03 03:43:35,581 - INFO - 1 data di 'queue' berhasil diupdate.
2025-10-03 03:45:30,600 - INFO - 1 data di 'queue' berhasil diupdate.
2025-10-03 03:47:25,605 - INFO - 1 data di 'queue' berhasil diupdate.
2025-10-03 03:49:20,619 - INFO - 1 data di 'queue' berhasil diupdate.
2025-10-03 03:51:15,635 - INFO - 1 data di 'queue' berhasil diupdate.
2025-10-03 03:53:10,642 - INFO - 1 data di 'queue' berhasil diupdate.
2025-10-03 03:55:05,651 - INFO - 1 data di 'queue' berhasil diupdate.
2025-10-03 03:57:00,666 - INFO - 1 data di 'queue' berhasil diupdate.
2025-10-03 03:58:55,672 - INFO - 1 data di 'queue' berhasil diupdate.
2025-10-03 04:00:50,676 - INFO - 1 data di 'queue' berhasil diupdate.
2025-10-03 04:02:45,686 - INFO - 1 data di 'queue' berhasil diupdate.
2025-10-03 04:04:40,700 - INFO - 1 data di 'queue' berhasil diupdate.
2025-10-03 04:06:35,720 - INFO - 1 data di 'queue' berhasil diupdate.
2025-10-03 04:08:30,737 - INFO - 1 data di 'queue' berhasil diupdate.
2025-10-03 04:10:25,748 - INFO - 1 data di 'queue' berhasil diupdate.
2025-10-03 04:12:20,763 - INFO - 1 data di 'queue' berhasil diupdate.
2025-10-03 04:14:15,774 - INFO - 1 data di 'queue' berhasil diupdate.
2025-10-03 04:16:10,784 - INFO - 1 data di 'queue' berhasil diupdate.
2025-10-03 04:18:05,800 - INFO - 1 data di 'queue' berhasil diupdate.
2025-10-03 04:20:00,803 - INFO - 1 data di 'queue' berhasil diupdate.
2025-10-03 04:21:55,809 - INFO - 1 data di 'queue' berhasil diupdate.
2025-10-03 04:23:50,822 - INFO - 1 data di 'queue' berhasil diupdate.
2025-10-03 04:25:45,830 - INFO - 1 data di 'queue' berhasil diupdate.
2025-10-03 04:27:40,845 - INFO - 1 data di 'queue' berhasil diupdate.
2025-10-03 04:29:35,855 - INFO - 1 data di 'queue' berhasil diupdate.
2025-10-03 04:31:30,864 - INFO - 1 data di 'queue' berhasil diupdate.
2025-10-03 04:33:25,881 - INFO - 1 data di 'queue' berhasil diupdate.
2025-10-03 04:35:20,899 - INFO - 1 data di 'queue' berhasil diupdate.
2025-10-03 04:37:15,914 - INFO - 1 data di 'queue' berhasil diupdate.
2025-10-03 04:39:10,918 - INFO - 1 data di 'queue' berhasil diupdate.
2025-10-03 04:41:05,935 - INFO - 1 data di 'queue' berhasil diupdate.
2025-10-03 04:43:00,940 - INFO - 1 data di 'queue' berhasil diupdate.
2025-10-03 04:44:55,956 - INFO - 1 data di 'queue' berhasil diupdate.
2025-10-03 04:46:50,966 - INFO - 1 data di 'queue' berhasil diupdate.
2025-10-03 04:48:45,986 - INFO - 1 data di 'queue' berhasil diupdate.
2025-10-03 04:50:41,005 - INFO - 1 data di 'queue' berhasil diupdate.
2025-10-03 04:52:36,015 - INFO - 1 data di 'queue' berhasil diupdate.
2025-10-03 04:54:31,026 - INFO - 1 data di 'queue' berhasil diupdate.
2025-10-03 04:56:26,043 - INFO - 1 data di 'queue' berhasil diupdate.
2025-10-03 04:58:21,061 - INFO - 1 data di 'queue' berhasil diupdate.
2025-10-03 05:00:16,078 - INFO - 1 data di 'queue' berhasil diupdate.
2025-10-03 05:02:11,083 - INFO - 1 data di 'queue' berhasil diupdate.
2025-10-03 05:04:06,089 - INFO - 1 data di 'queue' berhasil diupdate.
2025-10-03 05:06:01,101 - INFO - 1 data di 'queue' berhasil diupdate.
2025-10-03 05:07:56,110 - INFO - 1 data di 'queue' berhasil diupdate.
2025-10-03 05:09:51,124 - INFO - 1 data di 'queue' berhasil diupdate.
2025-10-03 05:11:46,133 - INFO - 1 data di 'queue' berhasil diupdate.
2025-10-03 05:13:41,142 - INFO - 1 data di 'queue' berhasil diupdate.
2025-10-03 05:15:36,158 - INFO - 1 data di 'queue' berhasil diupdate.
2025-10-03 05:17:31,162 - INFO - 1 data di 'queue' berhasil diupdate.
2025-10-03 05:19:26,175 - INFO - 1 data di 'queue' berhasil diupdate.
2025-10-03 05:21:21,182 - INFO - 1 data di 'queue' berhasil diupdate.
2025-10-03 05:23:16,197 - INFO - 1 data di 'queue' berhasil diupdate.
2025-10-03 05:25:11,208 - INFO - 1 data di 'queue' berhasil diupdate.
2025-10-03 05:27:06,215 - INFO - 1 data di 'queue' berhasil diupdate.
2025-10-03 05:29:01,219 - INFO - 1 data di 'queue' berhasil diupdate.
2025-10-03 05:30:56,235 - INFO - 1 data di 'queue' berhasil diupdate.
2025-10-03 05:32:51,248 - INFO - 1 data di 'queue' berhasil diupdate.
2025-10-03 05:34:46,262 - INFO - 1 data di 'queue' berhasil diupdate.
2025-10-03 05:36:41,268 - INFO - 1 data di 'queue' berhasil diupdate.
2025-10-03 05:38:36,286 - INFO - 1 data di 'queue' berhasil diupdate.
2025-10-03 05:40:31,304 - INFO - 1 data di 'queue' berhasil diupdate.
2025-10-03 05:42:26,319 - INFO - 1 data di 'queue' berhasil diupdate.
2025-10-03 05:44:21,329 - INFO - 1 data di 'queue' berhasil diupdate.
2025-10-03 05:46:16,340 - INFO - 1 data di 'queue' berhasil diupdate.
2025-10-03 05:48:11,360 - INFO - 1 data di 'queue' berhasil diupdate.
2025-10-03 05:50:06,370 - INFO - 1 data di 'queue' berhasil diupdate.
2025-10-03 05:52:01,378 - INFO - 1 data di 'queue' berhasil diupdate.
2025-10-03 05:53:56,396 - INFO - 1 data di 'queue' berhasil diupdate.
2025-10-03 05:55:51,415 - INFO - 1 data di 'queue' berhasil diupdate.
2025-10-03 05:57:46,418 - INFO - 1 data di 'queue' berhasil diupdate.
2025-10-03 05:59:41,424 - INFO - 1 data di 'queue' berhasil diupdate.
2025-10-03 06:01:36,429 - INFO - 1 data di 'queue' berhasil diupdate.
2025-10-03 06:03:31,443 - INFO - 1 data di 'queue' berhasil diupdate.
2025-10-03 06:05:26,449 - INFO - 1 data di 'queue' berhasil diupdate.
2025-10-03 06:07:21,468 - INFO - 1 data di 'queue' berhasil diupdate.
2025-10-03 06:09:16,484 - INFO - 1 data di 'queue' berhasil diupdate.
2025-10-03 06:11:11,504 - INFO - 1 data di 'queue' berhasil diupdate.
2025-10-03 06:13:06,509 - INFO - 1 data di 'queue' berhasil diupdate.
2025-10-03 06:15:01,524 - INFO - 1 data di 'queue' berhasil diupdate.
2025-10-03 06:16:56,530 - INFO - 1 data di 'queue' berhasil diupdate.
2025-10-03 06:18:51,541 - INFO - 1 data di 'queue' berhasil diupdate.
2025-10-03 06:20:46,550 - INFO - 1 data di 'queue' berhasil diupdate.
2025-10-03 06:22:41,562 - INFO - 1 data di 'queue' berhasil diupdate.
2025-10-03 06:24:36,567 - INFO - 1 data di 'queue' berhasil diupdate.
2025-10-03 06:26:31,580 - INFO - 1 data di 'queue' berhasil diupdate.
2025-10-03 06:28:26,584 - INFO - 1 data di 'queue' berhasil diupdate.
2025-10-03 06:30:21,592 - INFO - 1 data di 'queue' berhasil diupdate.
2025-10-03 06:32:16,597 - INFO - 1 data di 'queue' berhasil diupdate.
2025-10-03 06:34:11,609 - INFO - 1 data di 'queue' berhasil diupdate.
2025-10-03 06:36:06,629 - INFO - 1 data di 'queue' berhasil diupdate.
2025-10-03 06:38:01,636 - INFO - 1 data di 'queue' berhasil diupdate.
2025-10-03 06:39:56,653 - INFO - 1 data di 'queue' berhasil diupdate.
2025-10-03 06:41:51,660 - INFO - 1 data di 'queue' berhasil diupdate.
2025-10-03 06:43:46,666 - INFO - 1 data di 'queue' berhasil diupdate.
2025-10-03 06:45:41,683 - INFO - 1 data di 'queue' berhasil diupdate.
2025-10-03 06:47:36,695 - INFO - 1 data di 'queue' berhasil diupdate.
2025-10-03 06:49:31,707 - INFO - 1 data di 'queue' berhasil diupdate.
2025-10-03 06:51:26,724 - INFO - 1 data di 'queue' berhasil diupdate.
2025-10-03 06:53:21,741 - INFO - 1 data di 'queue' berhasil diupdate.
2025-10-03 06:55:16,753 - INFO - 1 data di 'queue' berhasil diupdate.
2025-10-03 06:57:11,771 - INFO - 1 data di 'queue' berhasil diupdate.
2025-10-03 06:59:06,788 - INFO - 1 data di 'queue' berhasil diupdate.
2025-10-03 07:01:01,800 - INFO - 1 data di 'queue' berhasil diupdate.
2025-10-03 07:02:56,820 - INFO - 1 data di 'queue' berhasil diupdate.
2025-10-03 07:04:51,830 - INFO - 1 data di 'queue' berhasil diupdate.
2025-10-03 07:06:46,839 - INFO - 1 data di 'queue' berhasil diupdate.
2025-10-03 07:08:41,844 - INFO - 1 data di 'queue' berhasil diupdate.
2025-10-03 07:10:36,850 - INFO - 1 data di 'queue' berhasil diupdate.
2025-10-03 07:12:31,853 - INFO - 1 data di 'queue' berhasil diupdate.
2025-10-03 07:14:26,860 - INFO - 1 data di 'queue' berhasil diupdate.
2025-10-03 07:16:21,876 - INFO - 1 data di 'queue' berhasil diupdate.
2025-10-03 07:18:16,895 - INFO - 1 data di 'queue' berhasil diupdate.
2025-10-03 07:20:11,907 - INFO - 1 data di 'queue' berhasil diupdate.
2025-10-03 07:22:06,916 - INFO - 1 data di 'queue' berhasil diupdate.
2025-10-03 07:24:01,925 - INFO - 1 data di 'queue' berhasil diupdate.
2025-10-03 07:25:56,942 - INFO - 1 data di 'queue' berhasil diupdate.
2025-10-03 07:27:51,949 - INFO - 1 data di 'queue' berhasil diupdate.
2025-10-03 07:29:46,960 - INFO - 1 data di 'queue' berhasil diupdate.
2025-10-03 07:31:41,978 - INFO - 1 data di 'queue' berhasil diupdate.
2025-10-03 07:33:36,996 - INFO - 1 data di 'queue' berhasil diupdate.
2025-10-03 07:35:32,011 - INFO - 1 data di 'queue' berhasil diupdate.
2025-10-03 07:37:27,018 - INFO - 1 data di 'queue' berhasil diupdate.
2025-10-03 07:39:22,026 - INFO - 1 data di 'queue' berhasil diupdate.
2025-10-03 07:41:17,032 - INFO - 1 data di 'queue' berhasil diupdate.
2025-10-03 07:43:12,039 - INFO - 1 data di 'queue' berhasil diupdate.
2025-10-03 07:45:07,059 - INFO - 1 data di 'queue' berhasil diupdate.
2025-10-03 07:47:02,073 - INFO - 1 data di 'queue' berhasil diupdate.
2025-10-03 07:48:57,085 - INFO - 1 data di 'queue' berhasil diupdate.
2025-10-03 07:50:52,099 - INFO - 1 data di 'queue' berhasil diupdate.
2025-10-03 07:52:47,107 - INFO - 1 data di 'queue' berhasil diupdate.
2025-10-03 07:54:42,119 - INFO - 1 data di 'queue' berhasil diupdate.
2025-10-03 07:56:37,131 - INFO - 1 data di 'queue' berhasil diupdate.
2025-10-03 07:58:32,148 - INFO - 1 data di 'queue' berhasil diupdate.
2025-10-03 08:00:27,169 - INFO - 1 data di 'queue' berhasil diupdate.
2025-10-03 08:02:22,187 - INFO - 1 data di 'queue' berhasil diupdate.
2025-10-03 08:04:17,199 - INFO - 1 data di 'queue' berhasil diupdate.
2025-10-03 08:06:12,210 - INFO - 1 data di 'queue' berhasil diupdate.
2025-10-03 08:08:07,229 - INFO - 1 data di 'queue' berhasil diupdate.
2025-10-03 08:10:02,233 - INFO - 1 data di 'queue' berhasil diupdate.
2025-10-03 08:11:57,248 - INFO - 1 data di 'queue' berhasil diupdate.
2025-10-03 08:13:52,264 - INFO - 1 data di 'queue' berhasil diupdate.
2025-10-03 08:15:47,275 - INFO - 1 data di 'queue' berhasil diupdate.
2025-10-03 08:17:42,288 - INFO - 1 data di 'queue' berhasil diupdate.
2025-10-03 08:19:37,298 - INFO - 1 data di 'queue' berhasil diupdate.
2025-10-03 08:21:32,311 - INFO - 1 data di 'queue' berhasil diupdate.
2025-10-03 08:23:27,314 - INFO - 1 data di 'queue' berhasil diupdate.
2025-10-03 08:25:22,333 - INFO - 1 data di 'queue' berhasil diupdate.
2025-10-03 08:27:17,343 - INFO - 1 data di 'queue' berhasil diupdate.
2025-10-03 08:29:12,358 - INFO - 1 data di 'queue' berhasil diupdate.
2025-10-03 08:31:07,363 - INFO - 1 data di 'queue' berhasil diupdate.
2025-10-03 08:33:02,373 - INFO - 1 data di 'queue' berhasil diupdate.
2025-10-03 08:34:57,387 - INFO - 1 data di 'queue' berhasil diupdate.
2025-10-03 08:36:52,397 - INFO - 1 data di 'queue' berhasil diupdate.
2025-10-03 08:38:47,416 - INFO - 1 data di 'queue' berhasil diupdate.
2025-10-03 08:40:42,429 - INFO - 1 data di 'queue' berhasil diupdate.
2025-10-03 08:42:37,442 - INFO - 1 data di 'queue' berhasil diupdate.
2025-10-03 08:44:32,457 - INFO - 1 data di 'queue' berhasil diupdate.
2025-10-03 08:46:27,470 - INFO - 1 data di 'queue' berhasil diupdate.
2025-10-03 08:48:22,479 - INFO - 1 data di 'queue' berhasil diupdate.
2025-10-03 08:50:17,494 - INFO - 1 data di 'queue' berhasil diupdate.
2025-10-03 08:52:12,511 - INFO - 1 data di 'queue' berhasil diupdate.
2025-10-03 08:54:07,522 - INFO - 1 data di 'queue' berhasil diupdate.
2025-10-03 08:56:02,535 - INFO - 1 data di 'queue' berhasil diupdate.
2025-10-03 08:57:57,550 - INFO - 1 data di 'queue' berhasil diupdate.
2025-10-03 08:59:52,554 - INFO - 1 data di 'queue' berhasil diupdate.
2025-10-03 09:01:47,574 - INFO - 1 data di 'queue' berhasil diupdate.
2025-10-03 09:03:42,591 - INFO - 1 data di 'queue' berhasil diupdate.
2025-10-03 09:05:37,596 - INFO - 1 data di 'queue' berhasil diupdate.
2025-10-03 09:07:32,602 - INFO - 1 data di 'queue' berhasil diupdate.
2025-10-03 09:09:27,621 - INFO - 1 data di 'queue' berhasil diupdate.
2025-10-03 09:11:22,633 - INFO - 1 data di 'queue' berhasil diupdate.
2025-10-03 09:13:17,644 - INFO - 1 data di 'queue' berhasil diupdate.
2025-10-03 09:15:12,655 - INFO - 1 data di 'queue' berhasil diupdate.
2025-10-03 09:17:07,667 - INFO - 1 data di 'queue' berhasil diupdate.
2025-10-03 09:19:02,686 - INFO - 1 data di 'queue' berhasil diupdate.
2025-10-03 09:20:57,695 - INFO - 1 data di 'queue' berhasil diupdate.
2025-10-03 09:22:52,703 - INFO - 1 data di 'queue' berhasil diupdate.
2025-10-03 09:24:47,716 - INFO - 1 data di 'queue' berhasil diupdate.
2025-10-03 09:26:42,727 - INFO - 1 data di 'queue' berhasil diupdate.
2025-10-03 09:28:37,735 - INFO - 1 data di 'queue' berhasil diupdate.
2025-10-03 09:30:32,743 - INFO - 1 data di 'queue' berhasil diupdate.
2025-10-03 09:32:27,756 - INFO - 1 data di 'queue' berhasil diupdate.
2025-10-03 09:34:22,775 - INFO - 1 data di 'queue' berhasil diupdate.
2025-10-03 09:36:17,789 - INFO - 1 data di 'queue' berhasil diupdate.
2025-10-03 09:38:12,806 - INFO - 1 data di 'queue' berhasil diupdate.
2025-10-03 09:40:07,822 - INFO - 1 data di 'queue' berhasil diupdate.
2025-10-03 09:42:02,837 - INFO - 1 data di 'queue' berhasil diupdate.
2025-10-03 09:43:57,851 - INFO - 1 data di 'queue' berhasil diupdate.
2025-10-03 09:45:52,868 - INFO - 1 data di 'queue' berhasil diupdate.
2025-10-03 09:47:47,875 - INFO - 1 data di 'queue' berhasil diupdate.
2025-10-03 09:49:42,880 - INFO - 1 data di 'queue' berhasil diupdate.
2025-10-03 09:51:37,891 - INFO - 1 data di 'queue' berhasil diupdate.
2025-10-03 09:53:32,895 - INFO - 1 data di 'queue' berhasil diupdate.
2025-10-03 09:55:27,914 - INFO - 1 data di 'queue' berhasil diupdate.
2025-10-03 09:57:22,933 - INFO - 1 data di 'queue' berhasil diupdate.
2025-10-03 09:59:17,939 - INFO - 1 data di 'queue' berhasil diupdate.
2025-10-03 10:01:12,945 - INFO - 1 data di 'queue' berhasil diupdate.
2025-10-03 10:03:07,958 - INFO - 1 data di 'queue' berhasil diupdate.
2025-10-03 10:05:02,964 - INFO - 1 data di 'queue' berhasil diupdate.
2025-10-03 10:06:57,981 - INFO - 1 data di 'queue' berhasil diupdate.
2025-10-03 10:08:52,985 - INFO - 1 data di 'queue' berhasil diupdate.
2025-10-03 10:10:47,995 - INFO - 1 data di 'queue' berhasil diupdate.
2025-10-03 10:12:43,002 - INFO - 1 data di 'queue' berhasil diupdate.
2025-10-03 10:14:38,008 - INFO - 1 data di 'queue' berhasil diupdate.
2025-10-03 10:16:33,014 - INFO - 1 data di 'queue' berhasil diupdate.
2025-10-03 10:18:28,027 - INFO - 1 data di 'queue' berhasil diupdate.
2025-10-03 10:20:23,031 - INFO - 1 data di 'queue' berhasil diupdate.
2025-10-03 10:22:18,048 - INFO - 1 data di 'queue' berhasil diupdate.
2025-10-03 10:24:13,055 - INFO - 1 data di 'queue' berhasil diupdate.
2025-10-03 10:26:08,059 - INFO - 1 data di 'queue' berhasil diupdate.
2025-10-03 10:28:03,072 - INFO - 1 data di 'queue' berhasil diupdate.
2025-10-03 10:29:58,091 - INFO - 1 data di 'queue' berhasil diupdate.
2025-10-03 10:31:53,109 - INFO - 1 data di 'queue' berhasil diupdate.
2025-10-03 10:33:48,115 - INFO - 1 data di 'queue' berhasil diupdate.
2025-10-03 10:35:43,129 - INFO - 1 data di 'queue' berhasil diupdate.
2025-10-03 10:37:38,141 - INFO - 1 data di 'queue' berhasil diupdate.
2025-10-03 10:39:33,161 - INFO - 1 data di 'queue' berhasil diupdate.
2025-10-03 10:41:28,175 - INFO - 1 data di 'queue' berhasil diupdate.
2025-10-03 10:43:23,188 - INFO - 1 data di 'queue' berhasil diupdate.
2025-10-03 10:45:18,200 - INFO - 1 data di 'queue' berhasil diupdate.
2025-10-03 10:47:13,205 - INFO - 1 data di 'queue' berhasil diupdate.
2025-10-03 10:49:08,219 - INFO - 1 data di 'queue' berhasil diupdate.
2025-10-03 10:51:03,223 - INFO - 1 data di 'queue' berhasil diupdate.
2025-10-03 10:52:58,229 - INFO - 1 data di 'queue' berhasil diupdate.
2025-10-03 10:54:53,247 - INFO - 1 data di 'queue' berhasil diupdate.
2025-10-03 10:56:48,263 - INFO - 1 data di 'queue' berhasil diupdate.
2025-10-03 10:58:43,278 - INFO - 1 data di 'queue' berhasil diupdate.
2025-10-03 11:00:38,289 - INFO - 1 data di 'queue' berhasil diupdate.
2025-10-03 11:02:33,296 - INFO - 1 data di 'queue' berhasil diupdate.
2025-10-03 11:04:28,301 - INFO - 1 data di 'queue' berhasil diupdate.
2025-10-03 11:06:23,314 - INFO - 1 data di 'queue' berhasil diupdate.
2025-10-03 11:08:18,332 - INFO - 1 data di 'queue' berhasil diupdate.
2025-10-03 11:10:13,345 - INFO - 1 data di 'queue' berhasil diupdate.
2025-10-03 11:12:08,360 - INFO - 1 data di 'queue' berhasil diupdate.
2025-10-03 11:14:03,363 - INFO - 1 data di 'queue' berhasil diupdate.
2025-10-03 11:15:58,382 - INFO - 1 data di 'queue' berhasil diupdate.
2025-10-03 11:17:53,399 - INFO - 1 data di 'queue' berhasil diupdate.
2025-10-03 11:19:48,407 - INFO - 1 data di 'queue' berhasil diupdate.
2025-10-03 11:21:43,417 - INFO - 1 data di 'queue' berhasil diupdate.
2025-10-03 11:23:38,423 - INFO - 1 data di 'queue' berhasil diupdate.
2025-10-03 11:25:33,441 - INFO - 1 data di 'queue' berhasil diupdate.
2025-10-03 11:27:28,446 - INFO - 1 data di 'queue' berhasil diupdate.
2025-10-03 11:29:23,463 - INFO - 1 data di 'queue' berhasil diupdate.
2025-10-03 11:31:18,475 - INFO - 1 data di 'queue' berhasil diupdate.
2025-10-03 11:33:13,484 - INFO - 1 data di 'queue' berhasil diupdate.
2025-10-03 11:35:08,493 - INFO - 1 data di 'queue' berhasil diupdate.
2025-10-03 11:37:03,507 - INFO - 1 data di 'queue' berhasil diupdate.
2025-10-03 11:38:58,521 - INFO - 1 data di 'queue' berhasil diupdate.
2025-10-03 11:40:53,526 - INFO - 1 data di 'queue' berhasil diupdate.
2025-10-03 11:42:48,531 - INFO - 1 data di 'queue' berhasil diupdate.
2025-10-03 11:44:43,544 - INFO - 1 data di 'queue' berhasil diupdate.
2025-10-03 11:46:38,552 - INFO - 1 data di 'queue' berhasil diupdate.
2025-10-03 11:48:33,561 - INFO - 1 data di 'queue' berhasil diupdate.
2025-10-03 11:50:28,568 - INFO - 1 data di 'queue' berhasil diupdate.
2025-10-03 11:52:23,575 - INFO - 1 data di 'queue' berhasil diupdate.
2025-10-03 11:54:18,586 - INFO - 1 data di 'queue' berhasil diupdate.
2025-10-03 11:56:13,596 - INFO - 1 data di 'queue' berhasil diupdate.
2025-10-03 11:58:08,600 - INFO - 1 data di 'queue' berhasil diupdate.
2025-10-03 12:00:03,606 - INFO - 1 data di 'queue' berhasil diupdate.
2025-10-03 12:01:58,618 - INFO - 1 data di 'queue' berhasil diupdate.
2025-10-03 12:03:53,635 - INFO - 1 data di 'queue' berhasil diupdate.
2025-10-03 12:05:48,644 - INFO - 1 data di 'queue' berhasil diupdate.
2025-10-03 12:07:43,662 - INFO - 1 data di 'queue' berhasil diupdate.
2025-10-03 12:09:38,670 - INFO - 1 data di 'queue' berhasil diupdate.
2025-10-03 12:11:33,686 - INFO - 1 data di 'queue' berhasil diupdate.
2025-10-03 12:13:28,690 - INFO - 1 data di 'queue' berhasil diupdate.
2025-10-03 12:15:23,698 - INFO - 1 data di 'queue' berhasil diupdate.
2025-10-03 12:17:18,719 - INFO - 1 data di 'queue' berhasil diupdate.
2025-10-03 12:19:13,733 - INFO - 1 data di 'queue' berhasil diupdate.
2025-10-03 12:21:08,740 - INFO - 1 data di 'queue' berhasil diupdate.
2025-10-03 12:23:03,753 - INFO - 1 data di 'queue' berhasil diupdate.
2025-10-03 12:24:58,762 - INFO - 1 data di 'queue' berhasil diupdate.
2025-10-03 12:26:53,769 - INFO - 1 data di 'queue' berhasil diupdate.
2025-10-03 12:28:48,782 - INFO - 1 data di 'queue' berhasil diupdate.
2025-10-03 12:30:43,801 - INFO - 1 data di 'queue' berhasil diupdate.
2025-10-03 12:32:38,817 - INFO - 1 data di 'queue' berhasil diupdate.
2025-10-03 12:34:33,828 - INFO - 1 data di 'queue' berhasil diupdate.
2025-10-03 12:36:28,840 - INFO - 1 data di 'queue' berhasil diupdate.
2025-10-03 12:38:23,844 - INFO - 1 data di 'queue' berhasil diupdate.
2025-10-03 12:40:18,867 - INFO - 1 data di 'queue' berhasil diupdate.
2025-10-03 12:42:13,871 - INFO - 1 data di 'queue' berhasil diupdate.
2025-10-03 12:44:08,884 - INFO - 1 data di 'queue' berhasil diupdate.
2025-10-03 12:46:03,891 - INFO - 1 data di 'queue' berhasil diupdate.
2025-10-03 12:47:58,907 - INFO - 1 data di 'queue' berhasil diupdate.
2025-10-03 12:49:53,926 - INFO - 1 data di 'queue' berhasil diupdate.
2025-10-03 12:51:48,936 - INFO - 1 data di 'queue' berhasil diupdate.
2025-10-03 12:53:43,951 - INFO - 1 data di 'queue' berhasil diupdate.
2025-10-03 12:55:38,964 - INFO - 1 data di 'queue' berhasil diupdate.
2025-10-03 12:57:33,972 - INFO - 1 data di 'queue' berhasil diupdate.
2025-10-03 12:59:28,977 - INFO - 1 data di 'queue' berhasil diupdate.
2025-10-03 13:01:23,983 - INFO - 1 data di 'queue' berhasil diupdate.
2025-10-03 13:03:18,988 - INFO - 1 data di 'queue' berhasil diupdate.
2025-10-03 13:05:14,007 - INFO - 1 data di 'queue' berhasil diupdate.
2025-10-03 13:07:09,015 - INFO - 1 data di 'queue' berhasil diupdate.
2025-10-03 13:09:04,026 - INFO - 1 data di 'queue' berhasil diupdate.
2025-10-03 13:10:59,036 - INFO - 1 data di 'queue' berhasil diupdate.
2025-10-03 13:12:54,043 - INFO - 1 data di 'queue' berhasil diupdate.
2025-10-03 13:14:49,057 - INFO - 1 data di 'queue' berhasil diupdate.
2025-10-03 13:16:44,064 - INFO - 1 data di 'queue' berhasil diupdate.
2025-10-03 13:18:39,078 - INFO - 1 data di 'queue' berhasil diupdate.
2025-10-03 13:20:34,083 - INFO - 1 data di 'queue' berhasil diupdate.
2025-10-03 13:22:29,090 - INFO - 1 data di 'queue' berhasil diupdate.
2025-10-03 13:24:24,103 - INFO - 1 data di 'queue' berhasil diupdate.
2025-10-03 13:26:19,115 - INFO - 1 data di 'queue' berhasil diupdate.
2025-10-03 13:28:14,133 - INFO - 1 data di 'queue' berhasil diupdate.
2025-10-03 13:30:09,150 - INFO - 1 data di 'queue' berhasil diupdate.
2025-10-03 13:32:04,158 - INFO - 1 data di 'queue' berhasil diupdate.
2025-10-03 13:33:59,165 - INFO - 1 data di 'queue' berhasil diupdate.
2025-10-03 13:35:54,182 - INFO - 1 data di 'queue' berhasil diupdate.
2025-10-03 13:37:49,197 - INFO - 1 data di 'queue' berhasil diupdate.
2025-10-03 13:39:44,209 - INFO - 1 data di 'queue' berhasil diupdate.
2025-10-03 13:41:39,219 - INFO - 1 data di 'queue' berhasil diupdate.
2025-10-03 13:43:34,236 - INFO - 1 data di 'queue' berhasil diupdate.
2025-10-03 13:45:29,253 - INFO - 1 data di 'queue' berhasil diupdate.
2025-10-03 13:47:24,268 - INFO - 1 data di 'queue' berhasil diupdate.
2025-10-03 13:49:19,289 - INFO - 1 data di 'queue' berhasil diupdate.
2025-10-03 13:51:14,305 - INFO - 1 data di 'queue' berhasil diupdate.
2025-10-03 13:53:09,309 - INFO - 1 data di 'queue' berhasil diupdate.
2025-10-03 13:55:04,323 - INFO - 1 data di 'queue' berhasil diupdate.
2025-10-03 13:56:59,335 - INFO - 1 data di 'queue' berhasil diupdate.
2025-10-03 13:58:54,353 - INFO - 1 data di 'queue' berhasil diupdate.
2025-10-03 14:00:49,364 - INFO - 1 data di 'queue' berhasil diupdate.
2025-10-03 14:02:44,369 - INFO - 1 data di 'queue' berhasil diupdate.
2025-10-03 14:04:39,377 - INFO - 1 data di 'queue' berhasil diupdate.
2025-10-03 14:06:34,387 - INFO - 1 data di 'queue' berhasil diupdate.
2025-10-03 14:08:29,407 - INFO - 1 data di 'queue' berhasil diupdate.
2025-10-03 14:10:24,424 - INFO - 1 data di 'queue' berhasil diupdate.
2025-10-03 14:12:19,432 - INFO - 1 data di 'queue' berhasil diupdate.
2025-10-03 14:14:14,438 - INFO - 1 data di 'queue' berhasil diupdate.
2025-10-03 14:16:09,442 - INFO - 1 data di 'queue' berhasil diupdate.
2025-10-03 14:18:04,462 - INFO - 1 data di 'queue' berhasil diupdate.
2025-10-03 14:19:59,472 - INFO - 1 data di 'queue' berhasil diupdate.
2025-10-03 14:21:54,487 - INFO - 1 data di 'queue' berhasil diupdate.
2025-10-03 14:23:49,501 - INFO - 1 data di 'queue' berhasil diupdate.
2025-10-03 14:25:44,519 - INFO - 1 data di 'queue' berhasil diupdate.
2025-10-03 14:27:39,530 - INFO - 1 data di 'queue' berhasil diupdate.
2025-10-03 14:29:34,542 - INFO - 1 data di 'queue' berhasil diupdate.
2025-10-03 14:31:29,557 - INFO - 1 data di 'queue' berhasil diupdate.
2025-10-03 14:33:24,562 - INFO - 1 data di 'queue' berhasil diupdate.
2025-10-03 14:35:19,572 - INFO - 1 data di 'queue' berhasil diupdate.
2025-10-03 14:37:14,584 - INFO - 1 data di 'queue' berhasil diupdate.
2025-10-03 14:39:09,594 - INFO - 1 data di 'queue' berhasil diupdate.
2025-10-03 14:41:04,613 - INFO - 1 data di 'queue' berhasil diupdate.
2025-10-03 14:42:59,633 - INFO - 1 data di 'queue' berhasil diupdate.
2025-10-03 14:44:54,652 - INFO - 1 data di 'queue' berhasil diupdate.
2025-10-03 14:46:49,656 - INFO - 1 data di 'queue' berhasil diupdate.
2025-10-03 14:48:44,665 - INFO - 1 data di 'queue' berhasil diupdate.
2025-10-03 14:50:39,677 - INFO - 1 data di 'queue' berhasil diupdate.
2025-10-03 14:52:34,688 - INFO - 1 data di 'queue' berhasil diupdate.
2025-10-03 14:54:29,692 - INFO - 1 data di 'queue' berhasil diupdate.
2025-10-03 14:56:24,700 - INFO - 1 data di 'queue' berhasil diupdate.
2025-10-03 14:58:19,712 - INFO - 1 data di 'queue' berhasil diupdate.
2025-10-03 15:00:14,720 - INFO - 1 data di 'queue' berhasil diupdate.
2025-10-03 15:02:09,727 - INFO - 1 data di 'queue' berhasil diupdate.
2025-10-03 15:04:04,734 - INFO - 1 data di 'queue' berhasil diupdate.
2025-10-03 15:05:59,741 - INFO - 1 data di 'queue' berhasil diupdate.
2025-10-03 15:07:54,747 - INFO - 1 data di 'queue' berhasil diupdate.
