2025-09-30 00:00:00,025 - INFO - [2025-09-30 00:00:00.025151] Collection 'requests' dihapus 113 dokumen.
2025-09-30 00:00:00,038 - INFO - [2025-09-30 00:00:00.038408] Collection 'responses' dihapus 128 dokumen.
2025-09-30 00:00:00,046 - INFO - [2025-09-30 00:00:00.046272] Collection 'system_status_res' dihapus 0 dokumen.
2025-09-30 00:00:00,049 - INFO - [2025-09-30 00:00:00.049319] Collection 'system_status_req' dihapus 0 dokumen.
2025-09-30 00:00:01,067 - INFO - [2025-09-30 00:00:01.067306] Collection 'requests' dihapus 0 dokumen.
2025-09-30 00:00:01,069 - INFO - [2025-09-30 00:00:01.069328] Collection 'responses' dihapus 0 dokumen.
2025-09-30 00:00:01,071 - INFO - [2025-09-30 00:00:01.071217] Collection 'system_status_res' dihapus 0 dokumen.
2025-09-30 00:00:01,073 - INFO - [2025-09-30 00:00:01.073266] Collection 'system_status_req' dihapus 0 dokumen.
2025-09-30 00:00:02,091 - INFO - [2025-09-30 00:00:02.091120] Collection 'requests' dihapus 0 dokumen.
2025-09-30 00:00:02,093 - INFO - [2025-09-30 00:00:02.093045] Collection 'responses' dihapus 0 dokumen.
2025-09-30 00:00:02,095 - INFO - [2025-09-30 00:00:02.095048] Collection 'system_status_res' dihapus 0 dokumen.
2025-09-30 00:00:02,097 - INFO - [2025-09-30 00:00:02.097101] Collection 'system_status_req' dihapus 0 dokumen.
2025-09-30 00:00:03,114 - INFO - [2025-09-30 00:00:03.114395] Collection 'requests' dihapus 0 dokumen.
2025-09-30 00:00:03,116 - INFO - [2025-09-30 00:00:03.116258] Collection 'responses' dihapus 0 dokumen.
2025-09-30 00:00:03,118 - INFO - [2025-09-30 00:00:03.118250] Collection 'system_status_res' dihapus 0 dokumen.
2025-09-30 00:00:03,120 - INFO - [2025-09-30 00:00:03.120111] Collection 'system_status_req' dihapus 0 dokumen.
2025-09-30 00:00:04,137 - INFO - [2025-09-30 00:00:04.137702] Collection 'requests' dihapus 0 dokumen.
2025-09-30 00:00:04,139 - INFO - [2025-09-30 00:00:04.139587] Collection 'responses' dihapus 0 dokumen.
2025-09-30 00:00:04,141 - INFO - [2025-09-30 00:00:04.141556] Collection 'system_status_res' dihapus 0 dokumen.
2025-09-30 00:00:04,143 - INFO - [2025-09-30 00:00:04.143496] Collection 'system_status_req' dihapus 0 dokumen.
2025-09-30 00:00:05,160 - INFO - [2025-09-30 00:00:05.160623] Collection 'requests' dihapus 0 dokumen.
2025-09-30 00:00:05,162 - INFO - [2025-09-30 00:00:05.162529] Collection 'responses' dihapus 0 dokumen.
2025-09-30 00:00:05,164 - INFO - [2025-09-30 00:00:05.164543] Collection 'system_status_res' dihapus 0 dokumen.
2025-09-30 00:00:05,166 - INFO - [2025-09-30 00:00:05.166424] Collection 'system_status_req' dihapus 0 dokumen.
2025-09-30 00:01:40,902 - INFO - 1 data di 'queue' berhasil diupdate.
2025-09-30 00:03:35,910 - INFO - 1 data di 'queue' berhasil diupdate.
2025-09-30 00:05:30,919 - INFO - 1 data di 'queue' berhasil diupdate.
2025-09-30 00:07:25,933 - INFO - 1 data di 'queue' berhasil diupdate.
2025-09-30 00:09:20,942 - INFO - 1 data di 'queue' berhasil diupdate.
2025-09-30 00:11:15,950 - INFO - 1 data di 'queue' berhasil diupdate.
2025-09-30 00:13:10,957 - INFO - 1 data di 'queue' berhasil diupdate.
2025-09-30 00:15:05,971 - INFO - 1 data di 'queue' berhasil diupdate.
2025-09-30 00:17:00,990 - INFO - 1 data di 'queue' berhasil diupdate.
2025-09-30 00:18:55,995 - INFO - 1 data di 'queue' berhasil diupdate.
2025-09-30 00:20:50,998 - INFO - 1 data di 'queue' berhasil diupdate.
2025-09-30 00:22:46,008 - INFO - 1 data di 'queue' berhasil diupdate.
2025-09-30 00:24:41,013 - INFO - 1 data di 'queue' berhasil diupdate.
2025-09-30 00:26:36,032 - INFO - 1 data di 'queue' berhasil diupdate.
2025-09-30 00:28:31,046 - INFO - 1 data di 'queue' berhasil diupdate.
2025-09-30 00:30:26,050 - INFO - 1 data di 'queue' berhasil diupdate.
2025-09-30 00:32:21,064 - INFO - 1 data di 'queue' berhasil diupdate.
2025-09-30 00:34:16,076 - INFO - 1 data di 'queue' berhasil diupdate.
2025-09-30 00:36:11,087 - INFO - 1 data di 'queue' berhasil diupdate.
2025-09-30 00:38:06,097 - INFO - 1 data di 'queue' berhasil diupdate.
2025-09-30 00:40:01,114 - INFO - 1 data di 'queue' berhasil diupdate.
2025-09-30 00:41:56,131 - INFO - 1 data di 'queue' berhasil diupdate.
2025-09-30 00:43:51,144 - INFO - 1 data di 'queue' berhasil diupdate.
2025-09-30 00:45:46,159 - INFO - 1 data di 'queue' berhasil diupdate.
2025-09-30 00:47:41,172 - INFO - 1 data di 'queue' berhasil diupdate.
2025-09-30 00:49:36,190 - INFO - 1 data di 'queue' berhasil diupdate.
2025-09-30 00:51:31,207 - INFO - 1 data di 'queue' berhasil diupdate.
2025-09-30 00:53:26,219 - INFO - 1 data di 'queue' berhasil diupdate.
2025-09-30 00:55:21,224 - INFO - 1 data di 'queue' berhasil diupdate.
2025-09-30 00:57:16,233 - INFO - 1 data di 'queue' berhasil diupdate.
2025-09-30 00:59:11,242 - INFO - 1 data di 'queue' berhasil diupdate.
2025-09-30 01:01:06,261 - INFO - 1 data di 'queue' berhasil diupdate.
2025-09-30 01:03:01,277 - INFO - 1 data di 'queue' berhasil diupdate.
2025-09-30 01:04:56,292 - INFO - 1 data di 'queue' berhasil diupdate.
2025-09-30 01:06:51,311 - INFO - 1 data di 'queue' berhasil diupdate.
2025-09-30 01:08:46,330 - INFO - 1 data di 'queue' berhasil diupdate.
2025-09-30 01:10:41,347 - INFO - 1 data di 'queue' berhasil diupdate.
2025-09-30 01:12:36,351 - INFO - 1 data di 'queue' berhasil diupdate.
2025-09-30 01:14:31,370 - INFO - 1 data di 'queue' berhasil diupdate.
2025-09-30 01:16:26,382 - INFO - 1 data di 'queue' berhasil diupdate.
2025-09-30 01:18:21,390 - INFO - 1 data di 'queue' berhasil diupdate.
2025-09-30 01:20:16,409 - INFO - 1 data di 'queue' berhasil diupdate.
2025-09-30 01:22:11,417 - INFO - 1 data di 'queue' berhasil diupdate.
2025-09-30 01:24:06,427 - INFO - 1 data di 'queue' berhasil diupdate.
2025-09-30 01:26:01,433 - INFO - 1 data di 'queue' berhasil diupdate.
2025-09-30 01:27:56,450 - INFO - 1 data di 'queue' berhasil diupdate.
2025-09-30 01:29:51,457 - INFO - 1 data di 'queue' berhasil diupdate.
2025-09-30 01:31:46,461 - INFO - 1 data di 'queue' berhasil diupdate.
2025-09-30 01:33:41,474 - INFO - 1 data di 'queue' berhasil diupdate.
2025-09-30 01:35:36,483 - INFO - 1 data di 'queue' berhasil diupdate.
2025-09-30 01:37:31,492 - INFO - 1 data di 'queue' berhasil diupdate.
2025-09-30 01:39:26,511 - INFO - 1 data di 'queue' berhasil diupdate.
2025-09-30 01:41:21,528 - INFO - 1 data di 'queue' berhasil diupdate.
2025-09-30 01:43:16,535 - INFO - 1 data di 'queue' berhasil diupdate.
2025-09-30 01:45:11,540 - INFO - 1 data di 'queue' berhasil diupdate.
2025-09-30 01:47:06,559 - INFO - 1 data di 'queue' berhasil diupdate.
2025-09-30 01:49:01,564 - INFO - 1 data di 'queue' berhasil diupdate.
2025-09-30 01:50:56,566 - INFO - 1 data di 'queue' berhasil diupdate.
2025-09-30 01:52:51,580 - INFO - 1 data di 'queue' berhasil diupdate.
2025-09-30 01:54:46,595 - INFO - 1 data di 'queue' berhasil diupdate.
2025-09-30 01:56:41,603 - INFO - 1 data di 'queue' berhasil diupdate.
2025-09-30 01:58:36,615 - INFO - 1 data di 'queue' berhasil diupdate.
2025-09-30 02:00:31,626 - INFO - 1 data di 'queue' berhasil diupdate.
2025-09-30 02:02:26,638 - INFO - 1 data di 'queue' berhasil diupdate.
2025-09-30 02:04:21,654 - INFO - 1 data di 'queue' berhasil diupdate.
2025-09-30 02:06:16,662 - INFO - 1 data di 'queue' berhasil diupdate.
2025-09-30 02:08:11,679 - INFO - 1 data di 'queue' berhasil diupdate.
2025-09-30 02:10:06,694 - INFO - 1 data di 'queue' berhasil diupdate.
2025-09-30 02:12:01,709 - INFO - 1 data di 'queue' berhasil diupdate.
2025-09-30 02:13:56,726 - INFO - 1 data di 'queue' berhasil diupdate.
2025-09-30 02:15:51,736 - INFO - 1 data di 'queue' berhasil diupdate.
2025-09-30 02:17:46,753 - INFO - 1 data di 'queue' berhasil diupdate.
2025-09-30 02:19:41,766 - INFO - 1 data di 'queue' berhasil diupdate.
2025-09-30 02:21:36,772 - INFO - 1 data di 'queue' berhasil diupdate.
2025-09-30 02:23:31,780 - INFO - 1 data di 'queue' berhasil diupdate.
2025-09-30 02:25:26,800 - INFO - 1 data di 'queue' berhasil diupdate.
2025-09-30 02:27:21,813 - INFO - 1 data di 'queue' berhasil diupdate.
2025-09-30 02:29:16,830 - INFO - 1 data di 'queue' berhasil diupdate.
2025-09-30 02:31:11,841 - INFO - 1 data di 'queue' berhasil diupdate.
2025-09-30 02:33:06,844 - INFO - 1 data di 'queue' berhasil diupdate.
2025-09-30 02:35:01,854 - INFO - 1 data di 'queue' berhasil diupdate.
2025-09-30 02:36:56,868 - INFO - 1 data di 'queue' berhasil diupdate.
2025-09-30 02:38:51,877 - INFO - 1 data di 'queue' berhasil diupdate.
2025-09-30 02:40:46,887 - INFO - 1 data di 'queue' berhasil diupdate.
2025-09-30 02:42:41,904 - INFO - 1 data di 'queue' berhasil diupdate.
2025-09-30 02:44:36,912 - INFO - 1 data di 'queue' berhasil diupdate.
2025-09-30 02:46:31,934 - INFO - 1 data di 'queue' berhasil diupdate.
2025-09-30 02:48:26,938 - INFO - 1 data di 'queue' berhasil diupdate.
2025-09-30 02:50:21,955 - INFO - 1 data di 'queue' berhasil diupdate.
2025-09-30 02:52:16,971 - INFO - 1 data di 'queue' berhasil diupdate.
2025-09-30 02:54:11,979 - INFO - 1 data di 'queue' berhasil diupdate.
2025-09-30 02:56:06,989 - INFO - 1 data di 'queue' berhasil diupdate.
2025-09-30 02:58:01,994 - INFO - 1 data di 'queue' berhasil diupdate.
2025-09-30 02:59:57,010 - INFO - 1 data di 'queue' berhasil diupdate.
2025-09-30 03:01:52,017 - INFO - 1 data di 'queue' berhasil diupdate.
2025-09-30 03:03:47,034 - INFO - 1 data di 'queue' berhasil diupdate.
2025-09-30 03:05:42,047 - INFO - 1 data di 'queue' berhasil diupdate.
2025-09-30 03:07:37,058 - INFO - 1 data di 'queue' berhasil diupdate.
2025-09-30 03:09:32,071 - INFO - 1 data di 'queue' berhasil diupdate.
2025-09-30 03:11:27,090 - INFO - 1 data di 'queue' berhasil diupdate.
2025-09-30 03:13:22,103 - INFO - 1 data di 'queue' berhasil diupdate.
2025-09-30 03:15:17,108 - INFO - 1 data di 'queue' berhasil diupdate.
2025-09-30 03:17:12,119 - INFO - 1 data di 'queue' berhasil diupdate.
2025-09-30 03:19:07,130 - INFO - 1 data di 'queue' berhasil diupdate.
2025-09-30 03:21:02,140 - INFO - 1 data di 'queue' berhasil diupdate.
2025-09-30 03:22:57,147 - INFO - 1 data di 'queue' berhasil diupdate.
2025-09-30 03:24:52,166 - INFO - 1 data di 'queue' berhasil diupdate.
2025-09-30 03:26:47,175 - INFO - 1 data di 'queue' berhasil diupdate.
2025-09-30 03:28:42,190 - INFO - 1 data di 'queue' berhasil diupdate.
2025-09-30 03:30:37,207 - INFO - 1 data di 'queue' berhasil diupdate.
2025-09-30 03:32:32,213 - INFO - 1 data di 'queue' berhasil diupdate.
2025-09-30 03:34:27,225 - INFO - 1 data di 'queue' berhasil diupdate.
2025-09-30 03:36:22,228 - INFO - 1 data di 'queue' berhasil diupdate.
2025-09-30 03:38:17,243 - INFO - 1 data di 'queue' berhasil diupdate.
2025-09-30 03:40:12,254 - INFO - 1 data di 'queue' berhasil diupdate.
2025-09-30 03:42:07,265 - INFO - 1 data di 'queue' berhasil diupdate.
2025-09-30 03:44:02,271 - INFO - 1 data di 'queue' berhasil diupdate.
2025-09-30 03:45:57,283 - INFO - 1 data di 'queue' berhasil diupdate.
2025-09-30 03:47:52,300 - INFO - 1 data di 'queue' berhasil diupdate.
2025-09-30 03:49:47,312 - INFO - 1 data di 'queue' berhasil diupdate.
2025-09-30 03:51:42,330 - INFO - 1 data di 'queue' berhasil diupdate.
2025-09-30 03:53:37,344 - INFO - 1 data di 'queue' berhasil diupdate.
2025-09-30 03:55:32,350 - INFO - 1 data di 'queue' berhasil diupdate.
2025-09-30 03:57:27,359 - INFO - 1 data di 'queue' berhasil diupdate.
2025-09-30 03:59:22,377 - INFO - 1 data di 'queue' berhasil diupdate.
2025-09-30 04:01:17,386 - INFO - 1 data di 'queue' berhasil diupdate.
2025-09-30 04:03:12,394 - INFO - 1 data di 'queue' berhasil diupdate.
2025-09-30 04:05:07,398 - INFO - 1 data di 'queue' berhasil diupdate.
2025-09-30 04:07:02,411 - INFO - 1 data di 'queue' berhasil diupdate.
2025-09-30 04:08:57,415 - INFO - 1 data di 'queue' berhasil diupdate.
2025-09-30 04:10:52,432 - INFO - 1 data di 'queue' berhasil diupdate.
2025-09-30 04:12:47,446 - INFO - 1 data di 'queue' berhasil diupdate.
2025-09-30 04:14:42,450 - INFO - 1 data di 'queue' berhasil diupdate.
2025-09-30 04:16:37,463 - INFO - 1 data di 'queue' berhasil diupdate.
2025-09-30 04:18:32,476 - INFO - 1 data di 'queue' berhasil diupdate.
2025-09-30 04:20:27,485 - INFO - 1 data di 'queue' berhasil diupdate.
2025-09-30 04:22:22,500 - INFO - 1 data di 'queue' berhasil diupdate.
2025-09-30 04:24:17,514 - INFO - 1 data di 'queue' berhasil diupdate.
2025-09-30 04:26:12,532 - INFO - 1 data di 'queue' berhasil diupdate.
2025-09-30 04:28:07,537 - INFO - 1 data di 'queue' berhasil diupdate.
2025-09-30 04:30:02,555 - INFO - 1 data di 'queue' berhasil diupdate.
2025-09-30 04:31:57,563 - INFO - 1 data di 'queue' berhasil diupdate.
2025-09-30 04:33:52,581 - INFO - 1 data di 'queue' berhasil diupdate.
2025-09-30 04:35:47,591 - INFO - 1 data di 'queue' berhasil diupdate.
2025-09-30 04:37:42,596 - INFO - 1 data di 'queue' berhasil diupdate.
2025-09-30 04:39:37,613 - INFO - 1 data di 'queue' berhasil diupdate.
2025-09-30 04:41:32,628 - INFO - 1 data di 'queue' berhasil diupdate.
2025-09-30 04:43:27,639 - INFO - 1 data di 'queue' berhasil diupdate.
2025-09-30 04:45:22,653 - INFO - 1 data di 'queue' berhasil diupdate.
2025-09-30 04:47:17,664 - INFO - 1 data di 'queue' berhasil diupdate.
2025-09-30 04:49:12,676 - INFO - 1 data di 'queue' berhasil diupdate.
2025-09-30 04:51:07,694 - INFO - 1 data di 'queue' berhasil diupdate.
2025-09-30 04:53:02,711 - INFO - 1 data di 'queue' berhasil diupdate.
2025-09-30 04:54:57,727 - INFO - 1 data di 'queue' berhasil diupdate.
2025-09-30 04:56:52,736 - INFO - 1 data di 'queue' berhasil diupdate.
2025-09-30 04:58:47,754 - INFO - 1 data di 'queue' berhasil diupdate.
2025-09-30 05:00:42,768 - INFO - 1 data di 'queue' berhasil diupdate.
2025-09-30 05:02:37,774 - INFO - 1 data di 'queue' berhasil diupdate.
2025-09-30 05:04:32,788 - INFO - 1 data di 'queue' berhasil diupdate.
2025-09-30 05:06:27,807 - INFO - 1 data di 'queue' berhasil diupdate.
2025-09-30 05:08:22,822 - INFO - 1 data di 'queue' berhasil diupdate.
2025-09-30 05:10:17,827 - INFO - 1 data di 'queue' berhasil diupdate.
2025-09-30 05:12:12,832 - INFO - 1 data di 'queue' berhasil diupdate.
2025-09-30 05:14:07,845 - INFO - 1 data di 'queue' berhasil diupdate.
2025-09-30 05:16:02,865 - INFO - 1 data di 'queue' berhasil diupdate.
2025-09-30 05:17:57,879 - INFO - 1 data di 'queue' berhasil diupdate.
2025-09-30 05:19:52,885 - INFO - 1 data di 'queue' berhasil diupdate.
2025-09-30 05:21:47,895 - INFO - 1 data di 'queue' berhasil diupdate.
2025-09-30 05:23:42,903 - INFO - 1 data di 'queue' berhasil diupdate.
2025-09-30 05:25:37,919 - INFO - 1 data di 'queue' berhasil diupdate.
2025-09-30 05:27:32,936 - INFO - 1 data di 'queue' berhasil diupdate.
2025-09-30 05:29:27,944 - INFO - 1 data di 'queue' berhasil diupdate.
2025-09-30 05:31:22,964 - INFO - 1 data di 'queue' berhasil diupdate.
2025-09-30 05:33:17,976 - INFO - 1 data di 'queue' berhasil diupdate.
2025-09-30 05:35:12,983 - INFO - 1 data di 'queue' berhasil diupdate.
2025-09-30 05:37:07,991 - INFO - 1 data di 'queue' berhasil diupdate.
2025-09-30 05:39:02,996 - INFO - 1 data di 'queue' berhasil diupdate.
2025-09-30 05:40:58,014 - INFO - 1 data di 'queue' berhasil diupdate.
2025-09-30 05:42:53,021 - INFO - 1 data di 'queue' berhasil diupdate.
2025-09-30 05:44:48,037 - INFO - 1 data di 'queue' berhasil diupdate.
2025-09-30 05:46:43,050 - INFO - 1 data di 'queue' berhasil diupdate.
2025-09-30 05:48:38,056 - INFO - 1 data di 'queue' berhasil diupdate.
2025-09-30 05:50:33,064 - INFO - 1 data di 'queue' berhasil diupdate.
2025-09-30 05:52:28,078 - INFO - 1 data di 'queue' berhasil diupdate.
2025-09-30 05:54:23,093 - INFO - 1 data di 'queue' berhasil diupdate.
2025-09-30 05:56:18,111 - INFO - 1 data di 'queue' berhasil diupdate.
2025-09-30 05:58:13,129 - INFO - 1 data di 'queue' berhasil diupdate.
2025-09-30 06:00:08,140 - INFO - 1 data di 'queue' berhasil diupdate.
2025-09-30 06:02:03,155 - INFO - 1 data di 'queue' berhasil diupdate.
2025-09-30 06:03:58,169 - INFO - 1 data di 'queue' berhasil diupdate.
2025-09-30 06:05:53,182 - INFO - 1 data di 'queue' berhasil diupdate.
2025-09-30 06:07:48,193 - INFO - 1 data di 'queue' berhasil diupdate.
2025-09-30 06:09:43,201 - INFO - 1 data di 'queue' berhasil diupdate.
2025-09-30 06:11:38,210 - INFO - 1 data di 'queue' berhasil diupdate.
2025-09-30 06:13:33,219 - INFO - 1 data di 'queue' berhasil diupdate.
2025-09-30 06:15:28,223 - INFO - 1 data di 'queue' berhasil diupdate.
2025-09-30 06:17:23,239 - INFO - 1 data di 'queue' berhasil diupdate.
2025-09-30 06:19:18,249 - INFO - 1 data di 'queue' berhasil diupdate.
2025-09-30 06:21:13,255 - INFO - 1 data di 'queue' berhasil diupdate.
2025-09-30 06:23:08,275 - INFO - 1 data di 'queue' berhasil diupdate.
2025-09-30 06:25:03,279 - INFO - 1 data di 'queue' berhasil diupdate.
2025-09-30 06:26:58,295 - INFO - 1 data di 'queue' berhasil diupdate.
2025-09-30 06:28:53,311 - INFO - 1 data di 'queue' berhasil diupdate.
2025-09-30 06:30:48,325 - INFO - 1 data di 'queue' berhasil diupdate.
2025-09-30 06:32:43,331 - INFO - 1 data di 'queue' berhasil diupdate.
2025-09-30 06:34:38,335 - INFO - 1 data di 'queue' berhasil diupdate.
2025-09-30 06:36:33,343 - INFO - 1 data di 'queue' berhasil diupdate.
2025-09-30 06:38:28,362 - INFO - 1 data di 'queue' berhasil diupdate.
2025-09-30 06:40:23,378 - INFO - 1 data di 'queue' berhasil diupdate.
2025-09-30 06:42:18,384 - INFO - 1 data di 'queue' berhasil diupdate.
2025-09-30 06:44:13,387 - INFO - 1 data di 'queue' berhasil diupdate.
2025-09-30 06:46:08,397 - INFO - 1 data di 'queue' berhasil diupdate.
2025-09-30 06:48:03,409 - INFO - 1 data di 'queue' berhasil diupdate.
2025-09-30 06:49:58,423 - INFO - 1 data di 'queue' berhasil diupdate.
2025-09-30 06:51:53,432 - INFO - 1 data di 'queue' berhasil diupdate.
2025-09-30 06:53:48,441 - INFO - 1 data di 'queue' berhasil diupdate.
2025-09-30 06:55:43,461 - INFO - 1 data di 'queue' berhasil diupdate.
2025-09-30 06:57:38,474 - INFO - 1 data di 'queue' berhasil diupdate.
2025-09-30 06:59:33,480 - INFO - 1 data di 'queue' berhasil diupdate.
2025-09-30 07:01:28,498 - INFO - 1 data di 'queue' berhasil diupdate.
2025-09-30 07:03:23,502 - INFO - 1 data di 'queue' berhasil diupdate.
2025-09-30 07:05:18,511 - INFO - 1 data di 'queue' berhasil diupdate.
2025-09-30 07:07:13,524 - INFO - 1 data di 'queue' berhasil diupdate.
2025-09-30 07:09:08,539 - INFO - 1 data di 'queue' berhasil diupdate.
2025-09-30 07:11:03,556 - INFO - 1 data di 'queue' berhasil diupdate.
2025-09-30 07:12:58,562 - INFO - 1 data di 'queue' berhasil diupdate.
2025-09-30 07:14:53,580 - INFO - 1 data di 'queue' berhasil diupdate.
2025-09-30 07:16:48,588 - INFO - 1 data di 'queue' berhasil diupdate.
2025-09-30 07:18:43,605 - INFO - 1 data di 'queue' berhasil diupdate.
2025-09-30 07:20:38,610 - INFO - 1 data di 'queue' berhasil diupdate.
2025-09-30 07:22:33,624 - INFO - 1 data di 'queue' berhasil diupdate.
2025-09-30 07:24:28,636 - INFO - 1 data di 'queue' berhasil diupdate.
2025-09-30 07:26:23,649 - INFO - 1 data di 'queue' berhasil diupdate.
2025-09-30 07:28:18,660 - INFO - 1 data di 'queue' berhasil diupdate.
2025-09-30 07:30:13,664 - INFO - 1 data di 'queue' berhasil diupdate.
2025-09-30 07:32:08,681 - INFO - 1 data di 'queue' berhasil diupdate.
2025-09-30 07:34:03,695 - INFO - 1 data di 'queue' berhasil diupdate.
2025-09-30 07:35:58,703 - INFO - 1 data di 'queue' berhasil diupdate.
2025-09-30 07:37:53,716 - INFO - 1 data di 'queue' berhasil diupdate.
2025-09-30 07:39:48,737 - INFO - 1 data di 'queue' berhasil diupdate.
2025-09-30 07:41:43,750 - INFO - 1 data di 'queue' berhasil diupdate.
2025-09-30 07:43:38,766 - INFO - 1 data di 'queue' berhasil diupdate.
2025-09-30 07:45:33,783 - INFO - 1 data di 'queue' berhasil diupdate.
2025-09-30 07:47:28,790 - INFO - 1 data di 'queue' berhasil diupdate.
2025-09-30 07:49:23,797 - INFO - 1 data di 'queue' berhasil diupdate.
2025-09-30 07:51:18,804 - INFO - 1 data di 'queue' berhasil diupdate.
2025-09-30 07:53:13,820 - INFO - 1 data di 'queue' berhasil diupdate.
2025-09-30 07:55:08,835 - INFO - 1 data di 'queue' berhasil diupdate.
2025-09-30 07:57:03,853 - INFO - 1 data di 'queue' berhasil diupdate.
2025-09-30 07:58:58,873 - INFO - 1 data di 'queue' berhasil diupdate.
2025-09-30 08:00:53,890 - INFO - 1 data di 'queue' berhasil diupdate.
2025-09-30 08:02:48,907 - INFO - 1 data di 'queue' berhasil diupdate.
2025-09-30 08:04:43,915 - INFO - 1 data di 'queue' berhasil diupdate.
2025-09-30 08:06:38,931 - INFO - 1 data di 'queue' berhasil diupdate.
2025-09-30 08:08:33,938 - INFO - 1 data di 'queue' berhasil diupdate.
2025-09-30 08:10:28,943 - INFO - 1 data di 'queue' berhasil diupdate.
2025-09-30 08:12:23,954 - INFO - 1 data di 'queue' berhasil diupdate.
2025-09-30 08:14:18,966 - INFO - 1 data di 'queue' berhasil diupdate.
2025-09-30 08:16:13,978 - INFO - 1 data di 'queue' berhasil diupdate.
2025-09-30 08:18:08,983 - INFO - 1 data di 'queue' berhasil diupdate.
2025-09-30 08:20:04,000 - INFO - 1 data di 'queue' berhasil diupdate.
2025-09-30 08:21:59,015 - INFO - 1 data di 'queue' berhasil diupdate.
2025-09-30 08:23:54,032 - INFO - 1 data di 'queue' berhasil diupdate.
2025-09-30 08:25:49,048 - INFO - 1 data di 'queue' berhasil diupdate.
2025-09-30 08:27:44,061 - INFO - 1 data di 'queue' berhasil diupdate.
2025-09-30 08:29:39,081 - INFO - 1 data di 'queue' berhasil diupdate.
2025-09-30 08:31:34,094 - INFO - 1 data di 'queue' berhasil diupdate.
2025-09-30 08:33:29,102 - INFO - 1 data di 'queue' berhasil diupdate.
2025-09-30 08:35:24,111 - INFO - 1 data di 'queue' berhasil diupdate.
2025-09-30 08:37:19,123 - INFO - 1 data di 'queue' berhasil diupdate.
2025-09-30 08:39:14,139 - INFO - 1 data di 'queue' berhasil diupdate.
2025-09-30 08:41:09,147 - INFO - 1 data di 'queue' berhasil diupdate.
2025-09-30 08:43:04,165 - INFO - 1 data di 'queue' berhasil diupdate.
2025-09-30 08:44:59,174 - INFO - 1 data di 'queue' berhasil diupdate.
2025-09-30 08:46:54,185 - INFO - 1 data di 'queue' berhasil diupdate.
2025-09-30 08:48:49,198 - INFO - 1 data di 'queue' berhasil diupdate.
2025-09-30 08:50:44,202 - INFO - 1 data di 'queue' berhasil diupdate.
2025-09-30 08:52:39,214 - INFO - 1 data di 'queue' berhasil diupdate.
2025-09-30 08:54:34,219 - INFO - 1 data di 'queue' berhasil diupdate.
2025-09-30 08:56:29,235 - INFO - 1 data di 'queue' berhasil diupdate.
2025-09-30 08:58:24,255 - INFO - 1 data di 'queue' berhasil diupdate.
2025-09-30 09:00:19,258 - INFO - 1 data di 'queue' berhasil diupdate.
2025-09-30 09:02:14,271 - INFO - 1 data di 'queue' berhasil diupdate.
2025-09-30 09:04:09,290 - INFO - 1 data di 'queue' berhasil diupdate.
2025-09-30 09:06:04,299 - INFO - 1 data di 'queue' berhasil diupdate.
2025-09-30 09:07:59,314 - INFO - 1 data di 'queue' berhasil diupdate.
2025-09-30 09:09:54,332 - INFO - 1 data di 'queue' berhasil diupdate.
2025-09-30 09:11:49,350 - INFO - 1 data di 'queue' berhasil diupdate.
2025-09-30 09:13:44,367 - INFO - 1 data di 'queue' berhasil diupdate.
2025-09-30 09:15:39,378 - INFO - 1 data di 'queue' berhasil diupdate.
2025-09-30 09:17:34,394 - INFO - 1 data di 'queue' berhasil diupdate.
2025-09-30 09:19:29,402 - INFO - 1 data di 'queue' berhasil diupdate.
2025-09-30 09:21:24,406 - INFO - 1 data di 'queue' berhasil diupdate.
2025-09-30 09:23:19,421 - INFO - 1 data di 'queue' berhasil diupdate.
2025-09-30 09:25:14,425 - INFO - 1 data di 'queue' berhasil diupdate.
2025-09-30 09:27:09,441 - INFO - 1 data di 'queue' berhasil diupdate.
2025-09-30 09:29:04,456 - INFO - 1 data di 'queue' berhasil diupdate.
2025-09-30 09:30:59,472 - INFO - 1 data di 'queue' berhasil diupdate.
2025-09-30 09:32:54,488 - INFO - 1 data di 'queue' berhasil diupdate.
2025-09-30 09:34:49,496 - INFO - 1 data di 'queue' berhasil diupdate.
2025-09-30 09:36:44,508 - INFO - 1 data di 'queue' berhasil diupdate.
2025-09-30 09:38:39,519 - INFO - 1 data di 'queue' berhasil diupdate.
2025-09-30 09:40:34,534 - INFO - 1 data di 'queue' berhasil diupdate.
2025-09-30 09:42:29,540 - INFO - 1 data di 'queue' berhasil diupdate.
2025-09-30 09:44:24,544 - INFO - 1 data di 'queue' berhasil diupdate.
2025-09-30 09:46:19,555 - INFO - 1 data di 'queue' berhasil diupdate.
2025-09-30 09:48:14,574 - INFO - 1 data di 'queue' berhasil diupdate.
2025-09-30 09:50:09,590 - INFO - 1 data di 'queue' berhasil diupdate.
2025-09-30 09:52:04,609 - INFO - 1 data di 'queue' berhasil diupdate.
2025-09-30 09:53:59,621 - INFO - 1 data di 'queue' berhasil diupdate.
2025-09-30 09:55:54,633 - INFO - 1 data di 'queue' berhasil diupdate.
2025-09-30 09:57:49,642 - INFO - 1 data di 'queue' berhasil diupdate.
2025-09-30 09:59:44,658 - INFO - 1 data di 'queue' berhasil diupdate.
2025-09-30 10:01:39,669 - INFO - 1 data di 'queue' berhasil diupdate.
2025-09-30 10:03:34,687 - INFO - 1 data di 'queue' berhasil diupdate.
2025-09-30 10:05:29,699 - INFO - 1 data di 'queue' berhasil diupdate.
2025-09-30 10:07:24,712 - INFO - 1 data di 'queue' berhasil diupdate.
2025-09-30 10:09:19,721 - INFO - 1 data di 'queue' berhasil diupdate.
2025-09-30 10:11:14,735 - INFO - 1 data di 'queue' berhasil diupdate.
2025-09-30 10:13:09,754 - INFO - 1 data di 'queue' berhasil diupdate.
2025-09-30 10:15:04,766 - INFO - 1 data di 'queue' berhasil diupdate.
2025-09-30 10:16:59,778 - INFO - 1 data di 'queue' berhasil diupdate.
2025-09-30 10:18:54,793 - INFO - 1 data di 'queue' berhasil diupdate.
2025-09-30 10:20:49,809 - INFO - 1 data di 'queue' berhasil diupdate.
2025-09-30 10:22:44,818 - INFO - 1 data di 'queue' berhasil diupdate.
2025-09-30 10:24:39,833 - INFO - 1 data di 'queue' berhasil diupdate.
2025-09-30 10:26:34,845 - INFO - 1 data di 'queue' berhasil diupdate.
2025-09-30 10:28:29,852 - INFO - 1 data di 'queue' berhasil diupdate.
2025-09-30 10:30:24,862 - INFO - 1 data di 'queue' berhasil diupdate.
2025-09-30 10:32:19,877 - INFO - 1 data di 'queue' berhasil diupdate.
2025-09-30 10:34:14,889 - INFO - 1 data di 'queue' berhasil diupdate.
2025-09-30 10:36:09,907 - INFO - 1 data di 'queue' berhasil diupdate.
2025-09-30 10:38:04,914 - INFO - 1 data di 'queue' berhasil diupdate.
2025-09-30 10:39:59,926 - INFO - 1 data di 'queue' berhasil diupdate.
2025-09-30 10:41:54,930 - INFO - 1 data di 'queue' berhasil diupdate.
2025-09-30 10:43:49,947 - INFO - 1 data di 'queue' berhasil diupdate.
2025-09-30 10:45:44,951 - INFO - 1 data di 'queue' berhasil diupdate.
2025-09-30 10:47:39,968 - INFO - 1 data di 'queue' berhasil diupdate.
2025-09-30 10:49:34,988 - INFO - 1 data di 'queue' berhasil diupdate.
2025-09-30 10:51:30,005 - INFO - 1 data di 'queue' berhasil diupdate.
2025-09-30 10:53:25,025 - INFO - 1 data di 'queue' berhasil diupdate.
2025-09-30 10:55:20,031 - INFO - 1 data di 'queue' berhasil diupdate.
2025-09-30 10:57:15,050 - INFO - 1 data di 'queue' berhasil diupdate.
2025-09-30 10:59:10,054 - INFO - 1 data di 'queue' berhasil diupdate.
2025-09-30 11:01:05,061 - INFO - 1 data di 'queue' berhasil diupdate.
2025-09-30 11:03:00,064 - INFO - 1 data di 'queue' berhasil diupdate.
2025-09-30 11:04:55,083 - INFO - 1 data di 'queue' berhasil diupdate.
2025-09-30 11:06:50,090 - INFO - 1 data di 'queue' berhasil diupdate.
2025-09-30 11:08:45,106 - INFO - 1 data di 'queue' berhasil diupdate.
2025-09-30 11:10:40,117 - INFO - 1 data di 'queue' berhasil diupdate.
2025-09-30 11:12:35,130 - INFO - 1 data di 'queue' berhasil diupdate.
2025-09-30 11:14:30,139 - INFO - 1 data di 'queue' berhasil diupdate.
2025-09-30 11:16:25,150 - INFO - 1 data di 'queue' berhasil diupdate.
2025-09-30 11:18:20,158 - INFO - 1 data di 'queue' berhasil diupdate.
2025-09-30 11:20:15,171 - INFO - 1 data di 'queue' berhasil diupdate.
2025-09-30 11:22:10,189 - INFO - 1 data di 'queue' berhasil diupdate.
2025-09-30 11:24:05,196 - INFO - 1 data di 'queue' berhasil diupdate.
2025-09-30 11:26:00,214 - INFO - 1 data di 'queue' berhasil diupdate.
2025-09-30 11:27:55,227 - INFO - 1 data di 'queue' berhasil diupdate.
2025-09-30 11:29:50,233 - INFO - 1 data di 'queue' berhasil diupdate.
2025-09-30 11:31:45,236 - INFO - 1 data di 'queue' berhasil diupdate.
2025-09-30 11:33:40,253 - INFO - 1 data di 'queue' berhasil diupdate.
2025-09-30 11:35:35,258 - INFO - 1 data di 'queue' berhasil diupdate.
2025-09-30 11:37:30,271 - INFO - 1 data di 'queue' berhasil diupdate.
2025-09-30 11:39:25,290 - INFO - 1 data di 'queue' berhasil diupdate.
2025-09-30 11:41:20,303 - INFO - 1 data di 'queue' berhasil diupdate.
2025-09-30 11:43:15,320 - INFO - 1 data di 'queue' berhasil diupdate.
2025-09-30 11:45:10,328 - INFO - 1 data di 'queue' berhasil diupdate.
2025-09-30 11:47:05,346 - INFO - 1 data di 'queue' berhasil diupdate.
2025-09-30 11:49:00,362 - INFO - 1 data di 'queue' berhasil diupdate.
2025-09-30 11:50:55,371 - INFO - 1 data di 'queue' berhasil diupdate.
2025-09-30 11:52:50,381 - INFO - 1 data di 'queue' berhasil diupdate.
2025-09-30 11:54:45,395 - INFO - 1 data di 'queue' berhasil diupdate.
2025-09-30 11:56:40,415 - INFO - 1 data di 'queue' berhasil diupdate.
2025-09-30 11:58:35,420 - INFO - 1 data di 'queue' berhasil diupdate.
2025-09-30 12:00:30,435 - INFO - 1 data di 'queue' berhasil diupdate.
2025-09-30 12:02:25,446 - INFO - 1 data di 'queue' berhasil diupdate.
2025-09-30 12:04:20,463 - INFO - 1 data di 'queue' berhasil diupdate.
2025-09-30 12:06:15,470 - INFO - 1 data di 'queue' berhasil diupdate.
2025-09-30 12:08:10,476 - INFO - 1 data di 'queue' berhasil diupdate.
2025-09-30 12:10:05,492 - INFO - 1 data di 'queue' berhasil diupdate.
2025-09-30 12:12:00,502 - INFO - 1 data di 'queue' berhasil diupdate.
2025-09-30 12:13:55,506 - INFO - 1 data di 'queue' berhasil diupdate.
2025-09-30 12:15:50,523 - INFO - 1 data di 'queue' berhasil diupdate.
2025-09-30 12:17:45,532 - INFO - 1 data di 'queue' berhasil diupdate.
2025-09-30 12:19:40,544 - INFO - 1 data di 'queue' berhasil diupdate.
2025-09-30 12:21:35,563 - INFO - 1 data di 'queue' berhasil diupdate.
2025-09-30 12:23:30,583 - INFO - 1 data di 'queue' berhasil diupdate.
2025-09-30 12:25:25,596 - INFO - 1 data di 'queue' berhasil diupdate.
2025-09-30 12:27:20,608 - INFO - 1 data di 'queue' berhasil diupdate.
2025-09-30 12:29:15,617 - INFO - 1 data di 'queue' berhasil diupdate.
2025-09-30 12:31:10,631 - INFO - 1 data di 'queue' berhasil diupdate.
2025-09-30 12:33:05,641 - INFO - 1 data di 'queue' berhasil diupdate.
2025-09-30 12:35:00,650 - INFO - 1 data di 'queue' berhasil diupdate.
2025-09-30 12:36:55,657 - INFO - 1 data di 'queue' berhasil diupdate.
2025-09-30 12:38:50,673 - INFO - 1 data di 'queue' berhasil diupdate.
2025-09-30 12:40:45,680 - INFO - 1 data di 'queue' berhasil diupdate.
2025-09-30 12:42:40,687 - INFO - 1 data di 'queue' berhasil diupdate.
2025-09-30 12:44:35,696 - INFO - 1 data di 'queue' berhasil diupdate.
2025-09-30 12:46:30,701 - INFO - 1 data di 'queue' berhasil diupdate.
