2025-09-24 00:00:00,004 - INFO - [2025-09-24 00:00:00.004832] Collection 'requests' dihapus 0 dokumen.
2025-09-24 00:00:00,009 - INFO - [2025-09-24 00:00:00.009107] Collection 'responses' dihapus 0 dokumen.
2025-09-24 00:00:00,012 - INFO - [2025-09-24 00:00:00.012497] Collection 'system_status_res' dihapus 0 dokumen.
2025-09-24 00:00:00,016 - INFO - [2025-09-24 00:00:00.016059] Collection 'system_status_req' dihapus 0 dokumen.
2025-09-24 00:00:01,040 - INFO - [2025-09-24 00:00:01.039982] Collection 'requests' dihapus 0 dokumen.
2025-09-24 00:00:01,044 - INFO - [2025-09-24 00:00:01.043989] Collection 'responses' dihapus 0 dokumen.
2025-09-24 00:00:01,048 - INFO - [2025-09-24 00:00:01.048162] Collection 'system_status_res' dihapus 0 dokumen.
2025-09-24 00:00:01,054 - INFO - [2025-09-24 00:00:01.054569] Collection 'system_status_req' dihapus 0 dokumen.
2025-09-24 00:00:02,077 - INFO - [2025-09-24 00:00:02.077807] Collection 'requests' dihapus 0 dokumen.
2025-09-24 00:00:02,082 - INFO - [2025-09-24 00:00:02.082007] Collection 'responses' dihapus 0 dokumen.
2025-09-24 00:00:02,086 - INFO - [2025-09-24 00:00:02.086171] Collection 'system_status_res' dihapus 0 dokumen.
2025-09-24 00:00:02,090 - INFO - [2025-09-24 00:00:02.089980] Collection 'system_status_req' dihapus 0 dokumen.
2025-09-24 00:00:03,109 - INFO - [2025-09-24 00:00:03.109785] Collection 'requests' dihapus 0 dokumen.
2025-09-24 00:00:03,112 - INFO - [2025-09-24 00:00:03.112261] Collection 'responses' dihapus 0 dokumen.
2025-09-24 00:00:03,114 - INFO - [2025-09-24 00:00:03.114282] Collection 'system_status_res' dihapus 0 dokumen.
2025-09-24 00:00:03,116 - INFO - [2025-09-24 00:00:03.116330] Collection 'system_status_req' dihapus 0 dokumen.
2025-09-24 00:00:04,133 - INFO - [2025-09-24 00:00:04.133743] Collection 'requests' dihapus 0 dokumen.
2025-09-24 00:00:04,135 - INFO - [2025-09-24 00:00:04.135647] Collection 'responses' dihapus 0 dokumen.
2025-09-24 00:00:04,137 - INFO - [2025-09-24 00:00:04.137629] Collection 'system_status_res' dihapus 0 dokumen.
2025-09-24 00:00:04,139 - INFO - [2025-09-24 00:00:04.139647] Collection 'system_status_req' dihapus 0 dokumen.
2025-09-24 00:00:05,157 - INFO - [2025-09-24 00:00:05.157186] Collection 'requests' dihapus 0 dokumen.
2025-09-24 00:00:05,159 - INFO - [2025-09-24 00:00:05.159107] Collection 'responses' dihapus 0 dokumen.
2025-09-24 00:00:05,161 - INFO - [2025-09-24 00:00:05.161055] Collection 'system_status_res' dihapus 0 dokumen.
2025-09-24 00:00:05,163 - INFO - [2025-09-24 00:00:05.163205] Collection 'system_status_req' dihapus 0 dokumen.
2025-09-24 00:00:42,782 - INFO - 1 data di 'queue' berhasil diupdate.
2025-09-24 00:02:37,794 - INFO - 1 data di 'queue' berhasil diupdate.
2025-09-24 00:04:32,800 - INFO - 1 data di 'queue' berhasil diupdate.
2025-09-24 00:06:27,812 - INFO - 1 data di 'queue' berhasil diupdate.
2025-09-24 00:08:22,820 - INFO - 1 data di 'queue' berhasil diupdate.
2025-09-24 00:10:17,827 - INFO - 1 data di 'queue' berhasil diupdate.
2025-09-24 00:12:12,839 - INFO - 1 data di 'queue' berhasil diupdate.
2025-09-24 00:14:07,845 - INFO - 1 data di 'queue' berhasil diupdate.
2025-09-24 00:16:02,855 - INFO - 1 data di 'queue' berhasil diupdate.
2025-09-24 00:17:57,872 - INFO - 1 data di 'queue' berhasil diupdate.
2025-09-24 00:19:52,886 - INFO - 1 data di 'queue' berhasil diupdate.
2025-09-24 00:21:47,902 - INFO - 1 data di 'queue' berhasil diupdate.
2025-09-24 00:23:42,907 - INFO - 1 data di 'queue' berhasil diupdate.
2025-09-24 00:25:37,923 - INFO - 1 data di 'queue' berhasil diupdate.
2025-09-24 00:27:32,943 - INFO - 1 data di 'queue' berhasil diupdate.
2025-09-24 00:29:27,951 - INFO - 1 data di 'queue' berhasil diupdate.
2025-09-24 00:31:22,957 - INFO - 1 data di 'queue' berhasil diupdate.
2025-09-24 00:33:17,963 - INFO - 1 data di 'queue' berhasil diupdate.
2025-09-24 00:35:12,967 - INFO - 1 data di 'queue' berhasil diupdate.
2025-09-24 00:37:07,983 - INFO - 1 data di 'queue' berhasil diupdate.
2025-09-24 00:39:02,993 - INFO - 1 data di 'queue' berhasil diupdate.
2025-09-24 00:40:58,009 - INFO - 1 data di 'queue' berhasil diupdate.
2025-09-24 00:42:53,022 - INFO - 1 data di 'queue' berhasil diupdate.
2025-09-24 00:44:48,032 - INFO - 1 data di 'queue' berhasil diupdate.
2025-09-24 00:46:43,038 - INFO - 1 data di 'queue' berhasil diupdate.
2025-09-24 00:48:38,044 - INFO - 1 data di 'queue' berhasil diupdate.
2025-09-24 00:50:33,054 - INFO - 1 data di 'queue' berhasil diupdate.
2025-09-24 00:52:28,064 - INFO - 1 data di 'queue' berhasil diupdate.
2025-09-24 00:54:23,078 - INFO - 1 data di 'queue' berhasil diupdate.
2025-09-24 00:56:18,084 - INFO - 1 data di 'queue' berhasil diupdate.
2025-09-24 00:58:13,104 - INFO - 1 data di 'queue' berhasil diupdate.
2025-09-24 01:00:08,124 - INFO - 1 data di 'queue' berhasil diupdate.
2025-09-24 01:02:03,132 - INFO - 1 data di 'queue' berhasil diupdate.
2025-09-24 01:03:58,141 - INFO - 1 data di 'queue' berhasil diupdate.
2025-09-24 01:05:53,159 - INFO - 1 data di 'queue' berhasil diupdate.
2025-09-24 01:07:48,169 - INFO - 1 data di 'queue' berhasil diupdate.
2025-09-24 01:09:43,188 - INFO - 1 data di 'queue' berhasil diupdate.
2025-09-24 01:11:38,193 - INFO - 1 data di 'queue' berhasil diupdate.
2025-09-24 01:13:33,208 - INFO - 1 data di 'queue' berhasil diupdate.
2025-09-24 01:15:28,212 - INFO - 1 data di 'queue' berhasil diupdate.
2025-09-24 01:17:23,220 - INFO - 1 data di 'queue' berhasil diupdate.
2025-09-24 01:19:18,227 - INFO - 1 data di 'queue' berhasil diupdate.
2025-09-24 01:21:13,237 - INFO - 1 data di 'queue' berhasil diupdate.
2025-09-24 01:23:08,251 - INFO - 1 data di 'queue' berhasil diupdate.
2025-09-24 01:25:03,260 - INFO - 1 data di 'queue' berhasil diupdate.
2025-09-24 01:26:58,268 - INFO - 1 data di 'queue' berhasil diupdate.
2025-09-24 01:28:53,273 - INFO - 1 data di 'queue' berhasil diupdate.
2025-09-24 01:30:48,279 - INFO - 1 data di 'queue' berhasil diupdate.
2025-09-24 01:32:43,285 - INFO - 1 data di 'queue' berhasil diupdate.
2025-09-24 01:34:38,298 - INFO - 1 data di 'queue' berhasil diupdate.
2025-09-24 01:36:33,313 - INFO - 1 data di 'queue' berhasil diupdate.
2025-09-24 01:38:28,332 - INFO - 1 data di 'queue' berhasil diupdate.
2025-09-24 01:40:23,347 - INFO - 1 data di 'queue' berhasil diupdate.
2025-09-24 01:42:18,362 - INFO - 1 data di 'queue' berhasil diupdate.
2025-09-24 01:44:13,371 - INFO - 1 data di 'queue' berhasil diupdate.
2025-09-24 01:46:08,387 - INFO - 1 data di 'queue' berhasil diupdate.
2025-09-24 01:48:03,393 - INFO - 1 data di 'queue' berhasil diupdate.
2025-09-24 01:49:58,410 - INFO - 1 data di 'queue' berhasil diupdate.
2025-09-24 01:51:53,417 - INFO - 1 data di 'queue' berhasil diupdate.
2025-09-24 01:53:48,425 - INFO - 1 data di 'queue' berhasil diupdate.
2025-09-24 01:55:43,432 - INFO - 1 data di 'queue' berhasil diupdate.
2025-09-24 01:57:38,447 - INFO - 1 data di 'queue' berhasil diupdate.
2025-09-24 01:59:33,458 - INFO - 1 data di 'queue' berhasil diupdate.
2025-09-24 02:01:28,462 - INFO - 1 data di 'queue' berhasil diupdate.
2025-09-24 02:03:23,473 - INFO - 1 data di 'queue' berhasil diupdate.
2025-09-24 02:05:18,487 - INFO - 1 data di 'queue' berhasil diupdate.
2025-09-24 02:07:13,501 - INFO - 1 data di 'queue' berhasil diupdate.
2025-09-24 02:09:08,519 - INFO - 1 data di 'queue' berhasil diupdate.
2025-09-24 02:11:03,535 - INFO - 1 data di 'queue' berhasil diupdate.
2025-09-24 02:12:58,550 - INFO - 1 data di 'queue' berhasil diupdate.
2025-09-24 02:14:53,568 - INFO - 1 data di 'queue' berhasil diupdate.
2025-09-24 02:16:48,587 - INFO - 1 data di 'queue' berhasil diupdate.
2025-09-24 02:18:43,605 - INFO - 1 data di 'queue' berhasil diupdate.
2025-09-24 02:20:38,623 - INFO - 1 data di 'queue' berhasil diupdate.
2025-09-24 02:22:33,632 - INFO - 1 data di 'queue' berhasil diupdate.
2025-09-24 02:24:28,639 - INFO - 1 data di 'queue' berhasil diupdate.
2025-09-24 02:26:23,645 - INFO - 1 data di 'queue' berhasil diupdate.
2025-09-24 02:28:18,651 - INFO - 1 data di 'queue' berhasil diupdate.
2025-09-24 02:30:13,659 - INFO - 1 data di 'queue' berhasil diupdate.
2025-09-24 02:32:08,678 - INFO - 1 data di 'queue' berhasil diupdate.
2025-09-24 02:34:03,693 - INFO - 1 data di 'queue' berhasil diupdate.
2025-09-24 02:35:58,697 - INFO - 1 data di 'queue' berhasil diupdate.
2025-09-24 02:37:53,706 - INFO - 1 data di 'queue' berhasil diupdate.
2025-09-24 02:39:48,712 - INFO - 1 data di 'queue' berhasil diupdate.
2025-09-24 02:41:43,722 - INFO - 1 data di 'queue' berhasil diupdate.
2025-09-24 02:43:38,739 - INFO - 1 data di 'queue' berhasil diupdate.
2025-09-24 02:45:33,748 - INFO - 1 data di 'queue' berhasil diupdate.
2025-09-24 02:47:28,754 - INFO - 1 data di 'queue' berhasil diupdate.
2025-09-24 02:49:23,760 - INFO - 1 data di 'queue' berhasil diupdate.
2025-09-24 02:51:18,765 - INFO - 1 data di 'queue' berhasil diupdate.
2025-09-24 02:53:13,776 - INFO - 1 data di 'queue' berhasil diupdate.
2025-09-24 02:55:08,782 - INFO - 1 data di 'queue' berhasil diupdate.
2025-09-24 02:57:03,788 - INFO - 1 data di 'queue' berhasil diupdate.
2025-09-24 02:58:58,801 - INFO - 1 data di 'queue' berhasil diupdate.
2025-09-24 03:00:53,810 - INFO - 1 data di 'queue' berhasil diupdate.
2025-09-24 03:02:48,823 - INFO - 1 data di 'queue' berhasil diupdate.
2025-09-24 03:04:43,842 - INFO - 1 data di 'queue' berhasil diupdate.
2025-09-24 03:06:38,846 - INFO - 1 data di 'queue' berhasil diupdate.
2025-09-24 03:08:33,851 - INFO - 1 data di 'queue' berhasil diupdate.
2025-09-24 03:10:28,862 - INFO - 1 data di 'queue' berhasil diupdate.
2025-09-24 03:12:23,881 - INFO - 1 data di 'queue' berhasil diupdate.
2025-09-24 03:14:18,892 - INFO - 1 data di 'queue' berhasil diupdate.
2025-09-24 03:16:13,898 - INFO - 1 data di 'queue' berhasil diupdate.
2025-09-24 03:18:08,912 - INFO - 1 data di 'queue' berhasil diupdate.
2025-09-24 03:20:03,926 - INFO - 1 data di 'queue' berhasil diupdate.
2025-09-24 03:21:58,934 - INFO - 1 data di 'queue' berhasil diupdate.
2025-09-24 03:23:53,944 - INFO - 1 data di 'queue' berhasil diupdate.
2025-09-24 03:25:48,964 - INFO - 1 data di 'queue' berhasil diupdate.
2025-09-24 03:27:43,970 - INFO - 1 data di 'queue' berhasil diupdate.
2025-09-24 03:29:38,979 - INFO - 1 data di 'queue' berhasil diupdate.
2025-09-24 03:31:33,983 - INFO - 1 data di 'queue' berhasil diupdate.
2025-09-24 03:33:28,996 - INFO - 1 data di 'queue' berhasil diupdate.
2025-09-24 03:35:24,010 - INFO - 1 data di 'queue' berhasil diupdate.
2025-09-24 03:37:19,026 - INFO - 1 data di 'queue' berhasil diupdate.
2025-09-24 03:39:14,040 - INFO - 1 data di 'queue' berhasil diupdate.
2025-09-24 03:41:09,052 - INFO - 1 data di 'queue' berhasil diupdate.
2025-09-24 03:43:04,068 - INFO - 1 data di 'queue' berhasil diupdate.
2025-09-24 03:44:59,074 - INFO - 1 data di 'queue' berhasil diupdate.
2025-09-24 03:46:54,088 - INFO - 1 data di 'queue' berhasil diupdate.
2025-09-24 03:48:49,097 - INFO - 1 data di 'queue' berhasil diupdate.
2025-09-24 03:50:44,112 - INFO - 1 data di 'queue' berhasil diupdate.
2025-09-24 03:52:39,122 - INFO - 1 data di 'queue' berhasil diupdate.
2025-09-24 03:54:34,128 - INFO - 1 data di 'queue' berhasil diupdate.
2025-09-24 03:56:29,138 - INFO - 1 data di 'queue' berhasil diupdate.
2025-09-24 03:58:24,153 - INFO - 1 data di 'queue' berhasil diupdate.
2025-09-24 04:00:19,163 - INFO - 1 data di 'queue' berhasil diupdate.
2025-09-24 04:02:14,168 - INFO - 1 data di 'queue' berhasil diupdate.
2025-09-24 04:04:09,174 - INFO - 1 data di 'queue' berhasil diupdate.
2025-09-24 04:06:04,188 - INFO - 1 data di 'queue' berhasil diupdate.
2025-09-24 04:07:59,192 - INFO - 1 data di 'queue' berhasil diupdate.
2025-09-24 04:09:54,212 - INFO - 1 data di 'queue' berhasil diupdate.
2025-09-24 04:11:49,220 - INFO - 1 data di 'queue' berhasil diupdate.
2025-09-24 04:13:44,234 - INFO - 1 data di 'queue' berhasil diupdate.
2025-09-24 04:15:39,246 - INFO - 1 data di 'queue' berhasil diupdate.
2025-09-24 04:17:34,252 - INFO - 1 data di 'queue' berhasil diupdate.
2025-09-24 04:19:29,261 - INFO - 1 data di 'queue' berhasil diupdate.
2025-09-24 04:21:24,281 - INFO - 1 data di 'queue' berhasil diupdate.
2025-09-24 04:23:19,290 - INFO - 1 data di 'queue' berhasil diupdate.
2025-09-24 04:25:14,303 - INFO - 1 data di 'queue' berhasil diupdate.
2025-09-24 04:27:09,317 - INFO - 1 data di 'queue' berhasil diupdate.
2025-09-24 04:29:04,331 - INFO - 1 data di 'queue' berhasil diupdate.
2025-09-24 04:30:59,350 - INFO - 1 data di 'queue' berhasil diupdate.
2025-09-24 04:32:54,355 - INFO - 1 data di 'queue' berhasil diupdate.
2025-09-24 04:34:49,363 - INFO - 1 data di 'queue' berhasil diupdate.
2025-09-24 04:36:44,377 - INFO - 1 data di 'queue' berhasil diupdate.
2025-09-24 04:38:39,394 - INFO - 1 data di 'queue' berhasil diupdate.
2025-09-24 04:40:34,401 - INFO - 1 data di 'queue' berhasil diupdate.
2025-09-24 04:42:29,407 - INFO - 1 data di 'queue' berhasil diupdate.
2025-09-24 04:44:24,415 - INFO - 1 data di 'queue' berhasil diupdate.
2025-09-24 04:46:19,423 - INFO - 1 data di 'queue' berhasil diupdate.
2025-09-24 04:48:14,435 - INFO - 1 data di 'queue' berhasil diupdate.
2025-09-24 04:50:09,441 - INFO - 1 data di 'queue' berhasil diupdate.
2025-09-24 04:52:04,451 - INFO - 1 data di 'queue' berhasil diupdate.
2025-09-24 04:53:59,463 - INFO - 1 data di 'queue' berhasil diupdate.
2025-09-24 04:55:54,467 - INFO - 1 data di 'queue' berhasil diupdate.
2025-09-24 04:57:49,477 - INFO - 1 data di 'queue' berhasil diupdate.
2025-09-24 04:59:44,491 - INFO - 1 data di 'queue' berhasil diupdate.
2025-09-24 05:01:39,502 - INFO - 1 data di 'queue' berhasil diupdate.
2025-09-24 05:03:34,512 - INFO - 1 data di 'queue' berhasil diupdate.
2025-09-24 05:05:29,517 - INFO - 1 data di 'queue' berhasil diupdate.
2025-09-24 05:07:24,521 - INFO - 1 data di 'queue' berhasil diupdate.
2025-09-24 05:09:19,528 - INFO - 1 data di 'queue' berhasil diupdate.
2025-09-24 05:11:14,534 - INFO - 1 data di 'queue' berhasil diupdate.
2025-09-24 05:13:09,551 - INFO - 1 data di 'queue' berhasil diupdate.
2025-09-24 05:15:04,563 - INFO - 1 data di 'queue' berhasil diupdate.
2025-09-24 05:16:59,572 - INFO - 1 data di 'queue' berhasil diupdate.
2025-09-24 05:18:54,591 - INFO - 1 data di 'queue' berhasil diupdate.
2025-09-24 05:20:49,609 - INFO - 1 data di 'queue' berhasil diupdate.
2025-09-24 05:22:44,621 - INFO - 1 data di 'queue' berhasil diupdate.
2025-09-24 05:24:39,636 - INFO - 1 data di 'queue' berhasil diupdate.
2025-09-24 05:26:34,644 - INFO - 1 data di 'queue' berhasil diupdate.
2025-09-24 05:28:29,662 - INFO - 1 data di 'queue' berhasil diupdate.
2025-09-24 05:30:24,679 - INFO - 1 data di 'queue' berhasil diupdate.
2025-09-24 05:32:19,691 - INFO - 1 data di 'queue' berhasil diupdate.
2025-09-24 05:34:14,707 - INFO - 1 data di 'queue' berhasil diupdate.
2025-09-24 05:36:09,719 - INFO - 1 data di 'queue' berhasil diupdate.
2025-09-24 05:38:04,734 - INFO - 1 data di 'queue' berhasil diupdate.
2025-09-24 05:39:59,745 - INFO - 1 data di 'queue' berhasil diupdate.
2025-09-24 05:41:54,753 - INFO - 1 data di 'queue' berhasil diupdate.
2025-09-24 05:43:49,762 - INFO - 1 data di 'queue' berhasil diupdate.
2025-09-24 05:45:44,779 - INFO - 1 data di 'queue' berhasil diupdate.
2025-09-24 05:47:39,796 - INFO - 1 data di 'queue' berhasil diupdate.
2025-09-24 05:49:34,817 - INFO - 1 data di 'queue' berhasil diupdate.
2025-09-24 05:51:29,830 - INFO - 1 data di 'queue' berhasil diupdate.
2025-09-24 05:53:24,842 - INFO - 1 data di 'queue' berhasil diupdate.
2025-09-24 05:55:19,850 - INFO - 1 data di 'queue' berhasil diupdate.
2025-09-24 05:57:14,867 - INFO - 1 data di 'queue' berhasil diupdate.
2025-09-24 05:59:09,883 - INFO - 1 data di 'queue' berhasil diupdate.
2025-09-24 06:01:04,893 - INFO - 1 data di 'queue' berhasil diupdate.
2025-09-24 06:02:59,908 - INFO - 1 data di 'queue' berhasil diupdate.
2025-09-24 06:04:54,914 - INFO - 1 data di 'queue' berhasil diupdate.
2025-09-24 06:06:49,924 - INFO - 1 data di 'queue' berhasil diupdate.
2025-09-24 06:08:44,929 - INFO - 1 data di 'queue' berhasil diupdate.
2025-09-24 06:10:39,937 - INFO - 1 data di 'queue' berhasil diupdate.
2025-09-24 06:12:34,942 - INFO - 1 data di 'queue' berhasil diupdate.
2025-09-24 06:14:29,949 - INFO - 1 data di 'queue' berhasil diupdate.
2025-09-24 06:16:24,959 - INFO - 1 data di 'queue' berhasil diupdate.
2025-09-24 06:18:19,967 - INFO - 1 data di 'queue' berhasil diupdate.
2025-09-24 06:20:14,979 - INFO - 1 data di 'queue' berhasil diupdate.
2025-09-24 06:22:09,993 - INFO - 1 data di 'queue' berhasil diupdate.
2025-09-24 06:24:05,000 - INFO - 1 data di 'queue' berhasil diupdate.
2025-09-24 06:26:00,011 - INFO - 1 data di 'queue' berhasil diupdate.
2025-09-24 06:27:55,030 - INFO - 1 data di 'queue' berhasil diupdate.
2025-09-24 06:29:50,050 - INFO - 1 data di 'queue' berhasil diupdate.
2025-09-24 06:31:45,058 - INFO - 1 data di 'queue' berhasil diupdate.
2025-09-24 06:33:40,074 - INFO - 1 data di 'queue' berhasil diupdate.
2025-09-24 06:35:35,093 - INFO - 1 data di 'queue' berhasil diupdate.
2025-09-24 06:37:30,104 - INFO - 1 data di 'queue' berhasil diupdate.
2025-09-24 06:39:25,123 - INFO - 1 data di 'queue' berhasil diupdate.
2025-09-24 06:41:20,133 - INFO - 1 data di 'queue' berhasil diupdate.
2025-09-24 06:43:15,145 - INFO - 1 data di 'queue' berhasil diupdate.
2025-09-24 06:45:10,157 - INFO - 1 data di 'queue' berhasil diupdate.
2025-09-24 06:47:05,166 - INFO - 1 data di 'queue' berhasil diupdate.
2025-09-24 06:49:00,174 - INFO - 1 data di 'queue' berhasil diupdate.
2025-09-24 06:50:55,179 - INFO - 1 data di 'queue' berhasil diupdate.
2025-09-24 06:52:50,194 - INFO - 1 data di 'queue' berhasil diupdate.
2025-09-24 06:54:45,209 - INFO - 1 data di 'queue' berhasil diupdate.
2025-09-24 06:56:40,219 - INFO - 1 data di 'queue' berhasil diupdate.
2025-09-24 06:58:35,230 - INFO - 1 data di 'queue' berhasil diupdate.
2025-09-24 07:00:30,242 - INFO - 1 data di 'queue' berhasil diupdate.
2025-09-24 07:02:25,247 - INFO - 1 data di 'queue' berhasil diupdate.
2025-09-24 07:04:20,258 - INFO - 1 data di 'queue' berhasil diupdate.
2025-09-24 07:06:15,268 - INFO - 1 data di 'queue' berhasil diupdate.
2025-09-24 07:08:10,279 - INFO - 1 data di 'queue' berhasil diupdate.
2025-09-24 07:10:05,292 - INFO - 1 data di 'queue' berhasil diupdate.
2025-09-24 07:12:00,301 - INFO - 1 data di 'queue' berhasil diupdate.
2025-09-24 07:13:55,305 - INFO - 1 data di 'queue' berhasil diupdate.
2025-09-24 07:15:50,311 - INFO - 1 data di 'queue' berhasil diupdate.
2025-09-24 07:17:45,318 - INFO - 1 data di 'queue' berhasil diupdate.
2025-09-24 07:19:40,337 - INFO - 1 data di 'queue' berhasil diupdate.
2025-09-24 07:21:35,340 - INFO - 1 data di 'queue' berhasil diupdate.
2025-09-24 07:23:30,347 - INFO - 1 data di 'queue' berhasil diupdate.
2025-09-24 07:25:25,354 - INFO - 1 data di 'queue' berhasil diupdate.
2025-09-24 07:27:20,359 - INFO - 1 data di 'queue' berhasil diupdate.
2025-09-24 07:29:15,366 - INFO - 1 data di 'queue' berhasil diupdate.
2025-09-24 07:31:10,376 - INFO - 1 data di 'queue' berhasil diupdate.
2025-09-24 07:33:05,382 - INFO - 1 data di 'queue' berhasil diupdate.
2025-09-24 07:35:00,392 - INFO - 1 data di 'queue' berhasil diupdate.
2025-09-24 07:36:55,410 - INFO - 1 data di 'queue' berhasil diupdate.
2025-09-24 07:38:50,424 - INFO - 1 data di 'queue' berhasil diupdate.
2025-09-24 07:40:45,433 - INFO - 1 data di 'queue' berhasil diupdate.
2025-09-24 07:42:40,446 - INFO - 1 data di 'queue' berhasil diupdate.
2025-09-24 07:44:35,463 - INFO - 1 data di 'queue' berhasil diupdate.
2025-09-24 07:46:30,467 - INFO - 1 data di 'queue' berhasil diupdate.
2025-09-24 07:48:25,479 - INFO - 1 data di 'queue' berhasil diupdate.
2025-09-24 07:50:20,492 - INFO - 1 data di 'queue' berhasil diupdate.
2025-09-24 07:52:15,512 - INFO - 1 data di 'queue' berhasil diupdate.
2025-09-24 07:54:10,527 - INFO - 1 data di 'queue' berhasil diupdate.
2025-09-24 07:56:05,540 - INFO - 1 data di 'queue' berhasil diupdate.
2025-09-24 07:58:00,544 - INFO - 1 data di 'queue' berhasil diupdate.
2025-09-24 07:59:55,555 - INFO - 1 data di 'queue' berhasil diupdate.
2025-09-24 08:01:50,564 - INFO - 1 data di 'queue' berhasil diupdate.
2025-09-24 08:03:45,577 - INFO - 1 data di 'queue' berhasil diupdate.
2025-09-24 08:05:40,582 - INFO - 1 data di 'queue' berhasil diupdate.
2025-09-24 08:07:35,598 - INFO - 1 data di 'queue' berhasil diupdate.
2025-09-24 08:09:30,605 - INFO - 1 data di 'queue' berhasil diupdate.
2025-09-24 08:11:25,619 - INFO - 1 data di 'queue' berhasil diupdate.
2025-09-24 08:13:20,634 - INFO - 1 data di 'queue' berhasil diupdate.
2025-09-24 08:15:15,641 - INFO - 1 data di 'queue' berhasil diupdate.
2025-09-24 08:17:10,649 - INFO - 1 data di 'queue' berhasil diupdate.
2025-09-24 08:19:05,659 - INFO - 1 data di 'queue' berhasil diupdate.
2025-09-24 08:21:00,667 - INFO - 1 data di 'queue' berhasil diupdate.
2025-09-24 08:22:55,686 - INFO - 1 data di 'queue' berhasil diupdate.
2025-09-24 08:24:50,695 - INFO - 1 data di 'queue' berhasil diupdate.
2025-09-24 08:26:45,714 - INFO - 1 data di 'queue' berhasil diupdate.
2025-09-24 08:28:40,721 - INFO - 1 data di 'queue' berhasil diupdate.
2025-09-24 08:30:35,730 - INFO - 1 data di 'queue' berhasil diupdate.
2025-09-24 08:32:30,749 - INFO - 1 data di 'queue' berhasil diupdate.
2025-09-24 08:34:25,758 - INFO - 1 data di 'queue' berhasil diupdate.
2025-09-24 08:36:20,770 - INFO - 1 data di 'queue' berhasil diupdate.
2025-09-24 08:38:15,786 - INFO - 1 data di 'queue' berhasil diupdate.
2025-09-24 08:40:10,796 - INFO - 1 data di 'queue' berhasil diupdate.
2025-09-24 08:42:05,804 - INFO - 1 data di 'queue' berhasil diupdate.
2025-09-24 08:44:00,811 - INFO - 1 data di 'queue' berhasil diupdate.
2025-09-24 08:45:55,819 - INFO - 1 data di 'queue' berhasil diupdate.
2025-09-24 08:47:50,824 - INFO - 1 data di 'queue' berhasil diupdate.
2025-09-24 08:49:45,838 - INFO - 1 data di 'queue' berhasil diupdate.
2025-09-24 08:51:40,850 - INFO - 1 data di 'queue' berhasil diupdate.
2025-09-24 08:53:35,861 - INFO - 1 data di 'queue' berhasil diupdate.
2025-09-24 08:55:30,879 - INFO - 1 data di 'queue' berhasil diupdate.
2025-09-24 08:57:25,891 - INFO - 1 data di 'queue' berhasil diupdate.
2025-09-24 08:59:20,907 - INFO - 1 data di 'queue' berhasil diupdate.
2025-09-24 09:01:15,922 - INFO - 1 data di 'queue' berhasil diupdate.
2025-09-24 09:03:10,939 - INFO - 1 data di 'queue' berhasil diupdate.
2025-09-24 09:05:05,944 - INFO - 1 data di 'queue' berhasil diupdate.
2025-09-24 09:07:00,958 - INFO - 1 data di 'queue' berhasil diupdate.
2025-09-24 09:08:55,966 - INFO - 1 data di 'queue' berhasil diupdate.
2025-09-24 09:10:50,981 - INFO - 1 data di 'queue' berhasil diupdate.
2025-09-24 09:12:45,992 - INFO - 1 data di 'queue' berhasil diupdate.
2025-09-24 09:14:41,002 - INFO - 1 data di 'queue' berhasil diupdate.
2025-09-24 09:16:36,021 - INFO - 1 data di 'queue' berhasil diupdate.
2025-09-24 09:18:31,042 - INFO - 1 data di 'queue' berhasil diupdate.
2025-09-24 09:20:26,047 - INFO - 1 data di 'queue' berhasil diupdate.
2025-09-24 09:22:21,057 - INFO - 1 data di 'queue' berhasil diupdate.
2025-09-24 09:24:16,068 - INFO - 1 data di 'queue' berhasil diupdate.
2025-09-24 09:26:11,079 - INFO - 1 data di 'queue' berhasil diupdate.
2025-09-24 09:28:06,086 - INFO - 1 data di 'queue' berhasil diupdate.
2025-09-24 09:30:01,102 - INFO - 1 data di 'queue' berhasil diupdate.
2025-09-24 09:31:56,112 - INFO - 1 data di 'queue' berhasil diupdate.
2025-09-24 09:33:51,132 - INFO - 1 data di 'queue' berhasil diupdate.
2025-09-24 09:35:46,140 - INFO - 1 data di 'queue' berhasil diupdate.
2025-09-24 09:37:41,151 - INFO - 1 data di 'queue' berhasil diupdate.
2025-09-24 09:39:36,163 - INFO - 1 data di 'queue' berhasil diupdate.
2025-09-24 09:41:31,180 - INFO - 1 data di 'queue' berhasil diupdate.
2025-09-24 09:43:26,194 - INFO - 1 data di 'queue' berhasil diupdate.
2025-09-24 09:45:21,203 - INFO - 1 data di 'queue' berhasil diupdate.
2025-09-24 09:47:16,214 - INFO - 1 data di 'queue' berhasil diupdate.
2025-09-24 09:49:11,224 - INFO - 1 data di 'queue' berhasil diupdate.
2025-09-24 09:51:06,232 - INFO - 1 data di 'queue' berhasil diupdate.
2025-09-24 09:53:01,245 - INFO - 1 data di 'queue' berhasil diupdate.
2025-09-24 09:54:56,261 - INFO - 1 data di 'queue' berhasil diupdate.
2025-09-24 09:56:51,269 - INFO - 1 data di 'queue' berhasil diupdate.
2025-09-24 09:58:46,281 - INFO - 1 data di 'queue' berhasil diupdate.
2025-09-24 10:00:41,295 - INFO - 1 data di 'queue' berhasil diupdate.
2025-09-24 10:02:36,300 - INFO - 1 data di 'queue' berhasil diupdate.
2025-09-24 10:04:31,317 - INFO - 1 data di 'queue' berhasil diupdate.
2025-09-24 10:06:26,332 - INFO - 1 data di 'queue' berhasil diupdate.
2025-09-24 10:08:21,344 - INFO - 1 data di 'queue' berhasil diupdate.
2025-09-24 10:10:16,348 - INFO - 1 data di 'queue' berhasil diupdate.
2025-09-24 10:12:11,360 - INFO - 1 data di 'queue' berhasil diupdate.
2025-09-24 10:14:06,365 - INFO - 1 data di 'queue' berhasil diupdate.
2025-09-24 10:16:01,370 - INFO - 1 data di 'queue' berhasil diupdate.
2025-09-24 10:17:56,383 - INFO - 1 data di 'queue' berhasil diupdate.
2025-09-24 10:19:51,391 - INFO - 1 data di 'queue' berhasil diupdate.
2025-09-24 10:21:46,399 - INFO - 1 data di 'queue' berhasil diupdate.
2025-09-24 10:23:41,403 - INFO - 1 data di 'queue' berhasil diupdate.
2025-09-24 10:25:36,413 - INFO - 1 data di 'queue' berhasil diupdate.
2025-09-24 10:27:31,425 - INFO - 1 data di 'queue' berhasil diupdate.
2025-09-24 10:29:26,443 - INFO - 1 data di 'queue' berhasil diupdate.
2025-09-24 10:31:21,460 - INFO - 1 data di 'queue' berhasil diupdate.
2025-09-24 10:33:16,470 - INFO - 1 data di 'queue' berhasil diupdate.
2025-09-24 10:35:11,477 - INFO - 1 data di 'queue' berhasil diupdate.
2025-09-24 10:37:06,488 - INFO - 1 data di 'queue' berhasil diupdate.
2025-09-24 10:39:01,502 - INFO - 1 data di 'queue' berhasil diupdate.
2025-09-24 10:40:56,522 - INFO - 1 data di 'queue' berhasil diupdate.
2025-09-24 10:42:51,534 - INFO - 1 data di 'queue' berhasil diupdate.
2025-09-24 10:44:46,551 - INFO - 1 data di 'queue' berhasil diupdate.
2025-09-24 10:46:41,568 - INFO - 1 data di 'queue' berhasil diupdate.
2025-09-24 10:48:36,585 - INFO - 1 data di 'queue' berhasil diupdate.
2025-09-24 10:50:31,589 - INFO - 1 data di 'queue' berhasil diupdate.
2025-09-24 10:52:26,608 - INFO - 1 data di 'queue' berhasil diupdate.
2025-09-24 10:54:21,624 - INFO - 1 data di 'queue' berhasil diupdate.
2025-09-24 10:56:16,633 - INFO - 1 data di 'queue' berhasil diupdate.
2025-09-24 10:58:11,649 - INFO - 1 data di 'queue' berhasil diupdate.
2025-09-24 11:00:06,661 - INFO - 1 data di 'queue' berhasil diupdate.
2025-09-24 11:02:01,679 - INFO - 1 data di 'queue' berhasil diupdate.
2025-09-24 11:03:56,686 - INFO - 1 data di 'queue' berhasil diupdate.
2025-09-24 11:05:51,705 - INFO - 1 data di 'queue' berhasil diupdate.
2025-09-24 11:07:46,719 - INFO - 1 data di 'queue' berhasil diupdate.
2025-09-24 11:09:41,725 - INFO - 1 data di 'queue' berhasil diupdate.
2025-09-24 11:11:36,735 - INFO - 1 data di 'queue' berhasil diupdate.
2025-09-24 11:13:31,753 - INFO - 1 data di 'queue' berhasil diupdate.
2025-09-24 11:15:26,760 - INFO - 1 data di 'queue' berhasil diupdate.
2025-09-24 11:17:21,769 - INFO - 1 data di 'queue' berhasil diupdate.
2025-09-24 11:19:16,773 - INFO - 1 data di 'queue' berhasil diupdate.
2025-09-24 11:21:11,788 - INFO - 1 data di 'queue' berhasil diupdate.
2025-09-24 11:23:06,803 - INFO - 1 data di 'queue' berhasil diupdate.
2025-09-24 11:25:01,820 - INFO - 1 data di 'queue' berhasil diupdate.
2025-09-24 11:26:56,830 - INFO - 1 data di 'queue' berhasil diupdate.
2025-09-24 11:28:51,847 - INFO - 1 data di 'queue' berhasil diupdate.
2025-09-24 11:30:46,865 - INFO - 1 data di 'queue' berhasil diupdate.
2025-09-24 11:32:41,877 - INFO - 1 data di 'queue' berhasil diupdate.
2025-09-24 11:34:36,880 - INFO - 1 data di 'queue' berhasil diupdate.
2025-09-24 11:36:31,892 - INFO - 1 data di 'queue' berhasil diupdate.
2025-09-24 11:38:26,898 - INFO - 1 data di 'queue' berhasil diupdate.
2025-09-24 11:40:21,915 - INFO - 1 data di 'queue' berhasil diupdate.
2025-09-24 11:42:16,923 - INFO - 1 data di 'queue' berhasil diupdate.
2025-09-24 11:44:11,936 - INFO - 1 data di 'queue' berhasil diupdate.
2025-09-24 11:46:06,948 - INFO - 1 data di 'queue' berhasil diupdate.
2025-09-24 11:48:01,963 - INFO - 1 data di 'queue' berhasil diupdate.
2025-09-24 11:49:56,967 - INFO - 1 data di 'queue' berhasil diupdate.
2025-09-24 11:51:51,978 - INFO - 1 data di 'queue' berhasil diupdate.
2025-09-24 11:53:46,996 - INFO - 1 data di 'queue' berhasil diupdate.
2025-09-24 11:55:42,012 - INFO - 1 data di 'queue' berhasil diupdate.
2025-09-24 11:57:37,026 - INFO - 1 data di 'queue' berhasil diupdate.
2025-09-24 11:59:32,030 - INFO - 1 data di 'queue' berhasil diupdate.
2025-09-24 12:01:27,037 - INFO - 1 data di 'queue' berhasil diupdate.
2025-09-24 12:03:22,043 - INFO - 1 data di 'queue' berhasil diupdate.
2025-09-24 12:05:17,052 - INFO - 1 data di 'queue' berhasil diupdate.
2025-09-24 12:07:12,068 - INFO - 1 data di 'queue' berhasil diupdate.
2025-09-24 12:09:07,082 - INFO - 1 data di 'queue' berhasil diupdate.
2025-09-24 12:11:02,094 - INFO - 1 data di 'queue' berhasil diupdate.
2025-09-24 12:12:57,109 - INFO - 1 data di 'queue' berhasil diupdate.
2025-09-24 12:14:52,117 - INFO - 1 data di 'queue' berhasil diupdate.
2025-09-24 12:16:47,132 - INFO - 1 data di 'queue' berhasil diupdate.
2025-09-24 12:18:42,139 - INFO - 1 data di 'queue' berhasil diupdate.
2025-09-24 12:20:37,144 - INFO - 1 data di 'queue' berhasil diupdate.
2025-09-24 12:22:32,152 - INFO - 1 data di 'queue' berhasil diupdate.
2025-09-24 12:24:27,162 - INFO - 1 data di 'queue' berhasil diupdate.
2025-09-24 12:26:22,172 - INFO - 1 data di 'queue' berhasil diupdate.
2025-09-24 12:28:17,176 - INFO - 1 data di 'queue' berhasil diupdate.
2025-09-24 12:30:12,185 - INFO - 1 data di 'queue' berhasil diupdate.
2025-09-24 12:32:07,196 - INFO - 1 data di 'queue' berhasil diupdate.
2025-09-24 12:34:02,207 - INFO - 1 data di 'queue' berhasil diupdate.
2025-09-24 12:35:57,224 - INFO - 1 data di 'queue' berhasil diupdate.
2025-09-24 12:37:52,243 - INFO - 1 data di 'queue' berhasil diupdate.
2025-09-24 12:39:47,261 - INFO - 1 data di 'queue' berhasil diupdate.
2025-09-24 12:41:42,280 - INFO - 1 data di 'queue' berhasil diupdate.
2025-09-24 12:43:37,293 - INFO - 1 data di 'queue' berhasil diupdate.
2025-09-24 12:45:32,310 - INFO - 1 data di 'queue' berhasil diupdate.
2025-09-24 12:47:27,320 - INFO - 1 data di 'queue' berhasil diupdate.
2025-09-24 12:49:22,328 - INFO - 1 data di 'queue' berhasil diupdate.
2025-09-24 12:51:17,341 - INFO - 1 data di 'queue' berhasil diupdate.
2025-09-24 12:53:12,350 - INFO - 1 data di 'queue' berhasil diupdate.
2025-09-24 12:55:07,365 - INFO - 1 data di 'queue' berhasil diupdate.
2025-09-24 12:57:02,370 - INFO - 1 data di 'queue' berhasil diupdate.
2025-09-24 12:58:57,379 - INFO - 1 data di 'queue' berhasil diupdate.
2025-09-24 13:00:52,388 - INFO - 1 data di 'queue' berhasil diupdate.
2025-09-24 13:02:47,400 - INFO - 1 data di 'queue' berhasil diupdate.
2025-09-24 13:04:42,415 - INFO - 1 data di 'queue' berhasil diupdate.
2025-09-24 13:06:37,433 - INFO - 1 data di 'queue' berhasil diupdate.
2025-09-24 13:08:32,437 - INFO - 1 data di 'queue' berhasil diupdate.
2025-09-24 13:10:27,453 - INFO - 1 data di 'queue' berhasil diupdate.
2025-09-24 13:12:22,459 - INFO - 1 data di 'queue' berhasil diupdate.
2025-09-24 13:14:17,465 - INFO - 1 data di 'queue' berhasil diupdate.
2025-09-24 13:16:12,484 - INFO - 1 data di 'queue' berhasil diupdate.
2025-09-24 13:18:07,504 - INFO - 1 data di 'queue' berhasil diupdate.
2025-09-24 13:20:02,513 - INFO - 1 data di 'queue' berhasil diupdate.
2025-09-24 13:21:57,520 - INFO - 1 data di 'queue' berhasil diupdate.
2025-09-24 13:23:52,536 - INFO - 1 data di 'queue' berhasil diupdate.
2025-09-24 13:25:47,543 - INFO - 1 data di 'queue' berhasil diupdate.
2025-09-24 13:27:42,551 - INFO - 1 data di 'queue' berhasil diupdate.
2025-09-24 13:29:37,570 - INFO - 1 data di 'queue' berhasil diupdate.
2025-09-24 13:31:32,576 - INFO - 1 data di 'queue' berhasil diupdate.
2025-09-24 13:33:27,594 - INFO - 1 data di 'queue' berhasil diupdate.
2025-09-24 13:35:22,599 - INFO - 1 data di 'queue' berhasil diupdate.
2025-09-24 13:37:17,612 - INFO - 1 data di 'queue' berhasil diupdate.
2025-09-24 13:39:12,621 - INFO - 1 data di 'queue' berhasil diupdate.
2025-09-24 13:41:07,630 - INFO - 1 data di 'queue' berhasil diupdate.
2025-09-24 13:43:02,644 - INFO - 1 data di 'queue' berhasil diupdate.
2025-09-24 13:44:57,661 - INFO - 1 data di 'queue' berhasil diupdate.
2025-09-24 13:46:52,665 - INFO - 1 data di 'queue' berhasil diupdate.
2025-09-24 13:48:47,675 - INFO - 1 data di 'queue' berhasil diupdate.
2025-09-24 13:50:42,693 - INFO - 1 data di 'queue' berhasil diupdate.
2025-09-24 13:52:37,709 - INFO - 1 data di 'queue' berhasil diupdate.
2025-09-24 13:54:32,713 - INFO - 1 data di 'queue' berhasil diupdate.
2025-09-24 13:56:27,725 - INFO - 1 data di 'queue' berhasil diupdate.
