2025-09-07 00:00:00,110 - INFO - [2025-09-07 00:00:00.109207] Collection 'requests' dihapus 1561 dokumen.
2025-09-07 00:00:00,200 - INFO - [2025-09-07 00:00:00.200358] Collection 'responses' dihapus 2104 dokumen.
2025-09-07 00:00:00,202 - INFO - [2025-09-07 00:00:00.202618] Collection 'system_status_res' dihapus 0 dokumen.
2025-09-07 00:00:00,204 - INFO - [2025-09-07 00:00:00.204600] Collection 'system_status_req' dihapus 0 dokumen.
2025-09-07 00:00:01,222 - INFO - [2025-09-07 00:00:01.222771] Collection 'requests' dihapus 0 dokumen.
2025-09-07 00:00:01,224 - INFO - [2025-09-07 00:00:01.224901] Collection 'responses' dihapus 0 dokumen.
2025-09-07 00:00:01,226 - INFO - [2025-09-07 00:00:01.226808] Collection 'system_status_res' dihapus 0 dokumen.
2025-09-07 00:00:01,229 - INFO - [2025-09-07 00:00:01.229220] Collection 'system_status_req' dihapus 0 dokumen.
2025-09-07 00:00:02,246 - INFO - [2025-09-07 00:00:02.246925] Collection 'requests' dihapus 0 dokumen.
2025-09-07 00:00:02,248 - INFO - [2025-09-07 00:00:02.248825] Collection 'responses' dihapus 0 dokumen.
2025-09-07 00:00:02,251 - INFO - [2025-09-07 00:00:02.251304] Collection 'system_status_res' dihapus 0 dokumen.
2025-09-07 00:00:02,254 - INFO - [2025-09-07 00:00:02.254410] Collection 'system_status_req' dihapus 0 dokumen.
2025-09-07 00:00:03,272 - INFO - [2025-09-07 00:00:03.272205] Collection 'requests' dihapus 0 dokumen.
2025-09-07 00:00:03,274 - INFO - [2025-09-07 00:00:03.274332] Collection 'responses' dihapus 0 dokumen.
2025-09-07 00:00:03,276 - INFO - [2025-09-07 00:00:03.276340] Collection 'system_status_res' dihapus 0 dokumen.
2025-09-07 00:00:03,278 - INFO - [2025-09-07 00:00:03.278526] Collection 'system_status_req' dihapus 0 dokumen.
2025-09-07 00:00:04,295 - INFO - [2025-09-07 00:00:04.295709] Collection 'requests' dihapus 0 dokumen.
2025-09-07 00:00:04,298 - INFO - [2025-09-07 00:00:04.298157] Collection 'responses' dihapus 0 dokumen.
2025-09-07 00:00:04,300 - INFO - [2025-09-07 00:00:04.300214] Collection 'system_status_res' dihapus 0 dokumen.
2025-09-07 00:00:04,303 - INFO - [2025-09-07 00:00:04.303355] Collection 'system_status_req' dihapus 0 dokumen.
2025-09-07 00:00:05,323 - INFO - [2025-09-07 00:00:05.323513] Collection 'requests' dihapus 0 dokumen.
2025-09-07 00:00:05,331 - INFO - [2025-09-07 00:00:05.331126] Collection 'responses' dihapus 0 dokumen.
2025-09-07 00:00:05,333 - INFO - [2025-09-07 00:00:05.333798] Collection 'system_status_res' dihapus 0 dokumen.
2025-09-07 00:00:05,336 - INFO - [2025-09-07 00:00:05.336270] Collection 'system_status_req' dihapus 0 dokumen.
2025-09-07 00:00:06,353 - INFO - [2025-09-07 00:00:06.353731] Collection 'requests' dihapus 0 dokumen.
2025-09-07 00:00:06,355 - INFO - [2025-09-07 00:00:06.355679] Collection 'responses' dihapus 0 dokumen.
2025-09-07 00:00:06,357 - INFO - [2025-09-07 00:00:06.357764] Collection 'system_status_res' dihapus 0 dokumen.
2025-09-07 00:00:06,359 - INFO - [2025-09-07 00:00:06.359765] Collection 'system_status_req' dihapus 0 dokumen.
2025-09-07 00:00:07,378 - INFO - [2025-09-07 00:00:07.378084] Collection 'requests' dihapus 0 dokumen.
2025-09-07 00:00:07,380 - INFO - [2025-09-07 00:00:07.380200] Collection 'responses' dihapus 0 dokumen.
2025-09-07 00:00:07,382 - INFO - [2025-09-07 00:00:07.382533] Collection 'system_status_res' dihapus 0 dokumen.
2025-09-07 00:00:07,384 - INFO - [2025-09-07 00:00:07.384619] Collection 'system_status_req' dihapus 0 dokumen.
2025-09-07 00:00:08,402 - INFO - [2025-09-07 00:00:08.402360] Collection 'requests' dihapus 0 dokumen.
2025-09-07 00:00:08,404 - INFO - [2025-09-07 00:00:08.404312] Collection 'responses' dihapus 0 dokumen.
2025-09-07 00:00:08,406 - INFO - [2025-09-07 00:00:08.406194] Collection 'system_status_res' dihapus 0 dokumen.
2025-09-07 00:00:08,408 - INFO - [2025-09-07 00:00:08.408630] Collection 'system_status_req' dihapus 0 dokumen.
2025-09-07 00:00:09,426 - INFO - [2025-09-07 00:00:09.426847] Collection 'requests' dihapus 0 dokumen.
2025-09-07 00:00:09,429 - INFO - [2025-09-07 00:00:09.428939] Collection 'responses' dihapus 0 dokumen.
2025-09-07 00:00:09,431 - INFO - [2025-09-07 00:00:09.431121] Collection 'system_status_res' dihapus 0 dokumen.
2025-09-07 00:00:09,433 - INFO - [2025-09-07 00:00:09.433043] Collection 'system_status_req' dihapus 0 dokumen.
2025-09-07 00:00:10,450 - INFO - [2025-09-07 00:00:10.450606] Collection 'requests' dihapus 0 dokumen.
2025-09-07 00:00:10,452 - INFO - [2025-09-07 00:00:10.452755] Collection 'responses' dihapus 0 dokumen.
2025-09-07 00:00:10,454 - INFO - [2025-09-07 00:00:10.454739] Collection 'system_status_res' dihapus 0 dokumen.
2025-09-07 00:00:10,457 - INFO - [2025-09-07 00:00:10.457350] Collection 'system_status_req' dihapus 0 dokumen.
2025-09-07 00:00:11,479 - INFO - [2025-09-07 00:00:11.479514] Collection 'requests' dihapus 0 dokumen.
2025-09-07 00:00:11,481 - INFO - [2025-09-07 00:00:11.481778] Collection 'responses' dihapus 0 dokumen.
2025-09-07 00:00:11,483 - INFO - [2025-09-07 00:00:11.483814] Collection 'system_status_res' dihapus 0 dokumen.
2025-09-07 00:00:11,485 - INFO - [2025-09-07 00:00:11.485847] Collection 'system_status_req' dihapus 0 dokumen.
2025-09-07 00:00:12,503 - INFO - [2025-09-07 00:00:12.503827] Collection 'requests' dihapus 0 dokumen.
2025-09-07 00:00:12,505 - INFO - [2025-09-07 00:00:12.505894] Collection 'responses' dihapus 0 dokumen.
2025-09-07 00:00:12,508 - INFO - [2025-09-07 00:00:12.508060] Collection 'system_status_res' dihapus 0 dokumen.
2025-09-07 00:00:12,510 - INFO - [2025-09-07 00:00:12.509987] Collection 'system_status_req' dihapus 0 dokumen.
2025-09-07 00:00:13,527 - INFO - [2025-09-07 00:00:13.527923] Collection 'requests' dihapus 0 dokumen.
2025-09-07 00:00:13,529 - INFO - [2025-09-07 00:00:13.529846] Collection 'responses' dihapus 0 dokumen.
2025-09-07 00:00:13,532 - INFO - [2025-09-07 00:00:13.532790] Collection 'system_status_res' dihapus 0 dokumen.
2025-09-07 00:00:13,536 - INFO - [2025-09-07 00:00:13.536131] Collection 'system_status_req' dihapus 0 dokumen.
2025-09-07 00:00:14,554 - INFO - [2025-09-07 00:00:14.554183] Collection 'requests' dihapus 0 dokumen.
2025-09-07 00:00:14,556 - INFO - [2025-09-07 00:00:14.556587] Collection 'responses' dihapus 0 dokumen.
2025-09-07 00:00:14,560 - INFO - [2025-09-07 00:00:14.559959] Collection 'system_status_res' dihapus 0 dokumen.
2025-09-07 00:00:14,562 - INFO - [2025-09-07 00:00:14.562009] Collection 'system_status_req' dihapus 0 dokumen.
2025-09-07 00:00:15,581 - INFO - [2025-09-07 00:00:15.581705] Collection 'requests' dihapus 0 dokumen.
2025-09-07 00:00:15,585 - INFO - [2025-09-07 00:00:15.585110] Collection 'responses' dihapus 0 dokumen.
2025-09-07 00:00:15,587 - INFO - [2025-09-07 00:00:15.587274] Collection 'system_status_res' dihapus 0 dokumen.
2025-09-07 00:00:15,589 - INFO - [2025-09-07 00:00:15.589267] Collection 'system_status_req' dihapus 0 dokumen.
2025-09-07 00:00:16,607 - INFO - [2025-09-07 00:00:16.607167] Collection 'requests' dihapus 0 dokumen.
2025-09-07 00:00:16,609 - INFO - [2025-09-07 00:00:16.609472] Collection 'responses' dihapus 0 dokumen.
2025-09-07 00:00:16,611 - INFO - [2025-09-07 00:00:16.611673] Collection 'system_status_res' dihapus 0 dokumen.
2025-09-07 00:00:16,614 - INFO - [2025-09-07 00:00:16.614914] Collection 'system_status_req' dihapus 0 dokumen.
2025-09-07 00:00:17,633 - INFO - [2025-09-07 00:00:17.633868] Collection 'requests' dihapus 0 dokumen.
2025-09-07 00:00:17,636 - INFO - [2025-09-07 00:00:17.636063] Collection 'responses' dihapus 0 dokumen.
2025-09-07 00:00:17,640 - INFO - [2025-09-07 00:00:17.640138] Collection 'system_status_res' dihapus 0 dokumen.
2025-09-07 00:00:17,642 - INFO - [2025-09-07 00:00:17.642715] Collection 'system_status_req' dihapus 0 dokumen.
2025-09-07 00:00:18,660 - INFO - [2025-09-07 00:00:18.660760] Collection 'requests' dihapus 0 dokumen.
2025-09-07 00:00:18,662 - INFO - [2025-09-07 00:00:18.662752] Collection 'responses' dihapus 0 dokumen.
2025-09-07 00:00:18,665 - INFO - [2025-09-07 00:00:18.664932] Collection 'system_status_res' dihapus 0 dokumen.
2025-09-07 00:00:18,667 - INFO - [2025-09-07 00:00:18.667286] Collection 'system_status_req' dihapus 0 dokumen.
2025-09-07 00:00:19,685 - INFO - [2025-09-07 00:00:19.684997] Collection 'requests' dihapus 0 dokumen.
2025-09-07 00:00:19,687 - INFO - [2025-09-07 00:00:19.687369] Collection 'responses' dihapus 0 dokumen.
2025-09-07 00:00:19,689 - INFO - [2025-09-07 00:00:19.689881] Collection 'system_status_res' dihapus 0 dokumen.
2025-09-07 00:00:19,693 - INFO - [2025-09-07 00:00:19.693178] Collection 'system_status_req' dihapus 0 dokumen.
2025-09-07 00:00:20,712 - INFO - [2025-09-07 00:00:20.711928] Collection 'requests' dihapus 0 dokumen.
2025-09-07 00:00:20,715 - INFO - [2025-09-07 00:00:20.715617] Collection 'responses' dihapus 0 dokumen.
2025-09-07 00:00:20,718 - INFO - [2025-09-07 00:00:20.718098] Collection 'system_status_res' dihapus 0 dokumen.
2025-09-07 00:00:20,720 - INFO - [2025-09-07 00:00:20.720311] Collection 'system_status_req' dihapus 0 dokumen.
2025-09-07 00:00:21,740 - INFO - [2025-09-07 00:00:21.739928] Collection 'requests' dihapus 0 dokumen.
2025-09-07 00:00:21,742 - INFO - [2025-09-07 00:00:21.742178] Collection 'responses' dihapus 0 dokumen.
2025-09-07 00:00:21,744 - INFO - [2025-09-07 00:00:21.744406] Collection 'system_status_res' dihapus 0 dokumen.
2025-09-07 00:00:21,746 - INFO - [2025-09-07 00:00:21.746521] Collection 'system_status_req' dihapus 0 dokumen.
2025-09-07 00:00:22,765 - INFO - [2025-09-07 00:00:22.765919] Collection 'requests' dihapus 0 dokumen.
2025-09-07 00:00:22,768 - INFO - [2025-09-07 00:00:22.768263] Collection 'responses' dihapus 0 dokumen.
2025-09-07 00:00:22,771 - INFO - [2025-09-07 00:00:22.771577] Collection 'system_status_res' dihapus 0 dokumen.
2025-09-07 00:00:22,774 - INFO - [2025-09-07 00:00:22.774165] Collection 'system_status_req' dihapus 0 dokumen.
2025-09-07 00:00:23,792 - INFO - [2025-09-07 00:00:23.792830] Collection 'requests' dihapus 0 dokumen.
2025-09-07 00:00:23,794 - INFO - [2025-09-07 00:00:23.794840] Collection 'responses' dihapus 0 dokumen.
2025-09-07 00:00:23,797 - INFO - [2025-09-07 00:00:23.796955] Collection 'system_status_res' dihapus 0 dokumen.
2025-09-07 00:00:23,799 - INFO - [2025-09-07 00:00:23.799169] Collection 'system_status_req' dihapus 0 dokumen.
2025-09-07 00:00:24,807 - INFO - 1 data di 'queue' berhasil diupdate.
2025-09-07 00:00:24,820 - INFO - [2025-09-07 00:00:24.820336] Collection 'requests' dihapus 0 dokumen.
2025-09-07 00:00:24,823 - INFO - [2025-09-07 00:00:24.822988] Collection 'responses' dihapus 0 dokumen.
2025-09-07 00:00:24,826 - INFO - [2025-09-07 00:00:24.825967] Collection 'system_status_res' dihapus 0 dokumen.
2025-09-07 00:00:24,828 - INFO - [2025-09-07 00:00:24.828011] Collection 'system_status_req' dihapus 0 dokumen.
2025-09-07 00:00:25,845 - INFO - [2025-09-07 00:00:25.845893] Collection 'requests' dihapus 0 dokumen.
2025-09-07 00:00:25,848 - INFO - [2025-09-07 00:00:25.848098] Collection 'responses' dihapus 0 dokumen.
2025-09-07 00:00:25,850 - INFO - [2025-09-07 00:00:25.850029] Collection 'system_status_res' dihapus 0 dokumen.
2025-09-07 00:00:25,852 - INFO - [2025-09-07 00:00:25.852164] Collection 'system_status_req' dihapus 0 dokumen.
2025-09-07 00:00:26,871 - INFO - [2025-09-07 00:00:26.871374] Collection 'requests' dihapus 0 dokumen.
2025-09-07 00:00:26,873 - INFO - [2025-09-07 00:00:26.873523] Collection 'responses' dihapus 0 dokumen.
2025-09-07 00:00:26,876 - INFO - [2025-09-07 00:00:26.876073] Collection 'system_status_res' dihapus 0 dokumen.
2025-09-07 00:00:26,878 - INFO - [2025-09-07 00:00:26.878149] Collection 'system_status_req' dihapus 0 dokumen.
2025-09-07 00:00:27,895 - INFO - [2025-09-07 00:00:27.895181] Collection 'requests' dihapus 0 dokumen.
2025-09-07 00:00:27,897 - INFO - [2025-09-07 00:00:27.897308] Collection 'responses' dihapus 0 dokumen.
2025-09-07 00:00:27,899 - INFO - [2025-09-07 00:00:27.899313] Collection 'system_status_res' dihapus 0 dokumen.
2025-09-07 00:00:27,901 - INFO - [2025-09-07 00:00:27.901251] Collection 'system_status_req' dihapus 0 dokumen.
2025-09-07 00:00:28,920 - INFO - [2025-09-07 00:00:28.920425] Collection 'requests' dihapus 0 dokumen.
2025-09-07 00:00:28,923 - INFO - [2025-09-07 00:00:28.923109] Collection 'responses' dihapus 0 dokumen.
2025-09-07 00:00:28,925 - INFO - [2025-09-07 00:00:28.925813] Collection 'system_status_res' dihapus 0 dokumen.
2025-09-07 00:00:28,927 - INFO - [2025-09-07 00:00:28.927888] Collection 'system_status_req' dihapus 0 dokumen.
2025-09-07 00:00:29,945 - INFO - [2025-09-07 00:00:29.945810] Collection 'requests' dihapus 0 dokumen.
2025-09-07 00:00:29,948 - INFO - [2025-09-07 00:00:29.948022] Collection 'responses' dihapus 0 dokumen.
2025-09-07 00:00:29,950 - INFO - [2025-09-07 00:00:29.949970] Collection 'system_status_res' dihapus 0 dokumen.
2025-09-07 00:00:29,952 - INFO - [2025-09-07 00:00:29.952886] Collection 'system_status_req' dihapus 0 dokumen.
2025-09-07 00:00:30,971 - INFO - [2025-09-07 00:00:30.971778] Collection 'requests' dihapus 0 dokumen.
2025-09-07 00:00:30,974 - INFO - [2025-09-07 00:00:30.973950] Collection 'responses' dihapus 0 dokumen.
2025-09-07 00:00:30,976 - INFO - [2025-09-07 00:00:30.976143] Collection 'system_status_res' dihapus 0 dokumen.
2025-09-07 00:00:30,978 - INFO - [2025-09-07 00:00:30.978102] Collection 'system_status_req' dihapus 0 dokumen.
2025-09-07 00:02:19,818 - INFO - 1 data di 'queue' berhasil diupdate.
