2025-09-25 00:00:00,014 - INFO - [2025-09-25 00:00:00.014549] Collection 'requests' dihapus 0 dokumen.
2025-09-25 00:00:00,017 - INFO - [2025-09-25 00:00:00.017268] Collection 'responses' dihapus 0 dokumen.
2025-09-25 00:00:00,022 - INFO - [2025-09-25 00:00:00.022661] Collection 'system_status_res' dihapus 0 dokumen.
2025-09-25 00:00:00,025 - INFO - [2025-09-25 00:00:00.024934] Collection 'system_status_req' dihapus 0 dokumen.
2025-09-25 00:00:01,042 - INFO - [2025-09-25 00:00:01.042843] Collection 'requests' dihapus 0 dokumen.
2025-09-25 00:00:01,044 - INFO - [2025-09-25 00:00:01.044837] Collection 'responses' dihapus 0 dokumen.
2025-09-25 00:00:01,047 - INFO - [2025-09-25 00:00:01.047369] Collection 'system_status_res' dihapus 0 dokumen.
2025-09-25 00:00:01,049 - INFO - [2025-09-25 00:00:01.049446] Collection 'system_status_req' dihapus 0 dokumen.
2025-09-25 00:00:02,066 - INFO - [2025-09-25 00:00:02.066371] Collection 'requests' dihapus 0 dokumen.
2025-09-25 00:00:02,068 - INFO - [2025-09-25 00:00:02.068280] Collection 'responses' dihapus 0 dokumen.
2025-09-25 00:00:02,070 - INFO - [2025-09-25 00:00:02.070335] Collection 'system_status_res' dihapus 0 dokumen.
2025-09-25 00:00:02,072 - INFO - [2025-09-25 00:00:02.072514] Collection 'system_status_req' dihapus 0 dokumen.
2025-09-25 00:00:03,094 - INFO - [2025-09-25 00:00:03.094017] Collection 'requests' dihapus 0 dokumen.
2025-09-25 00:00:03,097 - INFO - [2025-09-25 00:00:03.097402] Collection 'responses' dihapus 0 dokumen.
2025-09-25 00:00:03,100 - INFO - [2025-09-25 00:00:03.100364] Collection 'system_status_res' dihapus 0 dokumen.
2025-09-25 00:00:03,103 - INFO - [2025-09-25 00:00:03.103305] Collection 'system_status_req' dihapus 0 dokumen.
2025-09-25 00:00:04,126 - INFO - [2025-09-25 00:00:04.126099] Collection 'requests' dihapus 0 dokumen.
2025-09-25 00:00:04,129 - INFO - [2025-09-25 00:00:04.129130] Collection 'responses' dihapus 0 dokumen.
2025-09-25 00:00:04,132 - INFO - [2025-09-25 00:00:04.132676] Collection 'system_status_res' dihapus 0 dokumen.
2025-09-25 00:00:04,135 - INFO - [2025-09-25 00:00:04.135640] Collection 'system_status_req' dihapus 0 dokumen.
2025-09-25 00:00:05,158 - INFO - [2025-09-25 00:00:05.158664] Collection 'requests' dihapus 0 dokumen.
2025-09-25 00:00:05,162 - INFO - [2025-09-25 00:00:05.161881] Collection 'responses' dihapus 0 dokumen.
2025-09-25 00:00:05,165 - INFO - [2025-09-25 00:00:05.165124] Collection 'system_status_res' dihapus 0 dokumen.
2025-09-25 00:00:05,168 - INFO - [2025-09-25 00:00:05.168192] Collection 'system_status_req' dihapus 0 dokumen.
2025-09-25 00:01:23,660 - INFO - 1 data di 'queue' berhasil diupdate.
2025-09-25 00:03:18,669 - INFO - 1 data di 'queue' berhasil diupdate.
2025-09-25 00:05:13,676 - INFO - 1 data di 'queue' berhasil diupdate.
2025-09-25 00:07:08,691 - INFO - 1 data di 'queue' berhasil diupdate.
2025-09-25 00:09:03,701 - INFO - 1 data di 'queue' berhasil diupdate.
2025-09-25 00:10:58,713 - INFO - 1 data di 'queue' berhasil diupdate.
2025-09-25 00:12:53,731 - INFO - 1 data di 'queue' berhasil diupdate.
2025-09-25 00:14:48,750 - INFO - 1 data di 'queue' berhasil diupdate.
2025-09-25 00:16:43,757 - INFO - 1 data di 'queue' berhasil diupdate.
2025-09-25 00:18:38,769 - INFO - 1 data di 'queue' berhasil diupdate.
2025-09-25 00:20:33,789 - INFO - 1 data di 'queue' berhasil diupdate.
2025-09-25 00:22:28,805 - INFO - 1 data di 'queue' berhasil diupdate.
2025-09-25 00:24:23,818 - INFO - 1 data di 'queue' berhasil diupdate.
2025-09-25 00:26:18,823 - INFO - 1 data di 'queue' berhasil diupdate.
2025-09-25 00:28:13,838 - INFO - 1 data di 'queue' berhasil diupdate.
2025-09-25 00:30:08,843 - INFO - 1 data di 'queue' berhasil diupdate.
2025-09-25 00:32:03,854 - INFO - 1 data di 'queue' berhasil diupdate.
2025-09-25 00:33:58,873 - INFO - 1 data di 'queue' berhasil diupdate.
2025-09-25 00:35:53,886 - INFO - 1 data di 'queue' berhasil diupdate.
2025-09-25 00:37:48,897 - INFO - 1 data di 'queue' berhasil diupdate.
2025-09-25 00:39:43,907 - INFO - 1 data di 'queue' berhasil diupdate.
2025-09-25 00:41:38,912 - INFO - 1 data di 'queue' berhasil diupdate.
2025-09-25 00:43:33,920 - INFO - 1 data di 'queue' berhasil diupdate.
2025-09-25 00:45:28,927 - INFO - 1 data di 'queue' berhasil diupdate.
2025-09-25 00:47:23,944 - INFO - 1 data di 'queue' berhasil diupdate.
2025-09-25 00:49:18,964 - INFO - 1 data di 'queue' berhasil diupdate.
2025-09-25 00:51:13,982 - INFO - 1 data di 'queue' berhasil diupdate.
2025-09-25 00:53:09,001 - INFO - 1 data di 'queue' berhasil diupdate.
2025-09-25 00:55:04,012 - INFO - 1 data di 'queue' berhasil diupdate.
2025-09-25 00:56:59,025 - INFO - 1 data di 'queue' berhasil diupdate.
2025-09-25 00:58:54,032 - INFO - 1 data di 'queue' berhasil diupdate.
2025-09-25 01:00:49,045 - INFO - 1 data di 'queue' berhasil diupdate.
2025-09-25 01:02:44,061 - INFO - 1 data di 'queue' berhasil diupdate.
2025-09-25 01:04:39,073 - INFO - 1 data di 'queue' berhasil diupdate.
2025-09-25 01:06:34,083 - INFO - 1 data di 'queue' berhasil diupdate.
2025-09-25 01:08:29,093 - INFO - 1 data di 'queue' berhasil diupdate.
2025-09-25 01:10:24,110 - INFO - 1 data di 'queue' berhasil diupdate.
2025-09-25 01:12:19,125 - INFO - 1 data di 'queue' berhasil diupdate.
2025-09-25 01:14:14,141 - INFO - 1 data di 'queue' berhasil diupdate.
2025-09-25 01:16:09,148 - INFO - 1 data di 'queue' berhasil diupdate.
2025-09-25 01:18:04,166 - INFO - 1 data di 'queue' berhasil diupdate.
2025-09-25 01:19:59,169 - INFO - 1 data di 'queue' berhasil diupdate.
2025-09-25 01:21:54,179 - INFO - 1 data di 'queue' berhasil diupdate.
2025-09-25 01:23:49,186 - INFO - 1 data di 'queue' berhasil diupdate.
2025-09-25 01:25:44,207 - INFO - 1 data di 'queue' berhasil diupdate.
2025-09-25 01:27:39,220 - INFO - 1 data di 'queue' berhasil diupdate.
2025-09-25 01:29:34,239 - INFO - 1 data di 'queue' berhasil diupdate.
2025-09-25 01:31:29,250 - INFO - 1 data di 'queue' berhasil diupdate.
2025-09-25 01:33:24,253 - INFO - 1 data di 'queue' berhasil diupdate.
2025-09-25 01:35:19,264 - INFO - 1 data di 'queue' berhasil diupdate.
2025-09-25 01:37:14,283 - INFO - 1 data di 'queue' berhasil diupdate.
2025-09-25 01:39:09,291 - INFO - 1 data di 'queue' berhasil diupdate.
2025-09-25 01:41:04,309 - INFO - 1 data di 'queue' berhasil diupdate.
2025-09-25 01:42:59,316 - INFO - 1 data di 'queue' berhasil diupdate.
2025-09-25 01:44:54,322 - INFO - 1 data di 'queue' berhasil diupdate.
2025-09-25 01:46:49,334 - INFO - 1 data di 'queue' berhasil diupdate.
2025-09-25 01:48:44,353 - INFO - 1 data di 'queue' berhasil diupdate.
2025-09-25 01:50:39,371 - INFO - 1 data di 'queue' berhasil diupdate.
2025-09-25 01:52:34,387 - INFO - 1 data di 'queue' berhasil diupdate.
2025-09-25 01:54:29,397 - INFO - 1 data di 'queue' berhasil diupdate.
2025-09-25 01:56:24,417 - INFO - 1 data di 'queue' berhasil diupdate.
2025-09-25 01:58:19,429 - INFO - 1 data di 'queue' berhasil diupdate.
2025-09-25 02:00:14,434 - INFO - 1 data di 'queue' berhasil diupdate.
2025-09-25 02:02:09,446 - INFO - 1 data di 'queue' berhasil diupdate.
2025-09-25 02:04:04,451 - INFO - 1 data di 'queue' berhasil diupdate.
2025-09-25 02:05:59,462 - INFO - 1 data di 'queue' berhasil diupdate.
2025-09-25 02:07:54,467 - INFO - 1 data di 'queue' berhasil diupdate.
2025-09-25 02:09:49,483 - INFO - 1 data di 'queue' berhasil diupdate.
2025-09-25 02:11:44,502 - INFO - 1 data di 'queue' berhasil diupdate.
2025-09-25 02:13:39,512 - INFO - 1 data di 'queue' berhasil diupdate.
2025-09-25 02:15:34,532 - INFO - 1 data di 'queue' berhasil diupdate.
2025-09-25 02:17:29,535 - INFO - 1 data di 'queue' berhasil diupdate.
2025-09-25 02:19:24,553 - INFO - 1 data di 'queue' berhasil diupdate.
2025-09-25 02:21:19,571 - INFO - 1 data di 'queue' berhasil diupdate.
2025-09-25 02:23:14,577 - INFO - 1 data di 'queue' berhasil diupdate.
2025-09-25 02:25:09,592 - INFO - 1 data di 'queue' berhasil diupdate.
2025-09-25 02:27:04,605 - INFO - 1 data di 'queue' berhasil diupdate.
2025-09-25 02:28:59,614 - INFO - 1 data di 'queue' berhasil diupdate.
2025-09-25 02:30:54,633 - INFO - 1 data di 'queue' berhasil diupdate.
2025-09-25 02:32:49,644 - INFO - 1 data di 'queue' berhasil diupdate.
2025-09-25 02:34:44,660 - INFO - 1 data di 'queue' berhasil diupdate.
2025-09-25 02:36:39,676 - INFO - 1 data di 'queue' berhasil diupdate.
2025-09-25 02:38:34,681 - INFO - 1 data di 'queue' berhasil diupdate.
2025-09-25 02:40:29,702 - INFO - 1 data di 'queue' berhasil diupdate.
2025-09-25 02:42:24,714 - INFO - 1 data di 'queue' berhasil diupdate.
2025-09-25 02:44:19,727 - INFO - 1 data di 'queue' berhasil diupdate.
2025-09-25 02:46:14,744 - INFO - 1 data di 'queue' berhasil diupdate.
2025-09-25 02:48:09,748 - INFO - 1 data di 'queue' berhasil diupdate.
2025-09-25 02:50:04,758 - INFO - 1 data di 'queue' berhasil diupdate.
2025-09-25 02:51:59,770 - INFO - 1 data di 'queue' berhasil diupdate.
2025-09-25 02:53:54,781 - INFO - 1 data di 'queue' berhasil diupdate.
2025-09-25 02:55:49,789 - INFO - 1 data di 'queue' berhasil diupdate.
2025-09-25 02:57:44,804 - INFO - 1 data di 'queue' berhasil diupdate.
2025-09-25 02:59:39,809 - INFO - 1 data di 'queue' berhasil diupdate.
2025-09-25 03:01:34,821 - INFO - 1 data di 'queue' berhasil diupdate.
2025-09-25 03:03:29,833 - INFO - 1 data di 'queue' berhasil diupdate.
2025-09-25 03:05:24,837 - INFO - 1 data di 'queue' berhasil diupdate.
2025-09-25 03:07:19,857 - INFO - 1 data di 'queue' berhasil diupdate.
2025-09-25 03:09:14,868 - INFO - 1 data di 'queue' berhasil diupdate.
2025-09-25 03:11:09,882 - INFO - 1 data di 'queue' berhasil diupdate.
2025-09-25 03:13:04,886 - INFO - 1 data di 'queue' berhasil diupdate.
2025-09-25 03:14:59,899 - INFO - 1 data di 'queue' berhasil diupdate.
2025-09-25 03:16:54,915 - INFO - 1 data di 'queue' berhasil diupdate.
2025-09-25 03:18:49,933 - INFO - 1 data di 'queue' berhasil diupdate.
2025-09-25 03:20:44,943 - INFO - 1 data di 'queue' berhasil diupdate.
2025-09-25 03:22:39,960 - INFO - 1 data di 'queue' berhasil diupdate.
2025-09-25 03:24:34,969 - INFO - 1 data di 'queue' berhasil diupdate.
2025-09-25 03:26:29,973 - INFO - 1 data di 'queue' berhasil diupdate.
2025-09-25 03:28:24,987 - INFO - 1 data di 'queue' berhasil diupdate.
2025-09-25 03:30:19,997 - INFO - 1 data di 'queue' berhasil diupdate.
2025-09-25 03:32:15,008 - INFO - 1 data di 'queue' berhasil diupdate.
2025-09-25 03:34:10,018 - INFO - 1 data di 'queue' berhasil diupdate.
2025-09-25 03:36:05,038 - INFO - 1 data di 'queue' berhasil diupdate.
2025-09-25 03:38:00,043 - INFO - 1 data di 'queue' berhasil diupdate.
2025-09-25 03:39:55,047 - INFO - 1 data di 'queue' berhasil diupdate.
2025-09-25 03:41:50,051 - INFO - 1 data di 'queue' berhasil diupdate.
2025-09-25 03:43:45,057 - INFO - 1 data di 'queue' berhasil diupdate.
2025-09-25 03:45:40,077 - INFO - 1 data di 'queue' berhasil diupdate.
2025-09-25 03:47:35,095 - INFO - 1 data di 'queue' berhasil diupdate.
2025-09-25 03:49:30,112 - INFO - 1 data di 'queue' berhasil diupdate.
2025-09-25 03:51:25,120 - INFO - 1 data di 'queue' berhasil diupdate.
2025-09-25 03:53:20,129 - INFO - 1 data di 'queue' berhasil diupdate.
2025-09-25 03:55:15,137 - INFO - 1 data di 'queue' berhasil diupdate.
2025-09-25 03:57:10,146 - INFO - 1 data di 'queue' berhasil diupdate.
2025-09-25 03:59:05,153 - INFO - 1 data di 'queue' berhasil diupdate.
2025-09-25 04:01:00,166 - INFO - 1 data di 'queue' berhasil diupdate.
2025-09-25 04:02:55,172 - INFO - 1 data di 'queue' berhasil diupdate.
2025-09-25 04:04:50,181 - INFO - 1 data di 'queue' berhasil diupdate.
2025-09-25 04:06:45,196 - INFO - 1 data di 'queue' berhasil diupdate.
2025-09-25 04:08:40,215 - INFO - 1 data di 'queue' berhasil diupdate.
2025-09-25 04:10:35,235 - INFO - 1 data di 'queue' berhasil diupdate.
2025-09-25 04:12:30,240 - INFO - 1 data di 'queue' berhasil diupdate.
2025-09-25 04:14:25,250 - INFO - 1 data di 'queue' berhasil diupdate.
2025-09-25 04:16:20,255 - INFO - 1 data di 'queue' berhasil diupdate.
2025-09-25 04:18:15,274 - INFO - 1 data di 'queue' berhasil diupdate.
2025-09-25 04:20:10,282 - INFO - 1 data di 'queue' berhasil diupdate.
2025-09-25 04:22:05,300 - INFO - 1 data di 'queue' berhasil diupdate.
2025-09-25 04:24:00,314 - INFO - 1 data di 'queue' berhasil diupdate.
2025-09-25 04:25:55,327 - INFO - 1 data di 'queue' berhasil diupdate.
2025-09-25 04:27:50,345 - INFO - 1 data di 'queue' berhasil diupdate.
2025-09-25 04:29:45,358 - INFO - 1 data di 'queue' berhasil diupdate.
2025-09-25 04:31:40,374 - INFO - 1 data di 'queue' berhasil diupdate.
2025-09-25 04:33:35,390 - INFO - 1 data di 'queue' berhasil diupdate.
2025-09-25 04:35:30,402 - INFO - 1 data di 'queue' berhasil diupdate.
2025-09-25 04:37:25,415 - INFO - 1 data di 'queue' berhasil diupdate.
2025-09-25 04:39:20,433 - INFO - 1 data di 'queue' berhasil diupdate.
2025-09-25 04:41:15,446 - INFO - 1 data di 'queue' berhasil diupdate.
2025-09-25 04:43:10,453 - INFO - 1 data di 'queue' berhasil diupdate.
2025-09-25 04:45:05,458 - INFO - 1 data di 'queue' berhasil diupdate.
2025-09-25 04:47:00,471 - INFO - 1 data di 'queue' berhasil diupdate.
2025-09-25 04:48:55,481 - INFO - 1 data di 'queue' berhasil diupdate.
2025-09-25 04:50:50,494 - INFO - 1 data di 'queue' berhasil diupdate.
2025-09-25 04:52:45,501 - INFO - 1 data di 'queue' berhasil diupdate.
2025-09-25 04:54:40,511 - INFO - 1 data di 'queue' berhasil diupdate.
2025-09-25 04:56:35,515 - INFO - 1 data di 'queue' berhasil diupdate.
2025-09-25 04:58:30,520 - INFO - 1 data di 'queue' berhasil diupdate.
2025-09-25 05:00:25,524 - INFO - 1 data di 'queue' berhasil diupdate.
2025-09-25 05:02:20,535 - INFO - 1 data di 'queue' berhasil diupdate.
2025-09-25 05:04:15,546 - INFO - 1 data di 'queue' berhasil diupdate.
2025-09-25 05:06:10,563 - INFO - 1 data di 'queue' berhasil diupdate.
2025-09-25 05:08:05,581 - INFO - 1 data di 'queue' berhasil diupdate.
2025-09-25 05:10:00,592 - INFO - 1 data di 'queue' berhasil diupdate.
2025-09-25 05:11:55,598 - INFO - 1 data di 'queue' berhasil diupdate.
2025-09-25 05:13:50,608 - INFO - 1 data di 'queue' berhasil diupdate.
2025-09-25 05:15:45,616 - INFO - 1 data di 'queue' berhasil diupdate.
2025-09-25 05:17:40,625 - INFO - 1 data di 'queue' berhasil diupdate.
2025-09-25 05:19:35,639 - INFO - 1 data di 'queue' berhasil diupdate.
2025-09-25 05:21:30,658 - INFO - 1 data di 'queue' berhasil diupdate.
2025-09-25 05:23:25,670 - INFO - 1 data di 'queue' berhasil diupdate.
2025-09-25 05:25:20,680 - INFO - 1 data di 'queue' berhasil diupdate.
2025-09-25 05:27:15,699 - INFO - 1 data di 'queue' berhasil diupdate.
2025-09-25 05:29:10,710 - INFO - 1 data di 'queue' berhasil diupdate.
2025-09-25 05:31:05,718 - INFO - 1 data di 'queue' berhasil diupdate.
2025-09-25 05:33:00,737 - INFO - 1 data di 'queue' berhasil diupdate.
2025-09-25 05:34:55,748 - INFO - 1 data di 'queue' berhasil diupdate.
2025-09-25 05:36:50,754 - INFO - 1 data di 'queue' berhasil diupdate.
2025-09-25 05:38:45,762 - INFO - 1 data di 'queue' berhasil diupdate.
2025-09-25 05:40:40,780 - INFO - 1 data di 'queue' berhasil diupdate.
2025-09-25 05:42:35,794 - INFO - 1 data di 'queue' berhasil diupdate.
2025-09-25 05:44:30,812 - INFO - 1 data di 'queue' berhasil diupdate.
2025-09-25 05:46:25,831 - INFO - 1 data di 'queue' berhasil diupdate.
2025-09-25 05:48:20,845 - INFO - 1 data di 'queue' berhasil diupdate.
2025-09-25 05:50:15,856 - INFO - 1 data di 'queue' berhasil diupdate.
2025-09-25 05:52:10,867 - INFO - 1 data di 'queue' berhasil diupdate.
2025-09-25 05:54:05,879 - INFO - 1 data di 'queue' berhasil diupdate.
2025-09-25 05:56:00,890 - INFO - 1 data di 'queue' berhasil diupdate.
2025-09-25 05:57:55,906 - INFO - 1 data di 'queue' berhasil diupdate.
2025-09-25 05:59:50,921 - INFO - 1 data di 'queue' berhasil diupdate.
2025-09-25 06:01:45,925 - INFO - 1 data di 'queue' berhasil diupdate.
2025-09-25 06:03:40,930 - INFO - 1 data di 'queue' berhasil diupdate.
2025-09-25 06:05:35,943 - INFO - 1 data di 'queue' berhasil diupdate.
2025-09-25 06:07:30,946 - INFO - 1 data di 'queue' berhasil diupdate.
2025-09-25 06:09:25,950 - INFO - 1 data di 'queue' berhasil diupdate.
2025-09-25 06:11:20,957 - INFO - 1 data di 'queue' berhasil diupdate.
2025-09-25 06:13:15,971 - INFO - 1 data di 'queue' berhasil diupdate.
2025-09-25 06:15:10,990 - INFO - 1 data di 'queue' berhasil diupdate.
2025-09-25 06:17:06,001 - INFO - 1 data di 'queue' berhasil diupdate.
2025-09-25 06:19:01,013 - INFO - 1 data di 'queue' berhasil diupdate.
2025-09-25 06:20:56,023 - INFO - 1 data di 'queue' berhasil diupdate.
2025-09-25 06:22:51,029 - INFO - 1 data di 'queue' berhasil diupdate.
2025-09-25 06:24:46,046 - INFO - 1 data di 'queue' berhasil diupdate.
2025-09-25 06:26:41,053 - INFO - 1 data di 'queue' berhasil diupdate.
2025-09-25 06:28:36,068 - INFO - 1 data di 'queue' berhasil diupdate.
2025-09-25 06:30:31,082 - INFO - 1 data di 'queue' berhasil diupdate.
2025-09-25 06:32:26,103 - INFO - 1 data di 'queue' berhasil diupdate.
2025-09-25 06:34:21,115 - INFO - 1 data di 'queue' berhasil diupdate.
2025-09-25 06:36:16,119 - INFO - 1 data di 'queue' berhasil diupdate.
2025-09-25 06:38:11,139 - INFO - 1 data di 'queue' berhasil diupdate.
2025-09-25 06:40:06,143 - INFO - 1 data di 'queue' berhasil diupdate.
2025-09-25 06:42:01,148 - INFO - 1 data di 'queue' berhasil diupdate.
2025-09-25 06:43:56,164 - INFO - 1 data di 'queue' berhasil diupdate.
2025-09-25 06:45:51,174 - INFO - 1 data di 'queue' berhasil diupdate.
2025-09-25 06:47:46,186 - INFO - 1 data di 'queue' berhasil diupdate.
2025-09-25 06:49:41,199 - INFO - 1 data di 'queue' berhasil diupdate.
2025-09-25 06:51:36,218 - INFO - 1 data di 'queue' berhasil diupdate.
2025-09-25 06:53:31,225 - INFO - 1 data di 'queue' berhasil diupdate.
2025-09-25 06:55:26,241 - INFO - 1 data di 'queue' berhasil diupdate.
2025-09-25 06:57:21,260 - INFO - 1 data di 'queue' berhasil diupdate.
2025-09-25 06:59:16,279 - INFO - 1 data di 'queue' berhasil diupdate.
2025-09-25 07:01:11,294 - INFO - 1 data di 'queue' berhasil diupdate.
2025-09-25 07:03:06,308 - INFO - 1 data di 'queue' berhasil diupdate.
2025-09-25 07:05:01,312 - INFO - 1 data di 'queue' berhasil diupdate.
2025-09-25 07:06:56,322 - INFO - 1 data di 'queue' berhasil diupdate.
2025-09-25 07:08:51,339 - INFO - 1 data di 'queue' berhasil diupdate.
2025-09-25 07:10:46,345 - INFO - 1 data di 'queue' berhasil diupdate.
2025-09-25 07:12:41,359 - INFO - 1 data di 'queue' berhasil diupdate.
2025-09-25 07:14:36,372 - INFO - 1 data di 'queue' berhasil diupdate.
2025-09-25 07:16:31,386 - INFO - 1 data di 'queue' berhasil diupdate.
2025-09-25 07:18:26,393 - INFO - 1 data di 'queue' berhasil diupdate.
2025-09-25 07:20:21,408 - INFO - 1 data di 'queue' berhasil diupdate.
2025-09-25 07:22:16,420 - INFO - 1 data di 'queue' berhasil diupdate.
2025-09-25 07:24:11,433 - INFO - 1 data di 'queue' berhasil diupdate.
2025-09-25 07:26:06,447 - INFO - 1 data di 'queue' berhasil diupdate.
2025-09-25 07:28:01,462 - INFO - 1 data di 'queue' berhasil diupdate.
2025-09-25 07:29:56,472 - INFO - 1 data di 'queue' berhasil diupdate.
2025-09-25 07:31:51,488 - INFO - 1 data di 'queue' berhasil diupdate.
2025-09-25 07:33:46,504 - INFO - 1 data di 'queue' berhasil diupdate.
2025-09-25 07:35:41,511 - INFO - 1 data di 'queue' berhasil diupdate.
2025-09-25 07:37:36,522 - INFO - 1 data di 'queue' berhasil diupdate.
2025-09-25 07:39:31,528 - INFO - 1 data di 'queue' berhasil diupdate.
2025-09-25 07:41:26,540 - INFO - 1 data di 'queue' berhasil diupdate.
2025-09-25 07:43:21,558 - INFO - 1 data di 'queue' berhasil diupdate.
2025-09-25 07:45:16,574 - INFO - 1 data di 'queue' berhasil diupdate.
2025-09-25 07:47:11,581 - INFO - 1 data di 'queue' berhasil diupdate.
2025-09-25 07:49:06,594 - INFO - 1 data di 'queue' berhasil diupdate.
2025-09-25 07:51:01,606 - INFO - 1 data di 'queue' berhasil diupdate.
2025-09-25 07:52:56,614 - INFO - 1 data di 'queue' berhasil diupdate.
2025-09-25 07:54:51,619 - INFO - 1 data di 'queue' berhasil diupdate.
2025-09-25 07:56:46,631 - INFO - 1 data di 'queue' berhasil diupdate.
2025-09-25 07:58:41,649 - INFO - 1 data di 'queue' berhasil diupdate.
2025-09-25 08:00:36,656 - INFO - 1 data di 'queue' berhasil diupdate.
2025-09-25 08:02:31,660 - INFO - 1 data di 'queue' berhasil diupdate.
2025-09-25 08:04:26,679 - INFO - 1 data di 'queue' berhasil diupdate.
2025-09-25 08:06:21,700 - INFO - 1 data di 'queue' berhasil diupdate.
2025-09-25 08:08:16,706 - INFO - 1 data di 'queue' berhasil diupdate.
2025-09-25 08:10:11,712 - INFO - 1 data di 'queue' berhasil diupdate.
2025-09-25 08:12:06,719 - INFO - 1 data di 'queue' berhasil diupdate.
2025-09-25 08:14:01,736 - INFO - 1 data di 'queue' berhasil diupdate.
2025-09-25 08:15:56,742 - INFO - 1 data di 'queue' berhasil diupdate.
2025-09-25 08:17:51,747 - INFO - 1 data di 'queue' berhasil diupdate.
2025-09-25 08:19:46,752 - INFO - 1 data di 'queue' berhasil diupdate.
2025-09-25 08:21:41,762 - INFO - 1 data di 'queue' berhasil diupdate.
2025-09-25 08:23:36,769 - INFO - 1 data di 'queue' berhasil diupdate.
2025-09-25 08:25:31,785 - INFO - 1 data di 'queue' berhasil diupdate.
2025-09-25 08:27:26,799 - INFO - 1 data di 'queue' berhasil diupdate.
2025-09-25 08:29:21,813 - INFO - 1 data di 'queue' berhasil diupdate.
2025-09-25 08:31:16,825 - INFO - 1 data di 'queue' berhasil diupdate.
2025-09-25 08:33:11,843 - INFO - 1 data di 'queue' berhasil diupdate.
2025-09-25 08:35:06,846 - INFO - 1 data di 'queue' berhasil diupdate.
2025-09-25 08:37:01,861 - INFO - 1 data di 'queue' berhasil diupdate.
2025-09-25 08:38:56,879 - INFO - 1 data di 'queue' berhasil diupdate.
2025-09-25 08:40:51,893 - INFO - 1 data di 'queue' berhasil diupdate.
2025-09-25 08:42:46,906 - INFO - 1 data di 'queue' berhasil diupdate.
2025-09-25 08:44:41,925 - INFO - 1 data di 'queue' berhasil diupdate.
2025-09-25 08:46:36,929 - INFO - 1 data di 'queue' berhasil diupdate.
2025-09-25 08:48:31,946 - INFO - 1 data di 'queue' berhasil diupdate.
2025-09-25 08:50:26,949 - INFO - 1 data di 'queue' berhasil diupdate.
2025-09-25 08:52:21,957 - INFO - 1 data di 'queue' berhasil diupdate.
2025-09-25 08:54:16,964 - INFO - 1 data di 'queue' berhasil diupdate.
2025-09-25 08:56:11,978 - INFO - 1 data di 'queue' berhasil diupdate.
2025-09-25 08:58:06,997 - INFO - 1 data di 'queue' berhasil diupdate.
2025-09-25 09:00:02,015 - INFO - 1 data di 'queue' berhasil diupdate.
2025-09-25 09:01:57,021 - INFO - 1 data di 'queue' berhasil diupdate.
2025-09-25 09:03:52,029 - INFO - 1 data di 'queue' berhasil diupdate.
2025-09-25 09:05:47,037 - INFO - 1 data di 'queue' berhasil diupdate.
2025-09-25 09:07:42,044 - INFO - 1 data di 'queue' berhasil diupdate.
2025-09-25 09:09:37,048 - INFO - 1 data di 'queue' berhasil diupdate.
2025-09-25 09:11:32,058 - INFO - 1 data di 'queue' berhasil diupdate.
2025-09-25 09:13:27,069 - INFO - 1 data di 'queue' berhasil diupdate.
2025-09-25 09:15:22,085 - INFO - 1 data di 'queue' berhasil diupdate.
2025-09-25 09:17:17,099 - INFO - 1 data di 'queue' berhasil diupdate.
2025-09-25 09:19:12,104 - INFO - 1 data di 'queue' berhasil diupdate.
2025-09-25 09:21:07,121 - INFO - 1 data di 'queue' berhasil diupdate.
2025-09-25 09:23:02,132 - INFO - 1 data di 'queue' berhasil diupdate.
2025-09-25 09:24:57,151 - INFO - 1 data di 'queue' berhasil diupdate.
2025-09-25 09:26:52,166 - INFO - 1 data di 'queue' berhasil diupdate.
2025-09-25 09:28:47,170 - INFO - 1 data di 'queue' berhasil diupdate.
2025-09-25 09:30:42,179 - INFO - 1 data di 'queue' berhasil diupdate.
2025-09-25 09:32:37,185 - INFO - 1 data di 'queue' berhasil diupdate.
2025-09-25 09:34:32,198 - INFO - 1 data di 'queue' berhasil diupdate.
2025-09-25 09:36:27,209 - INFO - 1 data di 'queue' berhasil diupdate.
2025-09-25 09:38:22,227 - INFO - 1 data di 'queue' berhasil diupdate.
2025-09-25 09:40:17,247 - INFO - 1 data di 'queue' berhasil diupdate.
2025-09-25 09:42:12,260 - INFO - 1 data di 'queue' berhasil diupdate.
2025-09-25 09:44:07,280 - INFO - 1 data di 'queue' berhasil diupdate.
2025-09-25 09:46:02,294 - INFO - 1 data di 'queue' berhasil diupdate.
2025-09-25 09:47:57,314 - INFO - 1 data di 'queue' berhasil diupdate.
2025-09-25 09:49:52,322 - INFO - 1 data di 'queue' berhasil diupdate.
2025-09-25 09:51:47,341 - INFO - 1 data di 'queue' berhasil diupdate.
2025-09-25 09:53:42,346 - INFO - 1 data di 'queue' berhasil diupdate.
2025-09-25 09:55:37,351 - INFO - 1 data di 'queue' berhasil diupdate.
2025-09-25 09:57:32,357 - INFO - 1 data di 'queue' berhasil diupdate.
2025-09-25 09:59:27,375 - INFO - 1 data di 'queue' berhasil diupdate.
2025-09-25 10:01:22,383 - INFO - 1 data di 'queue' berhasil diupdate.
2025-09-25 10:03:17,394 - INFO - 1 data di 'queue' berhasil diupdate.
2025-09-25 10:05:12,408 - INFO - 1 data di 'queue' berhasil diupdate.
2025-09-25 10:07:07,426 - INFO - 1 data di 'queue' berhasil diupdate.
2025-09-25 10:09:02,434 - INFO - 1 data di 'queue' berhasil diupdate.
2025-09-25 10:10:57,438 - INFO - 1 data di 'queue' berhasil diupdate.
2025-09-25 10:12:52,454 - INFO - 1 data di 'queue' berhasil diupdate.
2025-09-25 10:14:47,464 - INFO - 1 data di 'queue' berhasil diupdate.
2025-09-25 10:16:42,469 - INFO - 1 data di 'queue' berhasil diupdate.
2025-09-25 10:18:37,481 - INFO - 1 data di 'queue' berhasil diupdate.
2025-09-25 10:20:32,488 - INFO - 1 data di 'queue' berhasil diupdate.
2025-09-25 10:22:27,504 - INFO - 1 data di 'queue' berhasil diupdate.
2025-09-25 10:24:22,512 - INFO - 1 data di 'queue' berhasil diupdate.
2025-09-25 10:26:17,523 - INFO - 1 data di 'queue' berhasil diupdate.
2025-09-25 10:28:12,532 - INFO - 1 data di 'queue' berhasil diupdate.
2025-09-25 10:30:07,547 - INFO - 1 data di 'queue' berhasil diupdate.
2025-09-25 10:32:02,552 - INFO - 1 data di 'queue' berhasil diupdate.
2025-09-25 10:33:57,572 - INFO - 1 data di 'queue' berhasil diupdate.
2025-09-25 10:35:52,584 - INFO - 1 data di 'queue' berhasil diupdate.
2025-09-25 10:37:47,589 - INFO - 1 data di 'queue' berhasil diupdate.
2025-09-25 10:39:42,601 - INFO - 1 data di 'queue' berhasil diupdate.
2025-09-25 10:41:37,612 - INFO - 1 data di 'queue' berhasil diupdate.
2025-09-25 10:43:32,628 - INFO - 1 data di 'queue' berhasil diupdate.
2025-09-25 10:45:27,632 - INFO - 1 data di 'queue' berhasil diupdate.
2025-09-25 10:47:22,643 - INFO - 1 data di 'queue' berhasil diupdate.
2025-09-25 10:49:17,659 - INFO - 1 data di 'queue' berhasil diupdate.
2025-09-25 10:51:12,663 - INFO - 1 data di 'queue' berhasil diupdate.
2025-09-25 10:53:07,681 - INFO - 1 data di 'queue' berhasil diupdate.
2025-09-25 10:55:02,688 - INFO - 1 data di 'queue' berhasil diupdate.
2025-09-25 10:56:57,699 - INFO - 1 data di 'queue' berhasil diupdate.
2025-09-25 10:58:52,708 - INFO - 1 data di 'queue' berhasil diupdate.
2025-09-25 11:00:47,717 - INFO - 1 data di 'queue' berhasil diupdate.
2025-09-25 11:02:42,729 - INFO - 1 data di 'queue' berhasil diupdate.
2025-09-25 11:04:37,747 - INFO - 1 data di 'queue' berhasil diupdate.
2025-09-25 11:06:32,755 - INFO - 1 data di 'queue' berhasil diupdate.
2025-09-25 11:08:27,760 - INFO - 1 data di 'queue' berhasil diupdate.
2025-09-25 11:10:22,768 - INFO - 1 data di 'queue' berhasil diupdate.
2025-09-25 11:12:17,772 - INFO - 1 data di 'queue' berhasil diupdate.
2025-09-25 11:14:12,786 - INFO - 1 data di 'queue' berhasil diupdate.
2025-09-25 11:16:07,800 - INFO - 1 data di 'queue' berhasil diupdate.
2025-09-25 11:18:02,810 - INFO - 1 data di 'queue' berhasil diupdate.
2025-09-25 11:19:57,825 - INFO - 1 data di 'queue' berhasil diupdate.
2025-09-25 11:21:52,836 - INFO - 1 data di 'queue' berhasil diupdate.
2025-09-25 11:23:47,855 - INFO - 1 data di 'queue' berhasil diupdate.
2025-09-25 11:25:42,873 - INFO - 1 data di 'queue' berhasil diupdate.
2025-09-25 11:27:37,887 - INFO - 1 data di 'queue' berhasil diupdate.
2025-09-25 11:29:32,894 - INFO - 1 data di 'queue' berhasil diupdate.
2025-09-25 11:31:27,907 - INFO - 1 data di 'queue' berhasil diupdate.
2025-09-25 11:33:22,912 - INFO - 1 data di 'queue' berhasil diupdate.
2025-09-25 11:35:17,927 - INFO - 1 data di 'queue' berhasil diupdate.
2025-09-25 11:37:12,931 - INFO - 1 data di 'queue' berhasil diupdate.
2025-09-25 11:39:07,946 - INFO - 1 data di 'queue' berhasil diupdate.
2025-09-25 11:41:02,953 - INFO - 1 data di 'queue' berhasil diupdate.
2025-09-25 11:42:57,966 - INFO - 1 data di 'queue' berhasil diupdate.
2025-09-25 11:44:52,973 - INFO - 1 data di 'queue' berhasil diupdate.
2025-09-25 11:46:47,991 - INFO - 1 data di 'queue' berhasil diupdate.
2025-09-25 11:48:43,010 - INFO - 1 data di 'queue' berhasil diupdate.
2025-09-25 11:50:38,020 - INFO - 1 data di 'queue' berhasil diupdate.
2025-09-25 11:52:33,031 - INFO - 1 data di 'queue' berhasil diupdate.
2025-09-25 11:54:28,050 - INFO - 1 data di 'queue' berhasil diupdate.
2025-09-25 11:56:23,054 - INFO - 1 data di 'queue' berhasil diupdate.
2025-09-25 11:58:18,066 - INFO - 1 data di 'queue' berhasil diupdate.
2025-09-25 12:00:13,086 - INFO - 1 data di 'queue' berhasil diupdate.
2025-09-25 12:02:08,094 - INFO - 1 data di 'queue' berhasil diupdate.
2025-09-25 12:04:03,109 - INFO - 1 data di 'queue' berhasil diupdate.
2025-09-25 12:05:58,125 - INFO - 1 data di 'queue' berhasil diupdate.
2025-09-25 12:07:53,139 - INFO - 1 data di 'queue' berhasil diupdate.
2025-09-25 12:09:48,157 - INFO - 1 data di 'queue' berhasil diupdate.
2025-09-25 12:11:43,177 - INFO - 1 data di 'queue' berhasil diupdate.
2025-09-25 12:13:38,185 - INFO - 1 data di 'queue' berhasil diupdate.
2025-09-25 12:15:33,199 - INFO - 1 data di 'queue' berhasil diupdate.
2025-09-25 12:17:28,220 - INFO - 1 data di 'queue' berhasil diupdate.
2025-09-25 12:19:23,233 - INFO - 1 data di 'queue' berhasil diupdate.
2025-09-25 12:21:18,247 - INFO - 1 data di 'queue' berhasil diupdate.
2025-09-25 12:23:13,254 - INFO - 1 data di 'queue' berhasil diupdate.
2025-09-25 12:25:08,265 - INFO - 1 data di 'queue' berhasil diupdate.
