2025-11-30 08:10:55,513 - INFO - 1 data di 'queue' berhasil diupdate.
2025-11-30 08:12:50,520 - INFO - 1 data di 'queue' berhasil diupdate.
2025-11-30 08:14:45,528 - INFO - 1 data di 'queue' berhasil diupdate.
2025-11-30 08:16:40,538 - INFO - 1 data di 'queue' berhasil diupdate.
2025-11-30 08:18:35,542 - INFO - 1 data di 'queue' berhasil diupdate.
2025-11-30 08:20:30,548 - INFO - 1 data di 'queue' berhasil diupdate.
2025-11-30 08:22:25,559 - INFO - 1 data di 'queue' berhasil diupdate.
2025-11-30 08:24:20,563 - INFO - 1 data di 'queue' berhasil diupdate.
2025-11-30 08:26:15,568 - INFO - 1 data di 'queue' berhasil diupdate.
2025-11-30 08:28:10,577 - INFO - 1 data di 'queue' berhasil diupdate.
2025-11-30 08:30:05,584 - INFO - 1 data di 'queue' berhasil diupdate.
2025-11-30 08:32:00,594 - INFO - 1 data di 'queue' berhasil diupdate.
2025-11-30 08:33:55,599 - INFO - 1 data di 'queue' berhasil diupdate.
2025-11-30 08:34:54,283 - INFO - Alarm Play: alarm3 (status: mqtt)
2025-11-30 08:34:55,785 - INFO - Play : /home/vas1/VAS/Control/assets/alarm/alarm3.mp3
2025-11-30 08:35:06,643 - INFO - Done : /home/vas1/VAS/Control/assets/alarm/alarm3.mp3
2025-11-30 08:35:06,651 - INFO - Lamp ON (status: mqtt)
2025-11-30 08:35:06,665 - INFO - Lamp OFF (status: mqtt)
2025-11-30 08:35:06,675 - INFO - Lamp ON (status: mqtt)
2025-11-30 08:35:06,685 - INFO - Lamp OFF (status: mqtt)
2025-11-30 08:35:50,608 - INFO - 1 data di 'queue' berhasil diupdate.
2025-11-30 08:36:14,674 - INFO - Alarm Play: alarm3 (status: mqtt)
2025-11-30 08:36:16,177 - INFO - Play : /home/vas1/VAS/Control/assets/alarm/alarm3.mp3
2025-11-30 08:36:27,030 - INFO - Done : /home/vas1/VAS/Control/assets/alarm/alarm3.mp3
2025-11-30 08:36:27,037 - INFO - Lamp ON (status: mqtt)
2025-11-30 08:36:27,048 - INFO - Lamp OFF (status: mqtt)
2025-11-30 08:36:27,057 - INFO - Lamp ON (status: mqtt)
2025-11-30 08:36:27,067 - INFO - Lamp OFF (status: mqtt)
2025-11-30 08:37:45,616 - INFO - 1 data di 'queue' berhasil diupdate.
2025-11-30 08:39:40,625 - INFO - 1 data di 'queue' berhasil diupdate.
2025-11-30 08:41:35,633 - INFO - 1 data di 'queue' berhasil diupdate.
2025-11-30 08:43:30,639 - INFO - 1 data di 'queue' berhasil diupdate.
2025-11-30 08:45:25,645 - INFO - 1 data di 'queue' berhasil diupdate.
2025-11-30 08:47:20,650 - INFO - 1 data di 'queue' berhasil diupdate.
2025-11-30 08:49:15,656 - INFO - 1 data di 'queue' berhasil diupdate.
2025-11-30 08:51:10,666 - INFO - 1 data di 'queue' berhasil diupdate.
2025-11-30 08:53:05,670 - INFO - 1 data di 'queue' berhasil diupdate.
2025-11-30 08:55:00,678 - INFO - 1 data di 'queue' berhasil diupdate.
2025-11-30 08:56:55,685 - INFO - 1 data di 'queue' berhasil diupdate.
2025-11-30 08:58:50,695 - INFO - 1 data di 'queue' berhasil diupdate.
2025-11-30 09:00:45,701 - INFO - 1 data di 'queue' berhasil diupdate.
2025-11-30 09:02:40,711 - INFO - 1 data di 'queue' berhasil diupdate.
2025-11-30 09:04:35,715 - INFO - 1 data di 'queue' berhasil diupdate.
2025-11-30 09:06:30,721 - INFO - 1 data di 'queue' berhasil diupdate.
2025-11-30 09:08:25,729 - INFO - 1 data di 'queue' berhasil diupdate.
2025-11-30 09:10:20,738 - INFO - 1 data di 'queue' berhasil diupdate.
2025-11-30 09:12:15,743 - INFO - 1 data di 'queue' berhasil diupdate.
2025-11-30 09:14:10,750 - INFO - 1 data di 'queue' berhasil diupdate.
2025-11-30 09:16:05,759 - INFO - 1 data di 'queue' berhasil diupdate.
2025-11-30 09:18:00,763 - INFO - 1 data di 'queue' berhasil diupdate.
2025-11-30 09:19:55,769 - INFO - 1 data di 'queue' berhasil diupdate.
2025-11-30 09:21:50,775 - INFO - 1 data di 'queue' berhasil diupdate.
2025-11-30 09:23:45,784 - INFO - 1 data di 'queue' berhasil diupdate.
2025-11-30 09:25:40,791 - INFO - 1 data di 'queue' berhasil diupdate.
2025-11-30 09:25:51,109 - INFO - Alarm Play: alarm3 (status: mqtt)
2025-11-30 09:25:52,611 - INFO - Play : /home/vas1/VAS/Control/assets/alarm/alarm3.mp3
2025-11-30 09:26:03,467 - INFO - Done : /home/vas1/VAS/Control/assets/alarm/alarm3.mp3
2025-11-30 09:26:03,474 - INFO - Lamp ON (status: mqtt)
2025-11-30 09:26:03,485 - INFO - Lamp OFF (status: mqtt)
2025-11-30 09:26:03,497 - INFO - Lamp ON (status: mqtt)
2025-11-30 09:26:03,508 - INFO - Lamp OFF (status: mqtt)
2025-11-30 09:27:35,794 - INFO - 1 data di 'queue' berhasil diupdate.
2025-11-30 09:29:30,802 - INFO - 1 data di 'queue' berhasil diupdate.
2025-11-30 09:31:25,811 - INFO - 1 data di 'queue' berhasil diupdate.
2025-11-30 09:33:20,819 - INFO - 1 data di 'queue' berhasil diupdate.
2025-11-30 09:35:15,828 - INFO - 1 data di 'queue' berhasil diupdate.
2025-11-30 09:37:10,837 - INFO - 1 data di 'queue' berhasil diupdate.
2025-11-30 09:39:05,851 - INFO - 1 data di 'queue' berhasil diupdate.
2025-11-30 09:41:00,859 - INFO - 1 data di 'queue' berhasil diupdate.
2025-11-30 09:42:55,864 - INFO - 1 data di 'queue' berhasil diupdate.
2025-11-30 09:44:50,870 - INFO - 1 data di 'queue' berhasil diupdate.
2025-11-30 09:46:45,878 - INFO - 1 data di 'queue' berhasil diupdate.
2025-11-30 09:48:40,881 - INFO - 1 data di 'queue' berhasil diupdate.
2025-11-30 09:50:35,884 - INFO - 1 data di 'queue' berhasil diupdate.
2025-11-30 09:52:30,890 - INFO - 1 data di 'queue' berhasil diupdate.
2025-11-30 09:54:25,896 - INFO - 1 data di 'queue' berhasil diupdate.
2025-11-30 09:56:20,906 - INFO - 1 data di 'queue' berhasil diupdate.
2025-11-30 09:58:15,915 - INFO - 1 data di 'queue' berhasil diupdate.
2025-11-30 10:00:10,922 - INFO - 1 data di 'queue' berhasil diupdate.
2025-11-30 10:02:05,928 - INFO - 1 data di 'queue' berhasil diupdate.
2025-11-30 10:04:00,931 - INFO - 1 data di 'queue' berhasil diupdate.
2025-11-30 10:05:55,937 - INFO - 1 data di 'queue' berhasil diupdate.
2025-11-30 10:07:50,940 - INFO - 1 data di 'queue' berhasil diupdate.
2025-11-30 10:09:45,946 - INFO - 1 data di 'queue' berhasil diupdate.
2025-11-30 10:11:40,952 - INFO - 1 data di 'queue' berhasil diupdate.
2025-11-30 10:13:35,961 - INFO - 1 data di 'queue' berhasil diupdate.
2025-11-30 10:15:30,965 - INFO - 1 data di 'queue' berhasil diupdate.
2025-11-30 10:17:25,974 - INFO - 1 data di 'queue' berhasil diupdate.
2025-11-30 10:19:20,981 - INFO - 1 data di 'queue' berhasil diupdate.
2025-11-30 10:21:15,991 - INFO - 1 data di 'queue' berhasil diupdate.
2025-11-30 10:23:11,000 - INFO - 1 data di 'queue' berhasil diupdate.
2025-11-30 10:25:06,007 - INFO - 1 data di 'queue' berhasil diupdate.
2025-11-30 10:27:01,017 - INFO - 1 data di 'queue' berhasil diupdate.
2025-11-30 10:28:56,024 - INFO - 1 data di 'queue' berhasil diupdate.
2025-11-30 10:30:51,033 - INFO - 1 data di 'queue' berhasil diupdate.
2025-11-30 10:32:46,039 - INFO - 1 data di 'queue' berhasil diupdate.
2025-11-30 10:34:41,047 - INFO - 1 data di 'queue' berhasil diupdate.
2025-11-30 10:36:36,054 - INFO - 1 data di 'queue' berhasil diupdate.
2025-11-30 10:38:31,061 - INFO - 1 data di 'queue' berhasil diupdate.
2025-11-30 10:40:26,065 - INFO - 1 data di 'queue' berhasil diupdate.
2025-11-30 10:42:21,072 - INFO - 1 data di 'queue' berhasil diupdate.
2025-11-30 10:44:16,076 - INFO - 1 data di 'queue' berhasil diupdate.
2025-11-30 10:46:11,082 - INFO - 1 data di 'queue' berhasil diupdate.
2025-11-30 10:48:06,088 - INFO - 1 data di 'queue' berhasil diupdate.
2025-11-30 10:50:01,093 - INFO - 1 data di 'queue' berhasil diupdate.
2025-11-30 10:51:56,097 - INFO - 1 data di 'queue' berhasil diupdate.
2025-11-30 10:53:51,106 - INFO - 1 data di 'queue' berhasil diupdate.
2025-11-30 10:55:46,113 - INFO - 1 data di 'queue' berhasil diupdate.
2025-11-30 10:57:41,119 - INFO - 1 data di 'queue' berhasil diupdate.
2025-11-30 10:59:36,123 - INFO - 1 data di 'queue' berhasil diupdate.
2025-11-30 11:01:31,130 - INFO - 1 data di 'queue' berhasil diupdate.
2025-11-30 11:03:26,133 - INFO - 1 data di 'queue' berhasil diupdate.
2025-11-30 11:05:05,952 - INFO - Alarm Play: alarm3 (status: mqtt)
2025-11-30 11:05:07,455 - INFO - Play : /home/vas1/VAS/Control/assets/alarm/alarm3.mp3
2025-11-30 11:05:18,328 - INFO - Done : /home/vas1/VAS/Control/assets/alarm/alarm3.mp3
2025-11-30 11:05:18,335 - INFO - Lamp ON (status: mqtt)
2025-11-30 11:05:18,346 - INFO - Lamp OFF (status: mqtt)
2025-11-30 11:05:18,356 - INFO - Lamp ON (status: mqtt)
2025-11-30 11:05:18,366 - INFO - Lamp OFF (status: mqtt)
2025-11-30 11:05:21,136 - INFO - 1 data di 'queue' berhasil diupdate.
2025-11-30 11:07:16,144 - INFO - 1 data di 'queue' berhasil diupdate.
2025-11-30 11:09:11,149 - INFO - 1 data di 'queue' berhasil diupdate.
2025-11-30 11:11:06,155 - INFO - 1 data di 'queue' berhasil diupdate.
2025-11-30 11:13:01,165 - INFO - 1 data di 'queue' berhasil diupdate.
2025-11-30 11:14:56,174 - INFO - 1 data di 'queue' berhasil diupdate.
2025-11-30 11:16:51,179 - INFO - 1 data di 'queue' berhasil diupdate.
2025-11-30 11:18:46,186 - INFO - 1 data di 'queue' berhasil diupdate.
2025-11-30 11:20:41,195 - INFO - 1 data di 'queue' berhasil diupdate.
2025-11-30 11:22:36,204 - INFO - 1 data di 'queue' berhasil diupdate.
2025-11-30 11:24:31,209 - INFO - 1 data di 'queue' berhasil diupdate.
2025-11-30 11:26:26,214 - INFO - 1 data di 'queue' berhasil diupdate.
2025-11-30 11:28:21,219 - INFO - 1 data di 'queue' berhasil diupdate.
2025-11-30 11:30:16,222 - INFO - 1 data di 'queue' berhasil diupdate.
2025-11-30 11:32:11,231 - INFO - 1 data di 'queue' berhasil diupdate.
2025-11-30 11:34:06,239 - INFO - 1 data di 'queue' berhasil diupdate.
2025-11-30 11:36:01,243 - INFO - 1 data di 'queue' berhasil diupdate.
2025-11-30 11:37:56,248 - INFO - 1 data di 'queue' berhasil diupdate.
2025-11-30 11:39:51,257 - INFO - 1 data di 'queue' berhasil diupdate.
2025-11-30 11:41:46,262 - INFO - 1 data di 'queue' berhasil diupdate.
2025-11-30 11:43:41,269 - INFO - 1 data di 'queue' berhasil diupdate.
2025-11-30 11:45:36,276 - INFO - 1 data di 'queue' berhasil diupdate.
2025-11-30 11:47:31,279 - INFO - 1 data di 'queue' berhasil diupdate.
2025-11-30 11:49:26,284 - INFO - 1 data di 'queue' berhasil diupdate.
2025-11-30 11:51:21,287 - INFO - 1 data di 'queue' berhasil diupdate.
2025-11-30 11:53:16,292 - INFO - 1 data di 'queue' berhasil diupdate.
2025-11-30 11:55:11,302 - INFO - 1 data di 'queue' berhasil diupdate.
2025-11-30 11:57:06,307 - INFO - 1 data di 'queue' berhasil diupdate.
2025-11-30 11:59:01,312 - INFO - 1 data di 'queue' berhasil diupdate.
2025-11-30 12:00:56,319 - INFO - 1 data di 'queue' berhasil diupdate.
2025-11-30 12:02:51,327 - INFO - 1 data di 'queue' berhasil diupdate.
2025-11-30 12:04:46,330 - INFO - 1 data di 'queue' berhasil diupdate.
2025-11-30 12:06:41,337 - INFO - 1 data di 'queue' berhasil diupdate.
2025-11-30 12:08:36,344 - INFO - 1 data di 'queue' berhasil diupdate.
2025-11-30 12:10:31,352 - INFO - 1 data di 'queue' berhasil diupdate.
2025-11-30 12:12:26,358 - INFO - 1 data di 'queue' berhasil diupdate.
2025-11-30 12:14:21,365 - INFO - 1 data di 'queue' berhasil diupdate.
2025-11-30 12:16:16,371 - INFO - 1 data di 'queue' berhasil diupdate.
2025-11-30 12:18:11,376 - INFO - 1 data di 'queue' berhasil diupdate.
2025-11-30 12:20:06,382 - INFO - 1 data di 'queue' berhasil diupdate.
2025-11-30 12:22:01,385 - INFO - 1 data di 'queue' berhasil diupdate.
2025-11-30 12:23:56,393 - INFO - 1 data di 'queue' berhasil diupdate.
2025-11-30 12:25:51,399 - INFO - 1 data di 'queue' berhasil diupdate.
2025-11-30 12:27:46,405 - INFO - 1 data di 'queue' berhasil diupdate.
2025-11-30 12:29:41,410 - INFO - 1 data di 'queue' berhasil diupdate.
2025-11-30 12:31:36,418 - INFO - 1 data di 'queue' berhasil diupdate.
2025-11-30 12:33:31,421 - INFO - 1 data di 'queue' berhasil diupdate.
2025-11-30 12:35:26,427 - INFO - 1 data di 'queue' berhasil diupdate.
2025-11-30 12:37:21,437 - INFO - 1 data di 'queue' berhasil diupdate.
2025-11-30 12:39:16,441 - INFO - 1 data di 'queue' berhasil diupdate.
2025-11-30 12:41:11,450 - INFO - 1 data di 'queue' berhasil diupdate.
2025-11-30 12:43:06,460 - INFO - 1 data di 'queue' berhasil diupdate.
2025-11-30 12:45:01,468 - INFO - 1 data di 'queue' berhasil diupdate.
2025-11-30 12:46:56,476 - INFO - 1 data di 'queue' berhasil diupdate.
2025-11-30 12:48:51,487 - INFO - 1 data di 'queue' berhasil diupdate.
2025-11-30 12:50:46,495 - INFO - 1 data di 'queue' berhasil diupdate.
2025-11-30 12:52:41,499 - INFO - 1 data di 'queue' berhasil diupdate.
2025-11-30 12:54:36,508 - INFO - 1 data di 'queue' berhasil diupdate.
2025-11-30 12:56:31,517 - INFO - 1 data di 'queue' berhasil diupdate.
2025-11-30 12:58:26,526 - INFO - 1 data di 'queue' berhasil diupdate.
2025-11-30 13:00:21,533 - INFO - 1 data di 'queue' berhasil diupdate.
2025-11-30 13:02:16,544 - INFO - 1 data di 'queue' berhasil diupdate.
2025-11-30 13:04:11,548 - INFO - 1 data di 'queue' berhasil diupdate.
2025-11-30 13:06:06,557 - INFO - 1 data di 'queue' berhasil diupdate.
2025-11-30 13:08:01,565 - INFO - 1 data di 'queue' berhasil diupdate.
2025-11-30 13:09:56,574 - INFO - 1 data di 'queue' berhasil diupdate.
2025-11-30 13:11:51,581 - INFO - 1 data di 'queue' berhasil diupdate.
2025-11-30 13:13:46,589 - INFO - 1 data di 'queue' berhasil diupdate.
2025-11-30 13:15:41,599 - INFO - 1 data di 'queue' berhasil diupdate.
2025-11-30 13:17:36,605 - INFO - 1 data di 'queue' berhasil diupdate.
2025-11-30 13:19:31,612 - INFO - 1 data di 'queue' berhasil diupdate.
2025-11-30 13:21:26,621 - INFO - 1 data di 'queue' berhasil diupdate.
2025-11-30 13:23:21,627 - INFO - 1 data di 'queue' berhasil diupdate.
2025-11-30 13:25:16,630 - INFO - 1 data di 'queue' berhasil diupdate.
2025-11-30 13:27:11,633 - INFO - 1 data di 'queue' berhasil diupdate.
2025-11-30 13:29:06,642 - INFO - 1 data di 'queue' berhasil diupdate.
2025-11-30 13:31:01,647 - INFO - 1 data di 'queue' berhasil diupdate.
2025-11-30 13:32:56,656 - INFO - 1 data di 'queue' berhasil diupdate.
2025-11-30 13:34:51,664 - INFO - 1 data di 'queue' berhasil diupdate.
2025-11-30 13:36:46,674 - INFO - 1 data di 'queue' berhasil diupdate.
2025-11-30 13:38:41,678 - INFO - 1 data di 'queue' berhasil diupdate.
2025-11-30 13:40:36,687 - INFO - 1 data di 'queue' berhasil diupdate.
2025-11-30 13:42:31,694 - INFO - 1 data di 'queue' berhasil diupdate.
2025-11-30 13:44:26,701 - INFO - 1 data di 'queue' berhasil diupdate.
2025-11-30 13:46:21,710 - INFO - 1 data di 'queue' berhasil diupdate.
2025-11-30 13:48:16,717 - INFO - 1 data di 'queue' berhasil diupdate.
2025-11-30 13:50:11,724 - INFO - 1 data di 'queue' berhasil diupdate.
2025-11-30 13:52:06,729 - INFO - 1 data di 'queue' berhasil diupdate.
2025-11-30 13:54:01,733 - INFO - 1 data di 'queue' berhasil diupdate.
2025-11-30 13:55:56,736 - INFO - 1 data di 'queue' berhasil diupdate.
2025-11-30 13:57:51,743 - INFO - 1 data di 'queue' berhasil diupdate.
2025-11-30 13:59:46,747 - INFO - 1 data di 'queue' berhasil diupdate.
2025-11-30 14:01:41,755 - INFO - 1 data di 'queue' berhasil diupdate.
2025-11-30 14:03:36,763 - INFO - 1 data di 'queue' berhasil diupdate.
2025-11-30 14:05:31,772 - INFO - 1 data di 'queue' berhasil diupdate.
2025-11-30 14:07:26,781 - INFO - 1 data di 'queue' berhasil diupdate.
2025-11-30 14:09:21,789 - INFO - 1 data di 'queue' berhasil diupdate.
2025-11-30 14:11:16,799 - INFO - 1 data di 'queue' berhasil diupdate.
2025-11-30 14:13:11,805 - INFO - 1 data di 'queue' berhasil diupdate.
2025-11-30 14:15:06,813 - INFO - 1 data di 'queue' berhasil diupdate.
2025-11-30 14:17:01,822 - INFO - 1 data di 'queue' berhasil diupdate.
2025-11-30 14:18:56,834 - INFO - 1 data di 'queue' berhasil diupdate.
2025-11-30 14:20:51,844 - INFO - 1 data di 'queue' berhasil diupdate.
2025-11-30 14:22:46,854 - INFO - 1 data di 'queue' berhasil diupdate.
2025-11-30 14:24:41,860 - INFO - 1 data di 'queue' berhasil diupdate.
2025-11-30 14:26:36,863 - INFO - 1 data di 'queue' berhasil diupdate.
2025-11-30 14:28:31,873 - INFO - 1 data di 'queue' berhasil diupdate.
2025-11-30 14:30:26,881 - INFO - 1 data di 'queue' berhasil diupdate.
2025-11-30 14:32:21,885 - INFO - 1 data di 'queue' berhasil diupdate.
2025-11-30 14:34:16,890 - INFO - 1 data di 'queue' berhasil diupdate.
2025-11-30 14:36:11,895 - INFO - 1 data di 'queue' berhasil diupdate.
2025-11-30 14:38:06,900 - INFO - 1 data di 'queue' berhasil diupdate.
2025-11-30 14:40:01,904 - INFO - 1 data di 'queue' berhasil diupdate.
2025-11-30 14:41:56,912 - INFO - 1 data di 'queue' berhasil diupdate.
2025-11-30 14:43:51,919 - INFO - 1 data di 'queue' berhasil diupdate.
2025-11-30 14:45:46,925 - INFO - 1 data di 'queue' berhasil diupdate.
2025-11-30 14:47:41,932 - INFO - 1 data di 'queue' berhasil diupdate.
2025-11-30 14:49:36,941 - INFO - 1 data di 'queue' berhasil diupdate.
2025-11-30 14:51:31,947 - INFO - 1 data di 'queue' berhasil diupdate.
2025-11-30 14:53:26,955 - INFO - 1 data di 'queue' berhasil diupdate.
2025-11-30 14:55:21,959 - INFO - 1 data di 'queue' berhasil diupdate.
2025-11-30 14:57:16,969 - INFO - 1 data di 'queue' berhasil diupdate.
2025-11-30 14:59:11,976 - INFO - 1 data di 'queue' berhasil diupdate.
2025-11-30 15:01:06,982 - INFO - 1 data di 'queue' berhasil diupdate.
2025-11-30 15:03:01,993 - INFO - 1 data di 'queue' berhasil diupdate.
2025-11-30 15:04:57,000 - INFO - 1 data di 'queue' berhasil diupdate.
2025-11-30 15:06:52,008 - INFO - 1 data di 'queue' berhasil diupdate.
2025-11-30 15:08:47,017 - INFO - 1 data di 'queue' berhasil diupdate.
2025-11-30 15:10:42,020 - INFO - 1 data di 'queue' berhasil diupdate.
2025-11-30 15:12:37,026 - INFO - 1 data di 'queue' berhasil diupdate.
2025-11-30 15:14:32,030 - INFO - 1 data di 'queue' berhasil diupdate.
2025-11-30 15:16:27,039 - INFO - 1 data di 'queue' berhasil diupdate.
2025-11-30 15:18:22,043 - INFO - 1 data di 'queue' berhasil diupdate.
2025-11-30 15:20:17,046 - INFO - 1 data di 'queue' berhasil diupdate.
2025-11-30 15:22:12,049 - INFO - 1 data di 'queue' berhasil diupdate.
2025-11-30 15:24:07,053 - INFO - 1 data di 'queue' berhasil diupdate.
2025-11-30 15:26:02,062 - INFO - 1 data di 'queue' berhasil diupdate.
2025-11-30 15:27:57,068 - INFO - 1 data di 'queue' berhasil diupdate.
2025-11-30 15:29:52,074 - INFO - 1 data di 'queue' berhasil diupdate.
2025-11-30 15:31:47,079 - INFO - 1 data di 'queue' berhasil diupdate.
2025-11-30 15:33:42,082 - INFO - 1 data di 'queue' berhasil diupdate.
2025-11-30 15:35:37,092 - INFO - 1 data di 'queue' berhasil diupdate.
2025-11-30 15:37:32,100 - INFO - 1 data di 'queue' berhasil diupdate.
2025-11-30 15:39:27,106 - INFO - 1 data di 'queue' berhasil diupdate.
2025-11-30 15:41:22,113 - INFO - 1 data di 'queue' berhasil diupdate.
2025-11-30 15:43:17,122 - INFO - 1 data di 'queue' berhasil diupdate.
2025-11-30 15:45:12,129 - INFO - 1 data di 'queue' berhasil diupdate.
2025-11-30 15:47:07,137 - INFO - 1 data di 'queue' berhasil diupdate.
2025-11-30 15:49:02,143 - INFO - 1 data di 'queue' berhasil diupdate.
2025-11-30 15:50:57,147 - INFO - 1 data di 'queue' berhasil diupdate.
2025-11-30 15:52:52,157 - INFO - 1 data di 'queue' berhasil diupdate.
2025-11-30 15:54:47,167 - INFO - 1 data di 'queue' berhasil diupdate.
2025-11-30 15:56:42,177 - INFO - 1 data di 'queue' berhasil diupdate.
2025-11-30 15:58:37,182 - INFO - 1 data di 'queue' berhasil diupdate.
2025-11-30 16:00:32,190 - INFO - 1 data di 'queue' berhasil diupdate.
2025-11-30 16:02:27,196 - INFO - 1 data di 'queue' berhasil diupdate.
2025-11-30 16:04:22,199 - INFO - 1 data di 'queue' berhasil diupdate.
2025-11-30 16:06:17,205 - INFO - 1 data di 'queue' berhasil diupdate.
2025-11-30 16:08:12,211 - INFO - 1 data di 'queue' berhasil diupdate.
2025-11-30 16:10:07,215 - INFO - 1 data di 'queue' berhasil diupdate.
2025-11-30 16:12:02,224 - INFO - 1 data di 'queue' berhasil diupdate.
2025-11-30 16:13:57,232 - INFO - 1 data di 'queue' berhasil diupdate.
2025-11-30 16:15:52,239 - INFO - 1 data di 'queue' berhasil diupdate.
2025-11-30 16:17:47,248 - INFO - 1 data di 'queue' berhasil diupdate.
2025-11-30 16:19:42,253 - INFO - 1 data di 'queue' berhasil diupdate.
2025-11-30 16:21:37,257 - INFO - 1 data di 'queue' berhasil diupdate.
2025-11-30 16:23:32,265 - INFO - 1 data di 'queue' berhasil diupdate.
2025-11-30 16:25:27,270 - INFO - 1 data di 'queue' berhasil diupdate.
2025-11-30 16:27:22,279 - INFO - 1 data di 'queue' berhasil diupdate.
2025-11-30 16:29:17,284 - INFO - 1 data di 'queue' berhasil diupdate.
2025-11-30 16:31:12,293 - INFO - 1 data di 'queue' berhasil diupdate.
2025-11-30 16:33:07,297 - INFO - 1 data di 'queue' berhasil diupdate.
2025-11-30 16:35:02,307 - INFO - 1 data di 'queue' berhasil diupdate.
2025-11-30 16:36:57,312 - INFO - 1 data di 'queue' berhasil diupdate.
2025-11-30 16:38:52,321 - INFO - 1 data di 'queue' berhasil diupdate.
2025-11-30 16:40:47,327 - INFO - 1 data di 'queue' berhasil diupdate.
2025-11-30 16:42:42,331 - INFO - 1 data di 'queue' berhasil diupdate.
2025-11-30 16:44:37,339 - INFO - 1 data di 'queue' berhasil diupdate.
2025-11-30 16:46:32,348 - INFO - 1 data di 'queue' berhasil diupdate.
2025-11-30 16:48:27,353 - INFO - 1 data di 'queue' berhasil diupdate.
2025-11-30 16:50:22,362 - INFO - 1 data di 'queue' berhasil diupdate.
2025-11-30 16:52:17,370 - INFO - 1 data di 'queue' berhasil diupdate.
2025-11-30 16:54:12,375 - INFO - 1 data di 'queue' berhasil diupdate.
2025-11-30 16:56:07,382 - INFO - 1 data di 'queue' berhasil diupdate.
2025-11-30 16:58:02,387 - INFO - 1 data di 'queue' berhasil diupdate.
2025-11-30 16:59:57,393 - INFO - 1 data di 'queue' berhasil diupdate.
2025-11-30 17:01:52,402 - INFO - 1 data di 'queue' berhasil diupdate.
2025-11-30 17:03:47,411 - INFO - 1 data di 'queue' berhasil diupdate.
2025-11-30 17:05:42,421 - INFO - 1 data di 'queue' berhasil diupdate.
2025-11-30 17:07:37,425 - INFO - 1 data di 'queue' berhasil diupdate.
2025-11-30 17:09:32,431 - INFO - 1 data di 'queue' berhasil diupdate.
2025-11-30 17:11:27,434 - INFO - 1 data di 'queue' berhasil diupdate.
2025-11-30 17:13:22,442 - INFO - 1 data di 'queue' berhasil diupdate.
2025-11-30 17:15:17,449 - INFO - 1 data di 'queue' berhasil diupdate.
2025-11-30 17:17:12,454 - INFO - 1 data di 'queue' berhasil diupdate.
2025-11-30 17:19:07,460 - INFO - 1 data di 'queue' berhasil diupdate.
2025-11-30 17:21:02,465 - INFO - 1 data di 'queue' berhasil diupdate.
2025-11-30 17:22:57,468 - INFO - 1 data di 'queue' berhasil diupdate.
2025-11-30 17:24:52,475 - INFO - 1 data di 'queue' berhasil diupdate.
2025-11-30 17:26:47,482 - INFO - 1 data di 'queue' berhasil diupdate.
2025-11-30 17:28:42,488 - INFO - 1 data di 'queue' berhasil diupdate.
2025-11-30 17:30:37,494 - INFO - 1 data di 'queue' berhasil diupdate.
2025-11-30 17:32:32,499 - INFO - 1 data di 'queue' berhasil diupdate.
2025-11-30 17:34:27,503 - INFO - 1 data di 'queue' berhasil diupdate.
2025-11-30 17:36:22,509 - INFO - 1 data di 'queue' berhasil diupdate.
2025-11-30 17:38:17,516 - INFO - 1 data di 'queue' berhasil diupdate.
2025-11-30 17:40:12,522 - INFO - 1 data di 'queue' berhasil diupdate.
2025-11-30 17:42:07,530 - INFO - 1 data di 'queue' berhasil diupdate.
2025-11-30 17:44:02,538 - INFO - 1 data di 'queue' berhasil diupdate.
2025-11-30 17:45:57,545 - INFO - 1 data di 'queue' berhasil diupdate.
2025-11-30 17:47:52,550 - INFO - 1 data di 'queue' berhasil diupdate.
2025-11-30 17:49:47,559 - INFO - 1 data di 'queue' berhasil diupdate.
2025-11-30 17:51:42,566 - INFO - 1 data di 'queue' berhasil diupdate.
2025-11-30 17:53:37,570 - INFO - 1 data di 'queue' berhasil diupdate.
2025-11-30 17:55:32,577 - INFO - 1 data di 'queue' berhasil diupdate.
2025-11-30 17:57:27,580 - INFO - 1 data di 'queue' berhasil diupdate.
2025-11-30 17:59:22,587 - INFO - 1 data di 'queue' berhasil diupdate.
2025-11-30 18:01:17,596 - INFO - 1 data di 'queue' berhasil diupdate.
2025-11-30 18:03:12,604 - INFO - 1 data di 'queue' berhasil diupdate.
2025-11-30 18:05:07,614 - INFO - 1 data di 'queue' berhasil diupdate.
2025-11-30 18:07:02,620 - INFO - 1 data di 'queue' berhasil diupdate.
2025-11-30 18:08:57,628 - INFO - 1 data di 'queue' berhasil diupdate.
2025-11-30 18:10:52,631 - INFO - 1 data di 'queue' berhasil diupdate.
2025-11-30 18:12:47,635 - INFO - 1 data di 'queue' berhasil diupdate.
2025-11-30 18:14:42,643 - INFO - 1 data di 'queue' berhasil diupdate.
2025-11-30 18:16:37,653 - INFO - 1 data di 'queue' berhasil diupdate.
2025-11-30 18:18:32,659 - INFO - 1 data di 'queue' berhasil diupdate.
2025-11-30 18:20:27,663 - INFO - 1 data di 'queue' berhasil diupdate.
2025-11-30 18:22:22,671 - INFO - 1 data di 'queue' berhasil diupdate.
2025-11-30 18:24:17,680 - INFO - 1 data di 'queue' berhasil diupdate.
2025-11-30 18:26:12,690 - INFO - 1 data di 'queue' berhasil diupdate.
2025-11-30 18:28:07,698 - INFO - 1 data di 'queue' berhasil diupdate.
2025-11-30 18:30:02,704 - INFO - 1 data di 'queue' berhasil diupdate.
2025-11-30 18:31:57,714 - INFO - 1 data di 'queue' berhasil diupdate.
2025-11-30 18:33:52,723 - INFO - 1 data di 'queue' berhasil diupdate.
2025-11-30 18:35:47,732 - INFO - 1 data di 'queue' berhasil diupdate.
