2025-12-01 07:12:53,449 - INFO - Done : /home/vas1/VAS/Control/assets/alarm/alarm3.mp3
2025-12-01 07:12:53,457 - INFO - Lamp ON (status: mqtt)
2025-12-01 07:12:53,460 - INFO - 1 data di 'queue' berhasil diupdate.
2025-12-01 07:12:53,469 - INFO - Lamp OFF (status: mqtt)
2025-12-01 07:12:53,479 - INFO - Lamp OFF (status: mqtt)
2025-12-01 07:12:53,489 - INFO - Lamp ON (status: mqtt)
2025-12-01 07:12:53,499 - INFO - Alarm Play: alarm3 (status: mqtt)
2025-12-01 07:12:55,003 - INFO - Play : /home/vas1/VAS/Control/assets/alarm/alarm3.mp3
2025-12-01 07:13:05,865 - INFO - Done : /home/vas1/VAS/Control/assets/alarm/alarm3.mp3
2025-12-01 07:13:05,872 - INFO - Lamp ON (status: mqtt)
2025-12-01 07:13:05,883 - INFO - Lamp OFF (status: mqtt)
2025-12-01 07:13:05,893 - INFO - Lamp OFF (status: mqtt)
2025-12-01 07:13:05,902 - INFO - Lamp ON (status: mqtt)
2025-12-01 07:13:05,912 - INFO - Alarm Play: alarm3 (status: mqtt)
2025-12-01 07:13:07,416 - INFO - Play : /home/vas1/VAS/Control/assets/alarm/alarm3.mp3
2025-12-01 07:13:18,281 - INFO - Done : /home/vas1/VAS/Control/assets/alarm/alarm3.mp3
2025-12-01 07:13:18,289 - INFO - Lamp ON (status: mqtt)
2025-12-01 07:13:18,299 - INFO - Lamp OFF (status: mqtt)
2025-12-01 07:13:18,309 - INFO - Lamp OFF (status: mqtt)
2025-12-01 07:13:18,318 - INFO - Lamp ON (status: mqtt)
2025-12-01 07:13:18,329 - INFO - Alarm Play: alarm3 (status: mqtt)
2025-12-01 07:13:19,834 - INFO - Play : /home/vas1/VAS/Control/assets/alarm/alarm3.mp3
2025-12-01 07:13:30,697 - INFO - Done : /home/vas1/VAS/Control/assets/alarm/alarm3.mp3
2025-12-01 07:13:30,705 - INFO - Lamp ON (status: mqtt)
2025-12-01 07:13:30,716 - INFO - Lamp OFF (status: mqtt)
2025-12-01 07:13:30,727 - INFO - Lamp OFF (status: mqtt)
2025-12-01 07:13:30,737 - INFO - Lamp ON (status: mqtt)
2025-12-01 07:13:30,791 - INFO - Lamp OFF (status: mqtt)
2025-12-01 07:13:54,213 - INFO - Alarm Play: alarm3 (status: mqtt)
2025-12-01 07:13:55,715 - INFO - Play : /home/vas1/VAS/Control/assets/alarm/alarm3.mp3
2025-12-01 07:14:06,580 - INFO - Done : /home/vas1/VAS/Control/assets/alarm/alarm3.mp3
2025-12-01 07:14:06,587 - INFO - Lamp ON (status: mqtt)
2025-12-01 07:14:06,598 - INFO - Lamp OFF (status: mqtt)
2025-12-01 07:14:06,607 - INFO - Lamp ON (status: mqtt)
2025-12-01 07:14:06,617 - INFO - Lamp OFF (status: mqtt)
2025-12-01 07:14:48,467 - INFO - 1 data di 'queue' berhasil diupdate.
2025-12-01 07:15:09,054 - INFO - Alarm Play: alarm3 (status: mqtt)
2025-12-01 07:15:10,556 - INFO - Play : /home/vas1/VAS/Control/assets/alarm/alarm3.mp3
2025-12-01 07:15:21,417 - INFO - Done : /home/vas1/VAS/Control/assets/alarm/alarm3.mp3
2025-12-01 07:15:21,424 - INFO - Lamp ON (status: mqtt)
2025-12-01 07:15:21,435 - INFO - Lamp OFF (status: mqtt)
2025-12-01 07:15:21,445 - INFO - Lamp ON (status: mqtt)
2025-12-01 07:15:21,455 - INFO - Alarm Play: alarm3 (status: mqtt)
2025-12-01 07:15:22,959 - INFO - Play : /home/vas1/VAS/Control/assets/alarm/alarm3.mp3
2025-12-01 07:15:33,833 - INFO - Done : /home/vas1/VAS/Control/assets/alarm/alarm3.mp3
2025-12-01 07:15:33,841 - INFO - Lamp ON (status: mqtt)
2025-12-01 07:15:33,851 - INFO - Lamp OFF (status: mqtt)
2025-12-01 07:15:33,860 - INFO - Lamp OFF (status: mqtt)
2025-12-01 07:15:33,870 - INFO - Lamp ON (status: mqtt)
2025-12-01 07:15:33,880 - INFO - Alarm Play: alarm3 (status: mqtt)
2025-12-01 07:15:35,383 - INFO - Play : /home/vas1/VAS/Control/assets/alarm/alarm3.mp3
2025-12-01 07:15:46,249 - INFO - Done : /home/vas1/VAS/Control/assets/alarm/alarm3.mp3
2025-12-01 07:15:46,257 - INFO - Lamp ON (status: mqtt)
2025-12-01 07:15:46,266 - INFO - Lamp OFF (status: mqtt)
2025-12-01 07:15:46,276 - INFO - Alarm Play: alarm3 (status: mqtt)
2025-12-01 07:15:47,781 - INFO - Play : /home/vas1/VAS/Control/assets/alarm/alarm3.mp3
2025-12-01 07:15:58,622 - INFO - Done : /home/vas1/VAS/Control/assets/alarm/alarm3.mp3
2025-12-01 07:15:58,630 - INFO - Lamp ON (status: mqtt)
2025-12-01 07:15:58,641 - INFO - Lamp OFF (status: mqtt)
2025-12-01 07:15:58,651 - INFO - Lamp ON (status: mqtt)
2025-12-01 07:15:58,662 - INFO - Lamp OFF (status: mqtt)
2025-12-01 07:15:58,672 - INFO - Lamp ON (status: mqtt)
2025-12-01 07:15:58,682 - INFO - Alarm Play: alarm3 (status: mqtt)
2025-12-01 07:16:00,186 - INFO - Play : /home/vas1/VAS/Control/assets/alarm/alarm3.mp3
2025-12-01 07:16:11,039 - INFO - Done : /home/vas1/VAS/Control/assets/alarm/alarm3.mp3
2025-12-01 07:16:11,046 - INFO - Lamp ON (status: mqtt)
2025-12-01 07:16:11,057 - INFO - Lamp OFF (status: mqtt)
2025-12-01 07:16:11,067 - INFO - Alarm Play: alarm3 (status: mqtt)
2025-12-01 07:16:12,572 - INFO - Play : /home/vas1/VAS/Control/assets/alarm/alarm3.mp3
2025-12-01 07:16:23,412 - INFO - Done : /home/vas1/VAS/Control/assets/alarm/alarm3.mp3
2025-12-01 07:16:23,419 - INFO - Lamp ON (status: mqtt)
2025-12-01 07:16:23,430 - INFO - Lamp OFF (status: mqtt)
2025-12-01 07:16:23,441 - INFO - Lamp OFF (status: mqtt)
2025-12-01 07:16:23,452 - INFO - Lamp ON (status: mqtt)
2025-12-01 07:16:23,464 - INFO - Lamp OFF (status: mqtt)
2025-12-01 07:16:23,474 - INFO - Lamp ON (status: mqtt)
2025-12-01 07:16:23,486 - INFO - Lamp OFF (status: mqtt)
2025-12-01 07:16:23,497 - INFO - Alarm Play: alarm3 (status: mqtt)
2025-12-01 07:16:25,000 - INFO - Play : /home/vas1/VAS/Control/assets/alarm/alarm3.mp3
2025-12-01 07:16:35,870 - INFO - Done : /home/vas1/VAS/Control/assets/alarm/alarm3.mp3
2025-12-01 07:16:35,879 - INFO - Lamp ON (status: mqtt)
2025-12-01 07:16:35,889 - INFO - Lamp OFF (status: mqtt)
2025-12-01 07:16:35,901 - INFO - Alarm Play: alarm3 (status: mqtt)
2025-12-01 07:16:37,405 - INFO - Play : /home/vas1/VAS/Control/assets/alarm/alarm3.mp3
2025-12-01 07:16:48,244 - INFO - Done : /home/vas1/VAS/Control/assets/alarm/alarm3.mp3
2025-12-01 07:16:48,252 - INFO - Lamp ON (status: mqtt)
2025-12-01 07:16:48,255 - INFO - 1 data di 'queue' berhasil diupdate.
2025-12-01 07:16:48,264 - INFO - Lamp OFF (status: mqtt)
2025-12-01 07:16:48,274 - INFO - Lamp ON (status: mqtt)
2025-12-01 07:16:48,284 - INFO - Lamp OFF (status: mqtt)
2025-12-01 07:16:48,294 - INFO - Lamp ON (status: mqtt)
2025-12-01 07:16:48,306 - INFO - Alarm Play: alarm3 (status: mqtt)
2025-12-01 07:16:49,810 - INFO - Play : /home/vas1/VAS/Control/assets/alarm/alarm3.mp3
2025-12-01 07:17:00,660 - INFO - Done : /home/vas1/VAS/Control/assets/alarm/alarm3.mp3
2025-12-01 07:17:00,667 - INFO - Lamp ON (status: mqtt)
2025-12-01 07:17:00,677 - INFO - Lamp OFF (status: mqtt)
2025-12-01 07:17:00,688 - INFO - Alarm Play: alarm3 (status: mqtt)
2025-12-01 07:17:02,192 - INFO - Play : /home/vas1/VAS/Control/assets/alarm/alarm3.mp3
2025-12-01 07:17:13,033 - INFO - Done : /home/vas1/VAS/Control/assets/alarm/alarm3.mp3
2025-12-01 07:17:13,041 - INFO - Lamp ON (status: mqtt)
2025-12-01 07:17:13,051 - INFO - Lamp OFF (status: mqtt)
2025-12-01 07:17:13,062 - INFO - Lamp OFF (status: mqtt)
2025-12-01 07:17:13,072 - INFO - Lamp ON (status: mqtt)
2025-12-01 07:17:13,082 - INFO - Lamp OFF (status: mqtt)
2025-12-01 07:17:13,093 - INFO - Lamp ON (status: mqtt)
2025-12-01 07:17:13,104 - INFO - Alarm Play: alarm3 (status: mqtt)
2025-12-01 07:17:14,609 - INFO - Play : /home/vas1/VAS/Control/assets/alarm/alarm3.mp3
2025-12-01 07:17:25,449 - INFO - Done : /home/vas1/VAS/Control/assets/alarm/alarm3.mp3
2025-12-01 07:17:25,457 - INFO - Lamp ON (status: mqtt)
2025-12-01 07:17:25,469 - INFO - Lamp OFF (status: mqtt)
2025-12-01 07:17:25,481 - INFO - Lamp OFF (status: mqtt)
2025-12-01 07:17:25,491 - INFO - Alarm Play: alarm3 (status: mqtt)
2025-12-01 07:17:26,995 - INFO - Play : /home/vas1/VAS/Control/assets/alarm/alarm3.mp3
2025-12-01 07:17:37,865 - INFO - Done : /home/vas1/VAS/Control/assets/alarm/alarm3.mp3
2025-12-01 07:17:37,873 - INFO - Lamp ON (status: mqtt)
2025-12-01 07:17:37,883 - INFO - Lamp OFF (status: mqtt)
2025-12-01 07:17:37,893 - INFO - Lamp ON (status: mqtt)
2025-12-01 07:17:37,903 - INFO - Lamp OFF (status: mqtt)
2025-12-01 07:17:37,914 - INFO - Lamp ON (status: mqtt)
2025-12-01 07:17:37,924 - INFO - Lamp OFF (status: mqtt)
2025-12-01 07:17:37,935 - INFO - Alarm Play: alarm3 (status: mqtt)
2025-12-01 07:17:39,439 - INFO - Play : /home/vas1/VAS/Control/assets/alarm/alarm3.mp3
2025-12-01 07:17:50,281 - INFO - Done : /home/vas1/VAS/Control/assets/alarm/alarm3.mp3
2025-12-01 07:17:50,289 - INFO - Lamp ON (status: mqtt)
2025-12-01 07:17:50,300 - INFO - Lamp OFF (status: mqtt)
2025-12-01 07:17:50,310 - INFO - Lamp OFF (status: mqtt)
2025-12-01 07:17:50,320 - INFO - Lamp ON (status: mqtt)
2025-12-01 07:17:50,331 - INFO - Alarm Play: alarm3 (status: mqtt)
2025-12-01 07:17:51,835 - INFO - Play : /home/vas1/VAS/Control/assets/alarm/alarm3.mp3
2025-12-01 07:18:02,697 - INFO - Done : /home/vas1/VAS/Control/assets/alarm/alarm3.mp3
2025-12-01 07:18:02,706 - INFO - Lamp ON (status: mqtt)
2025-12-01 07:18:02,717 - INFO - Lamp OFF (status: mqtt)
2025-12-01 07:18:02,728 - INFO - Lamp OFF (status: mqtt)
2025-12-01 07:18:02,741 - INFO - Lamp ON (status: mqtt)
2025-12-01 07:18:02,751 - INFO - Lamp OFF (status: mqtt)
2025-12-01 07:18:43,263 - INFO - 1 data di 'queue' berhasil diupdate.
2025-12-01 07:20:38,269 - INFO - 1 data di 'queue' berhasil diupdate.
2025-12-01 07:21:44,886 - INFO - Alarm Play: alarm3 (status: mqtt)
2025-12-01 07:21:46,387 - INFO - Play : /home/vas1/VAS/Control/assets/alarm/alarm3.mp3
2025-12-01 07:21:57,236 - INFO - Done : /home/vas1/VAS/Control/assets/alarm/alarm3.mp3
2025-12-01 07:21:57,245 - INFO - Lamp ON (status: mqtt)
2025-12-01 07:21:57,258 - INFO - Lamp OFF (status: mqtt)
2025-12-01 07:21:57,271 - INFO - Lamp ON (status: mqtt)
2025-12-01 07:21:57,284 - INFO - Alarm Play: alarm3 (status: mqtt)
2025-12-01 07:21:58,788 - INFO - Play : /home/vas1/VAS/Control/assets/alarm/alarm3.mp3
2025-12-01 07:22:09,652 - INFO - Done : /home/vas1/VAS/Control/assets/alarm/alarm3.mp3
2025-12-01 07:22:09,661 - INFO - Lamp ON (status: mqtt)
2025-12-01 07:22:09,674 - INFO - Lamp OFF (status: mqtt)
2025-12-01 07:22:09,685 - INFO - Lamp OFF (status: mqtt)
2025-12-01 07:22:09,699 - INFO - Lamp ON (status: mqtt)
2025-12-01 07:22:09,712 - INFO - Lamp OFF (status: mqtt)
2025-12-01 07:22:33,274 - INFO - 1 data di 'queue' berhasil diupdate.
2025-12-01 07:24:28,286 - INFO - 1 data di 'queue' berhasil diupdate.
2025-12-01 07:26:23,294 - INFO - 1 data di 'queue' berhasil diupdate.
2025-12-01 07:27:30,103 - INFO - Alarm Play: alarm3 (status: mqtt)
2025-12-01 07:27:31,604 - INFO - Play : /home/vas1/VAS/Control/assets/alarm/alarm3.mp3
2025-12-01 07:27:42,452 - INFO - Done : /home/vas1/VAS/Control/assets/alarm/alarm3.mp3
2025-12-01 07:27:42,461 - INFO - Lamp ON (status: mqtt)
2025-12-01 07:27:42,473 - INFO - Lamp OFF (status: mqtt)
2025-12-01 07:27:42,485 - INFO - Lamp ON (status: mqtt)
2025-12-01 07:27:42,498 - INFO - Alarm Play: alarm3 (status: mqtt)
2025-12-01 07:27:44,003 - INFO - Play : /home/vas1/VAS/Control/assets/alarm/alarm3.mp3
2025-12-01 07:27:54,868 - INFO - Done : /home/vas1/VAS/Control/assets/alarm/alarm3.mp3
2025-12-01 07:27:54,878 - INFO - Lamp ON (status: mqtt)
2025-12-01 07:27:54,891 - INFO - Lamp OFF (status: mqtt)
2025-12-01 07:27:54,903 - INFO - Lamp OFF (status: mqtt)
2025-12-01 07:27:54,917 - INFO - Lamp ON (status: mqtt)
2025-12-01 07:27:54,930 - INFO - Alarm Play: alarm3 (status: mqtt)
2025-12-01 07:27:56,433 - INFO - Play : /home/vas1/VAS/Control/assets/alarm/alarm3.mp3
2025-12-01 07:28:07,284 - INFO - Done : /home/vas1/VAS/Control/assets/alarm/alarm3.mp3
2025-12-01 07:28:07,295 - INFO - Lamp ON (status: mqtt)
2025-12-01 07:28:07,308 - INFO - Alarm Play: alarm3 (status: mqtt)
2025-12-01 07:28:08,812 - INFO - Play : /home/vas1/VAS/Control/assets/alarm/alarm3.mp3
2025-12-01 07:28:19,657 - INFO - Done : /home/vas1/VAS/Control/assets/alarm/alarm3.mp3
2025-12-01 07:28:19,668 - INFO - Lamp ON (status: mqtt)
2025-12-01 07:28:19,671 - INFO - 1 data di 'queue' berhasil diupdate.
2025-12-01 07:28:19,683 - INFO - Lamp OFF (status: mqtt)
2025-12-01 07:28:19,695 - INFO - Lamp OFF (status: mqtt)
2025-12-01 07:28:19,708 - INFO - Lamp ON (status: mqtt)
2025-12-01 07:28:19,721 - INFO - Lamp OFF (status: mqtt)
2025-12-01 07:28:19,737 - INFO - Lamp ON (status: mqtt)
2025-12-01 07:28:19,750 - INFO - Alarm Play: alarm3 (status: mqtt)
2025-12-01 07:28:21,255 - INFO - Play : /home/vas1/VAS/Control/assets/alarm/alarm3.mp3
2025-12-01 07:28:32,116 - INFO - Done : /home/vas1/VAS/Control/assets/alarm/alarm3.mp3
2025-12-01 07:28:32,126 - INFO - Lamp ON (status: mqtt)
2025-12-01 07:28:32,139 - INFO - Lamp OFF (status: mqtt)
2025-12-01 07:28:32,152 - INFO - Lamp OFF (status: mqtt)
2025-12-01 07:28:32,165 - INFO - Lamp OFF (status: mqtt)
2025-12-01 07:28:32,179 - INFO - Lamp ON (status: mqtt)
2025-12-01 07:28:32,192 - INFO - Lamp OFF (status: mqtt)
2025-12-01 07:28:32,205 - INFO - Alarm Play: alarm3 (status: mqtt)
2025-12-01 07:28:33,710 - INFO - Play : /home/vas1/VAS/Control/assets/alarm/alarm3.mp3
2025-12-01 07:28:44,574 - INFO - Done : /home/vas1/VAS/Control/assets/alarm/alarm3.mp3
2025-12-01 07:28:44,586 - INFO - Lamp ON (status: mqtt)
2025-12-01 07:28:44,599 - INFO - Alarm Play: alarm3 (status: mqtt)
2025-12-01 07:28:46,104 - INFO - Play : /home/vas1/VAS/Control/assets/alarm/alarm3.mp3
2025-12-01 07:28:56,948 - INFO - Done : /home/vas1/VAS/Control/assets/alarm/alarm3.mp3
2025-12-01 07:28:56,958 - INFO - Alarm Play: alarm3 (status: mqtt)
2025-12-01 07:28:58,462 - INFO - Play : /home/vas1/VAS/Control/assets/alarm/alarm3.mp3
2025-12-01 07:29:09,321 - INFO - Done : /home/vas1/VAS/Control/assets/alarm/alarm3.mp3
2025-12-01 07:29:09,332 - INFO - Lamp OFF (status: mqtt)
2025-12-01 07:29:09,346 - INFO - Lamp ON (status: mqtt)
2025-12-01 07:29:09,360 - INFO - Alarm Play: alarm3 (status: mqtt)
2025-12-01 07:29:10,863 - INFO - Play : /home/vas1/VAS/Control/assets/alarm/alarm3.mp3
2025-12-01 07:29:21,737 - INFO - Done : /home/vas1/VAS/Control/assets/alarm/alarm3.mp3
2025-12-01 07:29:21,747 - INFO - Lamp OFF (status: mqtt)
2025-12-01 07:29:21,760 - INFO - Alarm Play: alarm3 (status: mqtt)
2025-12-01 07:29:23,267 - INFO - Play : /home/vas1/VAS/Control/assets/alarm/alarm3.mp3
2025-12-01 07:29:34,110 - INFO - Done : /home/vas1/VAS/Control/assets/alarm/alarm3.mp3
2025-12-01 07:29:34,121 - INFO - Lamp OFF (status: mqtt)
2025-12-01 07:29:34,134 - INFO - Lamp OFF (status: mqtt)
2025-12-01 07:29:34,148 - INFO - Lamp ON (status: mqtt)
2025-12-01 07:29:34,161 - INFO - Alarm Play: alarm3 (status: mqtt)
2025-12-01 07:29:35,665 - INFO - Play : /home/vas1/VAS/Control/assets/alarm/alarm3.mp3
2025-12-01 07:29:46,526 - INFO - Done : /home/vas1/VAS/Control/assets/alarm/alarm3.mp3
2025-12-01 07:29:46,537 - INFO - Lamp ON (status: mqtt)
2025-12-01 07:29:46,552 - INFO - Lamp OFF (status: mqtt)
2025-12-01 07:29:46,566 - INFO - Lamp ON (status: mqtt)
2025-12-01 07:29:46,579 - INFO - Lamp OFF (status: mqtt)
2025-12-01 07:29:46,593 - INFO - Lamp ON (status: mqtt)
2025-12-01 07:29:46,607 - INFO - Lamp OFF (status: mqtt)
2025-12-01 07:29:46,621 - INFO - Lamp OFF (status: mqtt)
2025-12-01 07:29:46,636 - INFO - Lamp ON (status: mqtt)
2025-12-01 07:29:46,649 - INFO - Lamp OFF (status: mqtt)
2025-12-01 07:29:46,663 - INFO - Lamp OFF (status: mqtt)
2025-12-01 07:29:46,677 - INFO - Alarm Play: alarm3 (status: mqtt)
2025-12-01 07:29:48,180 - INFO - Play : /home/vas1/VAS/Control/assets/alarm/alarm3.mp3
2025-12-01 07:29:59,028 - INFO - Done : /home/vas1/VAS/Control/assets/alarm/alarm3.mp3
2025-12-01 07:29:59,038 - INFO - Lamp ON (status: mqtt)
2025-12-01 07:29:59,051 - INFO - Lamp OFF (status: mqtt)
2025-12-01 07:29:59,065 - INFO - Alarm Play: alarm3 (status: mqtt)
2025-12-01 07:30:00,569 - INFO - Play : /home/vas1/VAS/Control/assets/alarm/alarm3.mp3
2025-12-01 07:30:11,444 - INFO - Done : /home/vas1/VAS/Control/assets/alarm/alarm3.mp3
2025-12-01 07:30:11,455 - INFO - Lamp ON (status: mqtt)
2025-12-01 07:30:11,468 - INFO - Lamp OFF (status: mqtt)
2025-12-01 07:30:11,483 - INFO - Lamp ON (status: mqtt)
2025-12-01 07:30:11,498 - INFO - Lamp OFF (status: mqtt)
2025-12-01 07:30:11,515 - INFO - Lamp ON (status: mqtt)
2025-12-01 07:30:11,530 - INFO - Alarm Play: alarm3 (status: mqtt)
2025-12-01 07:30:13,034 - INFO - Play : /home/vas1/VAS/Control/assets/alarm/alarm3.mp3
2025-12-01 07:30:23,902 - INFO - Done : /home/vas1/VAS/Control/assets/alarm/alarm3.mp3
2025-12-01 07:30:23,914 - INFO - Lamp ON (status: mqtt)
2025-12-01 07:30:23,917 - INFO - 1 data di 'queue' berhasil diupdate.
2025-12-01 07:30:23,931 - INFO - Lamp OFF (status: mqtt)
2025-12-01 07:30:23,945 - INFO - Alarm Play: alarm3 (status: mqtt)
2025-12-01 07:30:25,450 - INFO - Play : /home/vas1/VAS/Control/assets/alarm/alarm3.mp3
2025-12-01 07:30:36,318 - INFO - Done : /home/vas1/VAS/Control/assets/alarm/alarm3.mp3
2025-12-01 07:30:36,329 - INFO - Lamp ON (status: mqtt)
2025-12-01 07:30:36,344 - INFO - Lamp OFF (status: mqtt)
2025-12-01 07:30:36,359 - INFO - Lamp OFF (status: mqtt)
2025-12-01 07:30:36,373 - INFO - Lamp ON (status: mqtt)
2025-12-01 07:30:36,387 - INFO - Lamp OFF (status: mqtt)
2025-12-01 07:30:36,401 - INFO - Lamp ON (status: mqtt)
2025-12-01 07:30:36,415 - INFO - Lamp OFF (status: mqtt)
2025-12-01 07:30:36,428 - INFO - Alarm Play: alarm3 (status: mqtt)
2025-12-01 07:30:37,932 - INFO - Play : /home/vas1/VAS/Control/assets/alarm/alarm3.mp3
2025-12-01 07:30:48,777 - INFO - Done : /home/vas1/VAS/Control/assets/alarm/alarm3.mp3
2025-12-01 07:30:48,787 - INFO - Lamp ON (status: mqtt)
2025-12-01 07:30:48,802 - INFO - Lamp OFF (status: mqtt)
2025-12-01 07:30:48,816 - INFO - Lamp OFF (status: mqtt)
2025-12-01 07:30:48,829 - INFO - Lamp ON (status: mqtt)
2025-12-01 07:30:48,843 - INFO - Alarm Play: alarm3 (status: mqtt)
2025-12-01 07:30:50,347 - INFO - Play : /home/vas1/VAS/Control/assets/alarm/alarm3.mp3
2025-12-01 07:31:01,193 - INFO - Done : /home/vas1/VAS/Control/assets/alarm/alarm3.mp3
2025-12-01 07:31:01,203 - INFO - Lamp ON (status: mqtt)
2025-12-01 07:31:01,217 - INFO - Lamp OFF (status: mqtt)
2025-12-01 07:31:01,230 - INFO - Lamp OFF (status: mqtt)
2025-12-01 07:31:01,243 - INFO - Lamp ON (status: mqtt)
2025-12-01 07:31:01,258 - INFO - Alarm Play: alarm3 (status: mqtt)
2025-12-01 07:31:02,762 - INFO - Play : /home/vas1/VAS/Control/assets/alarm/alarm3.mp3
2025-12-01 07:31:13,609 - INFO - Done : /home/vas1/VAS/Control/assets/alarm/alarm3.mp3
2025-12-01 07:31:13,621 - INFO - Lamp ON (status: mqtt)
2025-12-01 07:31:13,635 - INFO - Lamp OFF (status: mqtt)
2025-12-01 07:31:13,649 - INFO - Lamp OFF (status: mqtt)
2025-12-01 07:31:13,664 - INFO - Lamp ON (status: mqtt)
2025-12-01 07:31:13,678 - INFO - Lamp OFF (status: mqtt)
2025-12-01 07:31:13,691 - INFO - Alarm Play: alarm3 (status: mqtt)
2025-12-01 07:31:15,196 - INFO - Play : /home/vas1/VAS/Control/assets/alarm/alarm3.mp3
2025-12-01 07:31:26,068 - INFO - Done : /home/vas1/VAS/Control/assets/alarm/alarm3.mp3
2025-12-01 07:31:26,079 - INFO - Lamp ON (status: mqtt)
2025-12-01 07:31:26,093 - INFO - Lamp OFF (status: mqtt)
2025-12-01 07:31:26,107 - INFO - Lamp ON (status: mqtt)
2025-12-01 07:31:26,122 - INFO - Lamp OFF (status: mqtt)
2025-12-01 07:31:26,136 - INFO - Alarm Play: alarm3 (status: mqtt)
2025-12-01 07:31:27,640 - INFO - Play : /home/vas1/VAS/Control/assets/alarm/alarm3.mp3
2025-12-01 07:31:38,483 - INFO - Done : /home/vas1/VAS/Control/assets/alarm/alarm3.mp3
2025-12-01 07:31:38,494 - INFO - Lamp ON (status: mqtt)
2025-12-01 07:31:38,509 - INFO - Lamp OFF (status: mqtt)
2025-12-01 07:31:38,523 - INFO - Lamp ON (status: mqtt)
2025-12-01 07:31:38,539 - INFO - Alarm Play: alarm3 (status: mqtt)
2025-12-01 07:31:40,043 - INFO - Play : /home/vas1/VAS/Control/assets/alarm/alarm3.mp3
2025-12-01 07:31:50,900 - INFO - Done : /home/vas1/VAS/Control/assets/alarm/alarm3.mp3
2025-12-01 07:31:50,912 - INFO - Lamp ON (status: mqtt)
2025-12-01 07:31:50,928 - INFO - Lamp OFF (status: mqtt)
2025-12-01 07:31:50,942 - INFO - Lamp OFF (status: mqtt)
2025-12-01 07:31:50,957 - INFO - Lamp ON (status: mqtt)
2025-12-01 07:31:50,970 - INFO - Lamp OFF (status: mqtt)
2025-12-01 07:31:50,984 - INFO - Alarm Play: alarm3 (status: mqtt)
2025-12-01 07:31:52,489 - INFO - Play : /home/vas1/VAS/Control/assets/alarm/alarm3.mp3
2025-12-01 07:32:03,358 - INFO - Done : /home/vas1/VAS/Control/assets/alarm/alarm3.mp3
2025-12-01 07:32:03,369 - INFO - Lamp ON (status: mqtt)
2025-12-01 07:32:03,383 - INFO - Lamp OFF (status: mqtt)
2025-12-01 07:32:03,396 - INFO - Lamp ON (status: mqtt)
2025-12-01 07:32:03,411 - INFO - Alarm Play: alarm3 (status: mqtt)
2025-12-01 07:32:04,915 - INFO - Play : /home/vas1/VAS/Control/assets/alarm/alarm3.mp3
2025-12-01 07:32:15,774 - INFO - Done : /home/vas1/VAS/Control/assets/alarm/alarm3.mp3
2025-12-01 07:32:15,786 - INFO - Lamp ON (status: mqtt)
2025-12-01 07:32:15,802 - INFO - Lamp OFF (status: mqtt)
2025-12-01 07:32:15,816 - INFO - Lamp OFF (status: mqtt)
2025-12-01 07:32:15,830 - INFO - Lamp ON (status: mqtt)
2025-12-01 07:32:15,843 - INFO - Alarm Play: alarm3 (status: mqtt)
2025-12-01 07:32:17,347 - INFO - Play : /home/vas1/VAS/Control/assets/alarm/alarm3.mp3
2025-12-01 07:32:28,190 - INFO - Done : /home/vas1/VAS/Control/assets/alarm/alarm3.mp3
2025-12-01 07:32:28,202 - INFO - Lamp ON (status: mqtt)
2025-12-01 07:32:28,205 - INFO - 1 data di 'queue' berhasil diupdate.
2025-12-01 07:32:28,218 - INFO - Lamp OFF (status: mqtt)
2025-12-01 07:32:28,231 - INFO - Lamp OFF (status: mqtt)
2025-12-01 07:32:28,245 - INFO - Lamp ON (status: mqtt)
2025-12-01 07:32:28,260 - INFO - Lamp OFF (status: mqtt)
2025-12-01 07:32:28,276 - INFO - Alarm Play: alarm3 (status: mqtt)
2025-12-01 07:32:29,780 - INFO - Play : /home/vas1/VAS/Control/assets/alarm/alarm3.mp3
2025-12-01 07:32:40,649 - INFO - Done : /home/vas1/VAS/Control/assets/alarm/alarm3.mp3
2025-12-01 07:32:40,660 - INFO - Lamp ON (status: mqtt)
2025-12-01 07:32:40,677 - INFO - Lamp OFF (status: mqtt)
2025-12-01 07:32:40,692 - INFO - Lamp ON (status: mqtt)
2025-12-01 07:32:40,706 - INFO - Alarm Play: alarm3 (status: mqtt)
2025-12-01 07:32:42,210 - INFO - Play : /home/vas1/VAS/Control/assets/alarm/alarm3.mp3
2025-12-01 07:32:53,065 - INFO - Done : /home/vas1/VAS/Control/assets/alarm/alarm3.mp3
2025-12-01 07:32:53,077 - INFO - Lamp ON (status: mqtt)
2025-12-01 07:32:53,091 - INFO - Lamp OFF (status: mqtt)
2025-12-01 07:32:53,104 - INFO - Lamp OFF (status: mqtt)
2025-12-01 07:32:53,119 - INFO - Lamp ON (status: mqtt)
2025-12-01 07:32:53,132 - INFO - Lamp OFF (status: mqtt)
2025-12-01 07:32:53,146 - INFO - Alarm Play: alarm3 (status: mqtt)
2025-12-01 07:32:54,650 - INFO - Play : /home/vas1/VAS/Control/assets/alarm/alarm3.mp3
2025-12-01 07:33:05,524 - INFO - Done : /home/vas1/VAS/Control/assets/alarm/alarm3.mp3
2025-12-01 07:33:05,536 - INFO - Lamp ON (status: mqtt)
2025-12-01 07:33:05,550 - INFO - Lamp OFF (status: mqtt)
2025-12-01 07:33:05,565 - INFO - Lamp ON (status: mqtt)
2025-12-01 07:33:05,580 - INFO - Alarm Play: alarm3 (status: mqtt)
2025-12-01 07:33:07,084 - INFO - Play : /home/vas1/VAS/Control/assets/alarm/alarm3.mp3
2025-12-01 07:33:17,940 - INFO - Done : /home/vas1/VAS/Control/assets/alarm/alarm3.mp3
2025-12-01 07:33:17,951 - INFO - Lamp ON (status: mqtt)
2025-12-01 07:33:17,966 - INFO - Lamp OFF (status: mqtt)
2025-12-01 07:33:17,982 - INFO - Lamp OFF (status: mqtt)
2025-12-01 07:33:17,997 - INFO - Lamp ON (status: mqtt)
2025-12-01 07:33:18,011 - INFO - Alarm Play: alarm3 (status: mqtt)
2025-12-01 07:33:19,515 - INFO - Play : /home/vas1/VAS/Control/assets/alarm/alarm3.mp3
2025-12-01 07:33:30,356 - INFO - Done : /home/vas1/VAS/Control/assets/alarm/alarm3.mp3
2025-12-01 07:33:30,367 - INFO - Lamp ON (status: mqtt)
2025-12-01 07:33:30,382 - INFO - Lamp OFF (status: mqtt)
2025-12-01 07:33:30,398 - INFO - Lamp OFF (status: mqtt)
2025-12-01 07:33:30,413 - INFO - Lamp ON (status: mqtt)
2025-12-01 07:33:30,428 - INFO - Lamp OFF (status: mqtt)
2025-12-01 07:33:30,443 - INFO - Alarm Play: alarm3 (status: mqtt)
2025-12-01 07:33:31,947 - INFO - Play : /home/vas1/VAS/Control/assets/alarm/alarm3.mp3
2025-12-01 07:33:42,814 - INFO - Done : /home/vas1/VAS/Control/assets/alarm/alarm3.mp3
2025-12-01 07:33:42,828 - INFO - Lamp ON (status: mqtt)
2025-12-01 07:33:42,843 - INFO - Lamp OFF (status: mqtt)
2025-12-01 07:33:42,859 - INFO - Lamp ON (status: mqtt)
2025-12-01 07:33:42,873 - INFO - Alarm Play: alarm3 (status: mqtt)
2025-12-01 07:33:44,377 - INFO - Play : /home/vas1/VAS/Control/assets/alarm/alarm3.mp3
2025-12-01 07:33:55,230 - INFO - Done : /home/vas1/VAS/Control/assets/alarm/alarm3.mp3
2025-12-01 07:33:55,242 - INFO - Lamp ON (status: mqtt)
2025-12-01 07:33:55,256 - INFO - Lamp OFF (status: mqtt)
2025-12-01 07:33:55,269 - INFO - Lamp OFF (status: mqtt)
2025-12-01 07:33:55,284 - INFO - Lamp ON (status: mqtt)
2025-12-01 07:33:55,297 - INFO - Alarm Play: alarm3 (status: mqtt)
2025-12-01 07:33:56,801 - INFO - Play : /home/vas1/VAS/Control/assets/alarm/alarm3.mp3
2025-12-01 07:34:07,647 - INFO - Done : /home/vas1/VAS/Control/assets/alarm/alarm3.mp3
2025-12-01 07:34:07,659 - INFO - Lamp ON (status: mqtt)
2025-12-01 07:34:07,674 - INFO - Lamp OFF (status: mqtt)
2025-12-01 07:34:07,688 - INFO - Lamp OFF (status: mqtt)
2025-12-01 07:34:07,703 - INFO - Lamp ON (status: mqtt)
2025-12-01 07:34:07,718 - INFO - Alarm Play: alarm3 (status: mqtt)
2025-12-01 07:34:09,221 - INFO - Play : /home/vas1/VAS/Control/assets/alarm/alarm3.mp3
2025-12-01 07:34:20,062 - INFO - Done : /home/vas1/VAS/Control/assets/alarm/alarm3.mp3
2025-12-01 07:34:20,075 - INFO - Lamp ON (status: mqtt)
2025-12-01 07:34:20,089 - INFO - Lamp OFF (status: mqtt)
2025-12-01 07:34:20,108 - INFO - Lamp OFF (status: mqtt)
2025-12-01 07:34:20,123 - INFO - Lamp ON (status: mqtt)
2025-12-01 07:34:20,138 - INFO - Lamp OFF (status: mqtt)
2025-12-01 07:34:20,154 - INFO - Alarm Play: alarm3 (status: mqtt)
2025-12-01 07:34:21,658 - INFO - Play : /home/vas1/VAS/Control/assets/alarm/alarm3.mp3
2025-12-01 07:34:32,521 - INFO - Done : /home/vas1/VAS/Control/assets/alarm/alarm3.mp3
2025-12-01 07:34:32,535 - INFO - Lamp ON (status: mqtt)
2025-12-01 07:34:32,538 - INFO - 1 data di 'queue' berhasil diupdate.
2025-12-01 07:34:32,552 - INFO - Lamp OFF (status: mqtt)
2025-12-01 07:34:32,569 - INFO - Lamp ON (status: mqtt)
2025-12-01 07:34:32,583 - INFO - Alarm Play: alarm3 (status: mqtt)
2025-12-01 07:34:34,089 - INFO - Play : /home/vas1/VAS/Control/assets/alarm/alarm3.mp3
2025-12-01 07:34:44,937 - INFO - Done : /home/vas1/VAS/Control/assets/alarm/alarm3.mp3
2025-12-01 07:34:44,948 - INFO - Lamp ON (status: mqtt)
2025-12-01 07:34:44,962 - INFO - Lamp OFF (status: mqtt)
2025-12-01 07:34:44,976 - INFO - Lamp OFF (status: mqtt)
2025-12-01 07:34:44,992 - INFO - Lamp ON (status: mqtt)
2025-12-01 07:34:45,007 - INFO - Lamp OFF (status: mqtt)
2025-12-01 07:34:45,021 - INFO - Alarm Play: alarm3 (status: mqtt)
2025-12-01 07:34:46,526 - INFO - Play : /home/vas1/VAS/Control/assets/alarm/alarm3.mp3
2025-12-01 07:34:57,396 - INFO - Done : /home/vas1/VAS/Control/assets/alarm/alarm3.mp3
2025-12-01 07:34:57,407 - INFO - Lamp ON (status: mqtt)
2025-12-01 07:34:57,421 - INFO - Lamp OFF (status: mqtt)
2025-12-01 07:34:57,436 - INFO - Lamp ON (status: mqtt)
2025-12-01 07:34:57,451 - INFO - Alarm Play: alarm3 (status: mqtt)
2025-12-01 07:34:58,956 - INFO - Play : /home/vas1/VAS/Control/assets/alarm/alarm3.mp3
2025-12-01 07:35:09,811 - INFO - Done : /home/vas1/VAS/Control/assets/alarm/alarm3.mp3
2025-12-01 07:35:09,826 - INFO - Lamp ON (status: mqtt)
2025-12-01 07:35:09,842 - INFO - Lamp OFF (status: mqtt)
2025-12-01 07:35:09,855 - INFO - Lamp OFF (status: mqtt)
2025-12-01 07:35:09,870 - INFO - Lamp ON (status: mqtt)
2025-12-01 07:35:09,885 - INFO - Alarm Play: alarm3 (status: mqtt)
2025-12-01 07:35:11,390 - INFO - Play : /home/vas1/VAS/Control/assets/alarm/alarm3.mp3
2025-12-01 07:35:22,270 - INFO - Done : /home/vas1/VAS/Control/assets/alarm/alarm3.mp3
2025-12-01 07:35:22,283 - INFO - Lamp OFF (status: mqtt)
2025-12-01 07:35:22,298 - INFO - Lamp ON (status: mqtt)
2025-12-01 07:35:22,312 - INFO - Lamp OFF (status: mqtt)
2025-12-01 07:35:22,328 - INFO - Lamp ON (status: mqtt)
2025-12-01 07:35:22,344 - INFO - Lamp OFF (status: mqtt)
2025-12-01 07:36:27,551 - INFO - 1 data di 'queue' berhasil diupdate.
2025-12-01 07:38:22,561 - INFO - 1 data di 'queue' berhasil diupdate.
2025-12-01 07:40:17,564 - INFO - 1 data di 'queue' berhasil diupdate.
2025-12-01 07:42:12,569 - INFO - 1 data di 'queue' berhasil diupdate.
2025-12-01 07:44:07,575 - INFO - 1 data di 'queue' berhasil diupdate.
2025-12-01 07:46:02,584 - INFO - 1 data di 'queue' berhasil diupdate.
2025-12-01 07:47:30,438 - INFO - Alarm Play: alarm3 (status: mqtt)
2025-12-01 07:47:31,940 - INFO - Play : /home/vas1/VAS/Control/assets/alarm/alarm3.mp3
2025-12-01 07:47:42,793 - INFO - Done : /home/vas1/VAS/Control/assets/alarm/alarm3.mp3
2025-12-01 07:47:42,804 - INFO - Lamp ON (status: mqtt)
2025-12-01 07:47:42,818 - INFO - Lamp OFF (status: mqtt)
2025-12-01 07:47:42,832 - INFO - Lamp ON (status: mqtt)
2025-12-01 07:47:42,847 - INFO - Lamp OFF (status: mqtt)
2025-12-01 07:47:57,594 - INFO - 1 data di 'queue' berhasil diupdate.
2025-12-01 07:47:59,194 - INFO - Alarm Play: alarm3 (status: mqtt)
2025-12-01 07:48:00,696 - INFO - Play : /home/vas1/VAS/Control/assets/alarm/alarm3.mp3
2025-12-01 07:48:11,551 - INFO - Done : /home/vas1/VAS/Control/assets/alarm/alarm3.mp3
2025-12-01 07:48:11,562 - INFO - Lamp ON (status: mqtt)
2025-12-01 07:48:11,577 - INFO - Lamp OFF (status: mqtt)
2025-12-01 07:48:11,592 - INFO - Lamp ON (status: mqtt)
2025-12-01 07:48:11,609 - INFO - Alarm Play: alarm3 (status: mqtt)
2025-12-01 07:48:13,114 - INFO - Play : /home/vas1/VAS/Control/assets/alarm/alarm3.mp3
2025-12-01 07:48:23,966 - INFO - Done : /home/vas1/VAS/Control/assets/alarm/alarm3.mp3
2025-12-01 07:48:23,980 - INFO - Lamp ON (status: mqtt)
2025-12-01 07:48:23,995 - INFO - Lamp OFF (status: mqtt)
2025-12-01 07:48:24,012 - INFO - Lamp OFF (status: mqtt)
2025-12-01 07:48:24,027 - INFO - Lamp ON (status: mqtt)
2025-12-01 07:48:24,042 - INFO - Alarm Play: alarm3 (status: mqtt)
2025-12-01 07:48:25,546 - INFO - Play : /home/vas1/VAS/Control/assets/alarm/alarm3.mp3
2025-12-01 07:48:36,425 - INFO - Done : /home/vas1/VAS/Control/assets/alarm/alarm3.mp3
2025-12-01 07:48:36,438 - INFO - Lamp ON (status: mqtt)
2025-12-01 07:48:36,454 - INFO - Lamp OFF (status: mqtt)
2025-12-01 07:48:36,470 - INFO - Lamp OFF (status: mqtt)
2025-12-01 07:48:36,487 - INFO - Lamp ON (status: mqtt)
2025-12-01 07:48:36,504 - INFO - Alarm Play: alarm3 (status: mqtt)
2025-12-01 07:48:38,008 - INFO - Play : /home/vas1/VAS/Control/assets/alarm/alarm3.mp3
2025-12-01 07:48:48,884 - INFO - Done : /home/vas1/VAS/Control/assets/alarm/alarm3.mp3
2025-12-01 07:48:48,896 - INFO - Lamp ON (status: mqtt)
2025-12-01 07:48:48,911 - INFO - Lamp OFF (status: mqtt)
2025-12-01 07:48:48,926 - INFO - Lamp OFF (status: mqtt)
2025-12-01 07:48:48,941 - INFO - Lamp ON (status: mqtt)
2025-12-01 07:48:48,957 - INFO - Alarm Play: alarm3 (status: mqtt)
2025-12-01 07:48:50,460 - INFO - Play : /home/vas1/VAS/Control/assets/alarm/alarm3.mp3
2025-12-01 07:49:01,300 - INFO - Done : /home/vas1/VAS/Control/assets/alarm/alarm3.mp3
2025-12-01 07:49:01,312 - INFO - Lamp ON (status: mqtt)
2025-12-01 07:49:01,329 - INFO - Lamp OFF (status: mqtt)
2025-12-01 07:49:01,344 - INFO - Alarm Play: alarm3 (status: mqtt)
2025-12-01 07:49:02,852 - INFO - Play : /home/vas1/VAS/Control/assets/alarm/alarm3.mp3
2025-12-01 07:49:13,715 - INFO - Done : /home/vas1/VAS/Control/assets/alarm/alarm3.mp3
2025-12-01 07:49:13,729 - INFO - Lamp ON (status: mqtt)
2025-12-01 07:49:13,745 - INFO - Lamp OFF (status: mqtt)
2025-12-01 07:49:13,759 - INFO - Lamp ON (status: mqtt)
2025-12-01 07:49:13,777 - INFO - Lamp OFF (status: mqtt)
2025-12-01 07:49:13,792 - INFO - Lamp ON (status: mqtt)
2025-12-01 07:49:13,807 - INFO - Lamp OFF (status: mqtt)
2025-12-01 07:49:13,822 - INFO - Lamp OFF (status: mqtt)
2025-12-01 07:49:13,838 - INFO - Alarm Play: alarm3 (status: mqtt)
2025-12-01 07:49:15,343 - INFO - Play : /home/vas1/VAS/Control/assets/alarm/alarm3.mp3
2025-12-01 07:49:26,217 - INFO - Done : /home/vas1/VAS/Control/assets/alarm/alarm3.mp3
2025-12-01 07:49:26,230 - INFO - Lamp ON (status: mqtt)
2025-12-01 07:49:26,248 - INFO - Lamp OFF (status: mqtt)
2025-12-01 07:49:26,264 - INFO - Lamp ON (status: mqtt)
2025-12-01 07:49:26,279 - INFO - Alarm Play: alarm3 (status: mqtt)
2025-12-01 07:49:27,783 - INFO - Play : /home/vas1/VAS/Control/assets/alarm/alarm3.mp3
2025-12-01 07:49:38,633 - INFO - Done : /home/vas1/VAS/Control/assets/alarm/alarm3.mp3
2025-12-01 07:49:38,646 - INFO - Lamp ON (status: mqtt)
2025-12-01 07:49:38,661 - INFO - Lamp OFF (status: mqtt)
2025-12-01 07:49:38,678 - INFO - Lamp OFF (status: mqtt)
2025-12-01 07:49:38,694 - INFO - Lamp ON (status: mqtt)
2025-12-01 07:49:38,710 - INFO - Alarm Play: alarm3 (status: mqtt)
2025-12-01 07:49:40,214 - INFO - Play : /home/vas1/VAS/Control/assets/alarm/alarm3.mp3
2025-12-01 07:49:51,091 - INFO - Done : /home/vas1/VAS/Control/assets/alarm/alarm3.mp3
2025-12-01 07:49:51,105 - INFO - Lamp ON (status: mqtt)
2025-12-01 07:49:51,119 - INFO - Lamp OFF (status: mqtt)
2025-12-01 07:49:51,136 - INFO - Lamp OFF (status: mqtt)
2025-12-01 07:49:51,151 - INFO - Lamp ON (status: mqtt)
2025-12-01 07:49:51,165 - INFO - Lamp OFF (status: mqtt)
2025-12-01 07:49:52,597 - INFO - 1 data di 'queue' berhasil diupdate.
2025-12-01 07:51:47,602 - INFO - 1 data di 'queue' berhasil diupdate.
2025-12-01 07:52:29,677 - INFO - Alarm Play: alarm3 (status: mqtt)
2025-12-01 07:52:31,179 - INFO - Play : /home/vas1/VAS/Control/assets/alarm/alarm3.mp3
2025-12-01 07:52:42,057 - INFO - Done : /home/vas1/VAS/Control/assets/alarm/alarm3.mp3
2025-12-01 07:52:42,069 - INFO - Lamp ON (status: mqtt)
2025-12-01 07:52:42,084 - INFO - Lamp OFF (status: mqtt)
2025-12-01 07:52:42,099 - INFO - Lamp ON (status: mqtt)
2025-12-01 07:52:42,116 - INFO - Lamp OFF (status: mqtt)
2025-12-01 07:53:42,607 - INFO - 1 data di 'queue' berhasil diupdate.
2025-12-01 07:54:49,740 - INFO - Alarm Play: alarm3 (status: mqtt)
2025-12-01 07:54:51,243 - INFO - Play : /home/vas1/VAS/Control/assets/alarm/alarm3.mp3
2025-12-01 07:55:02,089 - INFO - Done : /home/vas1/VAS/Control/assets/alarm/alarm3.mp3
2025-12-01 07:55:02,101 - INFO - Lamp ON (status: mqtt)
2025-12-01 07:55:02,116 - INFO - Lamp OFF (status: mqtt)
2025-12-01 07:55:02,131 - INFO - Lamp ON (status: mqtt)
2025-12-01 07:55:02,149 - INFO - Lamp OFF (status: mqtt)
2025-12-01 07:55:05,600 - INFO - Alarm Play: alarm3 (status: mqtt)
2025-12-01 07:55:07,102 - INFO - Play : /home/vas1/VAS/Control/assets/alarm/alarm3.mp3
2025-12-01 07:55:17,961 - INFO - Done : /home/vas1/VAS/Control/assets/alarm/alarm3.mp3
2025-12-01 07:55:17,974 - INFO - Lamp ON (status: mqtt)
2025-12-01 07:55:17,989 - INFO - Lamp OFF (status: mqtt)
2025-12-01 07:55:18,006 - INFO - Lamp ON (status: mqtt)
2025-12-01 07:55:18,022 - INFO - Lamp OFF (status: mqtt)
2025-12-01 07:55:37,618 - INFO - 1 data di 'queue' berhasil diupdate.
2025-12-01 07:57:32,631 - INFO - 1 data di 'queue' berhasil diupdate.
2025-12-01 07:57:32,857 - INFO - Alarm Play: alarm3 (status: mqtt)
2025-12-01 07:57:34,359 - INFO - Play : /home/vas1/VAS/Control/assets/alarm/alarm3.mp3
2025-12-01 07:57:45,204 - INFO - Done : /home/vas1/VAS/Control/assets/alarm/alarm3.mp3
2025-12-01 07:57:45,216 - INFO - Lamp ON (status: mqtt)
2025-12-01 07:57:45,231 - INFO - Lamp OFF (status: mqtt)
2025-12-01 07:57:45,245 - INFO - Lamp ON (status: mqtt)
2025-12-01 07:57:45,262 - INFO - Lamp OFF (status: mqtt)
2025-12-01 07:58:41,863 - INFO - Alarm Play: alarm3 (status: mqtt)
2025-12-01 07:58:43,365 - INFO - Play : /home/vas1/VAS/Control/assets/alarm/alarm3.mp3
2025-12-01 07:58:54,238 - INFO - Done : /home/vas1/VAS/Control/assets/alarm/alarm3.mp3
2025-12-01 07:58:54,250 - INFO - Lamp ON (status: mqtt)
2025-12-01 07:58:54,267 - INFO - Lamp OFF (status: mqtt)
2025-12-01 07:58:54,283 - INFO - Lamp ON (status: mqtt)
2025-12-01 07:58:54,298 - INFO - Lamp OFF (status: mqtt)
2025-12-01 07:59:25,045 - INFO - Alarm Play: alarm3 (status: mqtt)
2025-12-01 07:59:26,548 - INFO - Play : /home/vas1/VAS/Control/assets/alarm/alarm3.mp3
2025-12-01 07:59:37,417 - INFO - Done : /home/vas1/VAS/Control/assets/alarm/alarm3.mp3
2025-12-01 07:59:37,430 - INFO - Lamp ON (status: mqtt)
2025-12-01 07:59:37,433 - INFO - 1 data di 'queue' berhasil diupdate.
2025-12-01 07:59:37,449 - INFO - Lamp OFF (status: mqtt)
2025-12-01 07:59:37,465 - INFO - Lamp ON (status: mqtt)
2025-12-01 07:59:37,481 - INFO - Lamp OFF (status: mqtt)
2025-12-01 08:01:32,437 - INFO - 1 data di 'queue' berhasil diupdate.
2025-12-01 08:01:38,473 - INFO - Alarm Play: alarm3 (status: mqtt)
2025-12-01 08:01:39,976 - INFO - Play : /home/vas1/VAS/Control/assets/alarm/alarm3.mp3
2025-12-01 08:01:50,836 - INFO - Done : /home/vas1/VAS/Control/assets/alarm/alarm3.mp3
2025-12-01 08:01:50,850 - INFO - Lamp ON (status: mqtt)
2025-12-01 08:01:50,865 - INFO - Lamp OFF (status: mqtt)
2025-12-01 08:01:50,881 - INFO - Lamp ON (status: mqtt)
2025-12-01 08:01:50,897 - INFO - Lamp OFF (status: mqtt)
2025-12-01 08:02:58,796 - INFO - Alarm Play: alarm3 (status: mqtt)
2025-12-01 08:03:00,298 - INFO - Play : /home/vas1/VAS/Control/assets/alarm/alarm3.mp3
2025-12-01 08:03:11,177 - INFO - Done : /home/vas1/VAS/Control/assets/alarm/alarm3.mp3
2025-12-01 08:03:11,189 - INFO - Lamp ON (status: mqtt)
2025-12-01 08:03:11,206 - INFO - Lamp OFF (status: mqtt)
2025-12-01 08:03:11,222 - INFO - Lamp ON (status: mqtt)
2025-12-01 08:03:11,283 - INFO - Lamp OFF (status: mqtt)
2025-12-01 08:03:27,446 - INFO - 1 data di 'queue' berhasil diupdate.
2025-12-01 08:04:28,402 - INFO - Alarm Play: alarm3 (status: mqtt)
2025-12-01 08:04:29,904 - INFO - Play : /home/vas1/VAS/Control/assets/alarm/alarm3.mp3
2025-12-01 08:04:40,777 - INFO - Done : /home/vas1/VAS/Control/assets/alarm/alarm3.mp3
2025-12-01 08:04:40,790 - INFO - Lamp ON (status: mqtt)
2025-12-01 08:04:40,809 - INFO - Lamp OFF (status: mqtt)
2025-12-01 08:04:40,824 - INFO - Lamp ON (status: mqtt)
2025-12-01 08:04:40,839 - INFO - Lamp OFF (status: mqtt)
2025-12-01 08:05:13,182 - INFO - Alarm Play: alarm3 (status: mqtt)
2025-12-01 08:05:14,684 - INFO - Play : /home/vas1/VAS/Control/assets/alarm/alarm3.mp3
2025-12-01 08:05:25,534 - INFO - Done : /home/vas1/VAS/Control/assets/alarm/alarm3.mp3
2025-12-01 08:05:25,547 - INFO - Lamp ON (status: mqtt)
2025-12-01 08:05:25,550 - INFO - 1 data di 'queue' berhasil diupdate.
2025-12-01 08:05:25,565 - INFO - Lamp OFF (status: mqtt)
2025-12-01 08:05:25,580 - INFO - Lamp ON (status: mqtt)
2025-12-01 08:05:25,597 - INFO - Lamp OFF (status: mqtt)
2025-12-01 08:05:26,174 - INFO - Alarm Play: alarm3 (status: mqtt)
2025-12-01 08:05:27,676 - INFO - Play : /home/vas1/VAS/Control/assets/alarm/alarm3.mp3
2025-12-01 08:05:38,547 - INFO - Done : /home/vas1/VAS/Control/assets/alarm/alarm3.mp3
2025-12-01 08:05:38,562 - INFO - Lamp ON (status: mqtt)
2025-12-01 08:05:38,578 - INFO - Lamp OFF (status: mqtt)
2025-12-01 08:05:38,596 - INFO - Lamp ON (status: mqtt)
2025-12-01 08:05:38,612 - INFO - Lamp OFF (status: mqtt)
2025-12-01 08:05:38,627 - INFO - Alarm Play: alarm3 (status: mqtt)
2025-12-01 08:05:40,131 - INFO - Play : /home/vas1/VAS/Control/assets/alarm/alarm3.mp3
2025-12-01 08:05:51,006 - INFO - Done : /home/vas1/VAS/Control/assets/alarm/alarm3.mp3
2025-12-01 08:05:51,019 - INFO - Lamp ON (status: mqtt)
2025-12-01 08:05:51,037 - INFO - Lamp OFF (status: mqtt)
2025-12-01 08:05:51,053 - INFO - Lamp ON (status: mqtt)
2025-12-01 08:05:51,069 - INFO - Alarm Play: alarm3 (status: mqtt)
2025-12-01 08:05:52,574 - INFO - Play : /home/vas1/VAS/Control/assets/alarm/alarm3.mp3
2025-12-01 08:06:03,422 - INFO - Done : /home/vas1/VAS/Control/assets/alarm/alarm3.mp3
2025-12-01 08:06:03,435 - INFO - Lamp ON (status: mqtt)
2025-12-01 08:06:03,451 - INFO - Lamp OFF (status: mqtt)
2025-12-01 08:06:03,467 - INFO - Lamp OFF (status: mqtt)
2025-12-01 08:06:03,482 - INFO - Lamp ON (status: mqtt)
2025-12-01 08:06:03,499 - INFO - Alarm Play: alarm3 (status: mqtt)
2025-12-01 08:06:05,003 - INFO - Play : /home/vas1/VAS/Control/assets/alarm/alarm3.mp3
2025-12-01 08:06:15,881 - INFO - Done : /home/vas1/VAS/Control/assets/alarm/alarm3.mp3
2025-12-01 08:06:15,894 - INFO - Lamp ON (status: mqtt)
2025-12-01 08:06:15,911 - INFO - Lamp OFF (status: mqtt)
2025-12-01 08:06:15,928 - INFO - Lamp OFF (status: mqtt)
2025-12-01 08:06:15,944 - INFO - Lamp ON (status: mqtt)
2025-12-01 08:06:15,960 - INFO - Alarm Play: alarm3 (status: mqtt)
2025-12-01 08:06:17,465 - INFO - Play : /home/vas1/VAS/Control/assets/alarm/alarm3.mp3
2025-12-01 08:06:28,339 - INFO - Done : /home/vas1/VAS/Control/assets/alarm/alarm3.mp3
2025-12-01 08:06:28,354 - INFO - Lamp ON (status: mqtt)
2025-12-01 08:06:28,369 - INFO - Lamp OFF (status: mqtt)
2025-12-01 08:06:28,385 - INFO - Lamp OFF (status: mqtt)
2025-12-01 08:06:28,400 - INFO - Lamp ON (status: mqtt)
2025-12-01 08:06:28,415 - INFO - Lamp OFF (status: mqtt)
2025-12-01 08:07:20,565 - INFO - 1 data di 'queue' berhasil diupdate.
2025-12-01 08:09:15,579 - INFO - 1 data di 'queue' berhasil diupdate.
2025-12-01 08:11:10,589 - INFO - 1 data di 'queue' berhasil diupdate.
2025-12-01 08:12:10,477 - INFO - Alarm Play: alarm3 (status: mqtt)
2025-12-01 08:12:11,980 - INFO - Play : /home/vas1/VAS/Control/assets/alarm/alarm3.mp3
2025-12-01 08:12:22,857 - INFO - Done : /home/vas1/VAS/Control/assets/alarm/alarm3.mp3
2025-12-01 08:12:22,870 - INFO - Lamp ON (status: mqtt)
2025-12-01 08:12:22,885 - INFO - Lamp OFF (status: mqtt)
2025-12-01 08:12:22,901 - INFO - Lamp ON (status: mqtt)
2025-12-01 08:12:22,916 - INFO - Lamp OFF (status: mqtt)
2025-12-01 08:13:05,601 - INFO - 1 data di 'queue' berhasil diupdate.
2025-12-01 08:13:19,129 - INFO - Alarm Play: alarm3 (status: mqtt)
2025-12-01 08:13:20,632 - INFO - Play : /home/vas1/VAS/Control/assets/alarm/alarm3.mp3
2025-12-01 08:13:31,507 - INFO - Done : /home/vas1/VAS/Control/assets/alarm/alarm3.mp3
2025-12-01 08:13:31,520 - INFO - Lamp ON (status: mqtt)
2025-12-01 08:13:31,535 - INFO - Lamp OFF (status: mqtt)
2025-12-01 08:13:31,551 - INFO - Lamp ON (status: mqtt)
2025-12-01 08:13:31,567 - INFO - Lamp OFF (status: mqtt)
2025-12-01 08:13:58,600 - INFO - Alarm Play: alarm3 (status: mqtt)
2025-12-01 08:14:00,103 - INFO - Play : /home/vas1/VAS/Control/assets/alarm/alarm3.mp3
2025-12-01 08:14:10,974 - INFO - Done : /home/vas1/VAS/Control/assets/alarm/alarm3.mp3
2025-12-01 08:14:10,987 - INFO - Lamp ON (status: mqtt)
2025-12-01 08:14:11,005 - INFO - Lamp OFF (status: mqtt)
2025-12-01 08:14:11,023 - INFO - Lamp ON (status: mqtt)
2025-12-01 08:14:11,040 - INFO - Lamp OFF (status: mqtt)
2025-12-01 08:14:27,282 - INFO - Alarm Play: alarm3 (status: mqtt)
2025-12-01 08:14:28,785 - INFO - Play : /home/vas1/VAS/Control/assets/alarm/alarm3.mp3
2025-12-01 08:14:39,646 - INFO - Done : /home/vas1/VAS/Control/assets/alarm/alarm3.mp3
2025-12-01 08:14:39,659 - INFO - Lamp ON (status: mqtt)
2025-12-01 08:14:39,677 - INFO - Lamp OFF (status: mqtt)
2025-12-01 08:14:39,693 - INFO - Lamp ON (status: mqtt)
2025-12-01 08:14:39,709 - INFO - Lamp OFF (status: mqtt)
2025-12-01 08:15:00,615 - INFO - 1 data di 'queue' berhasil diupdate.
2025-12-01 08:15:07,794 - INFO - Alarm Play: alarm3 (status: mqtt)
2025-12-01 08:15:09,297 - INFO - Play : /home/vas1/VAS/Control/assets/alarm/alarm3.mp3
2025-12-01 08:15:20,137 - INFO - Done : /home/vas1/VAS/Control/assets/alarm/alarm3.mp3
2025-12-01 08:15:20,150 - INFO - Lamp ON (status: mqtt)
2025-12-01 08:15:20,167 - INFO - Lamp OFF (status: mqtt)
2025-12-01 08:15:20,183 - INFO - Lamp ON (status: mqtt)
2025-12-01 08:15:20,200 - INFO - Lamp OFF (status: mqtt)
2025-12-01 08:16:55,622 - INFO - 1 data di 'queue' berhasil diupdate.
2025-12-01 08:18:50,630 - INFO - 1 data di 'queue' berhasil diupdate.
2025-12-01 08:20:45,644 - INFO - 1 data di 'queue' berhasil diupdate.
2025-12-01 08:22:40,690 - INFO - 1 data di 'queue' berhasil diupdate.
2025-12-01 08:24:35,695 - INFO - 1 data di 'queue' berhasil diupdate.
2025-12-01 08:26:30,707 - INFO - 1 data di 'queue' berhasil diupdate.
2025-12-01 08:28:25,713 - INFO - 1 data di 'queue' berhasil diupdate.
2025-12-01 08:30:20,717 - INFO - 1 data di 'queue' berhasil diupdate.
2025-12-01 08:32:15,725 - INFO - 1 data di 'queue' berhasil diupdate.
2025-12-01 08:34:10,731 - INFO - 1 data di 'queue' berhasil diupdate.
2025-12-01 08:36:05,739 - INFO - 1 data di 'queue' berhasil diupdate.
2025-12-01 08:38:00,750 - INFO - 1 data di 'queue' berhasil diupdate.
2025-12-01 08:39:55,758 - INFO - 1 data di 'queue' berhasil diupdate.
2025-12-01 08:41:16,542 - INFO - Alarm Play: alarm3 (status: mqtt)
2025-12-01 08:41:18,045 - INFO - Play : /home/vas1/VAS/Control/assets/alarm/alarm3.mp3
2025-12-01 08:41:28,905 - INFO - Done : /home/vas1/VAS/Control/assets/alarm/alarm3.mp3
2025-12-01 08:41:28,917 - INFO - Lamp ON (status: mqtt)
2025-12-01 08:41:28,933 - INFO - Lamp OFF (status: mqtt)
2025-12-01 08:41:28,950 - INFO - Lamp ON (status: mqtt)
2025-12-01 08:41:28,966 - INFO - Lamp OFF (status: mqtt)
2025-12-01 08:41:33,831 - INFO - Alarm Play: alarm3 (status: mqtt)
2025-12-01 08:41:35,334 - INFO - Play : /home/vas1/VAS/Control/assets/alarm/alarm3.mp3
2025-12-01 08:41:46,185 - INFO - Done : /home/vas1/VAS/Control/assets/alarm/alarm3.mp3
2025-12-01 08:41:46,198 - INFO - Lamp ON (status: mqtt)
2025-12-01 08:41:46,214 - INFO - Lamp OFF (status: mqtt)
2025-12-01 08:41:46,231 - INFO - Lamp ON (status: mqtt)
2025-12-01 08:41:46,247 - INFO - Lamp OFF (status: mqtt)
2025-12-01 08:41:50,770 - INFO - 1 data di 'queue' berhasil diupdate.
2025-12-01 08:43:45,784 - INFO - 1 data di 'queue' berhasil diupdate.
2025-12-01 08:45:40,795 - INFO - 1 data di 'queue' berhasil diupdate.
2025-12-01 08:47:35,798 - INFO - 1 data di 'queue' berhasil diupdate.
2025-12-01 08:49:30,807 - INFO - 1 data di 'queue' berhasil diupdate.
2025-12-01 08:51:25,821 - INFO - 1 data di 'queue' berhasil diupdate.
2025-12-01 08:53:20,825 - INFO - 1 data di 'queue' berhasil diupdate.
2025-12-01 08:53:48,523 - INFO - Alarm Play: alarm3 (status: mqtt)
2025-12-01 08:53:50,026 - INFO - Play : /home/vas1/VAS/Control/assets/alarm/alarm3.mp3
2025-12-01 08:54:00,905 - INFO - Done : /home/vas1/VAS/Control/assets/alarm/alarm3.mp3
2025-12-01 08:54:00,918 - INFO - Lamp ON (status: mqtt)
2025-12-01 08:54:00,935 - INFO - Lamp OFF (status: mqtt)
2025-12-01 08:54:00,952 - INFO - Lamp ON (status: mqtt)
2025-12-01 08:54:00,969 - INFO - Lamp OFF (status: mqtt)
2025-12-01 08:54:13,711 - INFO - Alarm Play: alarm3 (status: mqtt)
2025-12-01 08:54:15,212 - INFO - Play : /home/vas1/VAS/Control/assets/alarm/alarm3.mp3
2025-12-01 08:54:26,078 - INFO - Done : /home/vas1/VAS/Control/assets/alarm/alarm3.mp3
2025-12-01 08:54:26,094 - INFO - Lamp ON (status: mqtt)
2025-12-01 08:54:26,111 - INFO - Lamp OFF (status: mqtt)
2025-12-01 08:54:26,129 - INFO - Lamp ON (status: mqtt)
2025-12-01 08:54:26,146 - INFO - Alarm Play: alarm3 (status: mqtt)
2025-12-01 08:54:27,652 - INFO - Play : /home/vas1/VAS/Control/assets/alarm/alarm3.mp3
2025-12-01 08:54:38,494 - INFO - Done : /home/vas1/VAS/Control/assets/alarm/alarm3.mp3
2025-12-01 08:54:38,516 - INFO - Lamp ON (status: mqtt)
2025-12-01 08:54:38,537 - INFO - Lamp OFF (status: mqtt)
2025-12-01 08:54:38,563 - INFO - Lamp OFF (status: mqtt)
2025-12-01 08:54:38,588 - INFO - Lamp ON (status: mqtt)
2025-12-01 08:54:38,620 - INFO - Lamp OFF (status: mqtt)
2025-12-01 08:54:50,133 - INFO - Alarm Play: alarm3 (status: mqtt)
2025-12-01 08:54:51,635 - INFO - Play : /home/vas1/VAS/Control/assets/alarm/alarm3.mp3
2025-12-01 08:55:02,515 - INFO - Done : /home/vas1/VAS/Control/assets/alarm/alarm3.mp3
2025-12-01 08:55:02,529 - INFO - Lamp ON (status: mqtt)
2025-12-01 08:55:02,546 - INFO - Lamp OFF (status: mqtt)
2025-12-01 08:55:02,564 - INFO - Lamp ON (status: mqtt)
2025-12-01 08:55:02,579 - INFO - Alarm Play: alarm3 (status: mqtt)
2025-12-01 08:55:04,084 - INFO - Play : /home/vas1/VAS/Control/assets/alarm/alarm3.mp3
2025-12-01 08:55:14,932 - INFO - Done : /home/vas1/VAS/Control/assets/alarm/alarm3.mp3
2025-12-01 08:55:14,947 - INFO - Lamp ON (status: mqtt)
2025-12-01 08:55:14,964 - INFO - Lamp OFF (status: mqtt)
2025-12-01 08:55:14,982 - INFO - Lamp OFF (status: mqtt)
2025-12-01 08:55:14,999 - INFO - Lamp ON (status: mqtt)
2025-12-01 08:55:15,017 - INFO - Lamp OFF (status: mqtt)
2025-12-01 08:55:15,835 - INFO - 1 data di 'queue' berhasil diupdate.
2025-12-01 08:55:51,711 - INFO - Alarm Play: alarm3 (status: mqtt)
2025-12-01 08:55:53,214 - INFO - Play : /home/vas1/VAS/Control/assets/alarm/alarm3.mp3
2025-12-01 08:56:04,083 - INFO - Done : /home/vas1/VAS/Control/assets/alarm/alarm3.mp3
2025-12-01 08:56:04,097 - INFO - Lamp ON (status: mqtt)
2025-12-01 08:56:04,114 - INFO - Lamp OFF (status: mqtt)
2025-12-01 08:56:04,132 - INFO - Lamp ON (status: mqtt)
2025-12-01 08:56:04,150 - INFO - Lamp OFF (status: mqtt)
2025-12-01 08:57:10,844 - INFO - 1 data di 'queue' berhasil diupdate.
2025-12-01 08:59:05,860 - INFO - 1 data di 'queue' berhasil diupdate.
2025-12-01 09:01:00,868 - INFO - 1 data di 'queue' berhasil diupdate.
2025-12-01 09:02:55,882 - INFO - 1 data di 'queue' berhasil diupdate.
2025-12-01 09:04:50,896 - INFO - 1 data di 'queue' berhasil diupdate.
2025-12-01 09:06:45,905 - INFO - 1 data di 'queue' berhasil diupdate.
2025-12-01 09:08:40,909 - INFO - 1 data di 'queue' berhasil diupdate.
2025-12-01 09:08:43,676 - INFO - Alarm Play: alarm3 (status: mqtt)
2025-12-01 09:08:45,178 - INFO - Play : /home/vas1/VAS/Control/assets/alarm/alarm3.mp3
2025-12-01 09:08:56,051 - INFO - Done : /home/vas1/VAS/Control/assets/alarm/alarm3.mp3
2025-12-01 09:08:56,065 - INFO - Lamp ON (status: mqtt)
2025-12-01 09:08:56,081 - INFO - Lamp OFF (status: mqtt)
2025-12-01 09:08:56,096 - INFO - Lamp ON (status: mqtt)
2025-12-01 09:08:56,113 - INFO - Lamp OFF (status: mqtt)
2025-12-01 09:10:35,925 - INFO - 1 data di 'queue' berhasil diupdate.
2025-12-01 09:12:04,760 - INFO - Alarm Play: alarm3 (status: mqtt)
2025-12-01 09:12:06,263 - INFO - Play : /home/vas1/VAS/Control/assets/alarm/alarm3.mp3
2025-12-01 09:12:17,139 - INFO - Done : /home/vas1/VAS/Control/assets/alarm/alarm3.mp3
2025-12-01 09:12:17,153 - INFO - Lamp ON (status: mqtt)
2025-12-01 09:12:17,170 - INFO - Lamp OFF (status: mqtt)
2025-12-01 09:12:17,187 - INFO - Lamp ON (status: mqtt)
2025-12-01 09:12:17,205 - INFO - Alarm Play: alarm3 (status: mqtt)
2025-12-01 09:12:18,709 - INFO - Play : /home/vas1/VAS/Control/assets/alarm/alarm3.mp3
2025-12-01 09:12:29,556 - INFO - Done : /home/vas1/VAS/Control/assets/alarm/alarm3.mp3
2025-12-01 09:12:29,569 - INFO - Lamp ON (status: mqtt)
2025-12-01 09:12:29,585 - INFO - Lamp OFF (status: mqtt)
2025-12-01 09:12:29,601 - INFO - Lamp OFF (status: mqtt)
2025-12-01 09:12:29,618 - INFO - Lamp ON (status: mqtt)
2025-12-01 09:12:29,636 - INFO - Lamp OFF (status: mqtt)
2025-12-01 09:12:30,935 - INFO - 1 data di 'queue' berhasil diupdate.
2025-12-01 09:14:25,946 - INFO - 1 data di 'queue' berhasil diupdate.
2025-12-01 09:14:38,364 - INFO - Alarm Play: alarm3 (status: mqtt)
2025-12-01 09:14:39,866 - INFO - Play : /home/vas1/VAS/Control/assets/alarm/alarm3.mp3
2025-12-01 09:14:50,740 - INFO - Done : /home/vas1/VAS/Control/assets/alarm/alarm3.mp3
2025-12-01 09:14:50,753 - INFO - Lamp ON (status: mqtt)
2025-12-01 09:14:50,771 - INFO - Lamp OFF (status: mqtt)
2025-12-01 09:14:50,787 - INFO - Lamp ON (status: mqtt)
2025-12-01 09:14:50,804 - INFO - Lamp OFF (status: mqtt)
2025-12-01 09:16:20,954 - INFO - 1 data di 'queue' berhasil diupdate.
2025-12-01 09:16:38,569 - INFO - Alarm Play: alarm3 (status: mqtt)
2025-12-01 09:16:40,072 - INFO - Play : /home/vas1/VAS/Control/assets/alarm/alarm3.mp3
2025-12-01 09:16:50,931 - INFO - Done : /home/vas1/VAS/Control/assets/alarm/alarm3.mp3
2025-12-01 09:16:50,944 - INFO - Lamp ON (status: mqtt)
2025-12-01 09:16:50,961 - INFO - Lamp OFF (status: mqtt)
2025-12-01 09:16:50,977 - INFO - Lamp ON (status: mqtt)
2025-12-01 09:16:50,995 - INFO - Lamp OFF (status: mqtt)
2025-12-01 09:18:15,969 - INFO - 1 data di 'queue' berhasil diupdate.
2025-12-01 09:20:10,981 - INFO - 1 data di 'queue' berhasil diupdate.
2025-12-01 09:22:05,984 - INFO - 1 data di 'queue' berhasil diupdate.
2025-12-01 09:22:24,136 - INFO - Alarm Play: alarm3 (status: mqtt)
2025-12-01 09:22:25,637 - INFO - Play : /home/vas1/VAS/Control/assets/alarm/alarm3.mp3
2025-12-01 09:22:36,489 - INFO - Done : /home/vas1/VAS/Control/assets/alarm/alarm3.mp3
2025-12-01 09:22:36,502 - INFO - Lamp ON (status: mqtt)
2025-12-01 09:22:36,518 - INFO - Lamp OFF (status: mqtt)
2025-12-01 09:22:36,534 - INFO - Lamp ON (status: mqtt)
2025-12-01 09:22:36,551 - INFO - Lamp OFF (status: mqtt)
2025-12-01 09:24:00,998 - INFO - 1 data di 'queue' berhasil diupdate.
2025-12-01 09:24:19,189 - INFO - Alarm Play: alarm3 (status: mqtt)
2025-12-01 09:24:20,691 - INFO - Play : /home/vas1/VAS/Control/assets/alarm/alarm3.mp3
2025-12-01 09:24:31,560 - INFO - Done : /home/vas1/VAS/Control/assets/alarm/alarm3.mp3
2025-12-01 09:24:31,574 - INFO - Lamp ON (status: mqtt)
2025-12-01 09:24:31,590 - INFO - Lamp OFF (status: mqtt)
2025-12-01 09:24:31,606 - INFO - Lamp ON (status: mqtt)
2025-12-01 09:24:31,622 - INFO - Lamp OFF (status: mqtt)
2025-12-01 09:25:56,009 - INFO - 1 data di 'queue' berhasil diupdate.
2025-12-01 09:27:51,014 - INFO - 1 data di 'queue' berhasil diupdate.
2025-12-01 09:29:46,025 - INFO - 1 data di 'queue' berhasil diupdate.
2025-12-01 09:31:41,037 - INFO - 1 data di 'queue' berhasil diupdate.
2025-12-01 09:32:53,272 - INFO - Alarm Play: alarm3 (status: mqtt)
2025-12-01 09:32:54,775 - INFO - Play : /home/vas1/VAS/Control/assets/alarm/alarm3.mp3
2025-12-01 09:33:05,652 - INFO - Done : /home/vas1/VAS/Control/assets/alarm/alarm3.mp3
2025-12-01 09:33:05,666 - INFO - Lamp ON (status: mqtt)
2025-12-01 09:33:05,683 - INFO - Lamp OFF (status: mqtt)
2025-12-01 09:33:05,700 - INFO - Lamp ON (status: mqtt)
2025-12-01 09:33:05,717 - INFO - Lamp OFF (status: mqtt)
2025-12-01 09:33:36,053 - INFO - 1 data di 'queue' berhasil diupdate.
2025-12-01 09:35:31,062 - INFO - 1 data di 'queue' berhasil diupdate.
2025-12-01 09:37:10,045 - INFO - Alarm Play: alarm3 (status: mqtt)
2025-12-01 09:37:11,547 - INFO - Play : /home/vas1/VAS/Control/assets/alarm/alarm3.mp3
2025-12-01 09:37:22,419 - INFO - Done : /home/vas1/VAS/Control/assets/alarm/alarm3.mp3
2025-12-01 09:37:22,435 - INFO - Lamp ON (status: mqtt)
2025-12-01 09:37:22,451 - INFO - Lamp OFF (status: mqtt)
2025-12-01 09:37:22,469 - INFO - Lamp ON (status: mqtt)
2025-12-01 09:37:22,486 - INFO - Lamp OFF (status: mqtt)
2025-12-01 09:37:26,073 - INFO - 1 data di 'queue' berhasil diupdate.
2025-12-01 09:39:21,087 - INFO - 1 data di 'queue' berhasil diupdate.
2025-12-01 09:40:36,074 - INFO - Alarm Play: alarm3 (status: mqtt)
2025-12-01 09:40:37,577 - INFO - Play : /home/vas1/VAS/Control/assets/alarm/alarm3.mp3
2025-12-01 09:40:48,456 - INFO - Done : /home/vas1/VAS/Control/assets/alarm/alarm3.mp3
2025-12-01 09:40:48,471 - INFO - Lamp ON (status: mqtt)
2025-12-01 09:40:48,490 - INFO - Lamp OFF (status: mqtt)
2025-12-01 09:40:48,507 - INFO - Lamp ON (status: mqtt)
2025-12-01 09:40:48,524 - INFO - Alarm Play: alarm3 (status: mqtt)
2025-12-01 09:40:50,028 - INFO - Play : /home/vas1/VAS/Control/assets/alarm/alarm3.mp3
2025-12-01 09:41:00,872 - INFO - Done : /home/vas1/VAS/Control/assets/alarm/alarm3.mp3
2025-12-01 09:41:00,886 - INFO - Lamp ON (status: mqtt)
2025-12-01 09:41:00,904 - INFO - Lamp OFF (status: mqtt)
2025-12-01 09:41:00,924 - INFO - Lamp OFF (status: mqtt)
2025-12-01 09:41:00,942 - INFO - Lamp ON (status: mqtt)
2025-12-01 09:41:00,959 - INFO - Lamp OFF (status: mqtt)
2025-12-01 09:41:00,977 - INFO - Alarm Play: alarm3 (status: mqtt)
2025-12-01 09:41:02,483 - INFO - Play : /home/vas1/VAS/Control/assets/alarm/alarm3.mp3
2025-12-01 09:41:13,331 - INFO - Done : /home/vas1/VAS/Control/assets/alarm/alarm3.mp3
2025-12-01 09:41:13,348 - INFO - Lamp ON (status: mqtt)
2025-12-01 09:41:13,368 - INFO - Lamp OFF (status: mqtt)
2025-12-01 09:41:13,385 - INFO - Lamp ON (status: mqtt)
2025-12-01 09:41:13,401 - INFO - Lamp OFF (status: mqtt)
2025-12-01 09:41:16,093 - INFO - 1 data di 'queue' berhasil diupdate.
2025-12-01 09:43:11,098 - INFO - 1 data di 'queue' berhasil diupdate.
2025-12-01 09:43:57,192 - INFO - Alarm Play: alarm3 (status: mqtt)
2025-12-01 09:43:58,695 - INFO - Play : /home/vas1/VAS/Control/assets/alarm/alarm3.mp3
