2025-11-29 09:04:47,825 - INFO - 1 data di 'queue' berhasil diupdate.
2025-11-29 09:06:42,835 - INFO - 1 data di 'queue' berhasil diupdate.
2025-11-29 09:08:37,843 - INFO - 1 data di 'queue' berhasil diupdate.
2025-11-29 09:10:32,849 - INFO - 1 data di 'queue' berhasil diupdate.
2025-11-29 09:12:27,852 - INFO - 1 data di 'queue' berhasil diupdate.
2025-11-29 09:14:22,860 - INFO - 1 data di 'queue' berhasil diupdate.
2025-11-29 09:16:17,865 - INFO - 1 data di 'queue' berhasil diupdate.
2025-11-29 09:18:12,871 - INFO - 1 data di 'queue' berhasil diupdate.
2025-11-29 09:20:07,876 - INFO - 1 data di 'queue' berhasil diupdate.
2025-11-29 09:22:02,885 - INFO - 1 data di 'queue' berhasil diupdate.
2025-11-29 09:23:57,889 - INFO - 1 data di 'queue' berhasil diupdate.
2025-11-29 09:25:52,896 - INFO - 1 data di 'queue' berhasil diupdate.
2025-11-29 09:27:47,902 - INFO - 1 data di 'queue' berhasil diupdate.
2025-11-29 09:29:42,908 - INFO - 1 data di 'queue' berhasil diupdate.
2025-11-29 09:31:37,913 - INFO - 1 data di 'queue' berhasil diupdate.
2025-11-29 09:33:32,922 - INFO - 1 data di 'queue' berhasil diupdate.
2025-11-29 09:35:27,925 - INFO - 1 data di 'queue' berhasil diupdate.
2025-11-29 09:37:22,929 - INFO - 1 data di 'queue' berhasil diupdate.
2025-11-29 09:39:17,934 - INFO - 1 data di 'queue' berhasil diupdate.
2025-11-29 09:41:12,937 - INFO - 1 data di 'queue' berhasil diupdate.
2025-11-29 09:43:07,945 - INFO - 1 data di 'queue' berhasil diupdate.
2025-11-29 09:45:02,952 - INFO - 1 data di 'queue' berhasil diupdate.
2025-11-29 09:46:57,959 - INFO - 1 data di 'queue' berhasil diupdate.
2025-11-29 09:48:52,962 - INFO - 1 data di 'queue' berhasil diupdate.
2025-11-29 09:50:47,967 - INFO - 1 data di 'queue' berhasil diupdate.
2025-11-29 09:52:42,975 - INFO - 1 data di 'queue' berhasil diupdate.
2025-11-29 09:54:37,978 - INFO - 1 data di 'queue' berhasil diupdate.
2025-11-29 09:56:32,984 - INFO - 1 data di 'queue' berhasil diupdate.
2025-11-29 09:58:27,990 - INFO - 1 data di 'queue' berhasil diupdate.
2025-11-29 10:00:22,994 - INFO - 1 data di 'queue' berhasil diupdate.
2025-11-29 10:02:17,998 - INFO - 1 data di 'queue' berhasil diupdate.
2025-11-29 10:04:13,004 - INFO - 1 data di 'queue' berhasil diupdate.
2025-11-29 10:06:08,015 - INFO - 1 data di 'queue' berhasil diupdate.
2025-11-29 10:08:03,019 - INFO - 1 data di 'queue' berhasil diupdate.
2025-11-29 10:09:58,026 - INFO - 1 data di 'queue' berhasil diupdate.
2025-11-29 10:11:53,035 - INFO - 1 data di 'queue' berhasil diupdate.
2025-11-29 10:13:48,040 - INFO - 1 data di 'queue' berhasil diupdate.
2025-11-29 10:15:43,048 - INFO - 1 data di 'queue' berhasil diupdate.
2025-11-29 10:17:38,050 - INFO - 1 data di 'queue' berhasil diupdate.
2025-11-29 10:19:33,058 - INFO - 1 data di 'queue' berhasil diupdate.
2025-11-29 10:21:28,063 - INFO - 1 data di 'queue' berhasil diupdate.
2025-11-29 10:23:23,069 - INFO - 1 data di 'queue' berhasil diupdate.
2025-11-29 10:25:18,076 - INFO - 1 data di 'queue' berhasil diupdate.
2025-11-29 10:27:13,084 - INFO - 1 data di 'queue' berhasil diupdate.
2025-11-29 10:29:08,091 - INFO - 1 data di 'queue' berhasil diupdate.
2025-11-29 10:31:03,099 - INFO - 1 data di 'queue' berhasil diupdate.
2025-11-29 10:32:58,104 - INFO - 1 data di 'queue' berhasil diupdate.
2025-11-29 10:34:53,113 - INFO - 1 data di 'queue' berhasil diupdate.
2025-11-29 10:36:48,119 - INFO - 1 data di 'queue' berhasil diupdate.
2025-11-29 10:38:43,124 - INFO - 1 data di 'queue' berhasil diupdate.
2025-11-29 10:40:38,129 - INFO - 1 data di 'queue' berhasil diupdate.
2025-11-29 10:42:33,139 - INFO - 1 data di 'queue' berhasil diupdate.
2025-11-29 10:44:28,148 - INFO - 1 data di 'queue' berhasil diupdate.
2025-11-29 10:46:23,153 - INFO - 1 data di 'queue' berhasil diupdate.
2025-11-29 10:48:18,158 - INFO - 1 data di 'queue' berhasil diupdate.
2025-11-29 10:50:13,166 - INFO - 1 data di 'queue' berhasil diupdate.
2025-11-29 10:52:08,176 - INFO - 1 data di 'queue' berhasil diupdate.
2025-11-29 10:54:03,181 - INFO - 1 data di 'queue' berhasil diupdate.
2025-11-29 10:55:58,188 - INFO - 1 data di 'queue' berhasil diupdate.
2025-11-29 10:57:53,195 - INFO - 1 data di 'queue' berhasil diupdate.
2025-11-29 10:59:48,203 - INFO - 1 data di 'queue' berhasil diupdate.
2025-11-29 11:01:43,206 - INFO - 1 data di 'queue' berhasil diupdate.
2025-11-29 11:03:38,215 - INFO - 1 data di 'queue' berhasil diupdate.
2025-11-29 11:05:33,219 - INFO - 1 data di 'queue' berhasil diupdate.
2025-11-29 11:07:28,225 - INFO - 1 data di 'queue' berhasil diupdate.
2025-11-29 11:09:23,232 - INFO - 1 data di 'queue' berhasil diupdate.
2025-11-29 11:11:18,236 - INFO - 1 data di 'queue' berhasil diupdate.
2025-11-29 11:13:13,240 - INFO - 1 data di 'queue' berhasil diupdate.
2025-11-29 11:15:08,243 - INFO - 1 data di 'queue' berhasil diupdate.
2025-11-29 11:17:03,249 - INFO - 1 data di 'queue' berhasil diupdate.
2025-11-29 11:18:58,256 - INFO - 1 data di 'queue' berhasil diupdate.
2025-11-29 11:20:53,259 - INFO - 1 data di 'queue' berhasil diupdate.
2025-11-29 11:22:48,266 - INFO - 1 data di 'queue' berhasil diupdate.
2025-11-29 11:24:43,269 - INFO - 1 data di 'queue' berhasil diupdate.
2025-11-29 11:26:38,278 - INFO - 1 data di 'queue' berhasil diupdate.
2025-11-29 11:28:33,286 - INFO - 1 data di 'queue' berhasil diupdate.
2025-11-29 11:30:28,292 - INFO - 1 data di 'queue' berhasil diupdate.
2025-11-29 11:32:23,297 - INFO - 1 data di 'queue' berhasil diupdate.
2025-11-29 11:34:18,303 - INFO - 1 data di 'queue' berhasil diupdate.
2025-11-29 11:36:13,310 - INFO - 1 data di 'queue' berhasil diupdate.
2025-11-29 11:38:08,314 - INFO - 1 data di 'queue' berhasil diupdate.
2025-11-29 11:40:03,317 - INFO - 1 data di 'queue' berhasil diupdate.
2025-11-29 11:41:58,323 - INFO - 1 data di 'queue' berhasil diupdate.
2025-11-29 11:43:53,329 - INFO - 1 data di 'queue' berhasil diupdate.
2025-11-29 11:45:48,334 - INFO - 1 data di 'queue' berhasil diupdate.
2025-11-29 11:47:43,342 - INFO - 1 data di 'queue' berhasil diupdate.
2025-11-29 11:49:38,350 - INFO - 1 data di 'queue' berhasil diupdate.
2025-11-29 11:51:33,358 - INFO - 1 data di 'queue' berhasil diupdate.
2025-11-29 11:53:28,367 - INFO - 1 data di 'queue' berhasil diupdate.
2025-11-29 11:55:23,372 - INFO - 1 data di 'queue' berhasil diupdate.
2025-11-29 11:57:18,377 - INFO - 1 data di 'queue' berhasil diupdate.
2025-11-29 11:59:13,387 - INFO - 1 data di 'queue' berhasil diupdate.
2025-11-29 12:01:08,393 - INFO - 1 data di 'queue' berhasil diupdate.
2025-11-29 12:03:03,399 - INFO - 1 data di 'queue' berhasil diupdate.
2025-11-29 12:04:58,404 - INFO - 1 data di 'queue' berhasil diupdate.
2025-11-29 12:06:53,408 - INFO - 1 data di 'queue' berhasil diupdate.
2025-11-29 12:08:48,412 - INFO - 1 data di 'queue' berhasil diupdate.
2025-11-29 12:10:43,421 - INFO - 1 data di 'queue' berhasil diupdate.
2025-11-29 12:12:38,430 - INFO - 1 data di 'queue' berhasil diupdate.
2025-11-29 12:14:33,434 - INFO - 1 data di 'queue' berhasil diupdate.
2025-11-29 12:16:28,443 - INFO - 1 data di 'queue' berhasil diupdate.
2025-11-29 12:18:23,449 - INFO - 1 data di 'queue' berhasil diupdate.
2025-11-29 12:20:18,455 - INFO - 1 data di 'queue' berhasil diupdate.
2025-11-29 12:22:13,459 - INFO - 1 data di 'queue' berhasil diupdate.
2025-11-29 12:24:08,464 - INFO - 1 data di 'queue' berhasil diupdate.
2025-11-29 12:26:03,470 - INFO - 1 data di 'queue' berhasil diupdate.
2025-11-29 12:27:58,476 - INFO - 1 data di 'queue' berhasil diupdate.
2025-11-29 12:29:53,482 - INFO - 1 data di 'queue' berhasil diupdate.
2025-11-29 12:31:48,485 - INFO - 1 data di 'queue' berhasil diupdate.
2025-11-29 12:33:43,492 - INFO - 1 data di 'queue' berhasil diupdate.
2025-11-29 12:35:38,499 - INFO - 1 data di 'queue' berhasil diupdate.
2025-11-29 12:37:33,507 - INFO - 1 data di 'queue' berhasil diupdate.
2025-11-29 12:39:28,513 - INFO - 1 data di 'queue' berhasil diupdate.
2025-11-29 12:41:23,522 - INFO - 1 data di 'queue' berhasil diupdate.
2025-11-29 12:43:18,526 - INFO - 1 data di 'queue' berhasil diupdate.
2025-11-29 12:45:13,538 - INFO - 1 data di 'queue' berhasil diupdate.
2025-11-29 12:47:08,545 - INFO - 1 data di 'queue' berhasil diupdate.
2025-11-29 12:49:03,549 - INFO - 1 data di 'queue' berhasil diupdate.
2025-11-29 12:50:58,558 - INFO - 1 data di 'queue' berhasil diupdate.
2025-11-29 12:52:53,562 - INFO - 1 data di 'queue' berhasil diupdate.
2025-11-29 12:54:48,566 - INFO - 1 data di 'queue' berhasil diupdate.
2025-11-29 12:56:43,573 - INFO - 1 data di 'queue' berhasil diupdate.
2025-11-29 12:58:38,579 - INFO - 1 data di 'queue' berhasil diupdate.
2025-11-29 13:00:33,589 - INFO - 1 data di 'queue' berhasil diupdate.
2025-11-29 13:02:28,596 - INFO - 1 data di 'queue' berhasil diupdate.
2025-11-29 13:04:23,604 - INFO - 1 data di 'queue' berhasil diupdate.
2025-11-29 13:06:18,614 - INFO - 1 data di 'queue' berhasil diupdate.
2025-11-29 13:08:13,619 - INFO - 1 data di 'queue' berhasil diupdate.
2025-11-29 13:10:08,627 - INFO - 1 data di 'queue' berhasil diupdate.
2025-11-29 13:12:03,636 - INFO - 1 data di 'queue' berhasil diupdate.
2025-11-29 13:13:58,646 - INFO - 1 data di 'queue' berhasil diupdate.
2025-11-29 13:15:53,650 - INFO - 1 data di 'queue' berhasil diupdate.
2025-11-29 13:17:48,656 - INFO - 1 data di 'queue' berhasil diupdate.
2025-11-29 13:19:43,659 - INFO - 1 data di 'queue' berhasil diupdate.
2025-11-29 13:21:38,670 - INFO - 1 data di 'queue' berhasil diupdate.
2025-11-29 13:23:33,679 - INFO - 1 data di 'queue' berhasil diupdate.
2025-11-29 13:25:28,684 - INFO - 1 data di 'queue' berhasil diupdate.
2025-11-29 13:27:23,688 - INFO - 1 data di 'queue' berhasil diupdate.
2025-11-29 13:29:18,697 - INFO - 1 data di 'queue' berhasil diupdate.
2025-11-29 13:31:13,704 - INFO - 1 data di 'queue' berhasil diupdate.
2025-11-29 13:33:08,711 - INFO - 1 data di 'queue' berhasil diupdate.
2025-11-29 13:35:03,718 - INFO - 1 data di 'queue' berhasil diupdate.
2025-11-29 13:36:58,729 - INFO - 1 data di 'queue' berhasil diupdate.
2025-11-29 13:38:53,736 - INFO - 1 data di 'queue' berhasil diupdate.
2025-11-29 13:40:48,743 - INFO - 1 data di 'queue' berhasil diupdate.
2025-11-29 13:42:43,749 - INFO - 1 data di 'queue' berhasil diupdate.
2025-11-29 13:44:38,754 - INFO - 1 data di 'queue' berhasil diupdate.
2025-11-29 13:46:33,758 - INFO - 1 data di 'queue' berhasil diupdate.
2025-11-29 13:48:28,761 - INFO - 1 data di 'queue' berhasil diupdate.
2025-11-29 13:50:23,764 - INFO - 1 data di 'queue' berhasil diupdate.
2025-11-29 13:52:18,770 - INFO - 1 data di 'queue' berhasil diupdate.
2025-11-29 13:54:13,774 - INFO - 1 data di 'queue' berhasil diupdate.
2025-11-29 13:56:08,777 - INFO - 1 data di 'queue' berhasil diupdate.
2025-11-29 13:58:03,782 - INFO - 1 data di 'queue' berhasil diupdate.
2025-11-29 13:59:58,789 - INFO - 1 data di 'queue' berhasil diupdate.
2025-11-29 14:01:53,793 - INFO - 1 data di 'queue' berhasil diupdate.
2025-11-29 14:03:48,797 - INFO - 1 data di 'queue' berhasil diupdate.
2025-11-29 14:05:43,806 - INFO - 1 data di 'queue' berhasil diupdate.
2025-11-29 14:07:38,812 - INFO - 1 data di 'queue' berhasil diupdate.
2025-11-29 14:09:33,816 - INFO - 1 data di 'queue' berhasil diupdate.
2025-11-29 14:11:28,824 - INFO - 1 data di 'queue' berhasil diupdate.
2025-11-29 14:13:23,828 - INFO - 1 data di 'queue' berhasil diupdate.
2025-11-29 14:15:18,834 - INFO - 1 data di 'queue' berhasil diupdate.
2025-11-29 14:17:13,837 - INFO - 1 data di 'queue' berhasil diupdate.
2025-11-29 14:19:08,845 - INFO - 1 data di 'queue' berhasil diupdate.
2025-11-29 14:21:03,854 - INFO - 1 data di 'queue' berhasil diupdate.
2025-11-29 14:22:58,859 - INFO - 1 data di 'queue' berhasil diupdate.
2025-11-29 14:24:53,868 - INFO - 1 data di 'queue' berhasil diupdate.
2025-11-29 14:26:48,877 - INFO - 1 data di 'queue' berhasil diupdate.
2025-11-29 14:28:43,885 - INFO - 1 data di 'queue' berhasil diupdate.
2025-11-29 14:30:38,888 - INFO - 1 data di 'queue' berhasil diupdate.
2025-11-29 14:32:33,893 - INFO - 1 data di 'queue' berhasil diupdate.
2025-11-29 14:34:28,901 - INFO - 1 data di 'queue' berhasil diupdate.
2025-11-29 14:36:23,907 - INFO - 1 data di 'queue' berhasil diupdate.
2025-11-29 14:38:18,913 - INFO - 1 data di 'queue' berhasil diupdate.
2025-11-29 14:40:13,916 - INFO - 1 data di 'queue' berhasil diupdate.
2025-11-29 14:42:08,923 - INFO - 1 data di 'queue' berhasil diupdate.
2025-11-29 14:44:03,927 - INFO - 1 data di 'queue' berhasil diupdate.
2025-11-29 14:45:58,934 - INFO - 1 data di 'queue' berhasil diupdate.
2025-11-29 14:47:53,938 - INFO - 1 data di 'queue' berhasil diupdate.
2025-11-29 14:49:48,942 - INFO - 1 data di 'queue' berhasil diupdate.
2025-11-29 14:51:43,948 - INFO - 1 data di 'queue' berhasil diupdate.
2025-11-29 14:53:38,954 - INFO - 1 data di 'queue' berhasil diupdate.
2025-11-29 14:55:33,959 - INFO - 1 data di 'queue' berhasil diupdate.
2025-11-29 14:57:28,965 - INFO - 1 data di 'queue' berhasil diupdate.
2025-11-29 14:59:23,973 - INFO - 1 data di 'queue' berhasil diupdate.
2025-11-29 15:00:20,620 - INFO - Alarm Play: alarm3 (status: mqtt)
2025-11-29 15:00:22,122 - INFO - Play : /home/vas1/VAS/Control/assets/alarm/alarm3.mp3
2025-11-29 15:00:32,975 - INFO - Done : /home/vas1/VAS/Control/assets/alarm/alarm3.mp3
2025-11-29 15:00:32,982 - INFO - Lamp ON (status: mqtt)
2025-11-29 15:00:32,998 - INFO - Lamp OFF (status: mqtt)
2025-11-29 15:00:33,009 - INFO - Lamp ON (status: mqtt)
2025-11-29 15:00:33,019 - INFO - Lamp OFF (status: mqtt)
2025-11-29 15:01:18,981 - INFO - 1 data di 'queue' berhasil diupdate.
2025-11-29 15:03:13,985 - INFO - 1 data di 'queue' berhasil diupdate.
2025-11-29 15:05:08,992 - INFO - 1 data di 'queue' berhasil diupdate.
2025-11-29 15:07:03,999 - INFO - 1 data di 'queue' berhasil diupdate.
2025-11-29 15:08:59,009 - INFO - 1 data di 'queue' berhasil diupdate.
2025-11-29 15:10:54,015 - INFO - 1 data di 'queue' berhasil diupdate.
2025-11-29 15:12:49,018 - INFO - 1 data di 'queue' berhasil diupdate.
2025-11-29 15:14:44,024 - INFO - 1 data di 'queue' berhasil diupdate.
2025-11-29 15:16:39,033 - INFO - 1 data di 'queue' berhasil diupdate.
2025-11-29 15:18:34,043 - INFO - 1 data di 'queue' berhasil diupdate.
2025-11-29 15:20:29,049 - INFO - 1 data di 'queue' berhasil diupdate.
2025-11-29 15:22:24,056 - INFO - 1 data di 'queue' berhasil diupdate.
2025-11-29 15:24:19,065 - INFO - 1 data di 'queue' berhasil diupdate.
2025-11-29 15:26:14,072 - INFO - 1 data di 'queue' berhasil diupdate.
2025-11-29 15:28:09,079 - INFO - 1 data di 'queue' berhasil diupdate.
2025-11-29 15:30:04,085 - INFO - 1 data di 'queue' berhasil diupdate.
2025-11-29 15:31:59,095 - INFO - 1 data di 'queue' berhasil diupdate.
2025-11-29 15:33:54,103 - INFO - 1 data di 'queue' berhasil diupdate.
2025-11-29 15:35:49,111 - INFO - 1 data di 'queue' berhasil diupdate.
2025-11-29 15:37:44,119 - INFO - 1 data di 'queue' berhasil diupdate.
2025-11-29 15:39:39,123 - INFO - 1 data di 'queue' berhasil diupdate.
2025-11-29 15:41:34,129 - INFO - 1 data di 'queue' berhasil diupdate.
2025-11-29 15:42:28,722 - INFO - Alarm Play: alarm3 (status: mqtt)
2025-11-29 15:42:30,224 - INFO - Play : /home/vas1/VAS/Control/assets/alarm/alarm3.mp3
2025-11-29 15:42:41,069 - INFO - Done : /home/vas1/VAS/Control/assets/alarm/alarm3.mp3
2025-11-29 15:42:41,076 - INFO - Lamp ON (status: mqtt)
2025-11-29 15:42:41,086 - INFO - Lamp OFF (status: mqtt)
2025-11-29 15:42:41,096 - INFO - Lamp ON (status: mqtt)
2025-11-29 15:42:41,107 - INFO - Alarm Play: alarm3 (status: mqtt)
2025-11-29 15:42:42,612 - INFO - Play : /home/vas1/VAS/Control/assets/alarm/alarm3.mp3
2025-11-29 15:42:53,490 - INFO - Done : /home/vas1/VAS/Control/assets/alarm/alarm3.mp3
2025-11-29 15:42:53,498 - INFO - Lamp ON (status: mqtt)
2025-11-29 15:42:53,509 - INFO - Lamp OFF (status: mqtt)
2025-11-29 15:42:53,519 - INFO - Lamp OFF (status: mqtt)
2025-11-29 15:42:53,532 - INFO - Lamp ON (status: mqtt)
2025-11-29 15:42:53,543 - INFO - Lamp OFF (status: mqtt)
2025-11-29 15:43:29,139 - INFO - 1 data di 'queue' berhasil diupdate.
2025-11-29 15:45:24,149 - INFO - 1 data di 'queue' berhasil diupdate.
2025-11-29 15:47:19,159 - INFO - 1 data di 'queue' berhasil diupdate.
2025-11-29 15:49:14,162 - INFO - 1 data di 'queue' berhasil diupdate.
2025-11-29 15:51:09,166 - INFO - 1 data di 'queue' berhasil diupdate.
2025-11-29 15:53:04,173 - INFO - 1 data di 'queue' berhasil diupdate.
2025-11-29 15:54:59,179 - INFO - 1 data di 'queue' berhasil diupdate.
2025-11-29 15:56:54,184 - INFO - 1 data di 'queue' berhasil diupdate.
2025-11-29 15:58:49,191 - INFO - 1 data di 'queue' berhasil diupdate.
2025-11-29 16:00:44,195 - INFO - 1 data di 'queue' berhasil diupdate.
2025-11-29 16:02:39,204 - INFO - 1 data di 'queue' berhasil diupdate.
2025-11-29 16:04:34,208 - INFO - 1 data di 'queue' berhasil diupdate.
2025-11-29 16:06:29,214 - INFO - 1 data di 'queue' berhasil diupdate.
2025-11-29 16:08:24,221 - INFO - 1 data di 'queue' berhasil diupdate.
2025-11-29 16:10:19,230 - INFO - 1 data di 'queue' berhasil diupdate.
2025-11-29 16:12:14,237 - INFO - 1 data di 'queue' berhasil diupdate.
2025-11-29 16:14:09,244 - INFO - 1 data di 'queue' berhasil diupdate.
2025-11-29 16:16:04,257 - INFO - 1 data di 'queue' berhasil diupdate.
2025-11-29 16:17:59,263 - INFO - 1 data di 'queue' berhasil diupdate.
2025-11-29 16:19:54,266 - INFO - 1 data di 'queue' berhasil diupdate.
2025-11-29 16:21:49,274 - INFO - 1 data di 'queue' berhasil diupdate.
2025-11-29 16:23:44,277 - INFO - 1 data di 'queue' berhasil diupdate.
2025-11-29 16:25:39,286 - INFO - 1 data di 'queue' berhasil diupdate.
2025-11-29 16:27:34,295 - INFO - 1 data di 'queue' berhasil diupdate.
2025-11-29 16:29:29,300 - INFO - 1 data di 'queue' berhasil diupdate.
2025-11-29 16:31:24,306 - INFO - 1 data di 'queue' berhasil diupdate.
2025-11-29 16:33:19,312 - INFO - 1 data di 'queue' berhasil diupdate.
2025-11-29 16:35:14,318 - INFO - 1 data di 'queue' berhasil diupdate.
2025-11-29 16:37:09,323 - INFO - 1 data di 'queue' berhasil diupdate.
2025-11-29 16:39:04,333 - INFO - 1 data di 'queue' berhasil diupdate.
2025-11-29 16:40:59,338 - INFO - 1 data di 'queue' berhasil diupdate.
2025-11-29 16:42:54,341 - INFO - 1 data di 'queue' berhasil diupdate.
2025-11-29 16:44:49,350 - INFO - 1 data di 'queue' berhasil diupdate.
2025-11-29 16:46:44,357 - INFO - 1 data di 'queue' berhasil diupdate.
2025-11-29 16:48:39,361 - INFO - 1 data di 'queue' berhasil diupdate.
2025-11-29 16:50:34,371 - INFO - 1 data di 'queue' berhasil diupdate.
2025-11-29 16:52:29,376 - INFO - 1 data di 'queue' berhasil diupdate.
2025-11-29 16:54:24,379 - INFO - 1 data di 'queue' berhasil diupdate.
2025-11-29 16:56:19,386 - INFO - 1 data di 'queue' berhasil diupdate.
2025-11-29 16:58:14,390 - INFO - 1 data di 'queue' berhasil diupdate.
2025-11-29 17:00:09,396 - INFO - 1 data di 'queue' berhasil diupdate.
2025-11-29 17:02:04,402 - INFO - 1 data di 'queue' berhasil diupdate.
2025-11-29 17:03:59,405 - INFO - 1 data di 'queue' berhasil diupdate.
2025-11-29 17:05:54,410 - INFO - 1 data di 'queue' berhasil diupdate.
2025-11-29 17:07:49,417 - INFO - 1 data di 'queue' berhasil diupdate.
2025-11-29 17:09:44,422 - INFO - 1 data di 'queue' berhasil diupdate.
2025-11-29 17:11:39,429 - INFO - 1 data di 'queue' berhasil diupdate.
2025-11-29 17:13:34,432 - INFO - 1 data di 'queue' berhasil diupdate.
2025-11-29 17:15:29,440 - INFO - 1 data di 'queue' berhasil diupdate.
2025-11-29 17:17:24,444 - INFO - 1 data di 'queue' berhasil diupdate.
2025-11-29 17:19:19,451 - INFO - 1 data di 'queue' berhasil diupdate.
2025-11-29 17:21:14,456 - INFO - 1 data di 'queue' berhasil diupdate.
2025-11-29 17:23:09,460 - INFO - 1 data di 'queue' berhasil diupdate.
2025-11-29 17:25:04,467 - INFO - 1 data di 'queue' berhasil diupdate.
2025-11-29 17:26:59,476 - INFO - 1 data di 'queue' berhasil diupdate.
2025-11-29 17:28:54,484 - INFO - 1 data di 'queue' berhasil diupdate.
2025-11-29 17:30:49,491 - INFO - 1 data di 'queue' berhasil diupdate.
2025-11-29 17:32:44,497 - INFO - 1 data di 'queue' berhasil diupdate.
2025-11-29 17:34:39,500 - INFO - 1 data di 'queue' berhasil diupdate.
2025-11-29 17:36:34,503 - INFO - 1 data di 'queue' berhasil diupdate.
2025-11-29 17:38:29,508 - INFO - 1 data di 'queue' berhasil diupdate.
2025-11-29 17:40:24,513 - INFO - 1 data di 'queue' berhasil diupdate.
2025-11-29 17:42:19,522 - INFO - 1 data di 'queue' berhasil diupdate.
2025-11-29 17:44:14,528 - INFO - 1 data di 'queue' berhasil diupdate.
2025-11-29 17:46:09,535 - INFO - 1 data di 'queue' berhasil diupdate.
2025-11-29 17:48:04,539 - INFO - 1 data di 'queue' berhasil diupdate.
2025-11-29 17:49:59,546 - INFO - 1 data di 'queue' berhasil diupdate.
2025-11-29 17:51:54,554 - INFO - 1 data di 'queue' berhasil diupdate.
2025-11-29 17:53:49,563 - INFO - 1 data di 'queue' berhasil diupdate.
2025-11-29 17:55:44,568 - INFO - 1 data di 'queue' berhasil diupdate.
2025-11-29 17:57:39,572 - INFO - 1 data di 'queue' berhasil diupdate.
2025-11-29 17:59:34,575 - INFO - 1 data di 'queue' berhasil diupdate.
2025-11-29 18:01:29,580 - INFO - 1 data di 'queue' berhasil diupdate.
2025-11-29 18:03:24,588 - INFO - 1 data di 'queue' berhasil diupdate.
2025-11-29 18:05:19,596 - INFO - 1 data di 'queue' berhasil diupdate.
2025-11-29 18:07:14,604 - INFO - 1 data di 'queue' berhasil diupdate.
2025-11-29 18:09:09,613 - INFO - 1 data di 'queue' berhasil diupdate.
2025-11-29 18:11:04,617 - INFO - 1 data di 'queue' berhasil diupdate.
2025-11-29 18:12:59,625 - INFO - 1 data di 'queue' berhasil diupdate.
2025-11-29 18:14:54,631 - INFO - 1 data di 'queue' berhasil diupdate.
2025-11-29 18:16:49,638 - INFO - 1 data di 'queue' berhasil diupdate.
2025-11-29 18:18:44,642 - INFO - 1 data di 'queue' berhasil diupdate.
2025-11-29 18:20:39,648 - INFO - 1 data di 'queue' berhasil diupdate.
