2025-09-08 00:00:00,079 - INFO - [2025-09-08 00:00:00.079069] Collection 'requests' dihapus 1239 dokumen.
2025-09-08 00:00:00,146 - INFO - [2025-09-08 00:00:00.146561] Collection 'responses' dihapus 1595 dokumen.
2025-09-08 00:00:00,148 - INFO - [2025-09-08 00:00:00.148915] Collection 'system_status_res' dihapus 0 dokumen.
2025-09-08 00:00:00,151 - INFO - [2025-09-08 00:00:00.151197] Collection 'system_status_req' dihapus 0 dokumen.
2025-09-08 00:00:01,170 - INFO - [2025-09-08 00:00:01.170381] Collection 'requests' dihapus 0 dokumen.
2025-09-08 00:00:01,172 - INFO - [2025-09-08 00:00:01.172917] Collection 'responses' dihapus 0 dokumen.
2025-09-08 00:00:01,175 - INFO - [2025-09-08 00:00:01.175075] Collection 'system_status_res' dihapus 0 dokumen.
2025-09-08 00:00:01,177 - INFO - [2025-09-08 00:00:01.177394] Collection 'system_status_req' dihapus 0 dokumen.
2025-09-08 00:00:02,195 - INFO - [2025-09-08 00:00:02.195318] Collection 'requests' dihapus 0 dokumen.
2025-09-08 00:00:02,197 - INFO - [2025-09-08 00:00:02.197433] Collection 'responses' dihapus 0 dokumen.
2025-09-08 00:00:02,199 - INFO - [2025-09-08 00:00:02.199398] Collection 'system_status_res' dihapus 0 dokumen.
2025-09-08 00:00:02,201 - INFO - [2025-09-08 00:00:02.201336] Collection 'system_status_req' dihapus 0 dokumen.
2025-09-08 00:00:03,219 - INFO - [2025-09-08 00:00:03.219131] Collection 'requests' dihapus 0 dokumen.
2025-09-08 00:00:03,221 - INFO - [2025-09-08 00:00:03.221292] Collection 'responses' dihapus 0 dokumen.
2025-09-08 00:00:03,223 - INFO - [2025-09-08 00:00:03.223272] Collection 'system_status_res' dihapus 0 dokumen.
2025-09-08 00:00:03,225 - INFO - [2025-09-08 00:00:03.225375] Collection 'system_status_req' dihapus 0 dokumen.
2025-09-08 00:00:04,243 - INFO - [2025-09-08 00:00:04.243800] Collection 'requests' dihapus 0 dokumen.
2025-09-08 00:00:04,246 - INFO - [2025-09-08 00:00:04.245950] Collection 'responses' dihapus 0 dokumen.
2025-09-08 00:00:04,248 - INFO - [2025-09-08 00:00:04.248062] Collection 'system_status_res' dihapus 0 dokumen.
2025-09-08 00:00:04,250 - INFO - [2025-09-08 00:00:04.249991] Collection 'system_status_req' dihapus 0 dokumen.
2025-09-08 00:00:05,268 - INFO - [2025-09-08 00:00:05.268160] Collection 'requests' dihapus 0 dokumen.
2025-09-08 00:00:05,270 - INFO - [2025-09-08 00:00:05.270295] Collection 'responses' dihapus 0 dokumen.
2025-09-08 00:00:05,272 - INFO - [2025-09-08 00:00:05.272368] Collection 'system_status_res' dihapus 0 dokumen.
2025-09-08 00:00:05,274 - INFO - [2025-09-08 00:00:05.274336] Collection 'system_status_req' dihapus 0 dokumen.
2025-09-08 00:01:31,376 - INFO - 1 data di 'queue' berhasil diupdate.
2025-09-08 00:03:26,389 - INFO - 1 data di 'queue' berhasil diupdate.
2025-09-08 00:05:21,392 - INFO - 1 data di 'queue' berhasil diupdate.
2025-09-08 00:07:16,398 - INFO - 1 data di 'queue' berhasil diupdate.
2025-09-08 00:09:11,401 - INFO - 1 data di 'queue' berhasil diupdate.
2025-09-08 00:11:06,416 - INFO - 1 data di 'queue' berhasil diupdate.
2025-09-08 00:13:01,424 - INFO - 1 data di 'queue' berhasil diupdate.
2025-09-08 00:14:56,434 - INFO - 1 data di 'queue' berhasil diupdate.
2025-09-08 00:16:51,445 - INFO - 1 data di 'queue' berhasil diupdate.
2025-09-08 00:18:46,457 - INFO - 1 data di 'queue' berhasil diupdate.
2025-09-08 00:20:41,473 - INFO - 1 data di 'queue' berhasil diupdate.
2025-09-08 00:22:36,477 - INFO - 1 data di 'queue' berhasil diupdate.
2025-09-08 00:24:31,489 - INFO - 1 data di 'queue' berhasil diupdate.
2025-09-08 00:26:26,504 - INFO - 1 data di 'queue' berhasil diupdate.
2025-09-08 00:28:21,509 - INFO - 1 data di 'queue' berhasil diupdate.
2025-09-08 00:30:16,520 - INFO - 1 data di 'queue' berhasil diupdate.
2025-09-08 00:32:11,530 - INFO - 1 data di 'queue' berhasil diupdate.
2025-09-08 00:34:06,535 - INFO - 1 data di 'queue' berhasil diupdate.
2025-09-08 00:36:01,545 - INFO - 1 data di 'queue' berhasil diupdate.
2025-09-08 00:37:56,561 - INFO - 1 data di 'queue' berhasil diupdate.
2025-09-08 00:39:51,577 - INFO - 1 data di 'queue' berhasil diupdate.
2025-09-08 00:41:46,586 - INFO - 1 data di 'queue' berhasil diupdate.
2025-09-08 00:43:41,601 - INFO - 1 data di 'queue' berhasil diupdate.
2025-09-08 00:45:36,616 - INFO - 1 data di 'queue' berhasil diupdate.
2025-09-08 00:47:31,630 - INFO - 1 data di 'queue' berhasil diupdate.
2025-09-08 00:49:26,641 - INFO - 1 data di 'queue' berhasil diupdate.
2025-09-08 00:51:21,657 - INFO - 1 data di 'queue' berhasil diupdate.
2025-09-08 00:53:16,661 - INFO - 1 data di 'queue' berhasil diupdate.
2025-09-08 00:55:11,669 - INFO - 1 data di 'queue' berhasil diupdate.
2025-09-08 00:57:06,679 - INFO - 1 data di 'queue' berhasil diupdate.
2025-09-08 00:59:01,691 - INFO - 1 data di 'queue' berhasil diupdate.
2025-09-08 01:00:56,705 - INFO - 1 data di 'queue' berhasil diupdate.
2025-09-08 01:02:51,720 - INFO - 1 data di 'queue' berhasil diupdate.
2025-09-08 01:04:46,732 - INFO - 1 data di 'queue' berhasil diupdate.
2025-09-08 01:06:41,747 - INFO - 1 data di 'queue' berhasil diupdate.
2025-09-08 01:08:36,759 - INFO - 1 data di 'queue' berhasil diupdate.
2025-09-08 01:10:31,762 - INFO - 1 data di 'queue' berhasil diupdate.
2025-09-08 01:12:26,766 - INFO - 1 data di 'queue' berhasil diupdate.
2025-09-08 01:14:21,780 - INFO - 1 data di 'queue' berhasil diupdate.
2025-09-08 01:16:16,796 - INFO - 1 data di 'queue' berhasil diupdate.
2025-09-08 01:18:11,806 - INFO - 1 data di 'queue' berhasil diupdate.
2025-09-08 01:20:06,820 - INFO - 1 data di 'queue' berhasil diupdate.
2025-09-08 01:22:01,834 - INFO - 1 data di 'queue' berhasil diupdate.
2025-09-08 01:23:56,848 - INFO - 1 data di 'queue' berhasil diupdate.
2025-09-08 01:25:51,863 - INFO - 1 data di 'queue' berhasil diupdate.
2025-09-08 01:27:46,876 - INFO - 1 data di 'queue' berhasil diupdate.
2025-09-08 01:29:41,890 - INFO - 1 data di 'queue' berhasil diupdate.
2025-09-08 01:31:36,894 - INFO - 1 data di 'queue' berhasil diupdate.
2025-09-08 01:33:31,908 - INFO - 1 data di 'queue' berhasil diupdate.
2025-09-08 01:35:26,923 - INFO - 1 data di 'queue' berhasil diupdate.
2025-09-08 01:37:21,936 - INFO - 1 data di 'queue' berhasil diupdate.
2025-09-08 01:39:16,941 - INFO - 1 data di 'queue' berhasil diupdate.
2025-09-08 01:41:11,949 - INFO - 1 data di 'queue' berhasil diupdate.
2025-09-08 01:43:06,960 - INFO - 1 data di 'queue' berhasil diupdate.
2025-09-08 01:45:01,974 - INFO - 1 data di 'queue' berhasil diupdate.
2025-09-08 01:46:56,978 - INFO - 1 data di 'queue' berhasil diupdate.
2025-09-08 01:48:51,991 - INFO - 1 data di 'queue' berhasil diupdate.
2025-09-08 01:50:46,998 - INFO - 1 data di 'queue' berhasil diupdate.
2025-09-08 01:52:42,014 - INFO - 1 data di 'queue' berhasil diupdate.
2025-09-08 01:54:37,019 - INFO - 1 data di 'queue' berhasil diupdate.
2025-09-08 01:56:32,029 - INFO - 1 data di 'queue' berhasil diupdate.
2025-09-08 01:58:27,039 - INFO - 1 data di 'queue' berhasil diupdate.
2025-09-08 02:00:22,044 - INFO - 1 data di 'queue' berhasil diupdate.
2025-09-08 02:02:17,052 - INFO - 1 data di 'queue' berhasil diupdate.
2025-09-08 02:04:12,062 - INFO - 1 data di 'queue' berhasil diupdate.
2025-09-08 02:06:07,073 - INFO - 1 data di 'queue' berhasil diupdate.
2025-09-08 02:08:02,085 - INFO - 1 data di 'queue' berhasil diupdate.
2025-09-08 02:09:57,101 - INFO - 1 data di 'queue' berhasil diupdate.
2025-09-08 02:11:52,111 - INFO - 1 data di 'queue' berhasil diupdate.
2025-09-08 02:13:47,117 - INFO - 1 data di 'queue' berhasil diupdate.
2025-09-08 02:15:42,128 - INFO - 1 data di 'queue' berhasil diupdate.
2025-09-08 02:17:37,143 - INFO - 1 data di 'queue' berhasil diupdate.
2025-09-08 02:19:32,146 - INFO - 1 data di 'queue' berhasil diupdate.
2025-09-08 02:21:27,151 - INFO - 1 data di 'queue' berhasil diupdate.
2025-09-08 02:23:22,158 - INFO - 1 data di 'queue' berhasil diupdate.
2025-09-08 02:25:17,173 - INFO - 1 data di 'queue' berhasil diupdate.
2025-09-08 02:27:12,187 - INFO - 1 data di 'queue' berhasil diupdate.
2025-09-08 02:29:07,199 - INFO - 1 data di 'queue' berhasil diupdate.
2025-09-08 02:31:02,208 - INFO - 1 data di 'queue' berhasil diupdate.
2025-09-08 02:32:57,222 - INFO - 1 data di 'queue' berhasil diupdate.
2025-09-08 02:34:52,238 - INFO - 1 data di 'queue' berhasil diupdate.
2025-09-08 02:36:47,244 - INFO - 1 data di 'queue' berhasil diupdate.
2025-09-08 02:38:42,256 - INFO - 1 data di 'queue' berhasil diupdate.
2025-09-08 02:40:37,261 - INFO - 1 data di 'queue' berhasil diupdate.
2025-09-08 02:42:32,269 - INFO - 1 data di 'queue' berhasil diupdate.
2025-09-08 02:44:27,275 - INFO - 1 data di 'queue' berhasil diupdate.
2025-09-08 02:46:22,284 - INFO - 1 data di 'queue' berhasil diupdate.
2025-09-08 02:48:17,296 - INFO - 1 data di 'queue' berhasil diupdate.
2025-09-08 02:50:12,306 - INFO - 1 data di 'queue' berhasil diupdate.
2025-09-08 02:52:07,321 - INFO - 1 data di 'queue' berhasil diupdate.
2025-09-08 02:54:02,334 - INFO - 1 data di 'queue' berhasil diupdate.
2025-09-08 02:55:57,344 - INFO - 1 data di 'queue' berhasil diupdate.
2025-09-08 02:57:52,348 - INFO - 1 data di 'queue' berhasil diupdate.
2025-09-08 02:59:47,354 - INFO - 1 data di 'queue' berhasil diupdate.
2025-09-08 03:01:42,371 - INFO - 1 data di 'queue' berhasil diupdate.
2025-09-08 03:03:37,380 - INFO - 1 data di 'queue' berhasil diupdate.
2025-09-08 03:05:32,391 - INFO - 1 data di 'queue' berhasil diupdate.
2025-09-08 03:07:27,398 - INFO - 1 data di 'queue' berhasil diupdate.
2025-09-08 03:09:22,411 - INFO - 1 data di 'queue' berhasil diupdate.
2025-09-08 03:11:17,415 - INFO - 1 data di 'queue' berhasil diupdate.
2025-09-08 03:13:12,424 - INFO - 1 data di 'queue' berhasil diupdate.
2025-09-08 03:15:07,432 - INFO - 1 data di 'queue' berhasil diupdate.
2025-09-08 03:17:02,435 - INFO - 1 data di 'queue' berhasil diupdate.
2025-09-08 03:18:57,446 - INFO - 1 data di 'queue' berhasil diupdate.
2025-09-08 03:20:52,451 - INFO - 1 data di 'queue' berhasil diupdate.
2025-09-08 03:22:47,461 - INFO - 1 data di 'queue' berhasil diupdate.
2025-09-08 03:24:42,470 - INFO - 1 data di 'queue' berhasil diupdate.
2025-09-08 03:26:37,475 - INFO - 1 data di 'queue' berhasil diupdate.
2025-09-08 03:28:32,479 - INFO - 1 data di 'queue' berhasil diupdate.
2025-09-08 03:30:27,489 - INFO - 1 data di 'queue' berhasil diupdate.
2025-09-08 03:32:22,500 - INFO - 1 data di 'queue' berhasil diupdate.
2025-09-08 03:34:17,505 - INFO - 1 data di 'queue' berhasil diupdate.
2025-09-08 03:36:12,518 - INFO - 1 data di 'queue' berhasil diupdate.
2025-09-08 03:38:07,521 - INFO - 1 data di 'queue' berhasil diupdate.
2025-09-08 03:40:02,532 - INFO - 1 data di 'queue' berhasil diupdate.
2025-09-08 03:41:57,541 - INFO - 1 data di 'queue' berhasil diupdate.
2025-09-08 03:43:52,550 - INFO - 1 data di 'queue' berhasil diupdate.
2025-09-08 03:45:47,554 - INFO - 1 data di 'queue' berhasil diupdate.
2025-09-08 03:47:42,564 - INFO - 1 data di 'queue' berhasil diupdate.
2025-09-08 03:49:37,579 - INFO - 1 data di 'queue' berhasil diupdate.
2025-09-08 03:51:32,583 - INFO - 1 data di 'queue' berhasil diupdate.
2025-09-08 03:53:27,598 - INFO - 1 data di 'queue' berhasil diupdate.
2025-09-08 03:55:22,608 - INFO - 1 data di 'queue' berhasil diupdate.
2025-09-08 03:57:17,619 - INFO - 1 data di 'queue' berhasil diupdate.
2025-09-08 03:59:12,624 - INFO - 1 data di 'queue' berhasil diupdate.
2025-09-08 04:01:07,626 - INFO - 1 data di 'queue' berhasil diupdate.
2025-09-08 04:03:02,640 - INFO - 1 data di 'queue' berhasil diupdate.
2025-09-08 04:04:57,651 - INFO - 1 data di 'queue' berhasil diupdate.
2025-09-08 04:06:52,661 - INFO - 1 data di 'queue' berhasil diupdate.
2025-09-08 04:08:47,667 - INFO - 1 data di 'queue' berhasil diupdate.
2025-09-08 04:10:42,680 - INFO - 1 data di 'queue' berhasil diupdate.
2025-09-08 04:12:37,685 - INFO - 1 data di 'queue' berhasil diupdate.
2025-09-08 04:14:32,695 - INFO - 1 data di 'queue' berhasil diupdate.
2025-09-08 04:16:27,707 - INFO - 1 data di 'queue' berhasil diupdate.
2025-09-08 04:18:22,711 - INFO - 1 data di 'queue' berhasil diupdate.
2025-09-08 04:20:17,713 - INFO - 1 data di 'queue' berhasil diupdate.
2025-09-08 04:22:12,717 - INFO - 1 data di 'queue' berhasil diupdate.
2025-09-08 04:24:07,733 - INFO - 1 data di 'queue' berhasil diupdate.
2025-09-08 04:26:02,745 - INFO - 1 data di 'queue' berhasil diupdate.
2025-09-08 04:27:57,748 - INFO - 1 data di 'queue' berhasil diupdate.
2025-09-08 04:29:52,753 - INFO - 1 data di 'queue' berhasil diupdate.
2025-09-08 04:31:47,765 - INFO - 1 data di 'queue' berhasil diupdate.
2025-09-08 04:33:42,778 - INFO - 1 data di 'queue' berhasil diupdate.
2025-09-08 04:35:37,793 - INFO - 1 data di 'queue' berhasil diupdate.
2025-09-08 04:37:32,799 - INFO - 1 data di 'queue' berhasil diupdate.
2025-09-08 04:39:27,813 - INFO - 1 data di 'queue' berhasil diupdate.
2025-09-08 04:41:22,825 - INFO - 1 data di 'queue' berhasil diupdate.
2025-09-08 04:43:17,841 - INFO - 1 data di 'queue' berhasil diupdate.
2025-09-08 04:45:12,851 - INFO - 1 data di 'queue' berhasil diupdate.
2025-09-08 04:47:07,866 - INFO - 1 data di 'queue' berhasil diupdate.
2025-09-08 04:49:02,876 - INFO - 1 data di 'queue' berhasil diupdate.
2025-09-08 04:50:57,882 - INFO - 1 data di 'queue' berhasil diupdate.
2025-09-08 04:52:52,890 - INFO - 1 data di 'queue' berhasil diupdate.
2025-09-08 04:54:47,892 - INFO - 1 data di 'queue' berhasil diupdate.
2025-09-08 04:56:42,908 - INFO - 1 data di 'queue' berhasil diupdate.
2025-09-08 04:58:37,922 - INFO - 1 data di 'queue' berhasil diupdate.
2025-09-08 05:00:32,938 - INFO - 1 data di 'queue' berhasil diupdate.
2025-09-08 05:02:27,952 - INFO - 1 data di 'queue' berhasil diupdate.
2025-09-08 05:04:22,957 - INFO - 1 data di 'queue' berhasil diupdate.
2025-09-08 05:06:17,972 - INFO - 1 data di 'queue' berhasil diupdate.
2025-09-08 05:08:12,981 - INFO - 1 data di 'queue' berhasil diupdate.
2025-09-08 05:10:07,988 - INFO - 1 data di 'queue' berhasil diupdate.
2025-09-08 05:12:03,005 - INFO - 1 data di 'queue' berhasil diupdate.
2025-09-08 05:13:58,009 - INFO - 1 data di 'queue' berhasil diupdate.
2025-09-08 05:15:53,016 - INFO - 1 data di 'queue' berhasil diupdate.
2025-09-08 05:17:48,026 - INFO - 1 data di 'queue' berhasil diupdate.
2025-09-08 05:19:43,033 - INFO - 1 data di 'queue' berhasil diupdate.
2025-09-08 05:21:38,040 - INFO - 1 data di 'queue' berhasil diupdate.
2025-09-08 05:23:33,045 - INFO - 1 data di 'queue' berhasil diupdate.
2025-09-08 05:25:28,058 - INFO - 1 data di 'queue' berhasil diupdate.
2025-09-08 05:27:23,073 - INFO - 1 data di 'queue' berhasil diupdate.
2025-09-08 05:29:18,085 - INFO - 1 data di 'queue' berhasil diupdate.
2025-09-08 05:31:13,098 - INFO - 1 data di 'queue' berhasil diupdate.
2025-09-08 05:33:08,109 - INFO - 1 data di 'queue' berhasil diupdate.
2025-09-08 05:35:03,113 - INFO - 1 data di 'queue' berhasil diupdate.
2025-09-08 05:36:58,124 - INFO - 1 data di 'queue' berhasil diupdate.
2025-09-08 05:38:53,127 - INFO - 1 data di 'queue' berhasil diupdate.
2025-09-08 05:40:48,143 - INFO - 1 data di 'queue' berhasil diupdate.
2025-09-08 05:42:43,156 - INFO - 1 data di 'queue' berhasil diupdate.
2025-09-08 05:44:38,164 - INFO - 1 data di 'queue' berhasil diupdate.
2025-09-08 05:46:33,180 - INFO - 1 data di 'queue' berhasil diupdate.
2025-09-08 05:48:28,197 - INFO - 1 data di 'queue' berhasil diupdate.
2025-09-08 05:50:23,208 - INFO - 1 data di 'queue' berhasil diupdate.
2025-09-08 05:52:18,212 - INFO - 1 data di 'queue' berhasil diupdate.
2025-09-08 05:54:13,219 - INFO - 1 data di 'queue' berhasil diupdate.
2025-09-08 05:56:08,233 - INFO - 1 data di 'queue' berhasil diupdate.
2025-09-08 05:58:03,240 - INFO - 1 data di 'queue' berhasil diupdate.
2025-09-08 05:59:58,249 - INFO - 1 data di 'queue' berhasil diupdate.
2025-09-08 06:01:53,253 - INFO - 1 data di 'queue' berhasil diupdate.
2025-09-08 06:03:48,258 - INFO - 1 data di 'queue' berhasil diupdate.
2025-09-08 06:05:43,270 - INFO - 1 data di 'queue' berhasil diupdate.
2025-09-08 06:07:38,282 - INFO - 1 data di 'queue' berhasil diupdate.
2025-09-08 06:09:33,298 - INFO - 1 data di 'queue' berhasil diupdate.
2025-09-08 06:11:28,307 - INFO - 1 data di 'queue' berhasil diupdate.
2025-09-08 06:13:23,312 - INFO - 1 data di 'queue' berhasil diupdate.
2025-09-08 06:15:18,322 - INFO - 1 data di 'queue' berhasil diupdate.
2025-09-08 06:17:13,328 - INFO - 1 data di 'queue' berhasil diupdate.
2025-09-08 06:19:08,344 - INFO - 1 data di 'queue' berhasil diupdate.
2025-09-08 06:21:03,352 - INFO - 1 data di 'queue' berhasil diupdate.
2025-09-08 06:22:58,357 - INFO - 1 data di 'queue' berhasil diupdate.
2025-09-08 06:24:53,364 - INFO - 1 data di 'queue' berhasil diupdate.
2025-09-08 06:26:48,373 - INFO - 1 data di 'queue' berhasil diupdate.
2025-09-08 06:28:43,382 - INFO - 1 data di 'queue' berhasil diupdate.
2025-09-08 06:30:38,386 - INFO - 1 data di 'queue' berhasil diupdate.
2025-09-08 06:32:33,399 - INFO - 1 data di 'queue' berhasil diupdate.
2025-09-08 06:34:28,404 - INFO - 1 data di 'queue' berhasil diupdate.
2025-09-08 06:36:23,409 - INFO - 1 data di 'queue' berhasil diupdate.
2025-09-08 06:38:18,421 - INFO - 1 data di 'queue' berhasil diupdate.
2025-09-08 06:40:13,426 - INFO - 1 data di 'queue' berhasil diupdate.
2025-09-08 06:42:08,431 - INFO - 1 data di 'queue' berhasil diupdate.
2025-09-08 06:44:03,447 - INFO - 1 data di 'queue' berhasil diupdate.
2025-09-08 06:45:58,455 - INFO - 1 data di 'queue' berhasil diupdate.
2025-09-08 06:47:53,464 - INFO - 1 data di 'queue' berhasil diupdate.
2025-09-08 06:49:48,470 - INFO - 1 data di 'queue' berhasil diupdate.
2025-09-08 06:51:43,475 - INFO - 1 data di 'queue' berhasil diupdate.
2025-09-08 06:53:38,485 - INFO - 1 data di 'queue' berhasil diupdate.
2025-09-08 06:55:33,499 - INFO - 1 data di 'queue' berhasil diupdate.
2025-09-08 06:57:28,512 - INFO - 1 data di 'queue' berhasil diupdate.
2025-09-08 06:59:23,520 - INFO - 1 data di 'queue' berhasil diupdate.
2025-09-08 07:01:18,536 - INFO - 1 data di 'queue' berhasil diupdate.
2025-09-08 07:03:13,540 - INFO - 1 data di 'queue' berhasil diupdate.
2025-09-08 07:05:08,550 - INFO - 1 data di 'queue' berhasil diupdate.
2025-09-08 07:07:03,561 - INFO - 1 data di 'queue' berhasil diupdate.
2025-09-08 07:08:58,578 - INFO - 1 data di 'queue' berhasil diupdate.
2025-09-08 07:10:53,584 - INFO - 1 data di 'queue' berhasil diupdate.
2025-09-08 07:12:48,589 - INFO - 1 data di 'queue' berhasil diupdate.
2025-09-08 07:14:43,604 - INFO - 1 data di 'queue' berhasil diupdate.
2025-09-08 07:16:38,613 - INFO - 1 data di 'queue' berhasil diupdate.
2025-09-08 07:18:33,616 - INFO - 1 data di 'queue' berhasil diupdate.
2025-09-08 07:20:28,622 - INFO - 1 data di 'queue' berhasil diupdate.
2025-09-08 07:22:23,636 - INFO - 1 data di 'queue' berhasil diupdate.
2025-09-08 07:24:18,642 - INFO - 1 data di 'queue' berhasil diupdate.
2025-09-08 07:26:13,659 - INFO - 1 data di 'queue' berhasil diupdate.
2025-09-08 07:28:08,673 - INFO - 1 data di 'queue' berhasil diupdate.
2025-09-08 07:30:03,684 - INFO - 1 data di 'queue' berhasil diupdate.
2025-09-08 07:31:58,697 - INFO - 1 data di 'queue' berhasil diupdate.
2025-09-08 07:33:53,707 - INFO - 1 data di 'queue' berhasil diupdate.
2025-09-08 07:35:48,713 - INFO - 1 data di 'queue' berhasil diupdate.
2025-09-08 07:37:43,726 - INFO - 1 data di 'queue' berhasil diupdate.
2025-09-08 07:39:38,738 - INFO - 1 data di 'queue' berhasil diupdate.
2025-09-08 07:41:33,744 - INFO - 1 data di 'queue' berhasil diupdate.
2025-09-08 07:43:28,755 - INFO - 1 data di 'queue' berhasil diupdate.
2025-09-08 07:45:23,765 - INFO - 1 data di 'queue' berhasil diupdate.
2025-09-08 07:47:18,772 - INFO - 1 data di 'queue' berhasil diupdate.
2025-09-08 07:49:13,788 - INFO - 1 data di 'queue' berhasil diupdate.
2025-09-08 07:51:08,803 - INFO - 1 data di 'queue' berhasil diupdate.
2025-09-08 07:53:03,812 - INFO - 1 data di 'queue' berhasil diupdate.
2025-09-08 07:54:58,822 - INFO - 1 data di 'queue' berhasil diupdate.
2025-09-08 07:56:53,834 - INFO - 1 data di 'queue' berhasil diupdate.
2025-09-08 07:58:48,850 - INFO - 1 data di 'queue' berhasil diupdate.
2025-09-08 08:00:43,864 - INFO - 1 data di 'queue' berhasil diupdate.
2025-09-08 08:02:38,867 - INFO - 1 data di 'queue' berhasil diupdate.
2025-09-08 08:04:33,882 - INFO - 1 data di 'queue' berhasil diupdate.
2025-09-08 08:06:28,898 - INFO - 1 data di 'queue' berhasil diupdate.
2025-09-08 08:08:23,905 - INFO - 1 data di 'queue' berhasil diupdate.
2025-09-08 08:10:18,915 - INFO - 1 data di 'queue' berhasil diupdate.
2025-09-08 08:12:13,921 - INFO - 1 data di 'queue' berhasil diupdate.
2025-09-08 08:14:08,936 - INFO - 1 data di 'queue' berhasil diupdate.
2025-09-08 08:16:03,942 - INFO - 1 data di 'queue' berhasil diupdate.
2025-09-08 08:17:58,949 - INFO - 1 data di 'queue' berhasil diupdate.
2025-09-08 08:19:53,960 - INFO - 1 data di 'queue' berhasil diupdate.
2025-09-08 08:21:48,976 - INFO - 1 data di 'queue' berhasil diupdate.
2025-09-08 08:23:43,987 - INFO - 1 data di 'queue' berhasil diupdate.
2025-09-08 08:25:38,990 - INFO - 1 data di 'queue' berhasil diupdate.
2025-09-08 08:27:34,006 - INFO - 1 data di 'queue' berhasil diupdate.
2025-09-08 08:29:29,009 - INFO - 1 data di 'queue' berhasil diupdate.
2025-09-08 08:31:24,025 - INFO - 1 data di 'queue' berhasil diupdate.
2025-09-08 08:33:19,040 - INFO - 1 data di 'queue' berhasil diupdate.
2025-09-08 08:35:14,050 - INFO - 1 data di 'queue' berhasil diupdate.
2025-09-08 08:37:09,060 - INFO - 1 data di 'queue' berhasil diupdate.
2025-09-08 08:39:04,065 - INFO - 1 data di 'queue' berhasil diupdate.
2025-09-08 08:40:59,075 - INFO - 1 data di 'queue' berhasil diupdate.
2025-09-08 08:42:54,089 - INFO - 1 data di 'queue' berhasil diupdate.
2025-09-08 08:44:49,094 - INFO - 1 data di 'queue' berhasil diupdate.
2025-09-08 08:46:44,102 - INFO - 1 data di 'queue' berhasil diupdate.
2025-09-08 08:48:39,115 - INFO - 1 data di 'queue' berhasil diupdate.
2025-09-08 08:50:34,131 - INFO - 1 data di 'queue' berhasil diupdate.
2025-09-08 08:52:29,145 - INFO - 1 data di 'queue' berhasil diupdate.
2025-09-08 08:54:24,159 - INFO - 1 data di 'queue' berhasil diupdate.
2025-09-08 08:56:19,174 - INFO - 1 data di 'queue' berhasil diupdate.
2025-09-08 08:58:14,188 - INFO - 1 data di 'queue' berhasil diupdate.
2025-09-08 09:00:09,205 - INFO - 1 data di 'queue' berhasil diupdate.
2025-09-08 09:02:04,216 - INFO - 1 data di 'queue' berhasil diupdate.
2025-09-08 09:03:59,223 - INFO - 1 data di 'queue' berhasil diupdate.
2025-09-08 09:05:54,230 - INFO - 1 data di 'queue' berhasil diupdate.
2025-09-08 09:07:49,245 - INFO - 1 data di 'queue' berhasil diupdate.
2025-09-08 09:09:44,262 - INFO - 1 data di 'queue' berhasil diupdate.
2025-09-08 09:11:39,277 - INFO - 1 data di 'queue' berhasil diupdate.
2025-09-08 09:13:34,283 - INFO - 1 data di 'queue' berhasil diupdate.
2025-09-08 09:15:29,291 - INFO - 1 data di 'queue' berhasil diupdate.
2025-09-08 09:17:24,299 - INFO - 1 data di 'queue' berhasil diupdate.
2025-09-08 09:19:19,311 - INFO - 1 data di 'queue' berhasil diupdate.
2025-09-08 09:21:14,325 - INFO - 1 data di 'queue' berhasil diupdate.
2025-09-08 09:23:09,340 - INFO - 1 data di 'queue' berhasil diupdate.
2025-09-08 09:25:04,345 - INFO - 1 data di 'queue' berhasil diupdate.
2025-09-08 09:26:59,355 - INFO - 1 data di 'queue' berhasil diupdate.
2025-09-08 09:28:54,365 - INFO - 1 data di 'queue' berhasil diupdate.
2025-09-08 09:30:49,372 - INFO - 1 data di 'queue' berhasil diupdate.
2025-09-08 09:32:44,384 - INFO - 1 data di 'queue' berhasil diupdate.
2025-09-08 09:34:39,398 - INFO - 1 data di 'queue' berhasil diupdate.
2025-09-08 09:36:34,409 - INFO - 1 data di 'queue' berhasil diupdate.
2025-09-08 09:38:29,413 - INFO - 1 data di 'queue' berhasil diupdate.
2025-09-08 09:40:24,418 - INFO - 1 data di 'queue' berhasil diupdate.
2025-09-08 09:42:19,426 - INFO - 1 data di 'queue' berhasil diupdate.
2025-09-08 09:44:14,439 - INFO - 1 data di 'queue' berhasil diupdate.
2025-09-08 09:46:09,451 - INFO - 1 data di 'queue' berhasil diupdate.
2025-09-08 09:48:04,459 - INFO - 1 data di 'queue' berhasil diupdate.
2025-09-08 09:49:59,468 - INFO - 1 data di 'queue' berhasil diupdate.
2025-09-08 09:51:54,471 - INFO - 1 data di 'queue' berhasil diupdate.
2025-09-08 09:53:49,484 - INFO - 1 data di 'queue' berhasil diupdate.
2025-09-08 09:55:44,494 - INFO - 1 data di 'queue' berhasil diupdate.
2025-09-08 09:57:39,512 - INFO - 1 data di 'queue' berhasil diupdate.
2025-09-08 09:59:34,530 - INFO - 1 data di 'queue' berhasil diupdate.
2025-09-08 10:01:29,546 - INFO - 1 data di 'queue' berhasil diupdate.
2025-09-08 10:03:24,551 - INFO - 1 data di 'queue' berhasil diupdate.
2025-09-08 10:05:19,554 - INFO - 1 data di 'queue' berhasil diupdate.
2025-09-08 10:07:14,558 - INFO - 1 data di 'queue' berhasil diupdate.
2025-09-08 10:09:09,570 - INFO - 1 data di 'queue' berhasil diupdate.
2025-09-08 10:11:04,576 - INFO - 1 data di 'queue' berhasil diupdate.
2025-09-08 10:12:59,591 - INFO - 1 data di 'queue' berhasil diupdate.
2025-09-08 10:14:54,599 - INFO - 1 data di 'queue' berhasil diupdate.
2025-09-08 10:16:49,603 - INFO - 1 data di 'queue' berhasil diupdate.
2025-09-08 10:18:44,610 - INFO - 1 data di 'queue' berhasil diupdate.
2025-09-08 10:20:39,614 - INFO - 1 data di 'queue' berhasil diupdate.
2025-09-08 10:22:34,630 - INFO - 1 data di 'queue' berhasil diupdate.
2025-09-08 10:24:29,638 - INFO - 1 data di 'queue' berhasil diupdate.
2025-09-08 10:26:24,644 - INFO - 1 data di 'queue' berhasil diupdate.
2025-09-08 10:28:19,655 - INFO - 1 data di 'queue' berhasil diupdate.
2025-09-08 10:30:14,658 - INFO - 1 data di 'queue' berhasil diupdate.
2025-09-08 10:32:09,674 - INFO - 1 data di 'queue' berhasil diupdate.
2025-09-08 10:34:04,677 - INFO - 1 data di 'queue' berhasil diupdate.
2025-09-08 10:35:59,690 - INFO - 1 data di 'queue' berhasil diupdate.
2025-09-08 10:37:54,699 - INFO - 1 data di 'queue' berhasil diupdate.
2025-09-08 10:39:49,703 - INFO - 1 data di 'queue' berhasil diupdate.
2025-09-08 10:41:44,719 - INFO - 1 data di 'queue' berhasil diupdate.
2025-09-08 10:43:39,732 - INFO - 1 data di 'queue' berhasil diupdate.
2025-09-08 10:45:34,737 - INFO - 1 data di 'queue' berhasil diupdate.
2025-09-08 10:47:29,748 - INFO - 1 data di 'queue' berhasil diupdate.
2025-09-08 10:49:24,754 - INFO - 1 data di 'queue' berhasil diupdate.
2025-09-08 10:51:19,771 - INFO - 1 data di 'queue' berhasil diupdate.
2025-09-08 10:53:14,774 - INFO - 1 data di 'queue' berhasil diupdate.
2025-09-08 10:55:09,790 - INFO - 1 data di 'queue' berhasil diupdate.
2025-09-08 10:57:04,802 - INFO - 1 data di 'queue' berhasil diupdate.
2025-09-08 10:58:59,811 - INFO - 1 data di 'queue' berhasil diupdate.
2025-09-08 11:00:54,823 - INFO - 1 data di 'queue' berhasil diupdate.
2025-09-08 11:02:49,840 - INFO - 1 data di 'queue' berhasil diupdate.
2025-09-08 11:04:44,844 - INFO - 1 data di 'queue' berhasil diupdate.
2025-09-08 11:06:39,859 - INFO - 1 data di 'queue' berhasil diupdate.
2025-09-08 11:08:34,870 - INFO - 1 data di 'queue' berhasil diupdate.
2025-09-08 11:10:29,883 - INFO - 1 data di 'queue' berhasil diupdate.
2025-09-08 11:12:24,897 - INFO - 1 data di 'queue' berhasil diupdate.
2025-09-08 11:14:19,904 - INFO - 1 data di 'queue' berhasil diupdate.
2025-09-08 11:16:14,917 - INFO - 1 data di 'queue' berhasil diupdate.
2025-09-08 11:18:09,922 - INFO - 1 data di 'queue' berhasil diupdate.
2025-09-08 11:20:04,937 - INFO - 1 data di 'queue' berhasil diupdate.
2025-09-08 11:21:59,952 - INFO - 1 data di 'queue' berhasil diupdate.
2025-09-08 11:23:54,965 - INFO - 1 data di 'queue' berhasil diupdate.
2025-09-08 11:25:49,976 - INFO - 1 data di 'queue' berhasil diupdate.
2025-09-08 11:27:44,984 - INFO - 1 data di 'queue' berhasil diupdate.
2025-09-08 11:29:39,996 - INFO - 1 data di 'queue' berhasil diupdate.
2025-09-08 11:31:35,008 - INFO - 1 data di 'queue' berhasil diupdate.
2025-09-08 11:33:30,022 - INFO - 1 data di 'queue' berhasil diupdate.
2025-09-08 11:35:25,026 - INFO - 1 data di 'queue' berhasil diupdate.
2025-09-08 11:37:20,043 - INFO - 1 data di 'queue' berhasil diupdate.
2025-09-08 11:39:15,054 - INFO - 1 data di 'queue' berhasil diupdate.
2025-09-08 11:41:10,062 - INFO - 1 data di 'queue' berhasil diupdate.
2025-09-08 11:43:05,073 - INFO - 1 data di 'queue' berhasil diupdate.
2025-09-08 11:45:00,090 - INFO - 1 data di 'queue' berhasil diupdate.
2025-09-08 11:46:55,094 - INFO - 1 data di 'queue' berhasil diupdate.
2025-09-08 11:48:50,098 - INFO - 1 data di 'queue' berhasil diupdate.
2025-09-08 11:50:45,101 - INFO - 1 data di 'queue' berhasil diupdate.
2025-09-08 11:52:40,115 - INFO - 1 data di 'queue' berhasil diupdate.
2025-09-08 11:54:35,117 - INFO - 1 data di 'queue' berhasil diupdate.
2025-09-08 11:56:30,121 - INFO - 1 data di 'queue' berhasil diupdate.
2025-09-08 11:58:25,131 - INFO - 1 data di 'queue' berhasil diupdate.
2025-09-08 12:00:20,148 - INFO - 1 data di 'queue' berhasil diupdate.
2025-09-08 12:02:15,156 - INFO - 1 data di 'queue' berhasil diupdate.
2025-09-08 12:04:10,158 - INFO - 1 data di 'queue' berhasil diupdate.
2025-09-08 12:06:05,173 - INFO - 1 data di 'queue' berhasil diupdate.
2025-09-08 12:08:00,181 - INFO - 1 data di 'queue' berhasil diupdate.
2025-09-08 12:09:55,190 - INFO - 1 data di 'queue' berhasil diupdate.
2025-09-08 12:11:50,197 - INFO - 1 data di 'queue' berhasil diupdate.
2025-09-08 12:13:45,213 - INFO - 1 data di 'queue' berhasil diupdate.
2025-09-08 12:15:40,223 - INFO - 1 data di 'queue' berhasil diupdate.
2025-09-08 12:17:35,241 - INFO - 1 data di 'queue' berhasil diupdate.
2025-09-08 12:19:30,256 - INFO - 1 data di 'queue' berhasil diupdate.
2025-09-08 12:21:25,261 - INFO - 1 data di 'queue' berhasil diupdate.
2025-09-08 12:23:20,274 - INFO - 1 data di 'queue' berhasil diupdate.
2025-09-08 12:25:15,286 - INFO - 1 data di 'queue' berhasil diupdate.
2025-09-08 12:27:10,292 - INFO - 1 data di 'queue' berhasil diupdate.
2025-09-08 12:29:05,306 - INFO - 1 data di 'queue' berhasil diupdate.
2025-09-08 12:31:00,311 - INFO - 1 data di 'queue' berhasil diupdate.
2025-09-08 12:32:55,327 - INFO - 1 data di 'queue' berhasil diupdate.
2025-09-08 12:34:50,344 - INFO - 1 data di 'queue' berhasil diupdate.
2025-09-08 12:36:45,357 - INFO - 1 data di 'queue' berhasil diupdate.
2025-09-08 12:38:40,363 - INFO - 1 data di 'queue' berhasil diupdate.
2025-09-08 12:40:35,379 - INFO - 1 data di 'queue' berhasil diupdate.
2025-09-08 12:42:30,387 - INFO - 1 data di 'queue' berhasil diupdate.
2025-09-08 12:44:25,390 - INFO - 1 data di 'queue' berhasil diupdate.
2025-09-08 12:46:20,397 - INFO - 1 data di 'queue' berhasil diupdate.
2025-09-08 12:48:15,403 - INFO - 1 data di 'queue' berhasil diupdate.
2025-09-08 12:50:10,408 - INFO - 1 data di 'queue' berhasil diupdate.
2025-09-08 12:52:05,424 - INFO - 1 data di 'queue' berhasil diupdate.
2025-09-08 12:54:00,430 - INFO - 1 data di 'queue' berhasil diupdate.
2025-09-08 12:55:55,440 - INFO - 1 data di 'queue' berhasil diupdate.
2025-09-08 12:57:50,453 - INFO - 1 data di 'queue' berhasil diupdate.
2025-09-08 12:59:45,461 - INFO - 1 data di 'queue' berhasil diupdate.
2025-09-08 13:01:40,472 - INFO - 1 data di 'queue' berhasil diupdate.
2025-09-08 13:03:35,487 - INFO - 1 data di 'queue' berhasil diupdate.
2025-09-08 13:05:30,503 - INFO - 1 data di 'queue' berhasil diupdate.
2025-09-08 13:07:25,512 - INFO - 1 data di 'queue' berhasil diupdate.
2025-09-08 13:09:20,526 - INFO - 1 data di 'queue' berhasil diupdate.
2025-09-08 13:11:15,529 - INFO - 1 data di 'queue' berhasil diupdate.
2025-09-08 13:13:10,540 - INFO - 1 data di 'queue' berhasil diupdate.
2025-09-08 13:15:05,553 - INFO - 1 data di 'queue' berhasil diupdate.
2025-09-08 13:17:00,565 - INFO - 1 data di 'queue' berhasil diupdate.
2025-09-08 13:18:55,577 - INFO - 1 data di 'queue' berhasil diupdate.
2025-09-08 13:20:50,584 - INFO - 1 data di 'queue' berhasil diupdate.
2025-09-08 13:22:45,589 - INFO - 1 data di 'queue' berhasil diupdate.
2025-09-08 13:24:40,594 - INFO - 1 data di 'queue' berhasil diupdate.
2025-09-08 13:26:35,599 - INFO - 1 data di 'queue' berhasil diupdate.
2025-09-08 13:28:30,616 - INFO - 1 data di 'queue' berhasil diupdate.
2025-09-08 13:30:25,629 - INFO - 1 data di 'queue' berhasil diupdate.
2025-09-08 13:32:20,646 - INFO - 1 data di 'queue' berhasil diupdate.
2025-09-08 13:34:15,662 - INFO - 1 data di 'queue' berhasil diupdate.
2025-09-08 13:36:10,672 - INFO - 1 data di 'queue' berhasil diupdate.
2025-09-08 13:38:05,680 - INFO - 1 data di 'queue' berhasil diupdate.
2025-09-08 13:40:00,693 - INFO - 1 data di 'queue' berhasil diupdate.
2025-09-08 13:41:55,700 - INFO - 1 data di 'queue' berhasil diupdate.
2025-09-08 13:43:50,714 - INFO - 1 data di 'queue' berhasil diupdate.
2025-09-08 13:45:45,722 - INFO - 1 data di 'queue' berhasil diupdate.
2025-09-08 13:47:40,733 - INFO - 1 data di 'queue' berhasil diupdate.
2025-09-08 13:49:35,743 - INFO - 1 data di 'queue' berhasil diupdate.
2025-09-08 13:51:30,750 - INFO - 1 data di 'queue' berhasil diupdate.
2025-09-08 13:53:25,764 - INFO - 1 data di 'queue' berhasil diupdate.
2025-09-08 13:55:20,771 - INFO - 1 data di 'queue' berhasil diupdate.
2025-09-08 13:57:15,780 - INFO - 1 data di 'queue' berhasil diupdate.
2025-09-08 13:59:10,783 - INFO - 1 data di 'queue' berhasil diupdate.
2025-09-08 14:01:05,790 - INFO - 1 data di 'queue' berhasil diupdate.
2025-09-08 14:03:00,798 - INFO - 1 data di 'queue' berhasil diupdate.
2025-09-08 14:04:55,803 - INFO - 1 data di 'queue' berhasil diupdate.
2025-09-08 14:06:50,810 - INFO - 1 data di 'queue' berhasil diupdate.
2025-09-08 14:08:45,826 - INFO - 1 data di 'queue' berhasil diupdate.
2025-09-08 14:10:40,829 - INFO - 1 data di 'queue' berhasil diupdate.
2025-09-08 14:12:35,839 - INFO - 1 data di 'queue' berhasil diupdate.
2025-09-08 14:14:30,855 - INFO - 1 data di 'queue' berhasil diupdate.
2025-09-08 14:16:25,868 - INFO - 1 data di 'queue' berhasil diupdate.
2025-09-08 14:18:20,874 - INFO - 1 data di 'queue' berhasil diupdate.
2025-09-08 14:20:15,885 - INFO - 1 data di 'queue' berhasil diupdate.
2025-09-08 14:22:10,891 - INFO - 1 data di 'queue' berhasil diupdate.
2025-09-08 14:24:05,903 - INFO - 1 data di 'queue' berhasil diupdate.
2025-09-08 14:26:00,910 - INFO - 1 data di 'queue' berhasil diupdate.
2025-09-08 14:27:55,923 - INFO - 1 data di 'queue' berhasil diupdate.
2025-09-08 14:29:50,937 - INFO - 1 data di 'queue' berhasil diupdate.
2025-09-08 14:31:45,952 - INFO - 1 data di 'queue' berhasil diupdate.
2025-09-08 14:33:40,968 - INFO - 1 data di 'queue' berhasil diupdate.
2025-09-08 14:35:35,978 - INFO - 1 data di 'queue' berhasil diupdate.
2025-09-08 14:37:30,993 - INFO - 1 data di 'queue' berhasil diupdate.
2025-09-08 14:39:25,999 - INFO - 1 data di 'queue' berhasil diupdate.
2025-09-08 14:41:21,010 - INFO - 1 data di 'queue' berhasil diupdate.
2025-09-08 14:43:16,024 - INFO - 1 data di 'queue' berhasil diupdate.
2025-09-08 14:45:11,027 - INFO - 1 data di 'queue' berhasil diupdate.
2025-09-08 14:47:06,039 - INFO - 1 data di 'queue' berhasil diupdate.
2025-09-08 14:49:01,052 - INFO - 1 data di 'queue' berhasil diupdate.
2025-09-08 14:50:56,069 - INFO - 1 data di 'queue' berhasil diupdate.
2025-09-08 14:52:51,081 - INFO - 1 data di 'queue' berhasil diupdate.
2025-09-08 14:54:46,097 - INFO - 1 data di 'queue' berhasil diupdate.
2025-09-08 14:56:41,107 - INFO - 1 data di 'queue' berhasil diupdate.
2025-09-08 14:58:36,112 - INFO - 1 data di 'queue' berhasil diupdate.
2025-09-08 15:00:31,128 - INFO - 1 data di 'queue' berhasil diupdate.
2025-09-08 15:02:26,134 - INFO - 1 data di 'queue' berhasil diupdate.
2025-09-08 15:04:21,138 - INFO - 1 data di 'queue' berhasil diupdate.
2025-09-08 15:06:16,143 - INFO - 1 data di 'queue' berhasil diupdate.
2025-09-08 15:08:11,156 - INFO - 1 data di 'queue' berhasil diupdate.
2025-09-08 15:10:06,172 - INFO - 1 data di 'queue' berhasil diupdate.
2025-09-08 15:12:01,177 - INFO - 1 data di 'queue' berhasil diupdate.
2025-09-08 15:13:56,191 - INFO - 1 data di 'queue' berhasil diupdate.
2025-09-08 15:15:51,202 - INFO - 1 data di 'queue' berhasil diupdate.
2025-09-08 15:17:46,212 - INFO - 1 data di 'queue' berhasil diupdate.
2025-09-08 15:19:41,222 - INFO - 1 data di 'queue' berhasil diupdate.
2025-09-08 15:21:36,239 - INFO - 1 data di 'queue' berhasil diupdate.
2025-09-08 15:23:31,256 - INFO - 1 data di 'queue' berhasil diupdate.
2025-09-08 15:25:26,268 - INFO - 1 data di 'queue' berhasil diupdate.
2025-09-08 15:27:21,277 - INFO - 1 data di 'queue' berhasil diupdate.
2025-09-08 15:29:16,285 - INFO - 1 data di 'queue' berhasil diupdate.
2025-09-08 15:31:11,304 - INFO - 1 data di 'queue' berhasil diupdate.
2025-09-08 15:33:06,315 - INFO - 1 data di 'queue' berhasil diupdate.
2025-09-08 15:35:01,326 - INFO - 1 data di 'queue' berhasil diupdate.
2025-09-08 15:36:56,339 - INFO - 1 data di 'queue' berhasil diupdate.
2025-09-08 15:38:51,349 - INFO - 1 data di 'queue' berhasil diupdate.
2025-09-08 15:40:46,355 - INFO - 1 data di 'queue' berhasil diupdate.
2025-09-08 15:42:41,369 - INFO - 1 data di 'queue' berhasil diupdate.
2025-09-08 15:44:36,375 - INFO - 1 data di 'queue' berhasil diupdate.
2025-09-08 15:46:31,386 - INFO - 1 data di 'queue' berhasil diupdate.
2025-09-08 15:48:26,392 - INFO - 1 data di 'queue' berhasil diupdate.
2025-09-08 15:50:21,403 - INFO - 1 data di 'queue' berhasil diupdate.
2025-09-08 15:52:16,413 - INFO - 1 data di 'queue' berhasil diupdate.
2025-09-08 15:54:11,424 - INFO - 1 data di 'queue' berhasil diupdate.
2025-09-08 15:56:06,442 - INFO - 1 data di 'queue' berhasil diupdate.
2025-09-08 15:58:01,458 - INFO - 1 data di 'queue' berhasil diupdate.
2025-09-08 15:59:56,475 - INFO - 1 data di 'queue' berhasil diupdate.
2025-09-08 16:01:51,482 - INFO - 1 data di 'queue' berhasil diupdate.
2025-09-08 16:03:46,494 - INFO - 1 data di 'queue' berhasil diupdate.
2025-09-08 16:05:41,502 - INFO - 1 data di 'queue' berhasil diupdate.
2025-09-08 16:07:36,511 - INFO - 1 data di 'queue' berhasil diupdate.
2025-09-08 16:09:31,517 - INFO - 1 data di 'queue' berhasil diupdate.
2025-09-08 16:11:26,532 - INFO - 1 data di 'queue' berhasil diupdate.
2025-09-08 16:13:21,542 - INFO - 1 data di 'queue' berhasil diupdate.
2025-09-08 16:15:16,550 - INFO - 1 data di 'queue' berhasil diupdate.
2025-09-08 16:17:11,554 - INFO - 1 data di 'queue' berhasil diupdate.
2025-09-08 16:19:06,558 - INFO - 1 data di 'queue' berhasil diupdate.
2025-09-08 16:21:01,574 - INFO - 1 data di 'queue' berhasil diupdate.
2025-09-08 16:22:56,590 - INFO - 1 data di 'queue' berhasil diupdate.
2025-09-08 16:24:51,597 - INFO - 1 data di 'queue' berhasil diupdate.
2025-09-08 16:26:46,604 - INFO - 1 data di 'queue' berhasil diupdate.
2025-09-08 16:28:41,609 - INFO - 1 data di 'queue' berhasil diupdate.
2025-09-08 16:30:36,620 - INFO - 1 data di 'queue' berhasil diupdate.
2025-09-08 16:32:31,626 - INFO - 1 data di 'queue' berhasil diupdate.
2025-09-08 16:34:26,633 - INFO - 1 data di 'queue' berhasil diupdate.
2025-09-08 16:36:21,645 - INFO - 1 data di 'queue' berhasil diupdate.
2025-09-08 16:38:16,651 - INFO - 1 data di 'queue' berhasil diupdate.
2025-09-08 16:40:11,663 - INFO - 1 data di 'queue' berhasil diupdate.
2025-09-08 16:42:06,669 - INFO - 1 data di 'queue' berhasil diupdate.
2025-09-08 16:44:01,682 - INFO - 1 data di 'queue' berhasil diupdate.
2025-09-08 16:45:56,695 - INFO - 1 data di 'queue' berhasil diupdate.
2025-09-08 16:47:51,702 - INFO - 1 data di 'queue' berhasil diupdate.
2025-09-08 16:49:46,718 - INFO - 1 data di 'queue' berhasil diupdate.
2025-09-08 16:51:41,726 - INFO - 1 data di 'queue' berhasil diupdate.
2025-09-08 16:53:36,739 - INFO - 1 data di 'queue' berhasil diupdate.
2025-09-08 16:55:31,754 - INFO - 1 data di 'queue' berhasil diupdate.
2025-09-08 16:57:26,763 - INFO - 1 data di 'queue' berhasil diupdate.
2025-09-08 16:59:21,771 - INFO - 1 data di 'queue' berhasil diupdate.
2025-09-08 17:01:16,784 - INFO - 1 data di 'queue' berhasil diupdate.
2025-09-08 17:03:11,792 - INFO - 1 data di 'queue' berhasil diupdate.
2025-09-08 17:05:06,805 - INFO - 1 data di 'queue' berhasil diupdate.
2025-09-08 17:07:01,815 - INFO - 1 data di 'queue' berhasil diupdate.
2025-09-08 17:08:56,828 - INFO - 1 data di 'queue' berhasil diupdate.
2025-09-08 17:10:51,831 - INFO - 1 data di 'queue' berhasil diupdate.
2025-09-08 17:12:46,836 - INFO - 1 data di 'queue' berhasil diupdate.
2025-09-08 17:14:41,847 - INFO - 1 data di 'queue' berhasil diupdate.
2025-09-08 17:16:36,863 - INFO - 1 data di 'queue' berhasil diupdate.
2025-09-08 17:18:31,870 - INFO - 1 data di 'queue' berhasil diupdate.
2025-09-08 17:20:26,887 - INFO - 1 data di 'queue' berhasil diupdate.
2025-09-08 17:22:21,898 - INFO - 1 data di 'queue' berhasil diupdate.
2025-09-08 17:24:16,910 - INFO - 1 data di 'queue' berhasil diupdate.
2025-09-08 17:26:11,926 - INFO - 1 data di 'queue' berhasil diupdate.
2025-09-08 17:28:06,935 - INFO - 1 data di 'queue' berhasil diupdate.
2025-09-08 17:30:01,939 - INFO - 1 data di 'queue' berhasil diupdate.
2025-09-08 17:31:56,942 - INFO - 1 data di 'queue' berhasil diupdate.
2025-09-08 17:33:51,951 - INFO - 1 data di 'queue' berhasil diupdate.
2025-09-08 17:35:46,954 - INFO - 1 data di 'queue' berhasil diupdate.
2025-09-08 17:37:41,968 - INFO - 1 data di 'queue' berhasil diupdate.
2025-09-08 17:39:36,980 - INFO - 1 data di 'queue' berhasil diupdate.
2025-09-08 17:41:31,986 - INFO - 1 data di 'queue' berhasil diupdate.
2025-09-08 17:43:27,004 - INFO - 1 data di 'queue' berhasil diupdate.
2025-09-08 17:45:22,018 - INFO - 1 data di 'queue' berhasil diupdate.
2025-09-08 17:47:17,030 - INFO - 1 data di 'queue' berhasil diupdate.
2025-09-08 17:49:12,037 - INFO - 1 data di 'queue' berhasil diupdate.
2025-09-08 17:51:07,049 - INFO - 1 data di 'queue' berhasil diupdate.
2025-09-08 17:53:02,055 - INFO - 1 data di 'queue' berhasil diupdate.
2025-09-08 17:54:57,067 - INFO - 1 data di 'queue' berhasil diupdate.
2025-09-08 17:56:52,071 - INFO - 1 data di 'queue' berhasil diupdate.
2025-09-08 17:58:47,087 - INFO - 1 data di 'queue' berhasil diupdate.
2025-09-08 18:00:42,091 - INFO - 1 data di 'queue' berhasil diupdate.
2025-09-08 18:02:37,097 - INFO - 1 data di 'queue' berhasil diupdate.
2025-09-08 18:04:32,103 - INFO - 1 data di 'queue' berhasil diupdate.
2025-09-08 18:06:27,113 - INFO - 1 data di 'queue' berhasil diupdate.
2025-09-08 18:08:22,127 - INFO - 1 data di 'queue' berhasil diupdate.
2025-09-08 18:10:17,133 - INFO - 1 data di 'queue' berhasil diupdate.
2025-09-08 18:12:12,138 - INFO - 1 data di 'queue' berhasil diupdate.
2025-09-08 18:14:07,150 - INFO - 1 data di 'queue' berhasil diupdate.
2025-09-08 18:16:02,153 - INFO - 1 data di 'queue' berhasil diupdate.
2025-09-08 18:17:57,162 - INFO - 1 data di 'queue' berhasil diupdate.
2025-09-08 18:19:52,168 - INFO - 1 data di 'queue' berhasil diupdate.
2025-09-08 18:21:47,184 - INFO - 1 data di 'queue' berhasil diupdate.
2025-09-08 18:23:42,195 - INFO - 1 data di 'queue' berhasil diupdate.
2025-09-08 18:25:37,200 - INFO - 1 data di 'queue' berhasil diupdate.
2025-09-08 18:27:32,210 - INFO - 1 data di 'queue' berhasil diupdate.
2025-09-08 18:29:27,219 - INFO - 1 data di 'queue' berhasil diupdate.
2025-09-08 18:31:22,232 - INFO - 1 data di 'queue' berhasil diupdate.
2025-09-08 18:33:17,245 - INFO - 1 data di 'queue' berhasil diupdate.
2025-09-08 18:35:12,261 - INFO - 1 data di 'queue' berhasil diupdate.
2025-09-08 18:37:07,268 - INFO - 1 data di 'queue' berhasil diupdate.
2025-09-08 18:39:02,271 - INFO - 1 data di 'queue' berhasil diupdate.
2025-09-08 18:40:57,281 - INFO - 1 data di 'queue' berhasil diupdate.
2025-09-08 18:42:52,293 - INFO - 1 data di 'queue' berhasil diupdate.
2025-09-08 18:44:47,299 - INFO - 1 data di 'queue' berhasil diupdate.
2025-09-08 18:46:42,305 - INFO - 1 data di 'queue' berhasil diupdate.
2025-09-08 18:48:37,311 - INFO - 1 data di 'queue' berhasil diupdate.
2025-09-08 18:50:32,327 - INFO - 1 data di 'queue' berhasil diupdate.
2025-09-08 18:52:27,332 - INFO - 1 data di 'queue' berhasil diupdate.
2025-09-08 18:54:22,346 - INFO - 1 data di 'queue' berhasil diupdate.
2025-09-08 18:56:17,360 - INFO - 1 data di 'queue' berhasil diupdate.
2025-09-08 18:58:12,363 - INFO - 1 data di 'queue' berhasil diupdate.
2025-09-08 19:00:07,371 - INFO - 1 data di 'queue' berhasil diupdate.
2025-09-08 19:02:02,377 - INFO - 1 data di 'queue' berhasil diupdate.
2025-09-08 19:03:57,384 - INFO - 1 data di 'queue' berhasil diupdate.
2025-09-08 19:05:52,396 - INFO - 1 data di 'queue' berhasil diupdate.
2025-09-08 19:07:47,410 - INFO - 1 data di 'queue' berhasil diupdate.
2025-09-08 19:09:42,423 - INFO - 1 data di 'queue' berhasil diupdate.
2025-09-08 19:11:37,435 - INFO - 1 data di 'queue' berhasil diupdate.
2025-09-08 19:13:32,442 - INFO - 1 data di 'queue' berhasil diupdate.
2025-09-08 19:15:27,446 - INFO - 1 data di 'queue' berhasil diupdate.
2025-09-08 19:17:22,454 - INFO - 1 data di 'queue' berhasil diupdate.
2025-09-08 19:19:17,458 - INFO - 1 data di 'queue' berhasil diupdate.
2025-09-08 19:21:12,463 - INFO - 1 data di 'queue' berhasil diupdate.
2025-09-08 19:23:07,467 - INFO - 1 data di 'queue' berhasil diupdate.
2025-09-08 19:25:02,477 - INFO - 1 data di 'queue' berhasil diupdate.
2025-09-08 19:26:57,489 - INFO - 1 data di 'queue' berhasil diupdate.
2025-09-08 19:28:52,497 - INFO - 1 data di 'queue' berhasil diupdate.
2025-09-08 19:30:47,500 - INFO - 1 data di 'queue' berhasil diupdate.
2025-09-08 19:32:42,508 - INFO - 1 data di 'queue' berhasil diupdate.
2025-09-08 19:34:37,511 - INFO - 1 data di 'queue' berhasil diupdate.
2025-09-08 19:36:32,515 - INFO - 1 data di 'queue' berhasil diupdate.
2025-09-08 19:38:27,519 - INFO - 1 data di 'queue' berhasil diupdate.
2025-09-08 19:40:22,527 - INFO - 1 data di 'queue' berhasil diupdate.
2025-09-08 19:42:17,541 - INFO - 1 data di 'queue' berhasil diupdate.
2025-09-08 19:44:12,550 - INFO - 1 data di 'queue' berhasil diupdate.
2025-09-08 19:46:07,554 - INFO - 1 data di 'queue' berhasil diupdate.
2025-09-08 19:48:02,565 - INFO - 1 data di 'queue' berhasil diupdate.
2025-09-08 19:49:57,579 - INFO - 1 data di 'queue' berhasil diupdate.
2025-09-08 19:51:52,596 - INFO - 1 data di 'queue' berhasil diupdate.
2025-09-08 19:53:47,612 - INFO - 1 data di 'queue' berhasil diupdate.
2025-09-08 19:55:42,618 - INFO - 1 data di 'queue' berhasil diupdate.
2025-09-08 19:57:37,626 - INFO - 1 data di 'queue' berhasil diupdate.
2025-09-08 19:59:32,631 - INFO - 1 data di 'queue' berhasil diupdate.
2025-09-08 20:01:27,640 - INFO - 1 data di 'queue' berhasil diupdate.
2025-09-08 20:03:22,648 - INFO - 1 data di 'queue' berhasil diupdate.
2025-09-08 20:05:17,657 - INFO - 1 data di 'queue' berhasil diupdate.
2025-09-08 20:07:12,674 - INFO - 1 data di 'queue' berhasil diupdate.
2025-09-08 20:09:07,680 - INFO - 1 data di 'queue' berhasil diupdate.
2025-09-08 20:11:02,688 - INFO - 1 data di 'queue' berhasil diupdate.
2025-09-08 20:12:57,704 - INFO - 1 data di 'queue' berhasil diupdate.
2025-09-08 20:14:52,706 - INFO - 1 data di 'queue' berhasil diupdate.
2025-09-08 20:16:47,714 - INFO - 1 data di 'queue' berhasil diupdate.
2025-09-08 20:18:42,730 - INFO - 1 data di 'queue' berhasil diupdate.
2025-09-08 20:20:37,738 - INFO - 1 data di 'queue' berhasil diupdate.
2025-09-08 20:22:32,741 - INFO - 1 data di 'queue' berhasil diupdate.
2025-09-08 20:24:27,757 - INFO - 1 data di 'queue' berhasil diupdate.
2025-09-08 20:26:22,773 - INFO - 1 data di 'queue' berhasil diupdate.
2025-09-08 20:28:17,784 - INFO - 1 data di 'queue' berhasil diupdate.
2025-09-08 20:30:12,794 - INFO - 1 data di 'queue' berhasil diupdate.
2025-09-08 20:32:07,799 - INFO - 1 data di 'queue' berhasil diupdate.
2025-09-08 20:34:02,815 - INFO - 1 data di 'queue' berhasil diupdate.
2025-09-08 20:35:57,818 - INFO - 1 data di 'queue' berhasil diupdate.
2025-09-08 20:37:52,832 - INFO - 1 data di 'queue' berhasil diupdate.
2025-09-08 20:39:47,842 - INFO - 1 data di 'queue' berhasil diupdate.
2025-09-08 20:41:42,855 - INFO - 1 data di 'queue' berhasil diupdate.
2025-09-08 20:43:37,860 - INFO - 1 data di 'queue' berhasil diupdate.
2025-09-08 20:45:32,870 - INFO - 1 data di 'queue' berhasil diupdate.
2025-09-08 20:47:27,878 - INFO - 1 data di 'queue' berhasil diupdate.
2025-09-08 20:49:22,891 - INFO - 1 data di 'queue' berhasil diupdate.
2025-09-08 20:51:17,899 - INFO - 1 data di 'queue' berhasil diupdate.
2025-09-08 20:53:12,906 - INFO - 1 data di 'queue' berhasil diupdate.
2025-09-08 20:55:07,911 - INFO - 1 data di 'queue' berhasil diupdate.
2025-09-08 20:55:15,575 - INFO - TTS Play: Ini adalah bunyi dari test suara TTS (status: mqtt)
2025-09-08 20:55:15,575 - INFO - Play : Ini adalah bunyi dari test suara TTS
2025-09-08 20:55:21,654 - INFO - Done : Ini adalah bunyi dari test suara TTS
2025-09-08 20:55:24,474 - INFO - TTS Play: Test 0 (status: mqtt)
2025-09-08 20:55:24,474 - INFO - Play : Test 0
2025-09-08 20:55:27,923 - INFO - Done : Test 0
2025-09-08 20:55:30,174 - INFO - TTS Play: Test 1 (status: mqtt)
2025-09-08 20:55:30,174 - INFO - Play : Test 1
2025-09-08 20:55:33,777 - INFO - Done : Test 1
2025-09-08 20:55:33,796 - INFO - TTS Play: Test 2 (status: mqtt)
2025-09-08 20:55:33,800 - INFO - Play : Test 2
2025-09-08 20:55:37,279 - INFO - Done : Test 2
2025-09-08 20:55:37,296 - INFO - TTS Play: Test 3 (status: mqtt)
2025-09-08 20:55:37,299 - INFO - Play : Test 3
2025-09-08 20:55:40,779 - INFO - Done : Test 3
2025-09-08 20:55:40,800 - INFO - TTS Play: Test 4 (status: mqtt)
2025-09-08 20:55:40,803 - INFO - Play : Test 4
2025-09-08 20:55:44,386 - INFO - Done : Test 4
2025-09-08 20:55:50,401 - INFO - Lamp ON (status: mqtt)
2025-09-08 20:55:51,807 - INFO - Lamp OFF (status: mqtt)
2025-09-08 20:55:54,600 - INFO - TTS Play: Test 0 (status: mqtt)
2025-09-08 20:55:54,601 - INFO - Play : Test 0
2025-09-08 20:55:58,086 - INFO - Done : Test 0
2025-09-08 20:55:58,108 - INFO - TTS Play: Test 1 (status: mqtt)
2025-09-08 20:55:58,112 - INFO - Play : Test 1
2025-09-08 20:56:01,715 - INFO - Done : Test 1
2025-09-08 20:56:01,739 - INFO - TTS Play: Test 2 (status: mqtt)
2025-09-08 20:56:01,745 - INFO - Play : Test 2
2025-09-08 20:56:05,226 - INFO - Done : Test 2
2025-09-08 20:56:05,246 - INFO - TTS Play: Test 3 (status: mqtt)
2025-09-08 20:56:05,249 - INFO - Play : Test 3
2025-09-08 20:56:08,723 - INFO - Done : Test 3
2025-09-08 20:56:08,745 - INFO - TTS Play: Test 4 (status: mqtt)
2025-09-08 20:56:08,747 - INFO - Play : Test 4
2025-09-08 20:56:12,340 - INFO - Done : Test 4
2025-09-08 20:56:16,616 - INFO - Alarm Play: alarm1 (status: mqtt)
2025-09-08 20:56:16,617 - INFO - Play : /home/vas1/VAS/Control/assets/alarm/alarm1.mp3
2025-09-08 20:56:27,713 - INFO - Done : /home/vas1/VAS/Control/assets/alarm/alarm1.mp3
2025-09-08 20:56:27,731 - INFO - Alarm Play: alarm1 (status: mqtt)
2025-09-08 20:56:27,736 - INFO - Play : /home/vas1/VAS/Control/assets/alarm/alarm1.mp3
2025-09-08 20:56:38,803 - INFO - Done : /home/vas1/VAS/Control/assets/alarm/alarm1.mp3
2025-09-08 20:56:38,823 - INFO - Alarm Play: alarm1 (status: mqtt)
2025-09-08 20:56:38,827 - INFO - Play : /home/vas1/VAS/Control/assets/alarm/alarm1.mp3
2025-09-08 20:56:49,897 - INFO - Done : /home/vas1/VAS/Control/assets/alarm/alarm1.mp3
2025-09-08 20:56:49,913 - INFO - Alarm Play: alarm1 (status: mqtt)
2025-09-08 20:56:49,918 - INFO - Play : /home/vas1/VAS/Control/assets/alarm/alarm1.mp3
2025-09-08 20:57:00,989 - INFO - Done : /home/vas1/VAS/Control/assets/alarm/alarm1.mp3
2025-09-08 20:57:01,013 - INFO - Alarm Play: alarm1 (status: mqtt)
2025-09-08 20:57:01,016 - INFO - Play : /home/vas1/VAS/Control/assets/alarm/alarm1.mp3
2025-09-08 20:57:12,072 - INFO - Done : /home/vas1/VAS/Control/assets/alarm/alarm1.mp3
2025-09-08 20:57:12,089 - INFO - Alarm Play: alarm1 (status: mqtt)
2025-09-08 20:57:12,092 - INFO - 1 data di 'queue' berhasil diupdate.
2025-09-08 20:57:12,096 - INFO - Play : /home/vas1/VAS/Control/assets/alarm/alarm1.mp3
2025-09-08 20:57:23,173 - INFO - Done : /home/vas1/VAS/Control/assets/alarm/alarm1.mp3
2025-09-08 20:57:23,189 - INFO - Alarm Play: alarm1 (status: mqtt)
2025-09-08 20:57:23,192 - INFO - Play : /home/vas1/VAS/Control/assets/alarm/alarm1.mp3
2025-09-08 20:57:34,263 - INFO - Done : /home/vas1/VAS/Control/assets/alarm/alarm1.mp3
2025-09-08 20:57:34,280 - INFO - Alarm Play: alarm1 (status: mqtt)
2025-09-08 20:57:34,285 - INFO - Play : /home/vas1/VAS/Control/assets/alarm/alarm1.mp3
2025-09-08 20:57:45,351 - INFO - Done : /home/vas1/VAS/Control/assets/alarm/alarm1.mp3
2025-09-08 20:57:45,369 - INFO - Alarm Play: alarm1 (status: mqtt)
2025-09-08 20:57:45,371 - INFO - Play : /home/vas1/VAS/Control/assets/alarm/alarm1.mp3
2025-09-08 20:57:56,449 - INFO - Done : /home/vas1/VAS/Control/assets/alarm/alarm1.mp3
2025-09-08 20:57:56,464 - INFO - Alarm Play: alarm1 (status: mqtt)
2025-09-08 20:57:56,467 - INFO - Play : /home/vas1/VAS/Control/assets/alarm/alarm1.mp3
2025-09-08 20:58:07,539 - INFO - Done : /home/vas1/VAS/Control/assets/alarm/alarm1.mp3
2025-09-08 20:58:07,557 - INFO - Alarm Play: alarm1 (status: mqtt)
2025-09-08 20:58:07,561 - INFO - Play : /home/vas1/VAS/Control/assets/alarm/alarm1.mp3
2025-09-08 20:58:18,640 - INFO - Done : /home/vas1/VAS/Control/assets/alarm/alarm1.mp3
2025-09-08 20:58:18,657 - INFO - Alarm Play: alarm2 (status: mqtt)
2025-09-08 20:58:18,660 - INFO - Play : /home/vas1/VAS/Control/assets/alarm/alarm2.mp3
2025-09-08 20:58:29,770 - INFO - Done : /home/vas1/VAS/Control/assets/alarm/alarm2.mp3
2025-09-08 20:58:35,151 - INFO - Alarm Play: alarm1 (status: mqtt)
2025-09-08 20:58:35,151 - INFO - Play : /home/vas1/VAS/Control/assets/alarm/alarm1.mp3
2025-09-08 20:58:46,245 - INFO - Done : /home/vas1/VAS/Control/assets/alarm/alarm1.mp3
2025-09-08 20:58:46,264 - INFO - Alarm Play: alarm1 (status: mqtt)
2025-09-08 20:58:46,266 - INFO - Play : /home/vas1/VAS/Control/assets/alarm/alarm1.mp3
2025-09-08 20:58:57,343 - INFO - Done : /home/vas1/VAS/Control/assets/alarm/alarm1.mp3
2025-09-08 20:58:57,361 - INFO - Alarm Play: alarm1 (status: mqtt)
2025-09-08 20:58:57,364 - INFO - Play : /home/vas1/VAS/Control/assets/alarm/alarm1.mp3
2025-09-08 20:59:08,431 - INFO - Done : /home/vas1/VAS/Control/assets/alarm/alarm1.mp3
2025-09-08 20:59:08,448 - INFO - Alarm Play: alarm1 (status: mqtt)
2025-09-08 20:59:08,451 - INFO - 1 data di 'queue' berhasil diupdate.
2025-09-08 20:59:08,456 - INFO - Play : /home/vas1/VAS/Control/assets/alarm/alarm1.mp3
2025-09-08 20:59:19,522 - INFO - Done : /home/vas1/VAS/Control/assets/alarm/alarm1.mp3
2025-09-08 20:59:19,538 - INFO - Alarm Play: alarm1 (status: mqtt)
2025-09-08 20:59:19,541 - INFO - Play : /home/vas1/VAS/Control/assets/alarm/alarm1.mp3
2025-09-08 20:59:30,620 - INFO - Done : /home/vas1/VAS/Control/assets/alarm/alarm1.mp3
2025-09-08 20:59:30,638 - INFO - Alarm Play: alarm1 (status: mqtt)
2025-09-08 20:59:30,642 - INFO - Play : /home/vas1/VAS/Control/assets/alarm/alarm1.mp3
2025-09-08 20:59:41,701 - INFO - Done : /home/vas1/VAS/Control/assets/alarm/alarm1.mp3
2025-09-08 20:59:41,717 - INFO - Alarm Play: alarm1 (status: mqtt)
2025-09-08 20:59:41,720 - INFO - Play : /home/vas1/VAS/Control/assets/alarm/alarm1.mp3
2025-09-08 20:59:52,805 - INFO - Done : /home/vas1/VAS/Control/assets/alarm/alarm1.mp3
2025-09-08 20:59:52,824 - INFO - Alarm Play: alarm1 (status: mqtt)
2025-09-08 20:59:52,827 - INFO - Play : /home/vas1/VAS/Control/assets/alarm/alarm1.mp3
2025-09-08 21:00:03,901 - INFO - Done : /home/vas1/VAS/Control/assets/alarm/alarm1.mp3
2025-09-08 21:00:03,918 - INFO - Alarm Play: alarm1 (status: mqtt)
2025-09-08 21:00:03,921 - INFO - Play : /home/vas1/VAS/Control/assets/alarm/alarm1.mp3
2025-09-08 21:00:14,991 - INFO - Done : /home/vas1/VAS/Control/assets/alarm/alarm1.mp3
2025-09-08 21:00:15,009 - INFO - Alarm Play: alarm1 (status: mqtt)
2025-09-08 21:00:15,012 - INFO - Play : /home/vas1/VAS/Control/assets/alarm/alarm1.mp3
2025-09-08 21:00:26,078 - INFO - Done : /home/vas1/VAS/Control/assets/alarm/alarm1.mp3
2025-09-08 21:00:26,094 - INFO - Alarm Play: alarm1 (status: mqtt)
2025-09-08 21:00:26,096 - INFO - Play : /home/vas1/VAS/Control/assets/alarm/alarm1.mp3
2025-09-08 21:00:37,178 - INFO - Done : /home/vas1/VAS/Control/assets/alarm/alarm1.mp3
2025-09-08 21:00:37,194 - INFO - Alarm Play: alarm1 (status: mqtt)
2025-09-08 21:00:37,196 - INFO - Play : /home/vas1/VAS/Control/assets/alarm/alarm1.mp3
2025-09-08 21:00:48,262 - INFO - Done : /home/vas1/VAS/Control/assets/alarm/alarm1.mp3
2025-09-08 21:00:48,278 - INFO - Alarm Play: alarm2 (status: mqtt)
2025-09-08 21:00:48,281 - INFO - Play : /home/vas1/VAS/Control/assets/alarm/alarm2.mp3
2025-09-08 21:00:59,407 - INFO - Done : /home/vas1/VAS/Control/assets/alarm/alarm2.mp3
2025-09-08 21:01:02,759 - INFO - Alarm Play: alarm1 (status: mqtt)
2025-09-08 21:01:02,759 - INFO - Play : /home/vas1/VAS/Control/assets/alarm/alarm1.mp3
2025-09-08 21:01:13,822 - INFO - Done : /home/vas1/VAS/Control/assets/alarm/alarm1.mp3
2025-09-08 21:01:13,838 - INFO - Alarm Play: alarm2 (status: mqtt)
2025-09-08 21:01:13,841 - INFO - 1 data di 'queue' berhasil diupdate.
2025-09-08 21:01:13,844 - INFO - Play : /home/vas1/VAS/Control/assets/alarm/alarm2.mp3
2025-09-08 21:01:24,964 - INFO - Done : /home/vas1/VAS/Control/assets/alarm/alarm2.mp3
2025-09-08 21:01:24,986 - INFO - Alarm Play: alarm2 (status: mqtt)
2025-09-08 21:01:24,989 - INFO - Play : /home/vas1/VAS/Control/assets/alarm/alarm2.mp3
2025-09-08 21:01:36,104 - INFO - Done : /home/vas1/VAS/Control/assets/alarm/alarm2.mp3
2025-09-08 21:01:36,120 - INFO - Alarm Play: alarm1 (status: mqtt)
2025-09-08 21:01:36,122 - INFO - Play : /home/vas1/VAS/Control/assets/alarm/alarm1.mp3
2025-09-08 21:01:47,194 - INFO - Done : /home/vas1/VAS/Control/assets/alarm/alarm1.mp3
2025-09-08 21:01:47,211 - INFO - Alarm Play: alarm1 (status: mqtt)
2025-09-08 21:01:47,214 - INFO - Play : /home/vas1/VAS/Control/assets/alarm/alarm1.mp3
2025-09-08 21:01:58,283 - INFO - Done : /home/vas1/VAS/Control/assets/alarm/alarm1.mp3
2025-09-08 21:02:00,783 - INFO - TTS Play: Ini adalah bunyi dari test suara TTS (status: mqtt)
2025-09-08 21:02:00,783 - INFO - Play : Ini adalah bunyi dari test suara TTS
2025-09-08 21:02:06,867 - INFO - Done : Ini adalah bunyi dari test suara TTS
2025-09-08 21:02:08,035 - INFO - Lamp ON (status: mqtt)
2025-09-08 21:02:09,803 - INFO - Lamp OFF (status: mqtt)
2025-09-08 21:02:12,363 - INFO - Lamp ON (status: mqtt)
2025-09-08 21:02:17,616 - INFO - Lamp OFF (status: mqtt)
2025-09-08 21:02:20,784 - INFO - Lamp ON (status: mqtt)
2025-09-08 21:02:24,281 - INFO - Lamp OFF (status: mqtt)
2025-09-08 21:02:26,023 - INFO - Lamp ON (status: mqtt)
2025-09-08 21:02:29,815 - INFO - Lamp OFF (status: mqtt)
2025-09-08 21:02:33,171 - INFO - Lamp ON (status: mqtt)
2025-09-08 21:02:34,812 - INFO - Lamp OFF (status: mqtt)
2025-09-08 21:02:36,822 - INFO - Alarm Play: alarm2 (status: mqtt)
2025-09-08 21:02:36,823 - INFO - Play : /home/vas1/VAS/Control/assets/alarm/alarm2.mp3
2025-09-08 21:02:47,950 - INFO - Done : /home/vas1/VAS/Control/assets/alarm/alarm2.mp3
2025-09-08 21:03:08,845 - INFO - 1 data di 'queue' berhasil diupdate.
2025-09-08 21:04:50,887 - ERROR - [ERROR] Gagal membaca collections one: interrupted at shutdown, full error: {'ok': 0.0, 'errmsg': 'interrupted at shutdown', 'code': 11600, 'codeName': 'InterruptedAtShutdown'}
2025-09-08 21:05:21,968 - ERROR - [ERROR] Gagal membaca collections: localhost:27017: [Errno 111] Connection refused (configured timeouts: socketTimeoutMS: 20000.0ms, connectTimeoutMS: 20000.0ms), Timeout: 30s, Topology Description: <TopologyDescription id: 68bc69548c0ea7b239f8fd10, topology_type: Single, servers: [<ServerDescription ('localhost', 27017) server_type: Unknown, rtt: None, error=AutoReconnect('localhost:27017: [Errno 111] Connection refused (configured timeouts: socketTimeoutMS: 20000.0ms, connectTimeoutMS: 20000.0ms)')>]>
