2025-09-15 00:00:00,046 - INFO - [2025-09-15 00:00:00.046261] Collection 'requests' dihapus 297 dokumen.
2025-09-15 00:00:00,075 - INFO - [2025-09-15 00:00:00.075447] Collection 'responses' dihapus 403 dokumen.
2025-09-15 00:00:00,078 - INFO - [2025-09-15 00:00:00.078238] Collection 'system_status_res' dihapus 0 dokumen.
2025-09-15 00:00:00,081 - INFO - [2025-09-15 00:00:00.080983] Collection 'system_status_req' dihapus 0 dokumen.
2025-09-15 00:00:01,099 - INFO - [2025-09-15 00:00:01.099615] Collection 'requests' dihapus 0 dokumen.
2025-09-15 00:00:01,101 - INFO - [2025-09-15 00:00:01.101876] Collection 'responses' dihapus 0 dokumen.
2025-09-15 00:00:01,103 - INFO - [2025-09-15 00:00:01.103851] Collection 'system_status_res' dihapus 0 dokumen.
2025-09-15 00:00:01,105 - INFO - [2025-09-15 00:00:01.105749] Collection 'system_status_req' dihapus 0 dokumen.
2025-09-15 00:00:02,123 - INFO - [2025-09-15 00:00:02.123188] Collection 'requests' dihapus 0 dokumen.
2025-09-15 00:00:02,125 - INFO - [2025-09-15 00:00:02.125268] Collection 'responses' dihapus 0 dokumen.
2025-09-15 00:00:02,127 - INFO - [2025-09-15 00:00:02.127116] Collection 'system_status_res' dihapus 0 dokumen.
2025-09-15 00:00:02,129 - INFO - [2025-09-15 00:00:02.128985] Collection 'system_status_req' dihapus 0 dokumen.
2025-09-15 00:00:03,148 - INFO - [2025-09-15 00:00:03.148072] Collection 'requests' dihapus 0 dokumen.
2025-09-15 00:00:03,150 - INFO - [2025-09-15 00:00:03.150154] Collection 'responses' dihapus 0 dokumen.
2025-09-15 00:00:03,152 - INFO - [2025-09-15 00:00:03.152313] Collection 'system_status_res' dihapus 0 dokumen.
2025-09-15 00:00:03,154 - INFO - [2025-09-15 00:00:03.154268] Collection 'system_status_req' dihapus 0 dokumen.
2025-09-15 00:00:04,173 - INFO - [2025-09-15 00:00:04.173154] Collection 'requests' dihapus 0 dokumen.
2025-09-15 00:00:04,175 - INFO - [2025-09-15 00:00:04.175468] Collection 'responses' dihapus 0 dokumen.
2025-09-15 00:00:04,177 - INFO - [2025-09-15 00:00:04.177454] Collection 'system_status_res' dihapus 0 dokumen.
2025-09-15 00:00:04,179 - INFO - [2025-09-15 00:00:04.179321] Collection 'system_status_req' dihapus 0 dokumen.
2025-09-15 00:00:05,201 - INFO - [2025-09-15 00:00:05.201749] Collection 'requests' dihapus 0 dokumen.
2025-09-15 00:00:05,205 - INFO - [2025-09-15 00:00:05.205279] Collection 'responses' dihapus 0 dokumen.
2025-09-15 00:00:05,209 - INFO - [2025-09-15 00:00:05.208999] Collection 'system_status_res' dihapus 0 dokumen.
2025-09-15 00:00:05,212 - INFO - [2025-09-15 00:00:05.212582] Collection 'system_status_req' dihapus 0 dokumen.
2025-09-15 00:01:20,254 - INFO - 1 data di 'queue' berhasil diupdate.
2025-09-15 00:03:15,262 - INFO - 1 data di 'queue' berhasil diupdate.
2025-09-15 00:05:10,265 - INFO - 1 data di 'queue' berhasil diupdate.
2025-09-15 00:07:05,274 - INFO - 1 data di 'queue' berhasil diupdate.
2025-09-15 00:09:00,284 - INFO - 1 data di 'queue' berhasil diupdate.
2025-09-15 00:10:55,290 - INFO - 1 data di 'queue' berhasil diupdate.
2025-09-15 00:12:50,294 - INFO - 1 data di 'queue' berhasil diupdate.
2025-09-15 00:14:45,311 - INFO - 1 data di 'queue' berhasil diupdate.
2025-09-15 00:16:40,316 - INFO - 1 data di 'queue' berhasil diupdate.
2025-09-15 00:18:35,323 - INFO - 1 data di 'queue' berhasil diupdate.
2025-09-15 00:20:30,330 - INFO - 1 data di 'queue' berhasil diupdate.
2025-09-15 00:22:25,345 - INFO - 1 data di 'queue' berhasil diupdate.
2025-09-15 00:24:20,352 - INFO - 1 data di 'queue' berhasil diupdate.
2025-09-15 00:26:15,362 - INFO - 1 data di 'queue' berhasil diupdate.
2025-09-15 00:28:10,376 - INFO - 1 data di 'queue' berhasil diupdate.
2025-09-15 00:30:05,380 - INFO - 1 data di 'queue' berhasil diupdate.
2025-09-15 00:32:00,394 - INFO - 1 data di 'queue' berhasil diupdate.
2025-09-15 00:33:55,401 - INFO - 1 data di 'queue' berhasil diupdate.
2025-09-15 00:35:50,414 - INFO - 1 data di 'queue' berhasil diupdate.
2025-09-15 00:37:45,418 - INFO - 1 data di 'queue' berhasil diupdate.
2025-09-15 00:39:40,432 - INFO - 1 data di 'queue' berhasil diupdate.
2025-09-15 00:41:35,450 - INFO - 1 data di 'queue' berhasil diupdate.
2025-09-15 00:43:30,459 - INFO - 1 data di 'queue' berhasil diupdate.
2025-09-15 00:45:25,476 - INFO - 1 data di 'queue' berhasil diupdate.
2025-09-15 00:47:20,484 - INFO - 1 data di 'queue' berhasil diupdate.
2025-09-15 00:49:15,497 - INFO - 1 data di 'queue' berhasil diupdate.
2025-09-15 00:51:10,513 - INFO - 1 data di 'queue' berhasil diupdate.
2025-09-15 00:53:05,528 - INFO - 1 data di 'queue' berhasil diupdate.
2025-09-15 00:55:00,532 - INFO - 1 data di 'queue' berhasil diupdate.
2025-09-15 00:56:55,547 - INFO - 1 data di 'queue' berhasil diupdate.
2025-09-15 00:58:50,564 - INFO - 1 data di 'queue' berhasil diupdate.
2025-09-15 01:00:45,573 - INFO - 1 data di 'queue' berhasil diupdate.
2025-09-15 01:02:40,592 - INFO - 1 data di 'queue' berhasil diupdate.
2025-09-15 01:04:35,603 - INFO - 1 data di 'queue' berhasil diupdate.
2025-09-15 01:06:30,618 - INFO - 1 data di 'queue' berhasil diupdate.
2025-09-15 01:08:25,637 - INFO - 1 data di 'queue' berhasil diupdate.
2025-09-15 01:10:20,644 - INFO - 1 data di 'queue' berhasil diupdate.
2025-09-15 01:12:15,656 - INFO - 1 data di 'queue' berhasil diupdate.
2025-09-15 01:14:10,661 - INFO - 1 data di 'queue' berhasil diupdate.
2025-09-15 01:16:05,678 - INFO - 1 data di 'queue' berhasil diupdate.
2025-09-15 01:18:00,683 - INFO - 1 data di 'queue' berhasil diupdate.
2025-09-15 01:19:55,699 - INFO - 1 data di 'queue' berhasil diupdate.
2025-09-15 01:21:50,711 - INFO - 1 data di 'queue' berhasil diupdate.
2025-09-15 01:23:45,727 - INFO - 1 data di 'queue' berhasil diupdate.
2025-09-15 01:25:40,746 - INFO - 1 data di 'queue' berhasil diupdate.
2025-09-15 01:27:35,754 - INFO - 1 data di 'queue' berhasil diupdate.
2025-09-15 01:29:30,761 - INFO - 1 data di 'queue' berhasil diupdate.
2025-09-15 01:31:25,765 - INFO - 1 data di 'queue' berhasil diupdate.
2025-09-15 01:33:20,775 - INFO - 1 data di 'queue' berhasil diupdate.
2025-09-15 01:35:15,791 - INFO - 1 data di 'queue' berhasil diupdate.
2025-09-15 01:37:10,800 - INFO - 1 data di 'queue' berhasil diupdate.
2025-09-15 01:39:05,811 - INFO - 1 data di 'queue' berhasil diupdate.
2025-09-15 01:41:00,828 - INFO - 1 data di 'queue' berhasil diupdate.
2025-09-15 01:42:55,845 - INFO - 1 data di 'queue' berhasil diupdate.
2025-09-15 01:44:50,860 - INFO - 1 data di 'queue' berhasil diupdate.
2025-09-15 01:46:45,870 - INFO - 1 data di 'queue' berhasil diupdate.
2025-09-15 01:48:40,883 - INFO - 1 data di 'queue' berhasil diupdate.
2025-09-15 01:50:35,900 - INFO - 1 data di 'queue' berhasil diupdate.
2025-09-15 01:52:30,916 - INFO - 1 data di 'queue' berhasil diupdate.
2025-09-15 01:54:25,929 - INFO - 1 data di 'queue' berhasil diupdate.
2025-09-15 01:56:20,943 - INFO - 1 data di 'queue' berhasil diupdate.
2025-09-15 01:58:15,958 - INFO - 1 data di 'queue' berhasil diupdate.
2025-09-15 02:00:10,976 - INFO - 1 data di 'queue' berhasil diupdate.
2025-09-15 02:02:05,983 - INFO - 1 data di 'queue' berhasil diupdate.
2025-09-15 02:04:00,996 - INFO - 1 data di 'queue' berhasil diupdate.
2025-09-15 02:05:56,012 - INFO - 1 data di 'queue' berhasil diupdate.
2025-09-15 02:07:51,019 - INFO - 1 data di 'queue' berhasil diupdate.
2025-09-15 02:09:46,026 - INFO - 1 data di 'queue' berhasil diupdate.
2025-09-15 02:11:41,045 - INFO - 1 data di 'queue' berhasil diupdate.
2025-09-15 02:13:36,052 - INFO - 1 data di 'queue' berhasil diupdate.
2025-09-15 02:15:31,065 - INFO - 1 data di 'queue' berhasil diupdate.
2025-09-15 02:17:26,082 - INFO - 1 data di 'queue' berhasil diupdate.
2025-09-15 02:19:21,086 - INFO - 1 data di 'queue' berhasil diupdate.
2025-09-15 02:21:16,094 - INFO - 1 data di 'queue' berhasil diupdate.
2025-09-15 02:23:11,106 - INFO - 1 data di 'queue' berhasil diupdate.
2025-09-15 02:25:06,110 - INFO - 1 data di 'queue' berhasil diupdate.
2025-09-15 02:27:01,116 - INFO - 1 data di 'queue' berhasil diupdate.
2025-09-15 02:28:56,122 - INFO - 1 data di 'queue' berhasil diupdate.
2025-09-15 02:30:51,131 - INFO - 1 data di 'queue' berhasil diupdate.
2025-09-15 02:32:46,149 - INFO - 1 data di 'queue' berhasil diupdate.
2025-09-15 02:34:41,166 - INFO - 1 data di 'queue' berhasil diupdate.
2025-09-15 02:36:36,178 - INFO - 1 data di 'queue' berhasil diupdate.
2025-09-15 02:38:31,182 - INFO - 1 data di 'queue' berhasil diupdate.
2025-09-15 02:40:26,191 - INFO - 1 data di 'queue' berhasil diupdate.
2025-09-15 02:42:21,199 - INFO - 1 data di 'queue' berhasil diupdate.
2025-09-15 02:44:16,218 - INFO - 1 data di 'queue' berhasil diupdate.
2025-09-15 02:46:11,238 - INFO - 1 data di 'queue' berhasil diupdate.
2025-09-15 02:48:06,251 - INFO - 1 data di 'queue' berhasil diupdate.
2025-09-15 02:50:01,256 - INFO - 1 data di 'queue' berhasil diupdate.
2025-09-15 02:51:56,261 - INFO - 1 data di 'queue' berhasil diupdate.
2025-09-15 02:53:51,271 - INFO - 1 data di 'queue' berhasil diupdate.
2025-09-15 02:55:46,281 - INFO - 1 data di 'queue' berhasil diupdate.
2025-09-15 02:57:41,293 - INFO - 1 data di 'queue' berhasil diupdate.
2025-09-15 02:59:36,307 - INFO - 1 data di 'queue' berhasil diupdate.
2025-09-15 03:01:31,318 - INFO - 1 data di 'queue' berhasil diupdate.
2025-09-15 03:03:26,333 - INFO - 1 data di 'queue' berhasil diupdate.
2025-09-15 03:05:21,347 - INFO - 1 data di 'queue' berhasil diupdate.
2025-09-15 03:07:16,359 - INFO - 1 data di 'queue' berhasil diupdate.
2025-09-15 03:09:11,377 - INFO - 1 data di 'queue' berhasil diupdate.
2025-09-15 03:11:06,380 - INFO - 1 data di 'queue' berhasil diupdate.
2025-09-15 03:13:01,394 - INFO - 1 data di 'queue' berhasil diupdate.
2025-09-15 03:14:56,398 - INFO - 1 data di 'queue' berhasil diupdate.
2025-09-15 03:16:51,405 - INFO - 1 data di 'queue' berhasil diupdate.
2025-09-15 03:18:46,412 - INFO - 1 data di 'queue' berhasil diupdate.
2025-09-15 03:20:41,423 - INFO - 1 data di 'queue' berhasil diupdate.
2025-09-15 03:22:36,437 - INFO - 1 data di 'queue' berhasil diupdate.
2025-09-15 03:24:31,450 - INFO - 1 data di 'queue' berhasil diupdate.
2025-09-15 03:26:26,464 - INFO - 1 data di 'queue' berhasil diupdate.
2025-09-15 03:28:21,483 - INFO - 1 data di 'queue' berhasil diupdate.
2025-09-15 03:30:16,489 - INFO - 1 data di 'queue' berhasil diupdate.
2025-09-15 03:32:11,496 - INFO - 1 data di 'queue' berhasil diupdate.
2025-09-15 03:34:06,516 - INFO - 1 data di 'queue' berhasil diupdate.
2025-09-15 03:36:01,529 - INFO - 1 data di 'queue' berhasil diupdate.
2025-09-15 03:37:56,546 - INFO - 1 data di 'queue' berhasil diupdate.
2025-09-15 03:39:51,553 - INFO - 1 data di 'queue' berhasil diupdate.
2025-09-15 03:41:46,558 - INFO - 1 data di 'queue' berhasil diupdate.
2025-09-15 03:43:41,566 - INFO - 1 data di 'queue' berhasil diupdate.
2025-09-15 03:45:36,580 - INFO - 1 data di 'queue' berhasil diupdate.
2025-09-15 03:47:31,596 - INFO - 1 data di 'queue' berhasil diupdate.
2025-09-15 03:49:26,600 - INFO - 1 data di 'queue' berhasil diupdate.
2025-09-15 03:51:21,610 - INFO - 1 data di 'queue' berhasil diupdate.
2025-09-15 03:53:16,620 - INFO - 1 data di 'queue' berhasil diupdate.
2025-09-15 03:55:11,625 - INFO - 1 data di 'queue' berhasil diupdate.
2025-09-15 03:57:06,638 - INFO - 1 data di 'queue' berhasil diupdate.
2025-09-15 03:59:01,646 - INFO - 1 data di 'queue' berhasil diupdate.
2025-09-15 04:00:56,666 - INFO - 1 data di 'queue' berhasil diupdate.
2025-09-15 04:02:51,679 - INFO - 1 data di 'queue' berhasil diupdate.
2025-09-15 04:04:46,699 - INFO - 1 data di 'queue' berhasil diupdate.
2025-09-15 04:06:41,717 - INFO - 1 data di 'queue' berhasil diupdate.
2025-09-15 04:08:36,735 - INFO - 1 data di 'queue' berhasil diupdate.
2025-09-15 04:10:31,745 - INFO - 1 data di 'queue' berhasil diupdate.
2025-09-15 04:12:26,751 - INFO - 1 data di 'queue' berhasil diupdate.
2025-09-15 04:14:21,766 - INFO - 1 data di 'queue' berhasil diupdate.
2025-09-15 04:16:16,782 - INFO - 1 data di 'queue' berhasil diupdate.
2025-09-15 04:18:11,790 - INFO - 1 data di 'queue' berhasil diupdate.
2025-09-15 04:20:06,803 - INFO - 1 data di 'queue' berhasil diupdate.
2025-09-15 04:22:01,815 - INFO - 1 data di 'queue' berhasil diupdate.
2025-09-15 04:23:56,832 - INFO - 1 data di 'queue' berhasil diupdate.
2025-09-15 04:25:51,848 - INFO - 1 data di 'queue' berhasil diupdate.
2025-09-15 04:27:46,864 - INFO - 1 data di 'queue' berhasil diupdate.
2025-09-15 04:29:41,875 - INFO - 1 data di 'queue' berhasil diupdate.
2025-09-15 04:31:36,891 - INFO - 1 data di 'queue' berhasil diupdate.
2025-09-15 04:33:31,904 - INFO - 1 data di 'queue' berhasil diupdate.
2025-09-15 04:35:26,919 - INFO - 1 data di 'queue' berhasil diupdate.
2025-09-15 04:37:21,923 - INFO - 1 data di 'queue' berhasil diupdate.
2025-09-15 04:39:16,937 - INFO - 1 data di 'queue' berhasil diupdate.
2025-09-15 04:41:11,945 - INFO - 1 data di 'queue' berhasil diupdate.
2025-09-15 04:43:06,957 - INFO - 1 data di 'queue' berhasil diupdate.
2025-09-15 04:45:01,973 - INFO - 1 data di 'queue' berhasil diupdate.
2025-09-15 04:46:56,991 - INFO - 1 data di 'queue' berhasil diupdate.
2025-09-15 04:48:52,011 - INFO - 1 data di 'queue' berhasil diupdate.
2025-09-15 04:50:47,025 - INFO - 1 data di 'queue' berhasil diupdate.
2025-09-15 04:52:42,031 - INFO - 1 data di 'queue' berhasil diupdate.
2025-09-15 04:54:37,039 - INFO - 1 data di 'queue' berhasil diupdate.
2025-09-15 04:56:32,050 - INFO - 1 data di 'queue' berhasil diupdate.
2025-09-15 04:58:27,064 - INFO - 1 data di 'queue' berhasil diupdate.
2025-09-15 05:00:22,084 - INFO - 1 data di 'queue' berhasil diupdate.
2025-09-15 05:02:17,103 - INFO - 1 data di 'queue' berhasil diupdate.
2025-09-15 05:04:12,122 - INFO - 1 data di 'queue' berhasil diupdate.
2025-09-15 05:06:07,140 - INFO - 1 data di 'queue' berhasil diupdate.
2025-09-15 05:08:02,151 - INFO - 1 data di 'queue' berhasil diupdate.
2025-09-15 05:09:57,168 - INFO - 1 data di 'queue' berhasil diupdate.
2025-09-15 05:11:52,174 - INFO - 1 data di 'queue' berhasil diupdate.
2025-09-15 05:13:47,177 - INFO - 1 data di 'queue' berhasil diupdate.
2025-09-15 05:15:42,189 - INFO - 1 data di 'queue' berhasil diupdate.
2025-09-15 05:17:37,205 - INFO - 1 data di 'queue' berhasil diupdate.
2025-09-15 05:19:32,215 - INFO - 1 data di 'queue' berhasil diupdate.
2025-09-15 05:21:27,221 - INFO - 1 data di 'queue' berhasil diupdate.
2025-09-15 05:23:22,236 - INFO - 1 data di 'queue' berhasil diupdate.
2025-09-15 05:25:17,250 - INFO - 1 data di 'queue' berhasil diupdate.
2025-09-15 05:27:12,259 - INFO - 1 data di 'queue' berhasil diupdate.
2025-09-15 05:29:07,266 - INFO - 1 data di 'queue' berhasil diupdate.
2025-09-15 05:31:02,281 - INFO - 1 data di 'queue' berhasil diupdate.
2025-09-15 05:32:57,295 - INFO - 1 data di 'queue' berhasil diupdate.
2025-09-15 05:34:52,313 - INFO - 1 data di 'queue' berhasil diupdate.
2025-09-15 05:36:47,327 - INFO - 1 data di 'queue' berhasil diupdate.
2025-09-15 05:38:42,344 - INFO - 1 data di 'queue' berhasil diupdate.
2025-09-15 05:40:37,357 - INFO - 1 data di 'queue' berhasil diupdate.
2025-09-15 05:42:32,367 - INFO - 1 data di 'queue' berhasil diupdate.
2025-09-15 05:44:27,373 - INFO - 1 data di 'queue' berhasil diupdate.
2025-09-15 05:46:22,385 - INFO - 1 data di 'queue' berhasil diupdate.
2025-09-15 05:48:17,392 - INFO - 1 data di 'queue' berhasil diupdate.
2025-09-15 05:50:12,406 - INFO - 1 data di 'queue' berhasil diupdate.
2025-09-15 05:52:07,417 - INFO - 1 data di 'queue' berhasil diupdate.
2025-09-15 05:54:02,423 - INFO - 1 data di 'queue' berhasil diupdate.
2025-09-15 05:55:57,428 - INFO - 1 data di 'queue' berhasil diupdate.
2025-09-15 05:57:52,433 - INFO - 1 data di 'queue' berhasil diupdate.
2025-09-15 05:59:47,438 - INFO - 1 data di 'queue' berhasil diupdate.
2025-09-15 06:01:42,453 - INFO - 1 data di 'queue' berhasil diupdate.
2025-09-15 06:03:37,465 - INFO - 1 data di 'queue' berhasil diupdate.
2025-09-15 06:05:32,477 - INFO - 1 data di 'queue' berhasil diupdate.
2025-09-15 06:07:27,486 - INFO - 1 data di 'queue' berhasil diupdate.
2025-09-15 06:09:22,497 - INFO - 1 data di 'queue' berhasil diupdate.
2025-09-15 06:11:17,512 - INFO - 1 data di 'queue' berhasil diupdate.
2025-09-15 06:13:12,521 - INFO - 1 data di 'queue' berhasil diupdate.
2025-09-15 06:15:07,531 - INFO - 1 data di 'queue' berhasil diupdate.
2025-09-15 06:17:02,535 - INFO - 1 data di 'queue' berhasil diupdate.
2025-09-15 06:18:57,548 - INFO - 1 data di 'queue' berhasil diupdate.
2025-09-15 06:20:52,553 - INFO - 1 data di 'queue' berhasil diupdate.
2025-09-15 06:22:47,558 - INFO - 1 data di 'queue' berhasil diupdate.
2025-09-15 06:24:42,574 - INFO - 1 data di 'queue' berhasil diupdate.
2025-09-15 06:26:37,585 - INFO - 1 data di 'queue' berhasil diupdate.
2025-09-15 06:28:32,588 - INFO - 1 data di 'queue' berhasil diupdate.
2025-09-15 06:30:27,602 - INFO - 1 data di 'queue' berhasil diupdate.
2025-09-15 06:32:22,613 - INFO - 1 data di 'queue' berhasil diupdate.
2025-09-15 06:34:17,618 - INFO - 1 data di 'queue' berhasil diupdate.
2025-09-15 06:36:12,633 - INFO - 1 data di 'queue' berhasil diupdate.
2025-09-15 06:38:07,640 - INFO - 1 data di 'queue' berhasil diupdate.
2025-09-15 06:40:02,659 - INFO - 1 data di 'queue' berhasil diupdate.
2025-09-15 06:41:57,679 - INFO - 1 data di 'queue' berhasil diupdate.
2025-09-15 06:43:52,691 - INFO - 1 data di 'queue' berhasil diupdate.
2025-09-15 06:45:47,710 - INFO - 1 data di 'queue' berhasil diupdate.
2025-09-15 06:47:42,717 - INFO - 1 data di 'queue' berhasil diupdate.
2025-09-15 06:49:37,724 - INFO - 1 data di 'queue' berhasil diupdate.
2025-09-15 06:51:32,730 - INFO - 1 data di 'queue' berhasil diupdate.
2025-09-15 06:53:27,746 - INFO - 1 data di 'queue' berhasil diupdate.
2025-09-15 06:55:22,754 - INFO - 1 data di 'queue' berhasil diupdate.
2025-09-15 06:57:17,765 - INFO - 1 data di 'queue' berhasil diupdate.
2025-09-15 06:59:12,776 - INFO - 1 data di 'queue' berhasil diupdate.
2025-09-15 07:01:07,788 - INFO - 1 data di 'queue' berhasil diupdate.
2025-09-15 07:03:02,793 - INFO - 1 data di 'queue' berhasil diupdate.
2025-09-15 07:04:57,800 - INFO - 1 data di 'queue' berhasil diupdate.
2025-09-15 07:06:52,817 - INFO - 1 data di 'queue' berhasil diupdate.
2025-09-15 07:08:47,831 - INFO - 1 data di 'queue' berhasil diupdate.
2025-09-15 07:10:42,843 - INFO - 1 data di 'queue' berhasil diupdate.
2025-09-15 07:12:37,847 - INFO - 1 data di 'queue' berhasil diupdate.
2025-09-15 07:14:32,860 - INFO - 1 data di 'queue' berhasil diupdate.
2025-09-15 07:16:27,867 - INFO - 1 data di 'queue' berhasil diupdate.
2025-09-15 07:18:22,877 - INFO - 1 data di 'queue' berhasil diupdate.
2025-09-15 07:20:17,880 - INFO - 1 data di 'queue' berhasil diupdate.
2025-09-15 07:22:12,886 - INFO - 1 data di 'queue' berhasil diupdate.
2025-09-15 07:24:07,904 - INFO - 1 data di 'queue' berhasil diupdate.
2025-09-15 07:26:02,916 - INFO - 1 data di 'queue' berhasil diupdate.
2025-09-15 07:27:57,922 - INFO - 1 data di 'queue' berhasil diupdate.
2025-09-15 07:29:52,931 - INFO - 1 data di 'queue' berhasil diupdate.
2025-09-15 07:31:47,942 - INFO - 1 data di 'queue' berhasil diupdate.
2025-09-15 07:33:42,955 - INFO - 1 data di 'queue' berhasil diupdate.
2025-09-15 07:35:37,962 - INFO - 1 data di 'queue' berhasil diupdate.
2025-09-15 07:37:32,978 - INFO - 1 data di 'queue' berhasil diupdate.
2025-09-15 07:39:27,982 - INFO - 1 data di 'queue' berhasil diupdate.
2025-09-15 07:41:22,992 - INFO - 1 data di 'queue' berhasil diupdate.
2025-09-15 07:43:18,001 - INFO - 1 data di 'queue' berhasil diupdate.
2025-09-15 07:45:13,013 - INFO - 1 data di 'queue' berhasil diupdate.
2025-09-15 07:47:08,026 - INFO - 1 data di 'queue' berhasil diupdate.
2025-09-15 07:49:03,032 - INFO - 1 data di 'queue' berhasil diupdate.
2025-09-15 07:50:58,037 - INFO - 1 data di 'queue' berhasil diupdate.
2025-09-15 07:52:53,058 - INFO - 1 data di 'queue' berhasil diupdate.
2025-09-15 07:54:48,061 - INFO - 1 data di 'queue' berhasil diupdate.
2025-09-15 07:56:43,066 - INFO - 1 data di 'queue' berhasil diupdate.
2025-09-15 07:58:38,085 - INFO - 1 data di 'queue' berhasil diupdate.
2025-09-15 08:00:33,093 - INFO - 1 data di 'queue' berhasil diupdate.
2025-09-15 08:02:28,100 - INFO - 1 data di 'queue' berhasil diupdate.
2025-09-15 08:04:23,111 - INFO - 1 data di 'queue' berhasil diupdate.
2025-09-15 08:06:18,129 - INFO - 1 data di 'queue' berhasil diupdate.
2025-09-15 08:08:13,143 - INFO - 1 data di 'queue' berhasil diupdate.
2025-09-15 08:10:08,153 - INFO - 1 data di 'queue' berhasil diupdate.
2025-09-15 08:12:03,160 - INFO - 1 data di 'queue' berhasil diupdate.
2025-09-15 08:13:58,178 - INFO - 1 data di 'queue' berhasil diupdate.
2025-09-15 08:15:53,190 - INFO - 1 data di 'queue' berhasil diupdate.
2025-09-15 08:17:48,203 - INFO - 1 data di 'queue' berhasil diupdate.
2025-09-15 08:19:43,218 - INFO - 1 data di 'queue' berhasil diupdate.
2025-09-15 08:21:38,229 - INFO - 1 data di 'queue' berhasil diupdate.
2025-09-15 08:23:33,237 - INFO - 1 data di 'queue' berhasil diupdate.
2025-09-15 08:25:28,251 - INFO - 1 data di 'queue' berhasil diupdate.
2025-09-15 08:27:23,255 - INFO - 1 data di 'queue' berhasil diupdate.
2025-09-15 08:29:18,272 - INFO - 1 data di 'queue' berhasil diupdate.
2025-09-15 08:31:13,281 - INFO - 1 data di 'queue' berhasil diupdate.
2025-09-15 08:33:08,295 - INFO - 1 data di 'queue' berhasil diupdate.
2025-09-15 08:35:03,299 - INFO - 1 data di 'queue' berhasil diupdate.
2025-09-15 08:36:58,305 - INFO - 1 data di 'queue' berhasil diupdate.
2025-09-15 08:38:53,316 - INFO - 1 data di 'queue' berhasil diupdate.
2025-09-15 08:40:48,331 - INFO - 1 data di 'queue' berhasil diupdate.
2025-09-15 08:42:43,342 - INFO - 1 data di 'queue' berhasil diupdate.
2025-09-15 08:44:38,347 - INFO - 1 data di 'queue' berhasil diupdate.
2025-09-15 08:46:33,366 - INFO - 1 data di 'queue' berhasil diupdate.
2025-09-15 08:48:28,370 - INFO - 1 data di 'queue' berhasil diupdate.
2025-09-15 08:50:23,380 - INFO - 1 data di 'queue' berhasil diupdate.
2025-09-15 08:52:18,385 - INFO - 1 data di 'queue' berhasil diupdate.
2025-09-15 08:54:13,392 - INFO - 1 data di 'queue' berhasil diupdate.
2025-09-15 08:56:08,397 - INFO - 1 data di 'queue' berhasil diupdate.
2025-09-15 08:58:03,409 - INFO - 1 data di 'queue' berhasil diupdate.
2025-09-15 08:59:58,420 - INFO - 1 data di 'queue' berhasil diupdate.
2025-09-15 09:01:53,436 - INFO - 1 data di 'queue' berhasil diupdate.
2025-09-15 09:03:48,448 - INFO - 1 data di 'queue' berhasil diupdate.
2025-09-15 09:05:43,462 - INFO - 1 data di 'queue' berhasil diupdate.
2025-09-15 09:07:38,470 - INFO - 1 data di 'queue' berhasil diupdate.
2025-09-15 09:09:33,484 - INFO - 1 data di 'queue' berhasil diupdate.
2025-09-15 09:11:28,504 - INFO - 1 data di 'queue' berhasil diupdate.
2025-09-15 09:13:23,519 - INFO - 1 data di 'queue' berhasil diupdate.
2025-09-15 09:15:18,529 - INFO - 1 data di 'queue' berhasil diupdate.
2025-09-15 09:17:13,544 - INFO - 1 data di 'queue' berhasil diupdate.
2025-09-15 09:19:08,564 - INFO - 1 data di 'queue' berhasil diupdate.
2025-09-15 09:21:03,580 - INFO - 1 data di 'queue' berhasil diupdate.
2025-09-15 09:22:58,596 - INFO - 1 data di 'queue' berhasil diupdate.
2025-09-15 09:24:53,608 - INFO - 1 data di 'queue' berhasil diupdate.
2025-09-15 09:26:48,614 - INFO - 1 data di 'queue' berhasil diupdate.
2025-09-15 09:28:43,620 - INFO - 1 data di 'queue' berhasil diupdate.
2025-09-15 09:30:38,628 - INFO - 1 data di 'queue' berhasil diupdate.
2025-09-15 09:32:33,642 - INFO - 1 data di 'queue' berhasil diupdate.
2025-09-15 09:34:28,648 - INFO - 1 data di 'queue' berhasil diupdate.
2025-09-15 09:36:23,663 - INFO - 1 data di 'queue' berhasil diupdate.
2025-09-15 09:38:18,675 - INFO - 1 data di 'queue' berhasil diupdate.
2025-09-15 09:40:13,681 - INFO - 1 data di 'queue' berhasil diupdate.
2025-09-15 09:42:08,688 - INFO - 1 data di 'queue' berhasil diupdate.
2025-09-15 09:44:03,697 - INFO - 1 data di 'queue' berhasil diupdate.
2025-09-15 09:45:58,711 - INFO - 1 data di 'queue' berhasil diupdate.
2025-09-15 09:47:53,727 - INFO - 1 data di 'queue' berhasil diupdate.
2025-09-15 09:49:48,734 - INFO - 1 data di 'queue' berhasil diupdate.
2025-09-15 09:51:43,752 - INFO - 1 data di 'queue' berhasil diupdate.
2025-09-15 09:53:38,761 - INFO - 1 data di 'queue' berhasil diupdate.
2025-09-15 09:55:33,773 - INFO - 1 data di 'queue' berhasil diupdate.
2025-09-15 09:57:28,785 - INFO - 1 data di 'queue' berhasil diupdate.
2025-09-15 09:59:23,797 - INFO - 1 data di 'queue' berhasil diupdate.
2025-09-15 10:01:18,813 - INFO - 1 data di 'queue' berhasil diupdate.
2025-09-15 10:03:13,825 - INFO - 1 data di 'queue' berhasil diupdate.
2025-09-15 10:05:08,839 - INFO - 1 data di 'queue' berhasil diupdate.
2025-09-15 10:07:03,851 - INFO - 1 data di 'queue' berhasil diupdate.
2025-09-15 10:08:58,855 - INFO - 1 data di 'queue' berhasil diupdate.
2025-09-15 10:10:53,872 - INFO - 1 data di 'queue' berhasil diupdate.
2025-09-15 10:12:48,879 - INFO - 1 data di 'queue' berhasil diupdate.
2025-09-15 10:14:43,884 - INFO - 1 data di 'queue' berhasil diupdate.
2025-09-15 10:16:38,888 - INFO - 1 data di 'queue' berhasil diupdate.
2025-09-15 10:18:33,905 - INFO - 1 data di 'queue' berhasil diupdate.
2025-09-15 10:20:28,922 - INFO - 1 data di 'queue' berhasil diupdate.
2025-09-15 10:22:23,939 - INFO - 1 data di 'queue' berhasil diupdate.
2025-09-15 10:24:18,958 - INFO - 1 data di 'queue' berhasil diupdate.
2025-09-15 10:26:13,969 - INFO - 1 data di 'queue' berhasil diupdate.
2025-09-15 10:28:08,985 - INFO - 1 data di 'queue' berhasil diupdate.
2025-09-15 10:30:03,998 - INFO - 1 data di 'queue' berhasil diupdate.
2025-09-15 10:31:59,007 - INFO - 1 data di 'queue' berhasil diupdate.
2025-09-15 10:33:54,017 - INFO - 1 data di 'queue' berhasil diupdate.
2025-09-15 10:35:49,022 - INFO - 1 data di 'queue' berhasil diupdate.
2025-09-15 10:37:44,037 - INFO - 1 data di 'queue' berhasil diupdate.
2025-09-15 10:39:39,055 - INFO - 1 data di 'queue' berhasil diupdate.
2025-09-15 10:41:34,063 - INFO - 1 data di 'queue' berhasil diupdate.
2025-09-15 10:43:29,082 - INFO - 1 data di 'queue' berhasil diupdate.
2025-09-15 10:45:24,086 - INFO - 1 data di 'queue' berhasil diupdate.
2025-09-15 10:47:19,096 - INFO - 1 data di 'queue' berhasil diupdate.
2025-09-15 10:49:14,101 - INFO - 1 data di 'queue' berhasil diupdate.
2025-09-15 10:51:09,108 - INFO - 1 data di 'queue' berhasil diupdate.
2025-09-15 10:53:04,125 - INFO - 1 data di 'queue' berhasil diupdate.
2025-09-15 10:54:59,138 - INFO - 1 data di 'queue' berhasil diupdate.
2025-09-15 10:56:54,150 - INFO - 1 data di 'queue' berhasil diupdate.
2025-09-15 10:58:49,161 - INFO - 1 data di 'queue' berhasil diupdate.
2025-09-15 11:00:44,175 - INFO - 1 data di 'queue' berhasil diupdate.
2025-09-15 11:02:39,193 - INFO - 1 data di 'queue' berhasil diupdate.
2025-09-15 11:04:34,199 - INFO - 1 data di 'queue' berhasil diupdate.
2025-09-15 11:06:29,207 - INFO - 1 data di 'queue' berhasil diupdate.
2025-09-15 11:08:24,222 - INFO - 1 data di 'queue' berhasil diupdate.
2025-09-15 11:10:19,236 - INFO - 1 data di 'queue' berhasil diupdate.
2025-09-15 11:12:14,243 - INFO - 1 data di 'queue' berhasil diupdate.
2025-09-15 11:14:09,258 - INFO - 1 data di 'queue' berhasil diupdate.
2025-09-15 11:16:04,266 - INFO - 1 data di 'queue' berhasil diupdate.
2025-09-15 11:17:59,276 - INFO - 1 data di 'queue' berhasil diupdate.
2025-09-15 11:19:54,280 - INFO - 1 data di 'queue' berhasil diupdate.
2025-09-15 11:21:49,285 - INFO - 1 data di 'queue' berhasil diupdate.
2025-09-15 11:23:44,301 - INFO - 1 data di 'queue' berhasil diupdate.
2025-09-15 11:25:39,310 - INFO - 1 data di 'queue' berhasil diupdate.
2025-09-15 11:27:34,315 - INFO - 1 data di 'queue' berhasil diupdate.
2025-09-15 11:29:29,332 - INFO - 1 data di 'queue' berhasil diupdate.
2025-09-15 11:31:24,347 - INFO - 1 data di 'queue' berhasil diupdate.
2025-09-15 11:33:19,360 - INFO - 1 data di 'queue' berhasil diupdate.
2025-09-15 11:35:14,382 - INFO - 1 data di 'queue' berhasil diupdate.
2025-09-15 11:37:09,394 - INFO - 1 data di 'queue' berhasil diupdate.
2025-09-15 11:39:04,409 - INFO - 1 data di 'queue' berhasil diupdate.
2025-09-15 11:40:59,414 - INFO - 1 data di 'queue' berhasil diupdate.
2025-09-15 11:42:54,423 - INFO - 1 data di 'queue' berhasil diupdate.
2025-09-15 11:44:49,440 - INFO - 1 data di 'queue' berhasil diupdate.
2025-09-15 11:46:44,457 - INFO - 1 data di 'queue' berhasil diupdate.
2025-09-15 11:48:39,471 - INFO - 1 data di 'queue' berhasil diupdate.
2025-09-15 11:50:34,491 - INFO - 1 data di 'queue' berhasil diupdate.
2025-09-15 11:52:29,500 - INFO - 1 data di 'queue' berhasil diupdate.
2025-09-15 11:54:24,506 - INFO - 1 data di 'queue' berhasil diupdate.
2025-09-15 11:56:19,524 - INFO - 1 data di 'queue' berhasil diupdate.
2025-09-15 11:58:14,540 - INFO - 1 data di 'queue' berhasil diupdate.
2025-09-15 12:00:09,553 - INFO - 1 data di 'queue' berhasil diupdate.
2025-09-15 12:02:04,562 - INFO - 1 data di 'queue' berhasil diupdate.
2025-09-15 12:03:59,566 - INFO - 1 data di 'queue' berhasil diupdate.
2025-09-15 12:05:54,582 - INFO - 1 data di 'queue' berhasil diupdate.
2025-09-15 12:07:49,595 - INFO - 1 data di 'queue' berhasil diupdate.
2025-09-15 12:09:44,602 - INFO - 1 data di 'queue' berhasil diupdate.
2025-09-15 12:11:39,613 - INFO - 1 data di 'queue' berhasil diupdate.
2025-09-15 12:13:34,621 - INFO - 1 data di 'queue' berhasil diupdate.
2025-09-15 12:15:29,640 - INFO - 1 data di 'queue' berhasil diupdate.
2025-09-15 12:17:24,655 - INFO - 1 data di 'queue' berhasil diupdate.
2025-09-15 12:19:19,669 - INFO - 1 data di 'queue' berhasil diupdate.
2025-09-15 12:21:14,687 - INFO - 1 data di 'queue' berhasil diupdate.
2025-09-15 12:23:09,705 - INFO - 1 data di 'queue' berhasil diupdate.
2025-09-15 12:25:04,714 - INFO - 1 data di 'queue' berhasil diupdate.
2025-09-15 12:26:59,730 - INFO - 1 data di 'queue' berhasil diupdate.
2025-09-15 12:28:54,740 - INFO - 1 data di 'queue' berhasil diupdate.
2025-09-15 12:30:49,751 - INFO - 1 data di 'queue' berhasil diupdate.
2025-09-15 12:32:44,764 - INFO - 1 data di 'queue' berhasil diupdate.
2025-09-15 12:34:39,772 - INFO - 1 data di 'queue' berhasil diupdate.
2025-09-15 12:36:34,782 - INFO - 1 data di 'queue' berhasil diupdate.
2025-09-15 12:38:29,790 - INFO - 1 data di 'queue' berhasil diupdate.
2025-09-15 12:40:24,808 - INFO - 1 data di 'queue' berhasil diupdate.
2025-09-15 12:42:19,817 - INFO - 1 data di 'queue' berhasil diupdate.
2025-09-15 12:44:14,823 - INFO - 1 data di 'queue' berhasil diupdate.
2025-09-15 12:46:09,836 - INFO - 1 data di 'queue' berhasil diupdate.
2025-09-15 12:48:04,845 - INFO - 1 data di 'queue' berhasil diupdate.
2025-09-15 12:49:59,851 - INFO - 1 data di 'queue' berhasil diupdate.
2025-09-15 12:51:54,866 - INFO - 1 data di 'queue' berhasil diupdate.
2025-09-15 12:53:49,879 - INFO - 1 data di 'queue' berhasil diupdate.
2025-09-15 12:55:44,899 - INFO - 1 data di 'queue' berhasil diupdate.
2025-09-15 12:57:39,908 - INFO - 1 data di 'queue' berhasil diupdate.
2025-09-15 12:59:34,920 - INFO - 1 data di 'queue' berhasil diupdate.
2025-09-15 13:01:29,938 - INFO - 1 data di 'queue' berhasil diupdate.
2025-09-15 13:03:24,953 - INFO - 1 data di 'queue' berhasil diupdate.
2025-09-15 13:05:19,968 - INFO - 1 data di 'queue' berhasil diupdate.
2025-09-15 13:07:14,988 - INFO - 1 data di 'queue' berhasil diupdate.
2025-09-15 13:09:10,004 - INFO - 1 data di 'queue' berhasil diupdate.
2025-09-15 13:11:05,013 - INFO - 1 data di 'queue' berhasil diupdate.
2025-09-15 13:13:00,031 - INFO - 1 data di 'queue' berhasil diupdate.
2025-09-15 13:14:55,037 - INFO - 1 data di 'queue' berhasil diupdate.
2025-09-15 13:16:50,047 - INFO - 1 data di 'queue' berhasil diupdate.
2025-09-15 13:18:45,064 - INFO - 1 data di 'queue' berhasil diupdate.
2025-09-15 13:20:40,069 - INFO - 1 data di 'queue' berhasil diupdate.
2025-09-15 13:22:35,075 - INFO - 1 data di 'queue' berhasil diupdate.
2025-09-15 13:24:30,083 - INFO - 1 data di 'queue' berhasil diupdate.
2025-09-15 13:26:25,099 - INFO - 1 data di 'queue' berhasil diupdate.
2025-09-15 13:28:20,113 - INFO - 1 data di 'queue' berhasil diupdate.
2025-09-15 13:30:15,127 - INFO - 1 data di 'queue' berhasil diupdate.
2025-09-15 13:32:10,146 - INFO - 1 data di 'queue' berhasil diupdate.
2025-09-15 13:34:05,156 - INFO - 1 data di 'queue' berhasil diupdate.
2025-09-15 13:36:00,161 - INFO - 1 data di 'queue' berhasil diupdate.
2025-09-15 13:37:55,174 - INFO - 1 data di 'queue' berhasil diupdate.
2025-09-15 13:39:50,189 - INFO - 1 data di 'queue' berhasil diupdate.
2025-09-15 13:41:45,192 - INFO - 1 data di 'queue' berhasil diupdate.
2025-09-15 13:43:40,201 - INFO - 1 data di 'queue' berhasil diupdate.
2025-09-15 13:45:35,221 - INFO - 1 data di 'queue' berhasil diupdate.
2025-09-15 13:47:30,241 - INFO - 1 data di 'queue' berhasil diupdate.
2025-09-15 13:49:25,260 - INFO - 1 data di 'queue' berhasil diupdate.
2025-09-15 13:51:20,279 - INFO - 1 data di 'queue' berhasil diupdate.
2025-09-15 13:53:15,286 - INFO - 1 data di 'queue' berhasil diupdate.
2025-09-15 13:55:10,298 - INFO - 1 data di 'queue' berhasil diupdate.
2025-09-15 13:57:05,314 - INFO - 1 data di 'queue' berhasil diupdate.
2025-09-15 13:59:00,320 - INFO - 1 data di 'queue' berhasil diupdate.
2025-09-15 14:00:55,331 - INFO - 1 data di 'queue' berhasil diupdate.
2025-09-15 14:02:50,346 - INFO - 1 data di 'queue' berhasil diupdate.
2025-09-15 14:04:45,366 - INFO - 1 data di 'queue' berhasil diupdate.
2025-09-15 14:06:40,379 - INFO - 1 data di 'queue' berhasil diupdate.
2025-09-15 14:08:35,387 - INFO - 1 data di 'queue' berhasil diupdate.
2025-09-15 14:10:30,406 - INFO - 1 data di 'queue' berhasil diupdate.
2025-09-15 14:12:25,424 - INFO - 1 data di 'queue' berhasil diupdate.
2025-09-15 14:14:20,439 - INFO - 1 data di 'queue' berhasil diupdate.
2025-09-15 14:16:15,450 - INFO - 1 data di 'queue' berhasil diupdate.
2025-09-15 14:18:10,463 - INFO - 1 data di 'queue' berhasil diupdate.
2025-09-15 14:20:05,481 - INFO - 1 data di 'queue' berhasil diupdate.
2025-09-15 14:22:00,494 - INFO - 1 data di 'queue' berhasil diupdate.
2025-09-15 14:23:55,499 - INFO - 1 data di 'queue' berhasil diupdate.
2025-09-15 14:25:50,516 - INFO - 1 data di 'queue' berhasil diupdate.
2025-09-15 14:27:45,522 - INFO - 1 data di 'queue' berhasil diupdate.
2025-09-15 14:29:40,542 - INFO - 1 data di 'queue' berhasil diupdate.
2025-09-15 14:31:35,563 - INFO - 1 data di 'queue' berhasil diupdate.
2025-09-15 14:33:30,574 - INFO - 1 data di 'queue' berhasil diupdate.
2025-09-15 14:34:06,316 - INFO - Lamp ON (status: mqtt)
2025-09-15 14:34:08,293 - INFO - Lamp OFF (status: mqtt)
2025-09-15 14:34:11,376 - INFO - Lamp ON (status: mqtt)
2025-09-15 14:34:13,266 - INFO - Lamp OFF (status: mqtt)
2025-09-15 14:34:15,264 - INFO - Lamp ON (status: mqtt)
2025-09-15 14:34:17,261 - INFO - Lamp OFF (status: mqtt)
2025-09-15 14:34:19,261 - INFO - Lamp ON (status: mqtt)
2025-09-15 14:34:21,292 - INFO - Lamp OFF (status: mqtt)
2025-09-15 14:34:23,278 - INFO - Lamp ON (status: mqtt)
2025-09-15 14:34:25,273 - INFO - Lamp OFF (status: mqtt)
2025-09-15 14:34:31,399 - INFO - TTS Play: Ini adalah bunyi dari test suara TTS (status: mqtt)
2025-09-15 14:34:31,399 - INFO - Play : Ini adalah bunyi dari test suara TTS
2025-09-15 14:34:37,485 - INFO - Done : Ini adalah bunyi dari test suara TTS
2025-09-15 14:35:25,583 - INFO - 1 data di 'queue' berhasil diupdate.
2025-09-15 14:36:30,031 - INFO - TTS Play: Ini adalah bunyi dari test suara TTS (status: mqtt)
2025-09-15 14:36:30,032 - INFO - Play : Ini adalah bunyi dari test suara TTS
2025-09-15 14:36:36,105 - INFO - Done : Ini adalah bunyi dari test suara TTS
2025-09-15 14:36:50,733 - INFO - TTS Play: Ini adalah bunyi dari test suara TTS (status: mqtt)
2025-09-15 14:36:50,734 - INFO - Play : Ini adalah bunyi dari test suara TTS
2025-09-15 14:36:56,805 - INFO - Done : Ini adalah bunyi dari test suara TTS
2025-09-15 14:37:20,598 - INFO - 1 data di 'queue' berhasil diupdate.
2025-09-15 14:39:15,632 - INFO - 1 data di 'queue' berhasil diupdate.
